[2024-03-14T02:09:23.159+0000] {processor.py:157} INFO - Started process (PID=12517) to work on /opt/airflow/dags/practice.py
[2024-03-14T02:09:23.160+0000] {processor.py:829} INFO - Processing file /opt/airflow/dags/practice.py for tasks to queue
[2024-03-14T02:09:23.160+0000] {logging_mixin.py:154} INFO - [2024-03-14T02:09:23.160+0000] {dagbag.py:536} INFO - Filling up the DagBag from /opt/airflow/dags/practice.py
[2024-03-14T02:09:23.169+0000] {processor.py:839} INFO - DAG(s) dict_keys(['Test_Operators']) retrieved from /opt/airflow/dags/practice.py
[2024-03-14T02:09:23.202+0000] {logging_mixin.py:154} INFO - [2024-03-14T02:09:23.202+0000] {dag.py:2941} INFO - Sync 1 DAGs
[2024-03-14T02:09:23.246+0000] {logging_mixin.py:154} INFO - [2024-03-14T02:09:23.245+0000] {dag.py:3722} INFO - Setting next_dagrun for Test_Operators to 2024-03-13T02:09:23.245289+00:00, run_after=2024-03-14T02:09:23.245289+00:00
[2024-03-14T02:09:23.284+0000] {processor.py:179} INFO - Processing /opt/airflow/dags/practice.py took 0.127 seconds
[2024-03-14T04:38:35.782+0000] {processor.py:157} INFO - Started process (PID=12539) to work on /opt/airflow/dags/practice.py
[2024-03-14T04:38:35.788+0000] {processor.py:829} INFO - Processing file /opt/airflow/dags/practice.py for tasks to queue
[2024-03-14T04:38:35.792+0000] {logging_mixin.py:154} INFO - [2024-03-14T04:38:35.792+0000] {dagbag.py:536} INFO - Filling up the DagBag from /opt/airflow/dags/practice.py
[2024-03-14T04:38:35.821+0000] {processor.py:839} INFO - DAG(s) dict_keys(['Test_Operators']) retrieved from /opt/airflow/dags/practice.py
[2024-03-14T04:38:35.877+0000] {logging_mixin.py:154} INFO - [2024-03-14T04:38:35.876+0000] {dag.py:2941} INFO - Sync 1 DAGs
[2024-03-14T04:38:35.913+0000] {logging_mixin.py:154} INFO - [2024-03-14T04:38:35.913+0000] {dag.py:3722} INFO - Setting next_dagrun for Test_Operators to 2024-03-13T04:38:35.912698+00:00, run_after=2024-03-14T04:38:35.912698+00:00
[2024-03-14T04:38:35.949+0000] {processor.py:179} INFO - Processing /opt/airflow/dags/practice.py took 0.173 seconds
[2024-03-14T04:39:06.418+0000] {processor.py:157} INFO - Started process (PID=12561) to work on /opt/airflow/dags/practice.py
[2024-03-14T04:39:06.419+0000] {processor.py:829} INFO - Processing file /opt/airflow/dags/practice.py for tasks to queue
[2024-03-14T04:39:06.419+0000] {logging_mixin.py:154} INFO - [2024-03-14T04:39:06.419+0000] {dagbag.py:536} INFO - Filling up the DagBag from /opt/airflow/dags/practice.py
[2024-03-14T04:39:06.428+0000] {processor.py:839} INFO - DAG(s) dict_keys(['Test_Operators']) retrieved from /opt/airflow/dags/practice.py
[2024-03-14T04:39:06.445+0000] {logging_mixin.py:154} INFO - [2024-03-14T04:39:06.445+0000] {dag.py:2941} INFO - Sync 1 DAGs
[2024-03-14T04:39:06.460+0000] {logging_mixin.py:154} INFO - [2024-03-14T04:39:06.460+0000] {dag.py:3722} INFO - Setting next_dagrun for Test_Operators to 2024-03-13T04:39:06.460384+00:00, run_after=2024-03-14T04:39:06.460384+00:00
[2024-03-14T04:39:06.471+0000] {processor.py:179} INFO - Processing /opt/airflow/dags/practice.py took 0.055 seconds
[2024-03-14T04:39:36.786+0000] {processor.py:157} INFO - Started process (PID=12583) to work on /opt/airflow/dags/practice.py
[2024-03-14T04:39:36.787+0000] {processor.py:829} INFO - Processing file /opt/airflow/dags/practice.py for tasks to queue
[2024-03-14T04:39:36.788+0000] {logging_mixin.py:154} INFO - [2024-03-14T04:39:36.788+0000] {dagbag.py:536} INFO - Filling up the DagBag from /opt/airflow/dags/practice.py
[2024-03-14T04:39:36.797+0000] {processor.py:839} INFO - DAG(s) dict_keys(['Test_Operators']) retrieved from /opt/airflow/dags/practice.py
[2024-03-14T04:39:36.816+0000] {logging_mixin.py:154} INFO - [2024-03-14T04:39:36.816+0000] {dag.py:2941} INFO - Sync 1 DAGs
[2024-03-14T04:39:36.835+0000] {logging_mixin.py:154} INFO - [2024-03-14T04:39:36.835+0000] {dag.py:3722} INFO - Setting next_dagrun for Test_Operators to 2024-03-13T04:39:36.835323+00:00, run_after=2024-03-14T04:39:36.835323+00:00
[2024-03-14T04:39:36.848+0000] {processor.py:179} INFO - Processing /opt/airflow/dags/practice.py took 0.064 seconds
[2024-03-14T04:40:07.197+0000] {processor.py:157} INFO - Started process (PID=12605) to work on /opt/airflow/dags/practice.py
[2024-03-14T04:40:07.198+0000] {processor.py:829} INFO - Processing file /opt/airflow/dags/practice.py for tasks to queue
[2024-03-14T04:40:07.198+0000] {logging_mixin.py:154} INFO - [2024-03-14T04:40:07.198+0000] {dagbag.py:536} INFO - Filling up the DagBag from /opt/airflow/dags/practice.py
[2024-03-14T04:40:07.206+0000] {processor.py:839} INFO - DAG(s) dict_keys(['Test_Operators']) retrieved from /opt/airflow/dags/practice.py
[2024-03-14T04:40:07.223+0000] {logging_mixin.py:154} INFO - [2024-03-14T04:40:07.223+0000] {dag.py:2941} INFO - Sync 1 DAGs
[2024-03-14T04:40:07.238+0000] {logging_mixin.py:154} INFO - [2024-03-14T04:40:07.237+0000] {dag.py:3722} INFO - Setting next_dagrun for Test_Operators to 2024-03-13T04:40:07.237815+00:00, run_after=2024-03-14T04:40:07.237815+00:00
[2024-03-14T04:40:07.249+0000] {processor.py:179} INFO - Processing /opt/airflow/dags/practice.py took 0.054 seconds
[2024-03-14T04:40:37.600+0000] {processor.py:157} INFO - Started process (PID=12627) to work on /opt/airflow/dags/practice.py
[2024-03-14T04:40:37.600+0000] {processor.py:829} INFO - Processing file /opt/airflow/dags/practice.py for tasks to queue
[2024-03-14T04:40:37.601+0000] {logging_mixin.py:154} INFO - [2024-03-14T04:40:37.601+0000] {dagbag.py:536} INFO - Filling up the DagBag from /opt/airflow/dags/practice.py
[2024-03-14T04:40:37.609+0000] {processor.py:839} INFO - DAG(s) dict_keys(['Test_Operators']) retrieved from /opt/airflow/dags/practice.py
[2024-03-14T04:40:37.626+0000] {logging_mixin.py:154} INFO - [2024-03-14T04:40:37.626+0000] {dag.py:2941} INFO - Sync 1 DAGs
[2024-03-14T04:40:37.641+0000] {logging_mixin.py:154} INFO - [2024-03-14T04:40:37.641+0000] {dag.py:3722} INFO - Setting next_dagrun for Test_Operators to 2024-03-13T04:40:37.641570+00:00, run_after=2024-03-14T04:40:37.641570+00:00
[2024-03-14T04:40:37.653+0000] {processor.py:179} INFO - Processing /opt/airflow/dags/practice.py took 0.056 seconds
[2024-03-14T04:41:07.981+0000] {processor.py:157} INFO - Started process (PID=12649) to work on /opt/airflow/dags/practice.py
[2024-03-14T04:41:07.981+0000] {processor.py:829} INFO - Processing file /opt/airflow/dags/practice.py for tasks to queue
[2024-03-14T04:41:07.982+0000] {logging_mixin.py:154} INFO - [2024-03-14T04:41:07.982+0000] {dagbag.py:536} INFO - Filling up the DagBag from /opt/airflow/dags/practice.py
[2024-03-14T04:41:07.990+0000] {processor.py:839} INFO - DAG(s) dict_keys(['Test_Operators']) retrieved from /opt/airflow/dags/practice.py
[2024-03-14T04:41:08.008+0000] {logging_mixin.py:154} INFO - [2024-03-14T04:41:08.008+0000] {dag.py:2941} INFO - Sync 1 DAGs
[2024-03-14T04:41:08.023+0000] {logging_mixin.py:154} INFO - [2024-03-14T04:41:08.023+0000] {dag.py:3722} INFO - Setting next_dagrun for Test_Operators to 2024-03-13T04:41:08.023513+00:00, run_after=2024-03-14T04:41:08.023513+00:00
[2024-03-14T04:41:08.034+0000] {processor.py:179} INFO - Processing /opt/airflow/dags/practice.py took 0.056 seconds
[2024-03-14T04:41:38.330+0000] {processor.py:157} INFO - Started process (PID=12670) to work on /opt/airflow/dags/practice.py
[2024-03-14T04:41:38.332+0000] {processor.py:829} INFO - Processing file /opt/airflow/dags/practice.py for tasks to queue
[2024-03-14T04:41:38.332+0000] {logging_mixin.py:154} INFO - [2024-03-14T04:41:38.332+0000] {dagbag.py:536} INFO - Filling up the DagBag from /opt/airflow/dags/practice.py
[2024-03-14T04:41:38.343+0000] {processor.py:839} INFO - DAG(s) dict_keys(['Test_Operators']) retrieved from /opt/airflow/dags/practice.py
[2024-03-14T04:41:38.360+0000] {logging_mixin.py:154} INFO - [2024-03-14T04:41:38.360+0000] {dag.py:2941} INFO - Sync 1 DAGs
[2024-03-14T04:41:38.375+0000] {logging_mixin.py:154} INFO - [2024-03-14T04:41:38.374+0000] {dag.py:3722} INFO - Setting next_dagrun for Test_Operators to 2024-03-13T04:41:38.374770+00:00, run_after=2024-03-14T04:41:38.374770+00:00
[2024-03-14T04:41:38.386+0000] {processor.py:179} INFO - Processing /opt/airflow/dags/practice.py took 0.058 seconds
[2024-03-14T04:42:08.652+0000] {processor.py:157} INFO - Started process (PID=12692) to work on /opt/airflow/dags/practice.py
[2024-03-14T04:42:08.653+0000] {processor.py:829} INFO - Processing file /opt/airflow/dags/practice.py for tasks to queue
[2024-03-14T04:42:08.654+0000] {logging_mixin.py:154} INFO - [2024-03-14T04:42:08.653+0000] {dagbag.py:536} INFO - Filling up the DagBag from /opt/airflow/dags/practice.py
[2024-03-14T04:42:08.662+0000] {processor.py:839} INFO - DAG(s) dict_keys(['Test_Operators']) retrieved from /opt/airflow/dags/practice.py
[2024-03-14T04:42:08.681+0000] {logging_mixin.py:154} INFO - [2024-03-14T04:42:08.680+0000] {dag.py:2941} INFO - Sync 1 DAGs
[2024-03-14T04:42:08.695+0000] {logging_mixin.py:154} INFO - [2024-03-14T04:42:08.695+0000] {dag.py:3722} INFO - Setting next_dagrun for Test_Operators to 2024-03-13T04:42:08.695582+00:00, run_after=2024-03-14T04:42:08.695582+00:00
[2024-03-14T04:42:08.707+0000] {processor.py:179} INFO - Processing /opt/airflow/dags/practice.py took 0.057 seconds
[2024-03-14T04:42:38.999+0000] {processor.py:157} INFO - Started process (PID=12714) to work on /opt/airflow/dags/practice.py
[2024-03-14T04:42:39.000+0000] {processor.py:829} INFO - Processing file /opt/airflow/dags/practice.py for tasks to queue
[2024-03-14T04:42:39.001+0000] {logging_mixin.py:154} INFO - [2024-03-14T04:42:39.000+0000] {dagbag.py:536} INFO - Filling up the DagBag from /opt/airflow/dags/practice.py
[2024-03-14T04:42:39.008+0000] {processor.py:839} INFO - DAG(s) dict_keys(['Test_Operators']) retrieved from /opt/airflow/dags/practice.py
[2024-03-14T04:42:39.025+0000] {logging_mixin.py:154} INFO - [2024-03-14T04:42:39.025+0000] {dag.py:2941} INFO - Sync 1 DAGs
[2024-03-14T04:42:39.040+0000] {logging_mixin.py:154} INFO - [2024-03-14T04:42:39.040+0000] {dag.py:3722} INFO - Setting next_dagrun for Test_Operators to 2024-03-13T04:42:39.039975+00:00, run_after=2024-03-14T04:42:39.039975+00:00
[2024-03-14T04:42:39.051+0000] {processor.py:179} INFO - Processing /opt/airflow/dags/practice.py took 0.054 seconds
[2024-03-14T04:43:09.343+0000] {processor.py:157} INFO - Started process (PID=12736) to work on /opt/airflow/dags/practice.py
[2024-03-14T04:43:09.343+0000] {processor.py:829} INFO - Processing file /opt/airflow/dags/practice.py for tasks to queue
[2024-03-14T04:43:09.344+0000] {logging_mixin.py:154} INFO - [2024-03-14T04:43:09.344+0000] {dagbag.py:536} INFO - Filling up the DagBag from /opt/airflow/dags/practice.py
[2024-03-14T04:43:09.352+0000] {processor.py:839} INFO - DAG(s) dict_keys(['Test_Operators']) retrieved from /opt/airflow/dags/practice.py
[2024-03-14T04:43:09.369+0000] {logging_mixin.py:154} INFO - [2024-03-14T04:43:09.369+0000] {dag.py:2941} INFO - Sync 1 DAGs
[2024-03-14T04:43:09.384+0000] {logging_mixin.py:154} INFO - [2024-03-14T04:43:09.384+0000] {dag.py:3722} INFO - Setting next_dagrun for Test_Operators to 2024-03-13T04:43:09.383901+00:00, run_after=2024-03-14T04:43:09.383901+00:00
[2024-03-14T04:43:09.396+0000] {processor.py:179} INFO - Processing /opt/airflow/dags/practice.py took 0.055 seconds
[2024-03-14T04:43:39.754+0000] {processor.py:157} INFO - Started process (PID=12758) to work on /opt/airflow/dags/practice.py
[2024-03-14T04:43:39.754+0000] {processor.py:829} INFO - Processing file /opt/airflow/dags/practice.py for tasks to queue
[2024-03-14T04:43:39.755+0000] {logging_mixin.py:154} INFO - [2024-03-14T04:43:39.755+0000] {dagbag.py:536} INFO - Filling up the DagBag from /opt/airflow/dags/practice.py
[2024-03-14T04:43:39.766+0000] {processor.py:839} INFO - DAG(s) dict_keys(['Test_Operators']) retrieved from /opt/airflow/dags/practice.py
[2024-03-14T04:43:39.782+0000] {logging_mixin.py:154} INFO - [2024-03-14T04:43:39.782+0000] {dag.py:2941} INFO - Sync 1 DAGs
[2024-03-14T04:43:39.797+0000] {logging_mixin.py:154} INFO - [2024-03-14T04:43:39.797+0000] {dag.py:3722} INFO - Setting next_dagrun for Test_Operators to 2024-03-13T04:43:39.797123+00:00, run_after=2024-03-14T04:43:39.797123+00:00
[2024-03-14T04:43:39.808+0000] {processor.py:179} INFO - Processing /opt/airflow/dags/practice.py took 0.057 seconds
[2024-03-14T04:44:10.125+0000] {processor.py:157} INFO - Started process (PID=12780) to work on /opt/airflow/dags/practice.py
[2024-03-14T04:44:10.126+0000] {processor.py:829} INFO - Processing file /opt/airflow/dags/practice.py for tasks to queue
[2024-03-14T04:44:10.127+0000] {logging_mixin.py:154} INFO - [2024-03-14T04:44:10.127+0000] {dagbag.py:536} INFO - Filling up the DagBag from /opt/airflow/dags/practice.py
[2024-03-14T04:44:10.135+0000] {processor.py:839} INFO - DAG(s) dict_keys(['Test_Operators']) retrieved from /opt/airflow/dags/practice.py
[2024-03-14T04:44:10.152+0000] {logging_mixin.py:154} INFO - [2024-03-14T04:44:10.152+0000] {dag.py:2941} INFO - Sync 1 DAGs
[2024-03-14T04:44:10.167+0000] {logging_mixin.py:154} INFO - [2024-03-14T04:44:10.167+0000] {dag.py:3722} INFO - Setting next_dagrun for Test_Operators to 2024-03-13T04:44:10.167032+00:00, run_after=2024-03-14T04:44:10.167032+00:00
[2024-03-14T04:44:10.178+0000] {processor.py:179} INFO - Processing /opt/airflow/dags/practice.py took 0.055 seconds
[2024-03-14T04:44:40.515+0000] {processor.py:157} INFO - Started process (PID=12802) to work on /opt/airflow/dags/practice.py
[2024-03-14T04:44:40.516+0000] {processor.py:829} INFO - Processing file /opt/airflow/dags/practice.py for tasks to queue
[2024-03-14T04:44:40.517+0000] {logging_mixin.py:154} INFO - [2024-03-14T04:44:40.517+0000] {dagbag.py:536} INFO - Filling up the DagBag from /opt/airflow/dags/practice.py
[2024-03-14T04:44:40.525+0000] {processor.py:839} INFO - DAG(s) dict_keys(['Test_Operators']) retrieved from /opt/airflow/dags/practice.py
[2024-03-14T04:44:40.542+0000] {logging_mixin.py:154} INFO - [2024-03-14T04:44:40.542+0000] {dag.py:2941} INFO - Sync 1 DAGs
[2024-03-14T04:44:40.556+0000] {logging_mixin.py:154} INFO - [2024-03-14T04:44:40.556+0000] {dag.py:3722} INFO - Setting next_dagrun for Test_Operators to 2024-03-13T04:44:40.556166+00:00, run_after=2024-03-14T04:44:40.556166+00:00
[2024-03-14T04:44:40.567+0000] {processor.py:179} INFO - Processing /opt/airflow/dags/practice.py took 0.054 seconds
[2024-03-14T04:45:10.869+0000] {processor.py:157} INFO - Started process (PID=12824) to work on /opt/airflow/dags/practice.py
[2024-03-14T04:45:10.870+0000] {processor.py:829} INFO - Processing file /opt/airflow/dags/practice.py for tasks to queue
[2024-03-14T04:45:10.871+0000] {logging_mixin.py:154} INFO - [2024-03-14T04:45:10.871+0000] {dagbag.py:536} INFO - Filling up the DagBag from /opt/airflow/dags/practice.py
[2024-03-14T04:45:10.879+0000] {processor.py:839} INFO - DAG(s) dict_keys(['Test_Operators']) retrieved from /opt/airflow/dags/practice.py
[2024-03-14T04:45:10.896+0000] {logging_mixin.py:154} INFO - [2024-03-14T04:45:10.895+0000] {dag.py:2941} INFO - Sync 1 DAGs
[2024-03-14T04:45:10.910+0000] {logging_mixin.py:154} INFO - [2024-03-14T04:45:10.910+0000] {dag.py:3722} INFO - Setting next_dagrun for Test_Operators to 2024-03-13T04:45:10.910559+00:00, run_after=2024-03-14T04:45:10.910559+00:00
[2024-03-14T04:45:10.922+0000] {processor.py:179} INFO - Processing /opt/airflow/dags/practice.py took 0.055 seconds
[2024-03-14T04:45:41.232+0000] {processor.py:157} INFO - Started process (PID=12846) to work on /opt/airflow/dags/practice.py
[2024-03-14T04:45:41.233+0000] {processor.py:829} INFO - Processing file /opt/airflow/dags/practice.py for tasks to queue
[2024-03-14T04:45:41.234+0000] {logging_mixin.py:154} INFO - [2024-03-14T04:45:41.234+0000] {dagbag.py:536} INFO - Filling up the DagBag from /opt/airflow/dags/practice.py
[2024-03-14T04:45:41.242+0000] {processor.py:839} INFO - DAG(s) dict_keys(['Test_Operators']) retrieved from /opt/airflow/dags/practice.py
[2024-03-14T04:45:41.261+0000] {logging_mixin.py:154} INFO - [2024-03-14T04:45:41.260+0000] {dag.py:2941} INFO - Sync 1 DAGs
[2024-03-14T04:45:41.276+0000] {logging_mixin.py:154} INFO - [2024-03-14T04:45:41.275+0000] {dag.py:3722} INFO - Setting next_dagrun for Test_Operators to 2024-03-13T04:45:41.275766+00:00, run_after=2024-03-14T04:45:41.275766+00:00
[2024-03-14T04:45:41.288+0000] {processor.py:179} INFO - Processing /opt/airflow/dags/practice.py took 0.058 seconds
[2024-03-14T04:46:11.882+0000] {processor.py:157} INFO - Started process (PID=12868) to work on /opt/airflow/dags/practice.py
[2024-03-14T04:46:11.883+0000] {processor.py:829} INFO - Processing file /opt/airflow/dags/practice.py for tasks to queue
[2024-03-14T04:46:11.885+0000] {logging_mixin.py:154} INFO - [2024-03-14T04:46:11.885+0000] {dagbag.py:536} INFO - Filling up the DagBag from /opt/airflow/dags/practice.py
[2024-03-14T04:46:11.903+0000] {processor.py:839} INFO - DAG(s) dict_keys(['Test_Operators']) retrieved from /opt/airflow/dags/practice.py
[2024-03-14T04:46:11.937+0000] {logging_mixin.py:154} INFO - [2024-03-14T04:46:11.937+0000] {dag.py:2941} INFO - Sync 1 DAGs
[2024-03-14T04:46:11.958+0000] {logging_mixin.py:154} INFO - [2024-03-14T04:46:11.957+0000] {dag.py:3722} INFO - Setting next_dagrun for Test_Operators to 2024-03-13T04:46:11.957683+00:00, run_after=2024-03-14T04:46:11.957683+00:00
[2024-03-14T04:46:11.972+0000] {processor.py:179} INFO - Processing /opt/airflow/dags/practice.py took 0.096 seconds
[2024-03-14T04:46:42.294+0000] {processor.py:157} INFO - Started process (PID=12890) to work on /opt/airflow/dags/practice.py
[2024-03-14T04:46:42.295+0000] {processor.py:829} INFO - Processing file /opt/airflow/dags/practice.py for tasks to queue
[2024-03-14T04:46:42.296+0000] {logging_mixin.py:154} INFO - [2024-03-14T04:46:42.296+0000] {dagbag.py:536} INFO - Filling up the DagBag from /opt/airflow/dags/practice.py
[2024-03-14T04:46:42.304+0000] {processor.py:839} INFO - DAG(s) dict_keys(['Test_Operators']) retrieved from /opt/airflow/dags/practice.py
[2024-03-14T04:46:42.322+0000] {logging_mixin.py:154} INFO - [2024-03-14T04:46:42.321+0000] {dag.py:2941} INFO - Sync 1 DAGs
[2024-03-14T04:46:42.337+0000] {logging_mixin.py:154} INFO - [2024-03-14T04:46:42.336+0000] {dag.py:3722} INFO - Setting next_dagrun for Test_Operators to 2024-03-13T04:46:42.336841+00:00, run_after=2024-03-14T04:46:42.336841+00:00
[2024-03-14T04:46:42.347+0000] {processor.py:179} INFO - Processing /opt/airflow/dags/practice.py took 0.055 seconds
[2024-03-14T04:47:12.686+0000] {processor.py:157} INFO - Started process (PID=12912) to work on /opt/airflow/dags/practice.py
[2024-03-14T04:47:12.687+0000] {processor.py:829} INFO - Processing file /opt/airflow/dags/practice.py for tasks to queue
[2024-03-14T04:47:12.688+0000] {logging_mixin.py:154} INFO - [2024-03-14T04:47:12.688+0000] {dagbag.py:536} INFO - Filling up the DagBag from /opt/airflow/dags/practice.py
[2024-03-14T04:47:12.698+0000] {processor.py:839} INFO - DAG(s) dict_keys(['Test_Operators']) retrieved from /opt/airflow/dags/practice.py
[2024-03-14T04:47:12.717+0000] {logging_mixin.py:154} INFO - [2024-03-14T04:47:12.717+0000] {dag.py:2941} INFO - Sync 1 DAGs
[2024-03-14T04:47:12.734+0000] {logging_mixin.py:154} INFO - [2024-03-14T04:47:12.733+0000] {dag.py:3722} INFO - Setting next_dagrun for Test_Operators to 2024-03-13T04:47:12.733662+00:00, run_after=2024-03-14T04:47:12.733662+00:00
[2024-03-14T04:47:12.745+0000] {processor.py:179} INFO - Processing /opt/airflow/dags/practice.py took 0.061 seconds
[2024-03-14T04:47:43.099+0000] {processor.py:157} INFO - Started process (PID=12934) to work on /opt/airflow/dags/practice.py
[2024-03-14T04:47:43.100+0000] {processor.py:829} INFO - Processing file /opt/airflow/dags/practice.py for tasks to queue
[2024-03-14T04:47:43.101+0000] {logging_mixin.py:154} INFO - [2024-03-14T04:47:43.101+0000] {dagbag.py:536} INFO - Filling up the DagBag from /opt/airflow/dags/practice.py
[2024-03-14T04:47:43.110+0000] {processor.py:839} INFO - DAG(s) dict_keys(['Test_Operators']) retrieved from /opt/airflow/dags/practice.py
[2024-03-14T04:47:43.126+0000] {logging_mixin.py:154} INFO - [2024-03-14T04:47:43.125+0000] {dag.py:2941} INFO - Sync 1 DAGs
[2024-03-14T04:47:43.140+0000] {logging_mixin.py:154} INFO - [2024-03-14T04:47:43.139+0000] {dag.py:3722} INFO - Setting next_dagrun for Test_Operators to 2024-03-13T04:47:43.139745+00:00, run_after=2024-03-14T04:47:43.139745+00:00
[2024-03-14T04:47:43.151+0000] {processor.py:179} INFO - Processing /opt/airflow/dags/practice.py took 0.054 seconds
[2024-03-14T04:48:13.448+0000] {processor.py:157} INFO - Started process (PID=12956) to work on /opt/airflow/dags/practice.py
[2024-03-14T04:48:13.449+0000] {processor.py:829} INFO - Processing file /opt/airflow/dags/practice.py for tasks to queue
[2024-03-14T04:48:13.451+0000] {logging_mixin.py:154} INFO - [2024-03-14T04:48:13.450+0000] {dagbag.py:536} INFO - Filling up the DagBag from /opt/airflow/dags/practice.py
[2024-03-14T04:48:13.463+0000] {processor.py:839} INFO - DAG(s) dict_keys(['Test_Operators']) retrieved from /opt/airflow/dags/practice.py
[2024-03-14T04:48:13.483+0000] {logging_mixin.py:154} INFO - [2024-03-14T04:48:13.483+0000] {dag.py:2941} INFO - Sync 1 DAGs
[2024-03-14T04:48:13.500+0000] {logging_mixin.py:154} INFO - [2024-03-14T04:48:13.499+0000] {dag.py:3722} INFO - Setting next_dagrun for Test_Operators to 2024-03-13T04:48:13.499708+00:00, run_after=2024-03-14T04:48:13.499708+00:00
[2024-03-14T04:48:13.512+0000] {processor.py:179} INFO - Processing /opt/airflow/dags/practice.py took 0.068 seconds
[2024-03-14T04:48:43.912+0000] {processor.py:157} INFO - Started process (PID=12978) to work on /opt/airflow/dags/practice.py
[2024-03-14T04:48:43.913+0000] {processor.py:829} INFO - Processing file /opt/airflow/dags/practice.py for tasks to queue
[2024-03-14T04:48:43.913+0000] {logging_mixin.py:154} INFO - [2024-03-14T04:48:43.913+0000] {dagbag.py:536} INFO - Filling up the DagBag from /opt/airflow/dags/practice.py
[2024-03-14T04:48:43.938+0000] {processor.py:839} INFO - DAG(s) dict_keys(['Test_Operators']) retrieved from /opt/airflow/dags/practice.py
[2024-03-14T04:48:43.967+0000] {logging_mixin.py:154} INFO - [2024-03-14T04:48:43.966+0000] {dag.py:2941} INFO - Sync 1 DAGs
[2024-03-14T04:48:43.994+0000] {logging_mixin.py:154} INFO - [2024-03-14T04:48:43.994+0000] {dag.py:3722} INFO - Setting next_dagrun for Test_Operators to 2024-03-13T04:48:43.994281+00:00, run_after=2024-03-14T04:48:43.994281+00:00
[2024-03-14T04:48:44.011+0000] {processor.py:179} INFO - Processing /opt/airflow/dags/practice.py took 0.103 seconds
[2024-03-14T04:49:14.314+0000] {processor.py:157} INFO - Started process (PID=13000) to work on /opt/airflow/dags/practice.py
[2024-03-14T04:49:14.315+0000] {processor.py:829} INFO - Processing file /opt/airflow/dags/practice.py for tasks to queue
[2024-03-14T04:49:14.315+0000] {logging_mixin.py:154} INFO - [2024-03-14T04:49:14.315+0000] {dagbag.py:536} INFO - Filling up the DagBag from /opt/airflow/dags/practice.py
[2024-03-14T04:49:14.324+0000] {processor.py:839} INFO - DAG(s) dict_keys(['Test_Operators']) retrieved from /opt/airflow/dags/practice.py
[2024-03-14T04:49:14.342+0000] {logging_mixin.py:154} INFO - [2024-03-14T04:49:14.342+0000] {dag.py:2941} INFO - Sync 1 DAGs
[2024-03-14T04:49:14.356+0000] {logging_mixin.py:154} INFO - [2024-03-14T04:49:14.356+0000] {dag.py:3722} INFO - Setting next_dagrun for Test_Operators to 2024-03-13T04:49:14.356424+00:00, run_after=2024-03-14T04:49:14.356424+00:00
[2024-03-14T04:49:14.367+0000] {processor.py:179} INFO - Processing /opt/airflow/dags/practice.py took 0.056 seconds
[2024-03-14T04:49:44.691+0000] {processor.py:157} INFO - Started process (PID=13022) to work on /opt/airflow/dags/practice.py
[2024-03-14T04:49:44.692+0000] {processor.py:829} INFO - Processing file /opt/airflow/dags/practice.py for tasks to queue
[2024-03-14T04:49:44.693+0000] {logging_mixin.py:154} INFO - [2024-03-14T04:49:44.693+0000] {dagbag.py:536} INFO - Filling up the DagBag from /opt/airflow/dags/practice.py
[2024-03-14T04:49:44.704+0000] {processor.py:839} INFO - DAG(s) dict_keys(['Test_Operators']) retrieved from /opt/airflow/dags/practice.py
[2024-03-14T04:49:44.722+0000] {logging_mixin.py:154} INFO - [2024-03-14T04:49:44.722+0000] {dag.py:2941} INFO - Sync 1 DAGs
[2024-03-14T04:49:44.736+0000] {logging_mixin.py:154} INFO - [2024-03-14T04:49:44.736+0000] {dag.py:3722} INFO - Setting next_dagrun for Test_Operators to 2024-03-13T04:49:44.736650+00:00, run_after=2024-03-14T04:49:44.736650+00:00
[2024-03-14T04:49:44.748+0000] {processor.py:179} INFO - Processing /opt/airflow/dags/practice.py took 0.059 seconds
[2024-03-14T04:50:15.028+0000] {processor.py:157} INFO - Started process (PID=13044) to work on /opt/airflow/dags/practice.py
[2024-03-14T04:50:15.028+0000] {processor.py:829} INFO - Processing file /opt/airflow/dags/practice.py for tasks to queue
[2024-03-14T04:50:15.029+0000] {logging_mixin.py:154} INFO - [2024-03-14T04:50:15.029+0000] {dagbag.py:536} INFO - Filling up the DagBag from /opt/airflow/dags/practice.py
[2024-03-14T04:50:15.037+0000] {processor.py:839} INFO - DAG(s) dict_keys(['Test_Operators']) retrieved from /opt/airflow/dags/practice.py
[2024-03-14T04:50:15.057+0000] {logging_mixin.py:154} INFO - [2024-03-14T04:50:15.056+0000] {dag.py:2941} INFO - Sync 1 DAGs
[2024-03-14T04:50:15.071+0000] {logging_mixin.py:154} INFO - [2024-03-14T04:50:15.071+0000] {dag.py:3722} INFO - Setting next_dagrun for Test_Operators to 2024-03-13T04:50:15.071207+00:00, run_after=2024-03-14T04:50:15.071207+00:00
[2024-03-14T04:50:15.083+0000] {processor.py:179} INFO - Processing /opt/airflow/dags/practice.py took 0.057 seconds
[2024-03-14T04:50:45.388+0000] {processor.py:157} INFO - Started process (PID=13066) to work on /opt/airflow/dags/practice.py
[2024-03-14T04:50:45.389+0000] {processor.py:829} INFO - Processing file /opt/airflow/dags/practice.py for tasks to queue
[2024-03-14T04:50:45.389+0000] {logging_mixin.py:154} INFO - [2024-03-14T04:50:45.389+0000] {dagbag.py:536} INFO - Filling up the DagBag from /opt/airflow/dags/practice.py
[2024-03-14T04:50:45.397+0000] {processor.py:839} INFO - DAG(s) dict_keys(['Test_Operators']) retrieved from /opt/airflow/dags/practice.py
[2024-03-14T04:50:45.414+0000] {logging_mixin.py:154} INFO - [2024-03-14T04:50:45.414+0000] {dag.py:2941} INFO - Sync 1 DAGs
[2024-03-14T04:50:45.429+0000] {logging_mixin.py:154} INFO - [2024-03-14T04:50:45.429+0000] {dag.py:3722} INFO - Setting next_dagrun for Test_Operators to 2024-03-13T04:50:45.429687+00:00, run_after=2024-03-14T04:50:45.429687+00:00
[2024-03-14T04:50:45.440+0000] {processor.py:179} INFO - Processing /opt/airflow/dags/practice.py took 0.055 seconds
[2024-03-14T04:51:15.743+0000] {processor.py:157} INFO - Started process (PID=13088) to work on /opt/airflow/dags/practice.py
[2024-03-14T04:51:15.744+0000] {processor.py:829} INFO - Processing file /opt/airflow/dags/practice.py for tasks to queue
[2024-03-14T04:51:15.745+0000] {logging_mixin.py:154} INFO - [2024-03-14T04:51:15.745+0000] {dagbag.py:536} INFO - Filling up the DagBag from /opt/airflow/dags/practice.py
[2024-03-14T04:51:15.754+0000] {processor.py:839} INFO - DAG(s) dict_keys(['Test_Operators']) retrieved from /opt/airflow/dags/practice.py
[2024-03-14T04:51:15.773+0000] {logging_mixin.py:154} INFO - [2024-03-14T04:51:15.773+0000] {dag.py:2941} INFO - Sync 1 DAGs
[2024-03-14T04:51:15.788+0000] {logging_mixin.py:154} INFO - [2024-03-14T04:51:15.788+0000] {dag.py:3722} INFO - Setting next_dagrun for Test_Operators to 2024-03-13T04:51:15.787931+00:00, run_after=2024-03-14T04:51:15.787931+00:00
[2024-03-14T04:51:15.799+0000] {processor.py:179} INFO - Processing /opt/airflow/dags/practice.py took 0.058 seconds
[2024-03-14T04:51:46.148+0000] {processor.py:157} INFO - Started process (PID=13110) to work on /opt/airflow/dags/practice.py
[2024-03-14T04:51:46.149+0000] {processor.py:829} INFO - Processing file /opt/airflow/dags/practice.py for tasks to queue
[2024-03-14T04:51:46.150+0000] {logging_mixin.py:154} INFO - [2024-03-14T04:51:46.150+0000] {dagbag.py:536} INFO - Filling up the DagBag from /opt/airflow/dags/practice.py
[2024-03-14T04:51:46.159+0000] {processor.py:839} INFO - DAG(s) dict_keys(['Test_Operators']) retrieved from /opt/airflow/dags/practice.py
[2024-03-14T04:51:46.177+0000] {logging_mixin.py:154} INFO - [2024-03-14T04:51:46.177+0000] {dag.py:2941} INFO - Sync 1 DAGs
[2024-03-14T04:51:46.192+0000] {logging_mixin.py:154} INFO - [2024-03-14T04:51:46.192+0000] {dag.py:3722} INFO - Setting next_dagrun for Test_Operators to 2024-03-13T04:51:46.192180+00:00, run_after=2024-03-14T04:51:46.192180+00:00
[2024-03-14T04:51:46.204+0000] {processor.py:179} INFO - Processing /opt/airflow/dags/practice.py took 0.058 seconds
[2024-03-14T04:52:16.532+0000] {processor.py:157} INFO - Started process (PID=13131) to work on /opt/airflow/dags/practice.py
[2024-03-14T04:52:16.533+0000] {processor.py:829} INFO - Processing file /opt/airflow/dags/practice.py for tasks to queue
[2024-03-14T04:52:16.534+0000] {logging_mixin.py:154} INFO - [2024-03-14T04:52:16.534+0000] {dagbag.py:536} INFO - Filling up the DagBag from /opt/airflow/dags/practice.py
[2024-03-14T04:52:16.542+0000] {processor.py:839} INFO - DAG(s) dict_keys(['Test_Operators']) retrieved from /opt/airflow/dags/practice.py
[2024-03-14T04:52:16.559+0000] {logging_mixin.py:154} INFO - [2024-03-14T04:52:16.559+0000] {dag.py:2941} INFO - Sync 1 DAGs
[2024-03-14T04:52:16.574+0000] {logging_mixin.py:154} INFO - [2024-03-14T04:52:16.573+0000] {dag.py:3722} INFO - Setting next_dagrun for Test_Operators to 2024-03-13T04:52:16.573706+00:00, run_after=2024-03-14T04:52:16.573706+00:00
[2024-03-14T04:52:16.585+0000] {processor.py:179} INFO - Processing /opt/airflow/dags/practice.py took 0.055 seconds
[2024-03-14T04:52:46.917+0000] {processor.py:157} INFO - Started process (PID=13153) to work on /opt/airflow/dags/practice.py
[2024-03-14T04:52:46.918+0000] {processor.py:829} INFO - Processing file /opt/airflow/dags/practice.py for tasks to queue
[2024-03-14T04:52:46.918+0000] {logging_mixin.py:154} INFO - [2024-03-14T04:52:46.918+0000] {dagbag.py:536} INFO - Filling up the DagBag from /opt/airflow/dags/practice.py
[2024-03-14T04:52:46.928+0000] {processor.py:839} INFO - DAG(s) dict_keys(['Test_Operators']) retrieved from /opt/airflow/dags/practice.py
[2024-03-14T04:52:46.946+0000] {logging_mixin.py:154} INFO - [2024-03-14T04:52:46.945+0000] {dag.py:2941} INFO - Sync 1 DAGs
[2024-03-14T04:52:46.960+0000] {logging_mixin.py:154} INFO - [2024-03-14T04:52:46.960+0000] {dag.py:3722} INFO - Setting next_dagrun for Test_Operators to 2024-03-13T04:52:46.960569+00:00, run_after=2024-03-14T04:52:46.960569+00:00
[2024-03-14T04:52:46.973+0000] {processor.py:179} INFO - Processing /opt/airflow/dags/practice.py took 0.058 seconds
[2024-03-14T04:53:17.370+0000] {processor.py:157} INFO - Started process (PID=13175) to work on /opt/airflow/dags/practice.py
[2024-03-14T04:53:17.371+0000] {processor.py:829} INFO - Processing file /opt/airflow/dags/practice.py for tasks to queue
[2024-03-14T04:53:17.372+0000] {logging_mixin.py:154} INFO - [2024-03-14T04:53:17.371+0000] {dagbag.py:536} INFO - Filling up the DagBag from /opt/airflow/dags/practice.py
[2024-03-14T04:53:17.383+0000] {processor.py:839} INFO - DAG(s) dict_keys(['Test_Operators']) retrieved from /opt/airflow/dags/practice.py
[2024-03-14T04:53:17.407+0000] {logging_mixin.py:154} INFO - [2024-03-14T04:53:17.407+0000] {dag.py:2941} INFO - Sync 1 DAGs
[2024-03-14T04:53:17.423+0000] {logging_mixin.py:154} INFO - [2024-03-14T04:53:17.423+0000] {dag.py:3722} INFO - Setting next_dagrun for Test_Operators to 2024-03-13T04:53:17.422892+00:00, run_after=2024-03-14T04:53:17.422892+00:00
[2024-03-14T04:53:17.434+0000] {processor.py:179} INFO - Processing /opt/airflow/dags/practice.py took 0.067 seconds
[2024-03-14T04:53:47.832+0000] {processor.py:157} INFO - Started process (PID=13197) to work on /opt/airflow/dags/practice.py
[2024-03-14T04:53:47.833+0000] {processor.py:829} INFO - Processing file /opt/airflow/dags/practice.py for tasks to queue
[2024-03-14T04:53:47.833+0000] {logging_mixin.py:154} INFO - [2024-03-14T04:53:47.833+0000] {dagbag.py:536} INFO - Filling up the DagBag from /opt/airflow/dags/practice.py
[2024-03-14T04:53:47.842+0000] {processor.py:839} INFO - DAG(s) dict_keys(['Test_Operators']) retrieved from /opt/airflow/dags/practice.py
[2024-03-14T04:53:47.861+0000] {logging_mixin.py:154} INFO - [2024-03-14T04:53:47.861+0000] {dag.py:2941} INFO - Sync 1 DAGs
[2024-03-14T04:53:47.875+0000] {logging_mixin.py:154} INFO - [2024-03-14T04:53:47.875+0000] {dag.py:3722} INFO - Setting next_dagrun for Test_Operators to 2024-03-13T04:53:47.875512+00:00, run_after=2024-03-14T04:53:47.875512+00:00
[2024-03-14T04:53:47.886+0000] {processor.py:179} INFO - Processing /opt/airflow/dags/practice.py took 0.057 seconds
[2024-03-14T04:54:18.246+0000] {processor.py:157} INFO - Started process (PID=13219) to work on /opt/airflow/dags/practice.py
[2024-03-14T04:54:18.247+0000] {processor.py:829} INFO - Processing file /opt/airflow/dags/practice.py for tasks to queue
[2024-03-14T04:54:18.248+0000] {logging_mixin.py:154} INFO - [2024-03-14T04:54:18.248+0000] {dagbag.py:536} INFO - Filling up the DagBag from /opt/airflow/dags/practice.py
[2024-03-14T04:54:18.256+0000] {processor.py:839} INFO - DAG(s) dict_keys(['Test_Operators']) retrieved from /opt/airflow/dags/practice.py
[2024-03-14T04:54:18.274+0000] {logging_mixin.py:154} INFO - [2024-03-14T04:54:18.274+0000] {dag.py:2941} INFO - Sync 1 DAGs
[2024-03-14T04:54:18.288+0000] {logging_mixin.py:154} INFO - [2024-03-14T04:54:18.288+0000] {dag.py:3722} INFO - Setting next_dagrun for Test_Operators to 2024-03-13T04:54:18.288304+00:00, run_after=2024-03-14T04:54:18.288304+00:00
[2024-03-14T04:54:18.299+0000] {processor.py:179} INFO - Processing /opt/airflow/dags/practice.py took 0.055 seconds
[2024-03-14T04:54:48.701+0000] {processor.py:157} INFO - Started process (PID=13241) to work on /opt/airflow/dags/practice.py
[2024-03-14T04:54:48.701+0000] {processor.py:829} INFO - Processing file /opt/airflow/dags/practice.py for tasks to queue
[2024-03-14T04:54:48.702+0000] {logging_mixin.py:154} INFO - [2024-03-14T04:54:48.702+0000] {dagbag.py:536} INFO - Filling up the DagBag from /opt/airflow/dags/practice.py
[2024-03-14T04:54:48.712+0000] {processor.py:839} INFO - DAG(s) dict_keys(['Test_Operators']) retrieved from /opt/airflow/dags/practice.py
[2024-03-14T04:54:48.731+0000] {logging_mixin.py:154} INFO - [2024-03-14T04:54:48.731+0000] {dag.py:2941} INFO - Sync 1 DAGs
[2024-03-14T04:54:48.746+0000] {logging_mixin.py:154} INFO - [2024-03-14T04:54:48.746+0000] {dag.py:3722} INFO - Setting next_dagrun for Test_Operators to 2024-03-13T04:54:48.746644+00:00, run_after=2024-03-14T04:54:48.746644+00:00
[2024-03-14T04:54:48.757+0000] {processor.py:179} INFO - Processing /opt/airflow/dags/practice.py took 0.059 seconds
[2024-03-14T04:55:19.108+0000] {processor.py:157} INFO - Started process (PID=13263) to work on /opt/airflow/dags/practice.py
[2024-03-14T04:55:19.108+0000] {processor.py:829} INFO - Processing file /opt/airflow/dags/practice.py for tasks to queue
[2024-03-14T04:55:19.109+0000] {logging_mixin.py:154} INFO - [2024-03-14T04:55:19.109+0000] {dagbag.py:536} INFO - Filling up the DagBag from /opt/airflow/dags/practice.py
[2024-03-14T04:55:19.118+0000] {processor.py:839} INFO - DAG(s) dict_keys(['Test_Operators']) retrieved from /opt/airflow/dags/practice.py
[2024-03-14T04:55:19.136+0000] {logging_mixin.py:154} INFO - [2024-03-14T04:55:19.136+0000] {dag.py:2941} INFO - Sync 1 DAGs
[2024-03-14T04:55:19.152+0000] {logging_mixin.py:154} INFO - [2024-03-14T04:55:19.152+0000] {dag.py:3722} INFO - Setting next_dagrun for Test_Operators to 2024-03-13T04:55:19.152027+00:00, run_after=2024-03-14T04:55:19.152027+00:00
[2024-03-14T04:55:19.163+0000] {processor.py:179} INFO - Processing /opt/airflow/dags/practice.py took 0.058 seconds
[2024-03-14T04:55:49.461+0000] {processor.py:157} INFO - Started process (PID=13285) to work on /opt/airflow/dags/practice.py
[2024-03-14T04:55:49.462+0000] {processor.py:829} INFO - Processing file /opt/airflow/dags/practice.py for tasks to queue
[2024-03-14T04:55:49.463+0000] {logging_mixin.py:154} INFO - [2024-03-14T04:55:49.462+0000] {dagbag.py:536} INFO - Filling up the DagBag from /opt/airflow/dags/practice.py
[2024-03-14T04:55:49.472+0000] {processor.py:839} INFO - DAG(s) dict_keys(['Test_Operators']) retrieved from /opt/airflow/dags/practice.py
[2024-03-14T04:55:49.491+0000] {logging_mixin.py:154} INFO - [2024-03-14T04:55:49.491+0000] {dag.py:2941} INFO - Sync 1 DAGs
[2024-03-14T04:55:49.508+0000] {logging_mixin.py:154} INFO - [2024-03-14T04:55:49.508+0000] {dag.py:3722} INFO - Setting next_dagrun for Test_Operators to 2024-03-13T04:55:49.508064+00:00, run_after=2024-03-14T04:55:49.508064+00:00
[2024-03-14T04:55:49.521+0000] {processor.py:179} INFO - Processing /opt/airflow/dags/practice.py took 0.063 seconds
[2024-03-14T04:56:19.808+0000] {processor.py:157} INFO - Started process (PID=13307) to work on /opt/airflow/dags/practice.py
[2024-03-14T04:56:19.809+0000] {processor.py:829} INFO - Processing file /opt/airflow/dags/practice.py for tasks to queue
[2024-03-14T04:56:19.810+0000] {logging_mixin.py:154} INFO - [2024-03-14T04:56:19.810+0000] {dagbag.py:536} INFO - Filling up the DagBag from /opt/airflow/dags/practice.py
[2024-03-14T04:56:19.818+0000] {processor.py:839} INFO - DAG(s) dict_keys(['Test_Operators']) retrieved from /opt/airflow/dags/practice.py
[2024-03-14T04:56:19.837+0000] {logging_mixin.py:154} INFO - [2024-03-14T04:56:19.837+0000] {dag.py:2941} INFO - Sync 1 DAGs
[2024-03-14T04:56:19.851+0000] {logging_mixin.py:154} INFO - [2024-03-14T04:56:19.851+0000] {dag.py:3722} INFO - Setting next_dagrun for Test_Operators to 2024-03-13T04:56:19.851224+00:00, run_after=2024-03-14T04:56:19.851224+00:00
[2024-03-14T04:56:19.862+0000] {processor.py:179} INFO - Processing /opt/airflow/dags/practice.py took 0.056 seconds
[2024-03-14T04:56:50.234+0000] {processor.py:157} INFO - Started process (PID=13329) to work on /opt/airflow/dags/practice.py
[2024-03-14T04:56:50.235+0000] {processor.py:829} INFO - Processing file /opt/airflow/dags/practice.py for tasks to queue
[2024-03-14T04:56:50.236+0000] {logging_mixin.py:154} INFO - [2024-03-14T04:56:50.236+0000] {dagbag.py:536} INFO - Filling up the DagBag from /opt/airflow/dags/practice.py
[2024-03-14T04:56:50.244+0000] {processor.py:839} INFO - DAG(s) dict_keys(['Test_Operators']) retrieved from /opt/airflow/dags/practice.py
[2024-03-14T04:56:50.261+0000] {logging_mixin.py:154} INFO - [2024-03-14T04:56:50.261+0000] {dag.py:2941} INFO - Sync 1 DAGs
[2024-03-14T04:56:50.275+0000] {logging_mixin.py:154} INFO - [2024-03-14T04:56:50.275+0000] {dag.py:3722} INFO - Setting next_dagrun for Test_Operators to 2024-03-13T04:56:50.275573+00:00, run_after=2024-03-14T04:56:50.275573+00:00
[2024-03-14T04:56:50.286+0000] {processor.py:179} INFO - Processing /opt/airflow/dags/practice.py took 0.054 seconds
[2024-03-14T04:57:20.606+0000] {processor.py:157} INFO - Started process (PID=13351) to work on /opt/airflow/dags/practice.py
[2024-03-14T04:57:20.607+0000] {processor.py:829} INFO - Processing file /opt/airflow/dags/practice.py for tasks to queue
[2024-03-14T04:57:20.608+0000] {logging_mixin.py:154} INFO - [2024-03-14T04:57:20.608+0000] {dagbag.py:536} INFO - Filling up the DagBag from /opt/airflow/dags/practice.py
[2024-03-14T04:57:20.617+0000] {processor.py:839} INFO - DAG(s) dict_keys(['Test_Operators']) retrieved from /opt/airflow/dags/practice.py
[2024-03-14T04:57:20.634+0000] {logging_mixin.py:154} INFO - [2024-03-14T04:57:20.634+0000] {dag.py:2941} INFO - Sync 1 DAGs
[2024-03-14T04:57:20.649+0000] {logging_mixin.py:154} INFO - [2024-03-14T04:57:20.649+0000] {dag.py:3722} INFO - Setting next_dagrun for Test_Operators to 2024-03-13T04:57:20.648986+00:00, run_after=2024-03-14T04:57:20.648986+00:00
[2024-03-14T04:57:20.661+0000] {processor.py:179} INFO - Processing /opt/airflow/dags/practice.py took 0.057 seconds
[2024-03-14T04:57:51.014+0000] {processor.py:157} INFO - Started process (PID=13373) to work on /opt/airflow/dags/practice.py
[2024-03-14T04:57:51.015+0000] {processor.py:829} INFO - Processing file /opt/airflow/dags/practice.py for tasks to queue
[2024-03-14T04:57:51.016+0000] {logging_mixin.py:154} INFO - [2024-03-14T04:57:51.015+0000] {dagbag.py:536} INFO - Filling up the DagBag from /opt/airflow/dags/practice.py
[2024-03-14T04:57:51.024+0000] {processor.py:839} INFO - DAG(s) dict_keys(['Test_Operators']) retrieved from /opt/airflow/dags/practice.py
[2024-03-14T04:57:51.043+0000] {logging_mixin.py:154} INFO - [2024-03-14T04:57:51.043+0000] {dag.py:2941} INFO - Sync 1 DAGs
[2024-03-14T04:57:51.058+0000] {logging_mixin.py:154} INFO - [2024-03-14T04:57:51.058+0000] {dag.py:3722} INFO - Setting next_dagrun for Test_Operators to 2024-03-13T04:57:51.058157+00:00, run_after=2024-03-14T04:57:51.058157+00:00
[2024-03-14T04:57:51.069+0000] {processor.py:179} INFO - Processing /opt/airflow/dags/practice.py took 0.058 seconds
[2024-03-14T04:58:21.411+0000] {processor.py:157} INFO - Started process (PID=13395) to work on /opt/airflow/dags/practice.py
[2024-03-14T04:58:21.412+0000] {processor.py:829} INFO - Processing file /opt/airflow/dags/practice.py for tasks to queue
[2024-03-14T04:58:21.413+0000] {logging_mixin.py:154} INFO - [2024-03-14T04:58:21.412+0000] {dagbag.py:536} INFO - Filling up the DagBag from /opt/airflow/dags/practice.py
[2024-03-14T04:58:21.421+0000] {processor.py:839} INFO - DAG(s) dict_keys(['Test_Operators']) retrieved from /opt/airflow/dags/practice.py
[2024-03-14T04:58:21.439+0000] {logging_mixin.py:154} INFO - [2024-03-14T04:58:21.439+0000] {dag.py:2941} INFO - Sync 1 DAGs
[2024-03-14T04:58:21.454+0000] {logging_mixin.py:154} INFO - [2024-03-14T04:58:21.454+0000] {dag.py:3722} INFO - Setting next_dagrun for Test_Operators to 2024-03-13T04:58:21.454582+00:00, run_after=2024-03-14T04:58:21.454582+00:00
[2024-03-14T04:58:21.465+0000] {processor.py:179} INFO - Processing /opt/airflow/dags/practice.py took 0.057 seconds
[2024-03-14T04:58:51.825+0000] {processor.py:157} INFO - Started process (PID=13417) to work on /opt/airflow/dags/practice.py
[2024-03-14T04:58:51.826+0000] {processor.py:829} INFO - Processing file /opt/airflow/dags/practice.py for tasks to queue
[2024-03-14T04:58:51.826+0000] {logging_mixin.py:154} INFO - [2024-03-14T04:58:51.826+0000] {dagbag.py:536} INFO - Filling up the DagBag from /opt/airflow/dags/practice.py
[2024-03-14T04:58:51.834+0000] {processor.py:839} INFO - DAG(s) dict_keys(['Test_Operators']) retrieved from /opt/airflow/dags/practice.py
[2024-03-14T04:58:51.851+0000] {logging_mixin.py:154} INFO - [2024-03-14T04:58:51.851+0000] {dag.py:2941} INFO - Sync 1 DAGs
[2024-03-14T04:58:51.865+0000] {logging_mixin.py:154} INFO - [2024-03-14T04:58:51.865+0000] {dag.py:3722} INFO - Setting next_dagrun for Test_Operators to 2024-03-13T04:58:51.865312+00:00, run_after=2024-03-14T04:58:51.865312+00:00
[2024-03-14T04:58:51.876+0000] {processor.py:179} INFO - Processing /opt/airflow/dags/practice.py took 0.053 seconds
[2024-03-14T04:59:22.183+0000] {processor.py:157} INFO - Started process (PID=13438) to work on /opt/airflow/dags/practice.py
[2024-03-14T04:59:22.183+0000] {processor.py:829} INFO - Processing file /opt/airflow/dags/practice.py for tasks to queue
[2024-03-14T04:59:22.184+0000] {logging_mixin.py:154} INFO - [2024-03-14T04:59:22.184+0000] {dagbag.py:536} INFO - Filling up the DagBag from /opt/airflow/dags/practice.py
[2024-03-14T04:59:22.192+0000] {processor.py:839} INFO - DAG(s) dict_keys(['Test_Operators']) retrieved from /opt/airflow/dags/practice.py
[2024-03-14T04:59:22.209+0000] {logging_mixin.py:154} INFO - [2024-03-14T04:59:22.209+0000] {dag.py:2941} INFO - Sync 1 DAGs
[2024-03-14T04:59:22.224+0000] {logging_mixin.py:154} INFO - [2024-03-14T04:59:22.224+0000] {dag.py:3722} INFO - Setting next_dagrun for Test_Operators to 2024-03-13T04:59:22.224627+00:00, run_after=2024-03-14T04:59:22.224627+00:00
[2024-03-14T04:59:22.235+0000] {processor.py:179} INFO - Processing /opt/airflow/dags/practice.py took 0.055 seconds
[2024-03-14T04:59:52.569+0000] {processor.py:157} INFO - Started process (PID=13460) to work on /opt/airflow/dags/practice.py
[2024-03-14T04:59:52.570+0000] {processor.py:829} INFO - Processing file /opt/airflow/dags/practice.py for tasks to queue
[2024-03-14T04:59:52.571+0000] {logging_mixin.py:154} INFO - [2024-03-14T04:59:52.570+0000] {dagbag.py:536} INFO - Filling up the DagBag from /opt/airflow/dags/practice.py
[2024-03-14T04:59:52.578+0000] {processor.py:839} INFO - DAG(s) dict_keys(['Test_Operators']) retrieved from /opt/airflow/dags/practice.py
[2024-03-14T04:59:52.595+0000] {logging_mixin.py:154} INFO - [2024-03-14T04:59:52.595+0000] {dag.py:2941} INFO - Sync 1 DAGs
[2024-03-14T04:59:52.610+0000] {logging_mixin.py:154} INFO - [2024-03-14T04:59:52.610+0000] {dag.py:3722} INFO - Setting next_dagrun for Test_Operators to 2024-03-13T04:59:52.610047+00:00, run_after=2024-03-14T04:59:52.610047+00:00
[2024-03-14T04:59:52.622+0000] {processor.py:179} INFO - Processing /opt/airflow/dags/practice.py took 0.055 seconds
[2024-03-14T05:00:22.959+0000] {processor.py:157} INFO - Started process (PID=13482) to work on /opt/airflow/dags/practice.py
[2024-03-14T05:00:22.960+0000] {processor.py:829} INFO - Processing file /opt/airflow/dags/practice.py for tasks to queue
[2024-03-14T05:00:22.961+0000] {logging_mixin.py:154} INFO - [2024-03-14T05:00:22.960+0000] {dagbag.py:536} INFO - Filling up the DagBag from /opt/airflow/dags/practice.py
[2024-03-14T05:00:22.970+0000] {processor.py:839} INFO - DAG(s) dict_keys(['Test_Operators']) retrieved from /opt/airflow/dags/practice.py
[2024-03-14T05:00:22.991+0000] {logging_mixin.py:154} INFO - [2024-03-14T05:00:22.991+0000] {dag.py:2941} INFO - Sync 1 DAGs
[2024-03-14T05:00:23.008+0000] {logging_mixin.py:154} INFO - [2024-03-14T05:00:23.008+0000] {dag.py:3722} INFO - Setting next_dagrun for Test_Operators to 2024-03-13T05:00:23.007947+00:00, run_after=2024-03-14T05:00:23.007947+00:00
[2024-03-14T05:00:23.019+0000] {processor.py:179} INFO - Processing /opt/airflow/dags/practice.py took 0.063 seconds
[2024-03-14T05:00:53.360+0000] {processor.py:157} INFO - Started process (PID=13504) to work on /opt/airflow/dags/practice.py
[2024-03-14T05:00:53.360+0000] {processor.py:829} INFO - Processing file /opt/airflow/dags/practice.py for tasks to queue
[2024-03-14T05:00:53.361+0000] {logging_mixin.py:154} INFO - [2024-03-14T05:00:53.361+0000] {dagbag.py:536} INFO - Filling up the DagBag from /opt/airflow/dags/practice.py
[2024-03-14T05:00:53.369+0000] {processor.py:839} INFO - DAG(s) dict_keys(['Test_Operators']) retrieved from /opt/airflow/dags/practice.py
[2024-03-14T05:00:53.386+0000] {logging_mixin.py:154} INFO - [2024-03-14T05:00:53.386+0000] {dag.py:2941} INFO - Sync 1 DAGs
[2024-03-14T05:00:53.401+0000] {logging_mixin.py:154} INFO - [2024-03-14T05:00:53.401+0000] {dag.py:3722} INFO - Setting next_dagrun for Test_Operators to 2024-03-13T05:00:53.400982+00:00, run_after=2024-03-14T05:00:53.400982+00:00
[2024-03-14T05:00:53.412+0000] {processor.py:179} INFO - Processing /opt/airflow/dags/practice.py took 0.054 seconds
[2024-03-14T05:01:23.731+0000] {processor.py:157} INFO - Started process (PID=13526) to work on /opt/airflow/dags/practice.py
[2024-03-14T05:01:23.731+0000] {processor.py:829} INFO - Processing file /opt/airflow/dags/practice.py for tasks to queue
[2024-03-14T05:01:23.732+0000] {logging_mixin.py:154} INFO - [2024-03-14T05:01:23.732+0000] {dagbag.py:536} INFO - Filling up the DagBag from /opt/airflow/dags/practice.py
[2024-03-14T05:01:23.740+0000] {processor.py:839} INFO - DAG(s) dict_keys(['Test_Operators']) retrieved from /opt/airflow/dags/practice.py
[2024-03-14T05:01:23.757+0000] {logging_mixin.py:154} INFO - [2024-03-14T05:01:23.757+0000] {dag.py:2941} INFO - Sync 1 DAGs
[2024-03-14T05:01:23.771+0000] {logging_mixin.py:154} INFO - [2024-03-14T05:01:23.771+0000] {dag.py:3722} INFO - Setting next_dagrun for Test_Operators to 2024-03-13T05:01:23.771625+00:00, run_after=2024-03-14T05:01:23.771625+00:00
[2024-03-14T05:01:23.783+0000] {processor.py:179} INFO - Processing /opt/airflow/dags/practice.py took 0.055 seconds
[2024-03-14T05:01:54.095+0000] {processor.py:157} INFO - Started process (PID=13548) to work on /opt/airflow/dags/practice.py
[2024-03-14T05:01:54.096+0000] {processor.py:829} INFO - Processing file /opt/airflow/dags/practice.py for tasks to queue
[2024-03-14T05:01:54.096+0000] {logging_mixin.py:154} INFO - [2024-03-14T05:01:54.096+0000] {dagbag.py:536} INFO - Filling up the DagBag from /opt/airflow/dags/practice.py
[2024-03-14T05:01:54.104+0000] {processor.py:839} INFO - DAG(s) dict_keys(['Test_Operators']) retrieved from /opt/airflow/dags/practice.py
[2024-03-14T05:01:54.121+0000] {logging_mixin.py:154} INFO - [2024-03-14T05:01:54.121+0000] {dag.py:2941} INFO - Sync 1 DAGs
[2024-03-14T05:01:54.136+0000] {logging_mixin.py:154} INFO - [2024-03-14T05:01:54.135+0000] {dag.py:3722} INFO - Setting next_dagrun for Test_Operators to 2024-03-13T05:01:54.135792+00:00, run_after=2024-03-14T05:01:54.135792+00:00
[2024-03-14T05:01:54.147+0000] {processor.py:179} INFO - Processing /opt/airflow/dags/practice.py took 0.054 seconds
[2024-03-14T05:02:24.487+0000] {processor.py:157} INFO - Started process (PID=13570) to work on /opt/airflow/dags/practice.py
[2024-03-14T05:02:24.488+0000] {processor.py:829} INFO - Processing file /opt/airflow/dags/practice.py for tasks to queue
[2024-03-14T05:02:24.488+0000] {logging_mixin.py:154} INFO - [2024-03-14T05:02:24.488+0000] {dagbag.py:536} INFO - Filling up the DagBag from /opt/airflow/dags/practice.py
[2024-03-14T05:02:24.497+0000] {processor.py:839} INFO - DAG(s) dict_keys(['Test_Operators']) retrieved from /opt/airflow/dags/practice.py
[2024-03-14T05:02:24.514+0000] {logging_mixin.py:154} INFO - [2024-03-14T05:02:24.514+0000] {dag.py:2941} INFO - Sync 1 DAGs
[2024-03-14T05:02:24.529+0000] {logging_mixin.py:154} INFO - [2024-03-14T05:02:24.528+0000] {dag.py:3722} INFO - Setting next_dagrun for Test_Operators to 2024-03-13T05:02:24.528818+00:00, run_after=2024-03-14T05:02:24.528818+00:00
[2024-03-14T05:02:24.540+0000] {processor.py:179} INFO - Processing /opt/airflow/dags/practice.py took 0.056 seconds
[2024-03-14T05:02:54.886+0000] {processor.py:157} INFO - Started process (PID=13592) to work on /opt/airflow/dags/practice.py
[2024-03-14T05:02:54.887+0000] {processor.py:829} INFO - Processing file /opt/airflow/dags/practice.py for tasks to queue
[2024-03-14T05:02:54.888+0000] {logging_mixin.py:154} INFO - [2024-03-14T05:02:54.888+0000] {dagbag.py:536} INFO - Filling up the DagBag from /opt/airflow/dags/practice.py
[2024-03-14T05:02:54.896+0000] {processor.py:839} INFO - DAG(s) dict_keys(['Test_Operators']) retrieved from /opt/airflow/dags/practice.py
[2024-03-14T05:02:54.913+0000] {logging_mixin.py:154} INFO - [2024-03-14T05:02:54.913+0000] {dag.py:2941} INFO - Sync 1 DAGs
[2024-03-14T05:02:54.929+0000] {logging_mixin.py:154} INFO - [2024-03-14T05:02:54.929+0000] {dag.py:3722} INFO - Setting next_dagrun for Test_Operators to 2024-03-13T05:02:54.929430+00:00, run_after=2024-03-14T05:02:54.929430+00:00
[2024-03-14T05:02:54.941+0000] {processor.py:179} INFO - Processing /opt/airflow/dags/practice.py took 0.057 seconds
[2024-03-14T05:03:25.294+0000] {processor.py:157} INFO - Started process (PID=13614) to work on /opt/airflow/dags/practice.py
[2024-03-14T05:03:25.295+0000] {processor.py:829} INFO - Processing file /opt/airflow/dags/practice.py for tasks to queue
[2024-03-14T05:03:25.295+0000] {logging_mixin.py:154} INFO - [2024-03-14T05:03:25.295+0000] {dagbag.py:536} INFO - Filling up the DagBag from /opt/airflow/dags/practice.py
[2024-03-14T05:03:25.303+0000] {processor.py:839} INFO - DAG(s) dict_keys(['Test_Operators']) retrieved from /opt/airflow/dags/practice.py
[2024-03-14T05:03:25.320+0000] {logging_mixin.py:154} INFO - [2024-03-14T05:03:25.320+0000] {dag.py:2941} INFO - Sync 1 DAGs
[2024-03-14T05:03:25.335+0000] {logging_mixin.py:154} INFO - [2024-03-14T05:03:25.334+0000] {dag.py:3722} INFO - Setting next_dagrun for Test_Operators to 2024-03-13T05:03:25.334738+00:00, run_after=2024-03-14T05:03:25.334738+00:00
[2024-03-14T05:03:25.345+0000] {processor.py:179} INFO - Processing /opt/airflow/dags/practice.py took 0.054 seconds
[2024-03-14T05:03:55.692+0000] {processor.py:157} INFO - Started process (PID=13636) to work on /opt/airflow/dags/practice.py
[2024-03-14T05:03:55.693+0000] {processor.py:829} INFO - Processing file /opt/airflow/dags/practice.py for tasks to queue
[2024-03-14T05:03:55.693+0000] {logging_mixin.py:154} INFO - [2024-03-14T05:03:55.693+0000] {dagbag.py:536} INFO - Filling up the DagBag from /opt/airflow/dags/practice.py
[2024-03-14T05:03:55.704+0000] {processor.py:839} INFO - DAG(s) dict_keys(['Test_Operators']) retrieved from /opt/airflow/dags/practice.py
[2024-03-14T05:03:55.726+0000] {logging_mixin.py:154} INFO - [2024-03-14T05:03:55.726+0000] {dag.py:2941} INFO - Sync 1 DAGs
[2024-03-14T05:03:55.740+0000] {logging_mixin.py:154} INFO - [2024-03-14T05:03:55.740+0000] {dag.py:3722} INFO - Setting next_dagrun for Test_Operators to 2024-03-13T05:03:55.740571+00:00, run_after=2024-03-14T05:03:55.740571+00:00
[2024-03-14T05:03:55.752+0000] {processor.py:179} INFO - Processing /opt/airflow/dags/practice.py took 0.063 seconds
[2024-03-14T05:04:26.081+0000] {processor.py:157} INFO - Started process (PID=13658) to work on /opt/airflow/dags/practice.py
[2024-03-14T05:04:26.082+0000] {processor.py:829} INFO - Processing file /opt/airflow/dags/practice.py for tasks to queue
[2024-03-14T05:04:26.082+0000] {logging_mixin.py:154} INFO - [2024-03-14T05:04:26.082+0000] {dagbag.py:536} INFO - Filling up the DagBag from /opt/airflow/dags/practice.py
[2024-03-14T05:04:26.092+0000] {processor.py:839} INFO - DAG(s) dict_keys(['Test_Operators']) retrieved from /opt/airflow/dags/practice.py
[2024-03-14T05:04:26.111+0000] {logging_mixin.py:154} INFO - [2024-03-14T05:04:26.111+0000] {dag.py:2941} INFO - Sync 1 DAGs
[2024-03-14T05:04:26.127+0000] {logging_mixin.py:154} INFO - [2024-03-14T05:04:26.127+0000] {dag.py:3722} INFO - Setting next_dagrun for Test_Operators to 2024-03-13T05:04:26.127359+00:00, run_after=2024-03-14T05:04:26.127359+00:00
[2024-03-14T05:04:26.139+0000] {processor.py:179} INFO - Processing /opt/airflow/dags/practice.py took 0.060 seconds
[2024-03-14T05:04:56.469+0000] {processor.py:157} INFO - Started process (PID=13680) to work on /opt/airflow/dags/practice.py
[2024-03-14T05:04:56.471+0000] {processor.py:829} INFO - Processing file /opt/airflow/dags/practice.py for tasks to queue
[2024-03-14T05:04:56.472+0000] {logging_mixin.py:154} INFO - [2024-03-14T05:04:56.472+0000] {dagbag.py:536} INFO - Filling up the DagBag from /opt/airflow/dags/practice.py
[2024-03-14T05:04:56.489+0000] {processor.py:839} INFO - DAG(s) dict_keys(['Test_Operators']) retrieved from /opt/airflow/dags/practice.py
[2024-03-14T05:04:56.518+0000] {logging_mixin.py:154} INFO - [2024-03-14T05:04:56.517+0000] {dag.py:2941} INFO - Sync 1 DAGs
[2024-03-14T05:04:56.540+0000] {logging_mixin.py:154} INFO - [2024-03-14T05:04:56.540+0000] {dag.py:3722} INFO - Setting next_dagrun for Test_Operators to 2024-03-13T05:04:56.540457+00:00, run_after=2024-03-14T05:04:56.540457+00:00
[2024-03-14T05:04:56.562+0000] {processor.py:179} INFO - Processing /opt/airflow/dags/practice.py took 0.096 seconds
[2024-03-14T05:05:26.890+0000] {processor.py:157} INFO - Started process (PID=13702) to work on /opt/airflow/dags/practice.py
[2024-03-14T05:05:26.891+0000] {processor.py:829} INFO - Processing file /opt/airflow/dags/practice.py for tasks to queue
[2024-03-14T05:05:26.892+0000] {logging_mixin.py:154} INFO - [2024-03-14T05:05:26.892+0000] {dagbag.py:536} INFO - Filling up the DagBag from /opt/airflow/dags/practice.py
[2024-03-14T05:05:26.901+0000] {processor.py:839} INFO - DAG(s) dict_keys(['Test_Operators']) retrieved from /opt/airflow/dags/practice.py
[2024-03-14T05:05:26.921+0000] {logging_mixin.py:154} INFO - [2024-03-14T05:05:26.921+0000] {dag.py:2941} INFO - Sync 1 DAGs
[2024-03-14T05:05:26.940+0000] {logging_mixin.py:154} INFO - [2024-03-14T05:05:26.940+0000] {dag.py:3722} INFO - Setting next_dagrun for Test_Operators to 2024-03-13T05:05:26.939991+00:00, run_after=2024-03-14T05:05:26.939991+00:00
[2024-03-14T05:05:26.956+0000] {processor.py:179} INFO - Processing /opt/airflow/dags/practice.py took 0.069 seconds
[2024-03-14T05:05:57.285+0000] {processor.py:157} INFO - Started process (PID=13724) to work on /opt/airflow/dags/practice.py
[2024-03-14T05:05:57.287+0000] {processor.py:829} INFO - Processing file /opt/airflow/dags/practice.py for tasks to queue
[2024-03-14T05:05:57.289+0000] {logging_mixin.py:154} INFO - [2024-03-14T05:05:57.289+0000] {dagbag.py:536} INFO - Filling up the DagBag from /opt/airflow/dags/practice.py
[2024-03-14T05:05:57.312+0000] {processor.py:839} INFO - DAG(s) dict_keys(['Test_Operators']) retrieved from /opt/airflow/dags/practice.py
[2024-03-14T05:05:57.350+0000] {logging_mixin.py:154} INFO - [2024-03-14T05:05:57.350+0000] {dag.py:2941} INFO - Sync 1 DAGs
[2024-03-14T05:05:57.395+0000] {logging_mixin.py:154} INFO - [2024-03-14T05:05:57.394+0000] {dag.py:3722} INFO - Setting next_dagrun for Test_Operators to 2024-03-13T05:05:57.394021+00:00, run_after=2024-03-14T05:05:57.394021+00:00
[2024-03-14T05:05:57.427+0000] {processor.py:179} INFO - Processing /opt/airflow/dags/practice.py took 0.147 seconds
[2024-03-14T05:06:27.733+0000] {processor.py:157} INFO - Started process (PID=13746) to work on /opt/airflow/dags/practice.py
[2024-03-14T05:06:27.734+0000] {processor.py:829} INFO - Processing file /opt/airflow/dags/practice.py for tasks to queue
[2024-03-14T05:06:27.735+0000] {logging_mixin.py:154} INFO - [2024-03-14T05:06:27.735+0000] {dagbag.py:536} INFO - Filling up the DagBag from /opt/airflow/dags/practice.py
[2024-03-14T05:06:27.743+0000] {processor.py:839} INFO - DAG(s) dict_keys(['Test_Operators']) retrieved from /opt/airflow/dags/practice.py
[2024-03-14T05:06:27.760+0000] {logging_mixin.py:154} INFO - [2024-03-14T05:06:27.760+0000] {dag.py:2941} INFO - Sync 1 DAGs
[2024-03-14T05:06:27.775+0000] {logging_mixin.py:154} INFO - [2024-03-14T05:06:27.775+0000] {dag.py:3722} INFO - Setting next_dagrun for Test_Operators to 2024-03-13T05:06:27.775457+00:00, run_after=2024-03-14T05:06:27.775457+00:00
[2024-03-14T05:06:27.786+0000] {processor.py:179} INFO - Processing /opt/airflow/dags/practice.py took 0.055 seconds
[2024-03-14T05:06:58.122+0000] {processor.py:157} INFO - Started process (PID=13768) to work on /opt/airflow/dags/practice.py
[2024-03-14T05:06:58.123+0000] {processor.py:829} INFO - Processing file /opt/airflow/dags/practice.py for tasks to queue
[2024-03-14T05:06:58.124+0000] {logging_mixin.py:154} INFO - [2024-03-14T05:06:58.124+0000] {dagbag.py:536} INFO - Filling up the DagBag from /opt/airflow/dags/practice.py
[2024-03-14T05:06:58.132+0000] {processor.py:839} INFO - DAG(s) dict_keys(['Test_Operators']) retrieved from /opt/airflow/dags/practice.py
[2024-03-14T05:06:58.152+0000] {logging_mixin.py:154} INFO - [2024-03-14T05:06:58.152+0000] {dag.py:2941} INFO - Sync 1 DAGs
[2024-03-14T05:06:58.169+0000] {logging_mixin.py:154} INFO - [2024-03-14T05:06:58.169+0000] {dag.py:3722} INFO - Setting next_dagrun for Test_Operators to 2024-03-13T05:06:58.169262+00:00, run_after=2024-03-14T05:06:58.169262+00:00
[2024-03-14T05:06:58.181+0000] {processor.py:179} INFO - Processing /opt/airflow/dags/practice.py took 0.061 seconds
[2024-03-14T05:07:28.579+0000] {processor.py:157} INFO - Started process (PID=13790) to work on /opt/airflow/dags/practice.py
[2024-03-14T05:07:28.580+0000] {processor.py:829} INFO - Processing file /opt/airflow/dags/practice.py for tasks to queue
[2024-03-14T05:07:28.580+0000] {logging_mixin.py:154} INFO - [2024-03-14T05:07:28.580+0000] {dagbag.py:536} INFO - Filling up the DagBag from /opt/airflow/dags/practice.py
[2024-03-14T05:07:28.589+0000] {processor.py:839} INFO - DAG(s) dict_keys(['Test_Operators']) retrieved from /opt/airflow/dags/practice.py
[2024-03-14T05:07:28.606+0000] {logging_mixin.py:154} INFO - [2024-03-14T05:07:28.606+0000] {dag.py:2941} INFO - Sync 1 DAGs
[2024-03-14T05:07:28.621+0000] {logging_mixin.py:154} INFO - [2024-03-14T05:07:28.621+0000] {dag.py:3722} INFO - Setting next_dagrun for Test_Operators to 2024-03-13T05:07:28.621404+00:00, run_after=2024-03-14T05:07:28.621404+00:00
[2024-03-14T05:07:28.632+0000] {processor.py:179} INFO - Processing /opt/airflow/dags/practice.py took 0.056 seconds
[2024-03-14T05:07:58.999+0000] {processor.py:157} INFO - Started process (PID=13812) to work on /opt/airflow/dags/practice.py
[2024-03-14T05:07:59.000+0000] {processor.py:829} INFO - Processing file /opt/airflow/dags/practice.py for tasks to queue
[2024-03-14T05:07:59.001+0000] {logging_mixin.py:154} INFO - [2024-03-14T05:07:59.000+0000] {dagbag.py:536} INFO - Filling up the DagBag from /opt/airflow/dags/practice.py
[2024-03-14T05:07:59.009+0000] {processor.py:839} INFO - DAG(s) dict_keys(['Test_Operators']) retrieved from /opt/airflow/dags/practice.py
[2024-03-14T05:07:59.027+0000] {logging_mixin.py:154} INFO - [2024-03-14T05:07:59.027+0000] {dag.py:2941} INFO - Sync 1 DAGs
[2024-03-14T05:07:59.042+0000] {logging_mixin.py:154} INFO - [2024-03-14T05:07:59.042+0000] {dag.py:3722} INFO - Setting next_dagrun for Test_Operators to 2024-03-13T05:07:59.042682+00:00, run_after=2024-03-14T05:07:59.042682+00:00
[2024-03-14T05:07:59.054+0000] {processor.py:179} INFO - Processing /opt/airflow/dags/practice.py took 0.057 seconds
[2024-03-14T05:08:29.371+0000] {processor.py:157} INFO - Started process (PID=13834) to work on /opt/airflow/dags/practice.py
[2024-03-14T05:08:29.372+0000] {processor.py:829} INFO - Processing file /opt/airflow/dags/practice.py for tasks to queue
[2024-03-14T05:08:29.373+0000] {logging_mixin.py:154} INFO - [2024-03-14T05:08:29.372+0000] {dagbag.py:536} INFO - Filling up the DagBag from /opt/airflow/dags/practice.py
[2024-03-14T05:08:29.380+0000] {processor.py:839} INFO - DAG(s) dict_keys(['Test_Operators']) retrieved from /opt/airflow/dags/practice.py
[2024-03-14T05:08:29.397+0000] {logging_mixin.py:154} INFO - [2024-03-14T05:08:29.397+0000] {dag.py:2941} INFO - Sync 1 DAGs
[2024-03-14T05:08:29.412+0000] {logging_mixin.py:154} INFO - [2024-03-14T05:08:29.411+0000] {dag.py:3722} INFO - Setting next_dagrun for Test_Operators to 2024-03-13T05:08:29.411781+00:00, run_after=2024-03-14T05:08:29.411781+00:00
[2024-03-14T05:08:29.422+0000] {processor.py:179} INFO - Processing /opt/airflow/dags/practice.py took 0.053 seconds
[2024-03-14T05:08:59.812+0000] {processor.py:157} INFO - Started process (PID=13856) to work on /opt/airflow/dags/practice.py
[2024-03-14T05:08:59.813+0000] {processor.py:829} INFO - Processing file /opt/airflow/dags/practice.py for tasks to queue
[2024-03-14T05:08:59.813+0000] {logging_mixin.py:154} INFO - [2024-03-14T05:08:59.813+0000] {dagbag.py:536} INFO - Filling up the DagBag from /opt/airflow/dags/practice.py
[2024-03-14T05:08:59.821+0000] {processor.py:839} INFO - DAG(s) dict_keys(['Test_Operators']) retrieved from /opt/airflow/dags/practice.py
[2024-03-14T05:08:59.838+0000] {logging_mixin.py:154} INFO - [2024-03-14T05:08:59.838+0000] {dag.py:2941} INFO - Sync 1 DAGs
[2024-03-14T05:08:59.853+0000] {logging_mixin.py:154} INFO - [2024-03-14T05:08:59.852+0000] {dag.py:3722} INFO - Setting next_dagrun for Test_Operators to 2024-03-13T05:08:59.852779+00:00, run_after=2024-03-14T05:08:59.852779+00:00
[2024-03-14T05:08:59.864+0000] {processor.py:179} INFO - Processing /opt/airflow/dags/practice.py took 0.054 seconds
[2024-03-14T05:09:30.200+0000] {processor.py:157} INFO - Started process (PID=13878) to work on /opt/airflow/dags/practice.py
[2024-03-14T05:09:30.201+0000] {processor.py:829} INFO - Processing file /opt/airflow/dags/practice.py for tasks to queue
[2024-03-14T05:09:30.202+0000] {logging_mixin.py:154} INFO - [2024-03-14T05:09:30.201+0000] {dagbag.py:536} INFO - Filling up the DagBag from /opt/airflow/dags/practice.py
[2024-03-14T05:09:30.210+0000] {processor.py:839} INFO - DAG(s) dict_keys(['Test_Operators']) retrieved from /opt/airflow/dags/practice.py
[2024-03-14T05:09:30.227+0000] {logging_mixin.py:154} INFO - [2024-03-14T05:09:30.227+0000] {dag.py:2941} INFO - Sync 1 DAGs
[2024-03-14T05:09:30.242+0000] {logging_mixin.py:154} INFO - [2024-03-14T05:09:30.242+0000] {dag.py:3722} INFO - Setting next_dagrun for Test_Operators to 2024-03-13T05:09:30.242684+00:00, run_after=2024-03-14T05:09:30.242684+00:00
[2024-03-14T05:09:30.255+0000] {processor.py:179} INFO - Processing /opt/airflow/dags/practice.py took 0.057 seconds
[2024-03-14T05:10:00.581+0000] {processor.py:157} INFO - Started process (PID=13900) to work on /opt/airflow/dags/practice.py
[2024-03-14T05:10:00.582+0000] {processor.py:829} INFO - Processing file /opt/airflow/dags/practice.py for tasks to queue
[2024-03-14T05:10:00.582+0000] {logging_mixin.py:154} INFO - [2024-03-14T05:10:00.582+0000] {dagbag.py:536} INFO - Filling up the DagBag from /opt/airflow/dags/practice.py
[2024-03-14T05:10:00.596+0000] {processor.py:839} INFO - DAG(s) dict_keys(['Test_Operators']) retrieved from /opt/airflow/dags/practice.py
[2024-03-14T05:10:00.615+0000] {logging_mixin.py:154} INFO - [2024-03-14T05:10:00.615+0000] {dag.py:2941} INFO - Sync 1 DAGs
[2024-03-14T05:10:00.630+0000] {logging_mixin.py:154} INFO - [2024-03-14T05:10:00.630+0000] {dag.py:3722} INFO - Setting next_dagrun for Test_Operators to 2024-03-13T05:10:00.630425+00:00, run_after=2024-03-14T05:10:00.630425+00:00
[2024-03-14T05:10:00.641+0000] {processor.py:179} INFO - Processing /opt/airflow/dags/practice.py took 0.063 seconds
