[2024-03-14T02:09:23.124+0000] {processor.py:157} INFO - Started process (PID=12509) to work on /opt/airflow/dags/simples3bucketpipeline.py
[2024-03-14T02:09:23.126+0000] {processor.py:829} INFO - Processing file /opt/airflow/dags/simples3bucketpipeline.py for tasks to queue
[2024-03-14T02:09:23.127+0000] {logging_mixin.py:154} INFO - [2024-03-14T02:09:23.127+0000] {dagbag.py:536} INFO - Filling up the DagBag from /opt/airflow/dags/simples3bucketpipeline.py
[2024-03-14T02:09:23.136+0000] {processor.py:839} INFO - DAG(s) dict_keys(['test_s3_bucket']) retrieved from /opt/airflow/dags/simples3bucketpipeline.py
[2024-03-14T02:09:23.154+0000] {logging_mixin.py:154} INFO - [2024-03-14T02:09:23.154+0000] {dag.py:2941} INFO - Sync 1 DAGs
[2024-03-14T02:09:23.170+0000] {logging_mixin.py:154} INFO - [2024-03-14T02:09:23.170+0000] {dag.py:3722} INFO - Setting next_dagrun for test_s3_bucket to 2024-03-13T02:09:23.170574+00:00, run_after=2024-03-14T02:09:23.170574+00:00
[2024-03-14T02:09:23.219+0000] {processor.py:179} INFO - Processing /opt/airflow/dags/simples3bucketpipeline.py took 0.098 seconds
[2024-03-14T04:38:35.656+0000] {processor.py:157} INFO - Started process (PID=12531) to work on /opt/airflow/dags/simples3bucketpipeline.py
[2024-03-14T04:38:35.658+0000] {processor.py:829} INFO - Processing file /opt/airflow/dags/simples3bucketpipeline.py for tasks to queue
[2024-03-14T04:38:35.660+0000] {logging_mixin.py:154} INFO - [2024-03-14T04:38:35.660+0000] {dagbag.py:536} INFO - Filling up the DagBag from /opt/airflow/dags/simples3bucketpipeline.py
[2024-03-14T04:38:35.674+0000] {processor.py:839} INFO - DAG(s) dict_keys(['test_s3_bucket']) retrieved from /opt/airflow/dags/simples3bucketpipeline.py
[2024-03-14T04:38:35.713+0000] {logging_mixin.py:154} INFO - [2024-03-14T04:38:35.712+0000] {dag.py:2941} INFO - Sync 1 DAGs
[2024-03-14T04:38:35.759+0000] {logging_mixin.py:154} INFO - [2024-03-14T04:38:35.759+0000] {dag.py:3722} INFO - Setting next_dagrun for test_s3_bucket to 2024-03-13T04:38:35.759118+00:00, run_after=2024-03-14T04:38:35.759118+00:00
[2024-03-14T04:38:35.840+0000] {processor.py:179} INFO - Processing /opt/airflow/dags/simples3bucketpipeline.py took 0.189 seconds
[2024-03-14T04:39:06.372+0000] {processor.py:157} INFO - Started process (PID=12553) to work on /opt/airflow/dags/simples3bucketpipeline.py
[2024-03-14T04:39:06.374+0000] {processor.py:829} INFO - Processing file /opt/airflow/dags/simples3bucketpipeline.py for tasks to queue
[2024-03-14T04:39:06.376+0000] {logging_mixin.py:154} INFO - [2024-03-14T04:39:06.375+0000] {dagbag.py:536} INFO - Filling up the DagBag from /opt/airflow/dags/simples3bucketpipeline.py
[2024-03-14T04:39:06.390+0000] {processor.py:839} INFO - DAG(s) dict_keys(['test_s3_bucket']) retrieved from /opt/airflow/dags/simples3bucketpipeline.py
[2024-03-14T04:39:06.409+0000] {logging_mixin.py:154} INFO - [2024-03-14T04:39:06.409+0000] {dag.py:2941} INFO - Sync 1 DAGs
[2024-03-14T04:39:06.428+0000] {logging_mixin.py:154} INFO - [2024-03-14T04:39:06.428+0000] {dag.py:3722} INFO - Setting next_dagrun for test_s3_bucket to 2024-03-13T04:39:06.428639+00:00, run_after=2024-03-14T04:39:06.428639+00:00
[2024-03-14T04:39:06.442+0000] {processor.py:179} INFO - Processing /opt/airflow/dags/simples3bucketpipeline.py took 0.077 seconds
[2024-03-14T04:39:36.748+0000] {processor.py:157} INFO - Started process (PID=12575) to work on /opt/airflow/dags/simples3bucketpipeline.py
[2024-03-14T04:39:36.749+0000] {processor.py:829} INFO - Processing file /opt/airflow/dags/simples3bucketpipeline.py for tasks to queue
[2024-03-14T04:39:36.750+0000] {logging_mixin.py:154} INFO - [2024-03-14T04:39:36.750+0000] {dagbag.py:536} INFO - Filling up the DagBag from /opt/airflow/dags/simples3bucketpipeline.py
[2024-03-14T04:39:36.764+0000] {processor.py:839} INFO - DAG(s) dict_keys(['test_s3_bucket']) retrieved from /opt/airflow/dags/simples3bucketpipeline.py
[2024-03-14T04:39:36.785+0000] {logging_mixin.py:154} INFO - [2024-03-14T04:39:36.785+0000] {dag.py:2941} INFO - Sync 1 DAGs
[2024-03-14T04:39:36.805+0000] {logging_mixin.py:154} INFO - [2024-03-14T04:39:36.805+0000] {dag.py:3722} INFO - Setting next_dagrun for test_s3_bucket to 2024-03-13T04:39:36.804818+00:00, run_after=2024-03-14T04:39:36.804818+00:00
[2024-03-14T04:39:36.818+0000] {processor.py:179} INFO - Processing /opt/airflow/dags/simples3bucketpipeline.py took 0.075 seconds
[2024-03-14T04:40:07.155+0000] {processor.py:157} INFO - Started process (PID=12597) to work on /opt/airflow/dags/simples3bucketpipeline.py
[2024-03-14T04:40:07.156+0000] {processor.py:829} INFO - Processing file /opt/airflow/dags/simples3bucketpipeline.py for tasks to queue
[2024-03-14T04:40:07.158+0000] {logging_mixin.py:154} INFO - [2024-03-14T04:40:07.157+0000] {dagbag.py:536} INFO - Filling up the DagBag from /opt/airflow/dags/simples3bucketpipeline.py
[2024-03-14T04:40:07.170+0000] {processor.py:839} INFO - DAG(s) dict_keys(['test_s3_bucket']) retrieved from /opt/airflow/dags/simples3bucketpipeline.py
[2024-03-14T04:40:07.188+0000] {logging_mixin.py:154} INFO - [2024-03-14T04:40:07.188+0000] {dag.py:2941} INFO - Sync 1 DAGs
[2024-03-14T04:40:07.203+0000] {logging_mixin.py:154} INFO - [2024-03-14T04:40:07.203+0000] {dag.py:3722} INFO - Setting next_dagrun for test_s3_bucket to 2024-03-13T04:40:07.203556+00:00, run_after=2024-03-14T04:40:07.203556+00:00
[2024-03-14T04:40:07.216+0000] {processor.py:179} INFO - Processing /opt/airflow/dags/simples3bucketpipeline.py took 0.066 seconds
[2024-03-14T04:40:37.559+0000] {processor.py:157} INFO - Started process (PID=12619) to work on /opt/airflow/dags/simples3bucketpipeline.py
[2024-03-14T04:40:37.560+0000] {processor.py:829} INFO - Processing file /opt/airflow/dags/simples3bucketpipeline.py for tasks to queue
[2024-03-14T04:40:37.562+0000] {logging_mixin.py:154} INFO - [2024-03-14T04:40:37.561+0000] {dagbag.py:536} INFO - Filling up the DagBag from /opt/airflow/dags/simples3bucketpipeline.py
[2024-03-14T04:40:37.574+0000] {processor.py:839} INFO - DAG(s) dict_keys(['test_s3_bucket']) retrieved from /opt/airflow/dags/simples3bucketpipeline.py
[2024-03-14T04:40:37.592+0000] {logging_mixin.py:154} INFO - [2024-03-14T04:40:37.592+0000] {dag.py:2941} INFO - Sync 1 DAGs
[2024-03-14T04:40:37.609+0000] {logging_mixin.py:154} INFO - [2024-03-14T04:40:37.609+0000] {dag.py:3722} INFO - Setting next_dagrun for test_s3_bucket to 2024-03-13T04:40:37.609207+00:00, run_after=2024-03-14T04:40:37.609207+00:00
[2024-03-14T04:40:37.622+0000] {processor.py:179} INFO - Processing /opt/airflow/dags/simples3bucketpipeline.py took 0.068 seconds
[2024-03-14T04:41:07.938+0000] {processor.py:157} INFO - Started process (PID=12641) to work on /opt/airflow/dags/simples3bucketpipeline.py
[2024-03-14T04:41:07.940+0000] {processor.py:829} INFO - Processing file /opt/airflow/dags/simples3bucketpipeline.py for tasks to queue
[2024-03-14T04:41:07.941+0000] {logging_mixin.py:154} INFO - [2024-03-14T04:41:07.941+0000] {dagbag.py:536} INFO - Filling up the DagBag from /opt/airflow/dags/simples3bucketpipeline.py
[2024-03-14T04:41:07.954+0000] {processor.py:839} INFO - DAG(s) dict_keys(['test_s3_bucket']) retrieved from /opt/airflow/dags/simples3bucketpipeline.py
[2024-03-14T04:41:07.973+0000] {logging_mixin.py:154} INFO - [2024-03-14T04:41:07.973+0000] {dag.py:2941} INFO - Sync 1 DAGs
[2024-03-14T04:41:07.989+0000] {logging_mixin.py:154} INFO - [2024-03-14T04:41:07.989+0000] {dag.py:3722} INFO - Setting next_dagrun for test_s3_bucket to 2024-03-13T04:41:07.989574+00:00, run_after=2024-03-14T04:41:07.989574+00:00
[2024-03-14T04:41:08.002+0000] {processor.py:179} INFO - Processing /opt/airflow/dags/simples3bucketpipeline.py took 0.070 seconds
[2024-03-14T04:41:38.288+0000] {processor.py:157} INFO - Started process (PID=12662) to work on /opt/airflow/dags/simples3bucketpipeline.py
[2024-03-14T04:41:38.290+0000] {processor.py:829} INFO - Processing file /opt/airflow/dags/simples3bucketpipeline.py for tasks to queue
[2024-03-14T04:41:38.291+0000] {logging_mixin.py:154} INFO - [2024-03-14T04:41:38.291+0000] {dagbag.py:536} INFO - Filling up the DagBag from /opt/airflow/dags/simples3bucketpipeline.py
[2024-03-14T04:41:38.304+0000] {processor.py:839} INFO - DAG(s) dict_keys(['test_s3_bucket']) retrieved from /opt/airflow/dags/simples3bucketpipeline.py
[2024-03-14T04:41:38.322+0000] {logging_mixin.py:154} INFO - [2024-03-14T04:41:38.322+0000] {dag.py:2941} INFO - Sync 1 DAGs
[2024-03-14T04:41:38.338+0000] {logging_mixin.py:154} INFO - [2024-03-14T04:41:38.338+0000] {dag.py:3722} INFO - Setting next_dagrun for test_s3_bucket to 2024-03-13T04:41:38.337863+00:00, run_after=2024-03-14T04:41:38.337863+00:00
[2024-03-14T04:41:38.350+0000] {processor.py:179} INFO - Processing /opt/airflow/dags/simples3bucketpipeline.py took 0.068 seconds
[2024-03-14T04:42:08.608+0000] {processor.py:157} INFO - Started process (PID=12684) to work on /opt/airflow/dags/simples3bucketpipeline.py
[2024-03-14T04:42:08.611+0000] {processor.py:829} INFO - Processing file /opt/airflow/dags/simples3bucketpipeline.py for tasks to queue
[2024-03-14T04:42:08.613+0000] {logging_mixin.py:154} INFO - [2024-03-14T04:42:08.612+0000] {dagbag.py:536} INFO - Filling up the DagBag from /opt/airflow/dags/simples3bucketpipeline.py
[2024-03-14T04:42:08.628+0000] {processor.py:839} INFO - DAG(s) dict_keys(['test_s3_bucket']) retrieved from /opt/airflow/dags/simples3bucketpipeline.py
[2024-03-14T04:42:08.648+0000] {logging_mixin.py:154} INFO - [2024-03-14T04:42:08.648+0000] {dag.py:2941} INFO - Sync 1 DAGs
[2024-03-14T04:42:08.664+0000] {logging_mixin.py:154} INFO - [2024-03-14T04:42:08.664+0000] {dag.py:3722} INFO - Setting next_dagrun for test_s3_bucket to 2024-03-13T04:42:08.664637+00:00, run_after=2024-03-14T04:42:08.664637+00:00
[2024-03-14T04:42:08.678+0000] {processor.py:179} INFO - Processing /opt/airflow/dags/simples3bucketpipeline.py took 0.077 seconds
[2024-03-14T04:42:38.955+0000] {processor.py:157} INFO - Started process (PID=12706) to work on /opt/airflow/dags/simples3bucketpipeline.py
[2024-03-14T04:42:38.957+0000] {processor.py:829} INFO - Processing file /opt/airflow/dags/simples3bucketpipeline.py for tasks to queue
[2024-03-14T04:42:38.958+0000] {logging_mixin.py:154} INFO - [2024-03-14T04:42:38.958+0000] {dagbag.py:536} INFO - Filling up the DagBag from /opt/airflow/dags/simples3bucketpipeline.py
[2024-03-14T04:42:38.971+0000] {processor.py:839} INFO - DAG(s) dict_keys(['test_s3_bucket']) retrieved from /opt/airflow/dags/simples3bucketpipeline.py
[2024-03-14T04:42:38.990+0000] {logging_mixin.py:154} INFO - [2024-03-14T04:42:38.990+0000] {dag.py:2941} INFO - Sync 1 DAGs
[2024-03-14T04:42:39.006+0000] {logging_mixin.py:154} INFO - [2024-03-14T04:42:39.006+0000] {dag.py:3722} INFO - Setting next_dagrun for test_s3_bucket to 2024-03-13T04:42:39.006010+00:00, run_after=2024-03-14T04:42:39.006010+00:00
[2024-03-14T04:42:39.018+0000] {processor.py:179} INFO - Processing /opt/airflow/dags/simples3bucketpipeline.py took 0.068 seconds
[2024-03-14T04:43:09.298+0000] {processor.py:157} INFO - Started process (PID=12728) to work on /opt/airflow/dags/simples3bucketpipeline.py
[2024-03-14T04:43:09.300+0000] {processor.py:829} INFO - Processing file /opt/airflow/dags/simples3bucketpipeline.py for tasks to queue
[2024-03-14T04:43:09.301+0000] {logging_mixin.py:154} INFO - [2024-03-14T04:43:09.301+0000] {dagbag.py:536} INFO - Filling up the DagBag from /opt/airflow/dags/simples3bucketpipeline.py
[2024-03-14T04:43:09.314+0000] {processor.py:839} INFO - DAG(s) dict_keys(['test_s3_bucket']) retrieved from /opt/airflow/dags/simples3bucketpipeline.py
[2024-03-14T04:43:09.334+0000] {logging_mixin.py:154} INFO - [2024-03-14T04:43:09.334+0000] {dag.py:2941} INFO - Sync 1 DAGs
[2024-03-14T04:43:09.350+0000] {logging_mixin.py:154} INFO - [2024-03-14T04:43:09.349+0000] {dag.py:3722} INFO - Setting next_dagrun for test_s3_bucket to 2024-03-13T04:43:09.349734+00:00, run_after=2024-03-14T04:43:09.349734+00:00
[2024-03-14T04:43:09.363+0000] {processor.py:179} INFO - Processing /opt/airflow/dags/simples3bucketpipeline.py took 0.070 seconds
[2024-03-14T04:43:39.701+0000] {processor.py:157} INFO - Started process (PID=12750) to work on /opt/airflow/dags/simples3bucketpipeline.py
[2024-03-14T04:43:39.703+0000] {processor.py:829} INFO - Processing file /opt/airflow/dags/simples3bucketpipeline.py for tasks to queue
[2024-03-14T04:43:39.707+0000] {logging_mixin.py:154} INFO - [2024-03-14T04:43:39.706+0000] {dagbag.py:536} INFO - Filling up the DagBag from /opt/airflow/dags/simples3bucketpipeline.py
[2024-03-14T04:43:39.721+0000] {processor.py:839} INFO - DAG(s) dict_keys(['test_s3_bucket']) retrieved from /opt/airflow/dags/simples3bucketpipeline.py
[2024-03-14T04:43:39.741+0000] {logging_mixin.py:154} INFO - [2024-03-14T04:43:39.740+0000] {dag.py:2941} INFO - Sync 1 DAGs
[2024-03-14T04:43:39.757+0000] {logging_mixin.py:154} INFO - [2024-03-14T04:43:39.757+0000] {dag.py:3722} INFO - Setting next_dagrun for test_s3_bucket to 2024-03-13T04:43:39.756936+00:00, run_after=2024-03-14T04:43:39.756936+00:00
[2024-03-14T04:43:39.769+0000] {processor.py:179} INFO - Processing /opt/airflow/dags/simples3bucketpipeline.py took 0.072 seconds
[2024-03-14T04:44:10.082+0000] {processor.py:157} INFO - Started process (PID=12772) to work on /opt/airflow/dags/simples3bucketpipeline.py
[2024-03-14T04:44:10.084+0000] {processor.py:829} INFO - Processing file /opt/airflow/dags/simples3bucketpipeline.py for tasks to queue
[2024-03-14T04:44:10.085+0000] {logging_mixin.py:154} INFO - [2024-03-14T04:44:10.085+0000] {dagbag.py:536} INFO - Filling up the DagBag from /opt/airflow/dags/simples3bucketpipeline.py
[2024-03-14T04:44:10.097+0000] {processor.py:839} INFO - DAG(s) dict_keys(['test_s3_bucket']) retrieved from /opt/airflow/dags/simples3bucketpipeline.py
[2024-03-14T04:44:10.117+0000] {logging_mixin.py:154} INFO - [2024-03-14T04:44:10.116+0000] {dag.py:2941} INFO - Sync 1 DAGs
[2024-03-14T04:44:10.133+0000] {logging_mixin.py:154} INFO - [2024-03-14T04:44:10.132+0000] {dag.py:3722} INFO - Setting next_dagrun for test_s3_bucket to 2024-03-13T04:44:10.132714+00:00, run_after=2024-03-14T04:44:10.132714+00:00
[2024-03-14T04:44:10.145+0000] {processor.py:179} INFO - Processing /opt/airflow/dags/simples3bucketpipeline.py took 0.068 seconds
[2024-03-14T04:44:40.474+0000] {processor.py:157} INFO - Started process (PID=12794) to work on /opt/airflow/dags/simples3bucketpipeline.py
[2024-03-14T04:44:40.475+0000] {processor.py:829} INFO - Processing file /opt/airflow/dags/simples3bucketpipeline.py for tasks to queue
[2024-03-14T04:44:40.476+0000] {logging_mixin.py:154} INFO - [2024-03-14T04:44:40.476+0000] {dagbag.py:536} INFO - Filling up the DagBag from /opt/airflow/dags/simples3bucketpipeline.py
[2024-03-14T04:44:40.486+0000] {processor.py:839} INFO - DAG(s) dict_keys(['test_s3_bucket']) retrieved from /opt/airflow/dags/simples3bucketpipeline.py
[2024-03-14T04:44:40.506+0000] {logging_mixin.py:154} INFO - [2024-03-14T04:44:40.505+0000] {dag.py:2941} INFO - Sync 1 DAGs
[2024-03-14T04:44:40.522+0000] {logging_mixin.py:154} INFO - [2024-03-14T04:44:40.522+0000] {dag.py:3722} INFO - Setting next_dagrun for test_s3_bucket to 2024-03-13T04:44:40.522230+00:00, run_after=2024-03-14T04:44:40.522230+00:00
[2024-03-14T04:44:40.535+0000] {processor.py:179} INFO - Processing /opt/airflow/dags/simples3bucketpipeline.py took 0.065 seconds
[2024-03-14T04:45:10.828+0000] {processor.py:157} INFO - Started process (PID=12816) to work on /opt/airflow/dags/simples3bucketpipeline.py
[2024-03-14T04:45:10.830+0000] {processor.py:829} INFO - Processing file /opt/airflow/dags/simples3bucketpipeline.py for tasks to queue
[2024-03-14T04:45:10.831+0000] {logging_mixin.py:154} INFO - [2024-03-14T04:45:10.831+0000] {dagbag.py:536} INFO - Filling up the DagBag from /opt/airflow/dags/simples3bucketpipeline.py
[2024-03-14T04:45:10.844+0000] {processor.py:839} INFO - DAG(s) dict_keys(['test_s3_bucket']) retrieved from /opt/airflow/dags/simples3bucketpipeline.py
[2024-03-14T04:45:10.863+0000] {logging_mixin.py:154} INFO - [2024-03-14T04:45:10.863+0000] {dag.py:2941} INFO - Sync 1 DAGs
[2024-03-14T04:45:10.879+0000] {logging_mixin.py:154} INFO - [2024-03-14T04:45:10.879+0000] {dag.py:3722} INFO - Setting next_dagrun for test_s3_bucket to 2024-03-13T04:45:10.878868+00:00, run_after=2024-03-14T04:45:10.878868+00:00
[2024-03-14T04:45:10.891+0000] {processor.py:179} INFO - Processing /opt/airflow/dags/simples3bucketpipeline.py took 0.068 seconds
[2024-03-14T04:45:41.177+0000] {processor.py:157} INFO - Started process (PID=12838) to work on /opt/airflow/dags/simples3bucketpipeline.py
[2024-03-14T04:45:41.179+0000] {processor.py:829} INFO - Processing file /opt/airflow/dags/simples3bucketpipeline.py for tasks to queue
[2024-03-14T04:45:41.180+0000] {logging_mixin.py:154} INFO - [2024-03-14T04:45:41.180+0000] {dagbag.py:536} INFO - Filling up the DagBag from /opt/airflow/dags/simples3bucketpipeline.py
[2024-03-14T04:45:41.195+0000] {processor.py:839} INFO - DAG(s) dict_keys(['test_s3_bucket']) retrieved from /opt/airflow/dags/simples3bucketpipeline.py
[2024-03-14T04:45:41.218+0000] {logging_mixin.py:154} INFO - [2024-03-14T04:45:41.218+0000] {dag.py:2941} INFO - Sync 1 DAGs
[2024-03-14T04:45:41.237+0000] {logging_mixin.py:154} INFO - [2024-03-14T04:45:41.237+0000] {dag.py:3722} INFO - Setting next_dagrun for test_s3_bucket to 2024-03-13T04:45:41.236877+00:00, run_after=2024-03-14T04:45:41.236877+00:00
[2024-03-14T04:45:41.251+0000] {processor.py:179} INFO - Processing /opt/airflow/dags/simples3bucketpipeline.py took 0.080 seconds
[2024-03-14T04:46:11.822+0000] {processor.py:157} INFO - Started process (PID=12860) to work on /opt/airflow/dags/simples3bucketpipeline.py
[2024-03-14T04:46:11.825+0000] {processor.py:829} INFO - Processing file /opt/airflow/dags/simples3bucketpipeline.py for tasks to queue
[2024-03-14T04:46:11.827+0000] {logging_mixin.py:154} INFO - [2024-03-14T04:46:11.826+0000] {dagbag.py:536} INFO - Filling up the DagBag from /opt/airflow/dags/simples3bucketpipeline.py
[2024-03-14T04:46:11.842+0000] {processor.py:839} INFO - DAG(s) dict_keys(['test_s3_bucket']) retrieved from /opt/airflow/dags/simples3bucketpipeline.py
[2024-03-14T04:46:11.877+0000] {logging_mixin.py:154} INFO - [2024-03-14T04:46:11.876+0000] {dag.py:2941} INFO - Sync 1 DAGs
[2024-03-14T04:46:11.913+0000] {logging_mixin.py:154} INFO - [2024-03-14T04:46:11.913+0000] {dag.py:3722} INFO - Setting next_dagrun for test_s3_bucket to 2024-03-13T04:46:11.912892+00:00, run_after=2024-03-14T04:46:11.912892+00:00
[2024-03-14T04:46:11.939+0000] {processor.py:179} INFO - Processing /opt/airflow/dags/simples3bucketpipeline.py took 0.122 seconds
[2024-03-14T04:46:42.253+0000] {processor.py:157} INFO - Started process (PID=12882) to work on /opt/airflow/dags/simples3bucketpipeline.py
[2024-03-14T04:46:42.254+0000] {processor.py:829} INFO - Processing file /opt/airflow/dags/simples3bucketpipeline.py for tasks to queue
[2024-03-14T04:46:42.256+0000] {logging_mixin.py:154} INFO - [2024-03-14T04:46:42.255+0000] {dagbag.py:536} INFO - Filling up the DagBag from /opt/airflow/dags/simples3bucketpipeline.py
[2024-03-14T04:46:42.268+0000] {processor.py:839} INFO - DAG(s) dict_keys(['test_s3_bucket']) retrieved from /opt/airflow/dags/simples3bucketpipeline.py
[2024-03-14T04:46:42.286+0000] {logging_mixin.py:154} INFO - [2024-03-14T04:46:42.286+0000] {dag.py:2941} INFO - Sync 1 DAGs
[2024-03-14T04:46:42.304+0000] {logging_mixin.py:154} INFO - [2024-03-14T04:46:42.303+0000] {dag.py:3722} INFO - Setting next_dagrun for test_s3_bucket to 2024-03-13T04:46:42.303791+00:00, run_after=2024-03-14T04:46:42.303791+00:00
[2024-03-14T04:46:42.316+0000] {processor.py:179} INFO - Processing /opt/airflow/dags/simples3bucketpipeline.py took 0.068 seconds
[2024-03-14T04:47:12.645+0000] {processor.py:157} INFO - Started process (PID=12904) to work on /opt/airflow/dags/simples3bucketpipeline.py
[2024-03-14T04:47:12.647+0000] {processor.py:829} INFO - Processing file /opt/airflow/dags/simples3bucketpipeline.py for tasks to queue
[2024-03-14T04:47:12.648+0000] {logging_mixin.py:154} INFO - [2024-03-14T04:47:12.647+0000] {dagbag.py:536} INFO - Filling up the DagBag from /opt/airflow/dags/simples3bucketpipeline.py
[2024-03-14T04:47:12.660+0000] {processor.py:839} INFO - DAG(s) dict_keys(['test_s3_bucket']) retrieved from /opt/airflow/dags/simples3bucketpipeline.py
[2024-03-14T04:47:12.678+0000] {logging_mixin.py:154} INFO - [2024-03-14T04:47:12.678+0000] {dag.py:2941} INFO - Sync 1 DAGs
[2024-03-14T04:47:12.696+0000] {logging_mixin.py:154} INFO - [2024-03-14T04:47:12.696+0000] {dag.py:3722} INFO - Setting next_dagrun for test_s3_bucket to 2024-03-13T04:47:12.696167+00:00, run_after=2024-03-14T04:47:12.696167+00:00
[2024-03-14T04:47:12.710+0000] {processor.py:179} INFO - Processing /opt/airflow/dags/simples3bucketpipeline.py took 0.069 seconds
[2024-03-14T04:47:43.045+0000] {processor.py:157} INFO - Started process (PID=12926) to work on /opt/airflow/dags/simples3bucketpipeline.py
[2024-03-14T04:47:43.046+0000] {processor.py:829} INFO - Processing file /opt/airflow/dags/simples3bucketpipeline.py for tasks to queue
[2024-03-14T04:47:43.047+0000] {logging_mixin.py:154} INFO - [2024-03-14T04:47:43.047+0000] {dagbag.py:536} INFO - Filling up the DagBag from /opt/airflow/dags/simples3bucketpipeline.py
[2024-03-14T04:47:43.058+0000] {processor.py:839} INFO - DAG(s) dict_keys(['test_s3_bucket']) retrieved from /opt/airflow/dags/simples3bucketpipeline.py
[2024-03-14T04:47:43.076+0000] {logging_mixin.py:154} INFO - [2024-03-14T04:47:43.075+0000] {dag.py:2941} INFO - Sync 1 DAGs
[2024-03-14T04:47:43.091+0000] {logging_mixin.py:154} INFO - [2024-03-14T04:47:43.091+0000] {dag.py:3722} INFO - Setting next_dagrun for test_s3_bucket to 2024-03-13T04:47:43.090921+00:00, run_after=2024-03-14T04:47:43.090921+00:00
[2024-03-14T04:47:43.103+0000] {processor.py:179} INFO - Processing /opt/airflow/dags/simples3bucketpipeline.py took 0.062 seconds
[2024-03-14T04:48:13.402+0000] {processor.py:157} INFO - Started process (PID=12948) to work on /opt/airflow/dags/simples3bucketpipeline.py
[2024-03-14T04:48:13.404+0000] {processor.py:829} INFO - Processing file /opt/airflow/dags/simples3bucketpipeline.py for tasks to queue
[2024-03-14T04:48:13.405+0000] {logging_mixin.py:154} INFO - [2024-03-14T04:48:13.404+0000] {dagbag.py:536} INFO - Filling up the DagBag from /opt/airflow/dags/simples3bucketpipeline.py
[2024-03-14T04:48:13.416+0000] {processor.py:839} INFO - DAG(s) dict_keys(['test_s3_bucket']) retrieved from /opt/airflow/dags/simples3bucketpipeline.py
[2024-03-14T04:48:13.438+0000] {logging_mixin.py:154} INFO - [2024-03-14T04:48:13.438+0000] {dag.py:2941} INFO - Sync 1 DAGs
[2024-03-14T04:48:13.456+0000] {logging_mixin.py:154} INFO - [2024-03-14T04:48:13.456+0000] {dag.py:3722} INFO - Setting next_dagrun for test_s3_bucket to 2024-03-13T04:48:13.455977+00:00, run_after=2024-03-14T04:48:13.455977+00:00
[2024-03-14T04:48:13.473+0000] {processor.py:179} INFO - Processing /opt/airflow/dags/simples3bucketpipeline.py took 0.075 seconds
[2024-03-14T04:48:43.845+0000] {processor.py:157} INFO - Started process (PID=12970) to work on /opt/airflow/dags/simples3bucketpipeline.py
[2024-03-14T04:48:43.847+0000] {processor.py:829} INFO - Processing file /opt/airflow/dags/simples3bucketpipeline.py for tasks to queue
[2024-03-14T04:48:43.848+0000] {logging_mixin.py:154} INFO - [2024-03-14T04:48:43.848+0000] {dagbag.py:536} INFO - Filling up the DagBag from /opt/airflow/dags/simples3bucketpipeline.py
[2024-03-14T04:48:43.866+0000] {processor.py:839} INFO - DAG(s) dict_keys(['test_s3_bucket']) retrieved from /opt/airflow/dags/simples3bucketpipeline.py
[2024-03-14T04:48:43.893+0000] {logging_mixin.py:154} INFO - [2024-03-14T04:48:43.893+0000] {dag.py:2941} INFO - Sync 1 DAGs
[2024-03-14T04:48:43.917+0000] {logging_mixin.py:154} INFO - [2024-03-14T04:48:43.917+0000] {dag.py:3722} INFO - Setting next_dagrun for test_s3_bucket to 2024-03-13T04:48:43.917275+00:00, run_after=2024-03-14T04:48:43.917275+00:00
[2024-03-14T04:48:43.942+0000] {processor.py:179} INFO - Processing /opt/airflow/dags/simples3bucketpipeline.py took 0.101 seconds
[2024-03-14T04:49:14.270+0000] {processor.py:157} INFO - Started process (PID=12992) to work on /opt/airflow/dags/simples3bucketpipeline.py
[2024-03-14T04:49:14.275+0000] {processor.py:829} INFO - Processing file /opt/airflow/dags/simples3bucketpipeline.py for tasks to queue
[2024-03-14T04:49:14.276+0000] {logging_mixin.py:154} INFO - [2024-03-14T04:49:14.276+0000] {dagbag.py:536} INFO - Filling up the DagBag from /opt/airflow/dags/simples3bucketpipeline.py
[2024-03-14T04:49:14.289+0000] {processor.py:839} INFO - DAG(s) dict_keys(['test_s3_bucket']) retrieved from /opt/airflow/dags/simples3bucketpipeline.py
[2024-03-14T04:49:14.310+0000] {logging_mixin.py:154} INFO - [2024-03-14T04:49:14.310+0000] {dag.py:2941} INFO - Sync 1 DAGs
[2024-03-14T04:49:14.327+0000] {logging_mixin.py:154} INFO - [2024-03-14T04:49:14.326+0000] {dag.py:3722} INFO - Setting next_dagrun for test_s3_bucket to 2024-03-13T04:49:14.326808+00:00, run_after=2024-03-14T04:49:14.326808+00:00
[2024-03-14T04:49:14.339+0000] {processor.py:179} INFO - Processing /opt/airflow/dags/simples3bucketpipeline.py took 0.074 seconds
[2024-03-14T04:49:44.650+0000] {processor.py:157} INFO - Started process (PID=13014) to work on /opt/airflow/dags/simples3bucketpipeline.py
[2024-03-14T04:49:44.652+0000] {processor.py:829} INFO - Processing file /opt/airflow/dags/simples3bucketpipeline.py for tasks to queue
[2024-03-14T04:49:44.653+0000] {logging_mixin.py:154} INFO - [2024-03-14T04:49:44.653+0000] {dagbag.py:536} INFO - Filling up the DagBag from /opt/airflow/dags/simples3bucketpipeline.py
[2024-03-14T04:49:44.666+0000] {processor.py:839} INFO - DAG(s) dict_keys(['test_s3_bucket']) retrieved from /opt/airflow/dags/simples3bucketpipeline.py
[2024-03-14T04:49:44.684+0000] {logging_mixin.py:154} INFO - [2024-03-14T04:49:44.684+0000] {dag.py:2941} INFO - Sync 1 DAGs
[2024-03-14T04:49:44.701+0000] {logging_mixin.py:154} INFO - [2024-03-14T04:49:44.701+0000] {dag.py:3722} INFO - Setting next_dagrun for test_s3_bucket to 2024-03-13T04:49:44.701407+00:00, run_after=2024-03-14T04:49:44.701407+00:00
[2024-03-14T04:49:44.715+0000] {processor.py:179} INFO - Processing /opt/airflow/dags/simples3bucketpipeline.py took 0.071 seconds
[2024-03-14T04:50:14.991+0000] {processor.py:157} INFO - Started process (PID=13036) to work on /opt/airflow/dags/simples3bucketpipeline.py
[2024-03-14T04:50:14.992+0000] {processor.py:829} INFO - Processing file /opt/airflow/dags/simples3bucketpipeline.py for tasks to queue
[2024-03-14T04:50:14.993+0000] {logging_mixin.py:154} INFO - [2024-03-14T04:50:14.993+0000] {dagbag.py:536} INFO - Filling up the DagBag from /opt/airflow/dags/simples3bucketpipeline.py
[2024-03-14T04:50:15.003+0000] {processor.py:839} INFO - DAG(s) dict_keys(['test_s3_bucket']) retrieved from /opt/airflow/dags/simples3bucketpipeline.py
[2024-03-14T04:50:15.020+0000] {logging_mixin.py:154} INFO - [2024-03-14T04:50:15.020+0000] {dag.py:2941} INFO - Sync 1 DAGs
[2024-03-14T04:50:15.036+0000] {logging_mixin.py:154} INFO - [2024-03-14T04:50:15.035+0000] {dag.py:3722} INFO - Setting next_dagrun for test_s3_bucket to 2024-03-13T04:50:15.035830+00:00, run_after=2024-03-14T04:50:15.035830+00:00
[2024-03-14T04:50:15.051+0000] {processor.py:179} INFO - Processing /opt/airflow/dags/simples3bucketpipeline.py took 0.064 seconds
[2024-03-14T04:50:45.355+0000] {processor.py:157} INFO - Started process (PID=13058) to work on /opt/airflow/dags/simples3bucketpipeline.py
[2024-03-14T04:50:45.356+0000] {processor.py:829} INFO - Processing file /opt/airflow/dags/simples3bucketpipeline.py for tasks to queue
[2024-03-14T04:50:45.357+0000] {logging_mixin.py:154} INFO - [2024-03-14T04:50:45.357+0000] {dagbag.py:536} INFO - Filling up the DagBag from /opt/airflow/dags/simples3bucketpipeline.py
[2024-03-14T04:50:45.365+0000] {processor.py:839} INFO - DAG(s) dict_keys(['test_s3_bucket']) retrieved from /opt/airflow/dags/simples3bucketpipeline.py
[2024-03-14T04:50:45.380+0000] {logging_mixin.py:154} INFO - [2024-03-14T04:50:45.380+0000] {dag.py:2941} INFO - Sync 1 DAGs
[2024-03-14T04:50:45.396+0000] {logging_mixin.py:154} INFO - [2024-03-14T04:50:45.396+0000] {dag.py:3722} INFO - Setting next_dagrun for test_s3_bucket to 2024-03-13T04:50:45.396241+00:00, run_after=2024-03-14T04:50:45.396241+00:00
[2024-03-14T04:50:45.408+0000] {processor.py:179} INFO - Processing /opt/airflow/dags/simples3bucketpipeline.py took 0.055 seconds
[2024-03-14T04:51:15.703+0000] {processor.py:157} INFO - Started process (PID=13080) to work on /opt/airflow/dags/simples3bucketpipeline.py
[2024-03-14T04:51:15.706+0000] {processor.py:829} INFO - Processing file /opt/airflow/dags/simples3bucketpipeline.py for tasks to queue
[2024-03-14T04:51:15.707+0000] {logging_mixin.py:154} INFO - [2024-03-14T04:51:15.707+0000] {dagbag.py:536} INFO - Filling up the DagBag from /opt/airflow/dags/simples3bucketpipeline.py
[2024-03-14T04:51:15.719+0000] {processor.py:839} INFO - DAG(s) dict_keys(['test_s3_bucket']) retrieved from /opt/airflow/dags/simples3bucketpipeline.py
[2024-03-14T04:51:15.739+0000] {logging_mixin.py:154} INFO - [2024-03-14T04:51:15.739+0000] {dag.py:2941} INFO - Sync 1 DAGs
[2024-03-14T04:51:15.757+0000] {logging_mixin.py:154} INFO - [2024-03-14T04:51:15.757+0000] {dag.py:3722} INFO - Setting next_dagrun for test_s3_bucket to 2024-03-13T04:51:15.757203+00:00, run_after=2024-03-14T04:51:15.757203+00:00
[2024-03-14T04:51:15.771+0000] {processor.py:179} INFO - Processing /opt/airflow/dags/simples3bucketpipeline.py took 0.074 seconds
[2024-03-14T04:51:46.106+0000] {processor.py:157} INFO - Started process (PID=13102) to work on /opt/airflow/dags/simples3bucketpipeline.py
[2024-03-14T04:51:46.107+0000] {processor.py:829} INFO - Processing file /opt/airflow/dags/simples3bucketpipeline.py for tasks to queue
[2024-03-14T04:51:46.109+0000] {logging_mixin.py:154} INFO - [2024-03-14T04:51:46.108+0000] {dagbag.py:536} INFO - Filling up the DagBag from /opt/airflow/dags/simples3bucketpipeline.py
[2024-03-14T04:51:46.126+0000] {processor.py:839} INFO - DAG(s) dict_keys(['test_s3_bucket']) retrieved from /opt/airflow/dags/simples3bucketpipeline.py
[2024-03-14T04:51:46.147+0000] {logging_mixin.py:154} INFO - [2024-03-14T04:51:46.147+0000] {dag.py:2941} INFO - Sync 1 DAGs
[2024-03-14T04:51:46.166+0000] {logging_mixin.py:154} INFO - [2024-03-14T04:51:46.166+0000] {dag.py:3722} INFO - Setting next_dagrun for test_s3_bucket to 2024-03-13T04:51:46.166087+00:00, run_after=2024-03-14T04:51:46.166087+00:00
[2024-03-14T04:51:46.179+0000] {processor.py:179} INFO - Processing /opt/airflow/dags/simples3bucketpipeline.py took 0.079 seconds
[2024-03-14T04:52:16.488+0000] {processor.py:157} INFO - Started process (PID=13123) to work on /opt/airflow/dags/simples3bucketpipeline.py
[2024-03-14T04:52:16.490+0000] {processor.py:829} INFO - Processing file /opt/airflow/dags/simples3bucketpipeline.py for tasks to queue
[2024-03-14T04:52:16.491+0000] {logging_mixin.py:154} INFO - [2024-03-14T04:52:16.491+0000] {dagbag.py:536} INFO - Filling up the DagBag from /opt/airflow/dags/simples3bucketpipeline.py
[2024-03-14T04:52:16.504+0000] {processor.py:839} INFO - DAG(s) dict_keys(['test_s3_bucket']) retrieved from /opt/airflow/dags/simples3bucketpipeline.py
[2024-03-14T04:52:16.524+0000] {logging_mixin.py:154} INFO - [2024-03-14T04:52:16.524+0000] {dag.py:2941} INFO - Sync 1 DAGs
[2024-03-14T04:52:16.540+0000] {logging_mixin.py:154} INFO - [2024-03-14T04:52:16.540+0000] {dag.py:3722} INFO - Setting next_dagrun for test_s3_bucket to 2024-03-13T04:52:16.540108+00:00, run_after=2024-03-14T04:52:16.540108+00:00
[2024-03-14T04:52:16.552+0000] {processor.py:179} INFO - Processing /opt/airflow/dags/simples3bucketpipeline.py took 0.070 seconds
[2024-03-14T04:52:46.868+0000] {processor.py:157} INFO - Started process (PID=13145) to work on /opt/airflow/dags/simples3bucketpipeline.py
[2024-03-14T04:52:46.870+0000] {processor.py:829} INFO - Processing file /opt/airflow/dags/simples3bucketpipeline.py for tasks to queue
[2024-03-14T04:52:46.872+0000] {logging_mixin.py:154} INFO - [2024-03-14T04:52:46.872+0000] {dagbag.py:536} INFO - Filling up the DagBag from /opt/airflow/dags/simples3bucketpipeline.py
[2024-03-14T04:52:46.886+0000] {processor.py:839} INFO - DAG(s) dict_keys(['test_s3_bucket']) retrieved from /opt/airflow/dags/simples3bucketpipeline.py
[2024-03-14T04:52:46.907+0000] {logging_mixin.py:154} INFO - [2024-03-14T04:52:46.907+0000] {dag.py:2941} INFO - Sync 1 DAGs
[2024-03-14T04:52:46.924+0000] {logging_mixin.py:154} INFO - [2024-03-14T04:52:46.924+0000] {dag.py:3722} INFO - Setting next_dagrun for test_s3_bucket to 2024-03-13T04:52:46.924170+00:00, run_after=2024-03-14T04:52:46.924170+00:00
[2024-03-14T04:52:46.938+0000] {processor.py:179} INFO - Processing /opt/airflow/dags/simples3bucketpipeline.py took 0.077 seconds
[2024-03-14T04:53:17.320+0000] {processor.py:157} INFO - Started process (PID=13167) to work on /opt/airflow/dags/simples3bucketpipeline.py
[2024-03-14T04:53:17.322+0000] {processor.py:829} INFO - Processing file /opt/airflow/dags/simples3bucketpipeline.py for tasks to queue
[2024-03-14T04:53:17.324+0000] {logging_mixin.py:154} INFO - [2024-03-14T04:53:17.323+0000] {dagbag.py:536} INFO - Filling up the DagBag from /opt/airflow/dags/simples3bucketpipeline.py
[2024-03-14T04:53:17.343+0000] {processor.py:839} INFO - DAG(s) dict_keys(['test_s3_bucket']) retrieved from /opt/airflow/dags/simples3bucketpipeline.py
[2024-03-14T04:53:17.368+0000] {logging_mixin.py:154} INFO - [2024-03-14T04:53:17.368+0000] {dag.py:2941} INFO - Sync 1 DAGs
[2024-03-14T04:53:17.391+0000] {logging_mixin.py:154} INFO - [2024-03-14T04:53:17.390+0000] {dag.py:3722} INFO - Setting next_dagrun for test_s3_bucket to 2024-03-13T04:53:17.390726+00:00, run_after=2024-03-14T04:53:17.390726+00:00
[2024-03-14T04:53:17.406+0000] {processor.py:179} INFO - Processing /opt/airflow/dags/simples3bucketpipeline.py took 0.095 seconds
[2024-03-14T04:53:47.786+0000] {processor.py:157} INFO - Started process (PID=13189) to work on /opt/airflow/dags/simples3bucketpipeline.py
[2024-03-14T04:53:47.787+0000] {processor.py:829} INFO - Processing file /opt/airflow/dags/simples3bucketpipeline.py for tasks to queue
[2024-03-14T04:53:47.789+0000] {logging_mixin.py:154} INFO - [2024-03-14T04:53:47.788+0000] {dagbag.py:536} INFO - Filling up the DagBag from /opt/airflow/dags/simples3bucketpipeline.py
[2024-03-14T04:53:47.803+0000] {processor.py:839} INFO - DAG(s) dict_keys(['test_s3_bucket']) retrieved from /opt/airflow/dags/simples3bucketpipeline.py
[2024-03-14T04:53:47.823+0000] {logging_mixin.py:154} INFO - [2024-03-14T04:53:47.823+0000] {dag.py:2941} INFO - Sync 1 DAGs
[2024-03-14T04:53:47.840+0000] {logging_mixin.py:154} INFO - [2024-03-14T04:53:47.840+0000] {dag.py:3722} INFO - Setting next_dagrun for test_s3_bucket to 2024-03-13T04:53:47.840257+00:00, run_after=2024-03-14T04:53:47.840257+00:00
[2024-03-14T04:53:47.854+0000] {processor.py:179} INFO - Processing /opt/airflow/dags/simples3bucketpipeline.py took 0.075 seconds
[2024-03-14T04:54:18.202+0000] {processor.py:157} INFO - Started process (PID=13211) to work on /opt/airflow/dags/simples3bucketpipeline.py
[2024-03-14T04:54:18.203+0000] {processor.py:829} INFO - Processing file /opt/airflow/dags/simples3bucketpipeline.py for tasks to queue
[2024-03-14T04:54:18.205+0000] {logging_mixin.py:154} INFO - [2024-03-14T04:54:18.204+0000] {dagbag.py:536} INFO - Filling up the DagBag from /opt/airflow/dags/simples3bucketpipeline.py
[2024-03-14T04:54:18.218+0000] {processor.py:839} INFO - DAG(s) dict_keys(['test_s3_bucket']) retrieved from /opt/airflow/dags/simples3bucketpipeline.py
[2024-03-14T04:54:18.237+0000] {logging_mixin.py:154} INFO - [2024-03-14T04:54:18.237+0000] {dag.py:2941} INFO - Sync 1 DAGs
[2024-03-14T04:54:18.254+0000] {logging_mixin.py:154} INFO - [2024-03-14T04:54:18.254+0000] {dag.py:3722} INFO - Setting next_dagrun for test_s3_bucket to 2024-03-13T04:54:18.254082+00:00, run_after=2024-03-14T04:54:18.254082+00:00
[2024-03-14T04:54:18.267+0000] {processor.py:179} INFO - Processing /opt/airflow/dags/simples3bucketpipeline.py took 0.070 seconds
[2024-03-14T04:54:48.655+0000] {processor.py:157} INFO - Started process (PID=13233) to work on /opt/airflow/dags/simples3bucketpipeline.py
[2024-03-14T04:54:48.656+0000] {processor.py:829} INFO - Processing file /opt/airflow/dags/simples3bucketpipeline.py for tasks to queue
[2024-03-14T04:54:48.658+0000] {logging_mixin.py:154} INFO - [2024-03-14T04:54:48.657+0000] {dagbag.py:536} INFO - Filling up the DagBag from /opt/airflow/dags/simples3bucketpipeline.py
[2024-03-14T04:54:48.673+0000] {processor.py:839} INFO - DAG(s) dict_keys(['test_s3_bucket']) retrieved from /opt/airflow/dags/simples3bucketpipeline.py
[2024-03-14T04:54:48.693+0000] {logging_mixin.py:154} INFO - [2024-03-14T04:54:48.693+0000] {dag.py:2941} INFO - Sync 1 DAGs
[2024-03-14T04:54:48.711+0000] {logging_mixin.py:154} INFO - [2024-03-14T04:54:48.711+0000] {dag.py:3722} INFO - Setting next_dagrun for test_s3_bucket to 2024-03-13T04:54:48.711127+00:00, run_after=2024-03-14T04:54:48.711127+00:00
[2024-03-14T04:54:48.725+0000] {processor.py:179} INFO - Processing /opt/airflow/dags/simples3bucketpipeline.py took 0.077 seconds
[2024-03-14T04:55:19.062+0000] {processor.py:157} INFO - Started process (PID=13255) to work on /opt/airflow/dags/simples3bucketpipeline.py
[2024-03-14T04:55:19.064+0000] {processor.py:829} INFO - Processing file /opt/airflow/dags/simples3bucketpipeline.py for tasks to queue
[2024-03-14T04:55:19.065+0000] {logging_mixin.py:154} INFO - [2024-03-14T04:55:19.065+0000] {dagbag.py:536} INFO - Filling up the DagBag from /opt/airflow/dags/simples3bucketpipeline.py
[2024-03-14T04:55:19.079+0000] {processor.py:839} INFO - DAG(s) dict_keys(['test_s3_bucket']) retrieved from /opt/airflow/dags/simples3bucketpipeline.py
[2024-03-14T04:55:19.100+0000] {logging_mixin.py:154} INFO - [2024-03-14T04:55:19.100+0000] {dag.py:2941} INFO - Sync 1 DAGs
[2024-03-14T04:55:19.117+0000] {logging_mixin.py:154} INFO - [2024-03-14T04:55:19.116+0000] {dag.py:3722} INFO - Setting next_dagrun for test_s3_bucket to 2024-03-13T04:55:19.116752+00:00, run_after=2024-03-14T04:55:19.116752+00:00
[2024-03-14T04:55:19.131+0000] {processor.py:179} INFO - Processing /opt/airflow/dags/simples3bucketpipeline.py took 0.075 seconds
[2024-03-14T04:55:49.417+0000] {processor.py:157} INFO - Started process (PID=13277) to work on /opt/airflow/dags/simples3bucketpipeline.py
[2024-03-14T04:55:49.419+0000] {processor.py:829} INFO - Processing file /opt/airflow/dags/simples3bucketpipeline.py for tasks to queue
[2024-03-14T04:55:49.420+0000] {logging_mixin.py:154} INFO - [2024-03-14T04:55:49.420+0000] {dagbag.py:536} INFO - Filling up the DagBag from /opt/airflow/dags/simples3bucketpipeline.py
[2024-03-14T04:55:49.435+0000] {processor.py:839} INFO - DAG(s) dict_keys(['test_s3_bucket']) retrieved from /opt/airflow/dags/simples3bucketpipeline.py
[2024-03-14T04:55:49.457+0000] {logging_mixin.py:154} INFO - [2024-03-14T04:55:49.457+0000] {dag.py:2941} INFO - Sync 1 DAGs
[2024-03-14T04:55:49.478+0000] {logging_mixin.py:154} INFO - [2024-03-14T04:55:49.478+0000] {dag.py:3722} INFO - Setting next_dagrun for test_s3_bucket to 2024-03-13T04:55:49.478220+00:00, run_after=2024-03-14T04:55:49.478220+00:00
[2024-03-14T04:55:49.493+0000] {processor.py:179} INFO - Processing /opt/airflow/dags/simples3bucketpipeline.py took 0.081 seconds
[2024-03-14T04:56:19.768+0000] {processor.py:157} INFO - Started process (PID=13299) to work on /opt/airflow/dags/simples3bucketpipeline.py
[2024-03-14T04:56:19.770+0000] {processor.py:829} INFO - Processing file /opt/airflow/dags/simples3bucketpipeline.py for tasks to queue
[2024-03-14T04:56:19.771+0000] {logging_mixin.py:154} INFO - [2024-03-14T04:56:19.771+0000] {dagbag.py:536} INFO - Filling up the DagBag from /opt/airflow/dags/simples3bucketpipeline.py
[2024-03-14T04:56:19.783+0000] {processor.py:839} INFO - DAG(s) dict_keys(['test_s3_bucket']) retrieved from /opt/airflow/dags/simples3bucketpipeline.py
[2024-03-14T04:56:19.802+0000] {logging_mixin.py:154} INFO - [2024-03-14T04:56:19.802+0000] {dag.py:2941} INFO - Sync 1 DAGs
[2024-03-14T04:56:19.818+0000] {logging_mixin.py:154} INFO - [2024-03-14T04:56:19.818+0000] {dag.py:3722} INFO - Setting next_dagrun for test_s3_bucket to 2024-03-13T04:56:19.818565+00:00, run_after=2024-03-14T04:56:19.818565+00:00
[2024-03-14T04:56:19.832+0000] {processor.py:179} INFO - Processing /opt/airflow/dags/simples3bucketpipeline.py took 0.068 seconds
[2024-03-14T04:56:50.191+0000] {processor.py:157} INFO - Started process (PID=13321) to work on /opt/airflow/dags/simples3bucketpipeline.py
[2024-03-14T04:56:50.192+0000] {processor.py:829} INFO - Processing file /opt/airflow/dags/simples3bucketpipeline.py for tasks to queue
[2024-03-14T04:56:50.194+0000] {logging_mixin.py:154} INFO - [2024-03-14T04:56:50.194+0000] {dagbag.py:536} INFO - Filling up the DagBag from /opt/airflow/dags/simples3bucketpipeline.py
[2024-03-14T04:56:50.206+0000] {processor.py:839} INFO - DAG(s) dict_keys(['test_s3_bucket']) retrieved from /opt/airflow/dags/simples3bucketpipeline.py
[2024-03-14T04:56:50.226+0000] {logging_mixin.py:154} INFO - [2024-03-14T04:56:50.226+0000] {dag.py:2941} INFO - Sync 1 DAGs
[2024-03-14T04:56:50.241+0000] {logging_mixin.py:154} INFO - [2024-03-14T04:56:50.241+0000] {dag.py:3722} INFO - Setting next_dagrun for test_s3_bucket to 2024-03-13T04:56:50.241178+00:00, run_after=2024-03-14T04:56:50.241178+00:00
[2024-03-14T04:56:50.253+0000] {processor.py:179} INFO - Processing /opt/airflow/dags/simples3bucketpipeline.py took 0.068 seconds
[2024-03-14T04:57:20.563+0000] {processor.py:157} INFO - Started process (PID=13343) to work on /opt/airflow/dags/simples3bucketpipeline.py
[2024-03-14T04:57:20.565+0000] {processor.py:829} INFO - Processing file /opt/airflow/dags/simples3bucketpipeline.py for tasks to queue
[2024-03-14T04:57:20.566+0000] {logging_mixin.py:154} INFO - [2024-03-14T04:57:20.566+0000] {dagbag.py:536} INFO - Filling up the DagBag from /opt/airflow/dags/simples3bucketpipeline.py
[2024-03-14T04:57:20.580+0000] {processor.py:839} INFO - DAG(s) dict_keys(['test_s3_bucket']) retrieved from /opt/airflow/dags/simples3bucketpipeline.py
[2024-03-14T04:57:20.599+0000] {logging_mixin.py:154} INFO - [2024-03-14T04:57:20.598+0000] {dag.py:2941} INFO - Sync 1 DAGs
[2024-03-14T04:57:20.615+0000] {logging_mixin.py:154} INFO - [2024-03-14T04:57:20.615+0000] {dag.py:3722} INFO - Setting next_dagrun for test_s3_bucket to 2024-03-13T04:57:20.615141+00:00, run_after=2024-03-14T04:57:20.615141+00:00
[2024-03-14T04:57:20.628+0000] {processor.py:179} INFO - Processing /opt/airflow/dags/simples3bucketpipeline.py took 0.072 seconds
[2024-03-14T04:57:50.972+0000] {processor.py:157} INFO - Started process (PID=13365) to work on /opt/airflow/dags/simples3bucketpipeline.py
[2024-03-14T04:57:50.974+0000] {processor.py:829} INFO - Processing file /opt/airflow/dags/simples3bucketpipeline.py for tasks to queue
[2024-03-14T04:57:50.975+0000] {logging_mixin.py:154} INFO - [2024-03-14T04:57:50.974+0000] {dagbag.py:536} INFO - Filling up the DagBag from /opt/airflow/dags/simples3bucketpipeline.py
[2024-03-14T04:57:50.992+0000] {processor.py:839} INFO - DAG(s) dict_keys(['test_s3_bucket']) retrieved from /opt/airflow/dags/simples3bucketpipeline.py
[2024-03-14T04:57:51.013+0000] {logging_mixin.py:154} INFO - [2024-03-14T04:57:51.013+0000] {dag.py:2941} INFO - Sync 1 DAGs
[2024-03-14T04:57:51.033+0000] {logging_mixin.py:154} INFO - [2024-03-14T04:57:51.032+0000] {dag.py:3722} INFO - Setting next_dagrun for test_s3_bucket to 2024-03-13T04:57:51.032649+00:00, run_after=2024-03-14T04:57:51.032649+00:00
[2024-03-14T04:57:51.046+0000] {processor.py:179} INFO - Processing /opt/airflow/dags/simples3bucketpipeline.py took 0.079 seconds
[2024-03-14T04:58:21.365+0000] {processor.py:157} INFO - Started process (PID=13387) to work on /opt/airflow/dags/simples3bucketpipeline.py
[2024-03-14T04:58:21.367+0000] {processor.py:829} INFO - Processing file /opt/airflow/dags/simples3bucketpipeline.py for tasks to queue
[2024-03-14T04:58:21.368+0000] {logging_mixin.py:154} INFO - [2024-03-14T04:58:21.368+0000] {dagbag.py:536} INFO - Filling up the DagBag from /opt/airflow/dags/simples3bucketpipeline.py
[2024-03-14T04:58:21.382+0000] {processor.py:839} INFO - DAG(s) dict_keys(['test_s3_bucket']) retrieved from /opt/airflow/dags/simples3bucketpipeline.py
[2024-03-14T04:58:21.403+0000] {logging_mixin.py:154} INFO - [2024-03-14T04:58:21.403+0000] {dag.py:2941} INFO - Sync 1 DAGs
[2024-03-14T04:58:21.420+0000] {logging_mixin.py:154} INFO - [2024-03-14T04:58:21.420+0000] {dag.py:3722} INFO - Setting next_dagrun for test_s3_bucket to 2024-03-13T04:58:21.420320+00:00, run_after=2024-03-14T04:58:21.420320+00:00
[2024-03-14T04:58:21.433+0000] {processor.py:179} INFO - Processing /opt/airflow/dags/simples3bucketpipeline.py took 0.075 seconds
[2024-03-14T04:58:51.780+0000] {processor.py:157} INFO - Started process (PID=13409) to work on /opt/airflow/dags/simples3bucketpipeline.py
[2024-03-14T04:58:51.781+0000] {processor.py:829} INFO - Processing file /opt/airflow/dags/simples3bucketpipeline.py for tasks to queue
[2024-03-14T04:58:51.783+0000] {logging_mixin.py:154} INFO - [2024-03-14T04:58:51.782+0000] {dagbag.py:536} INFO - Filling up the DagBag from /opt/airflow/dags/simples3bucketpipeline.py
[2024-03-14T04:58:51.796+0000] {processor.py:839} INFO - DAG(s) dict_keys(['test_s3_bucket']) retrieved from /opt/airflow/dags/simples3bucketpipeline.py
[2024-03-14T04:58:51.815+0000] {logging_mixin.py:154} INFO - [2024-03-14T04:58:51.815+0000] {dag.py:2941} INFO - Sync 1 DAGs
[2024-03-14T04:58:51.830+0000] {logging_mixin.py:154} INFO - [2024-03-14T04:58:51.830+0000] {dag.py:3722} INFO - Setting next_dagrun for test_s3_bucket to 2024-03-13T04:58:51.830402+00:00, run_after=2024-03-14T04:58:51.830402+00:00
[2024-03-14T04:58:51.843+0000] {processor.py:179} INFO - Processing /opt/airflow/dags/simples3bucketpipeline.py took 0.068 seconds
[2024-03-14T04:59:22.143+0000] {processor.py:157} INFO - Started process (PID=13430) to work on /opt/airflow/dags/simples3bucketpipeline.py
[2024-03-14T04:59:22.145+0000] {processor.py:829} INFO - Processing file /opt/airflow/dags/simples3bucketpipeline.py for tasks to queue
[2024-03-14T04:59:22.146+0000] {logging_mixin.py:154} INFO - [2024-03-14T04:59:22.146+0000] {dagbag.py:536} INFO - Filling up the DagBag from /opt/airflow/dags/simples3bucketpipeline.py
[2024-03-14T04:59:22.157+0000] {processor.py:839} INFO - DAG(s) dict_keys(['test_s3_bucket']) retrieved from /opt/airflow/dags/simples3bucketpipeline.py
[2024-03-14T04:59:22.175+0000] {logging_mixin.py:154} INFO - [2024-03-14T04:59:22.175+0000] {dag.py:2941} INFO - Sync 1 DAGs
[2024-03-14T04:59:22.191+0000] {logging_mixin.py:154} INFO - [2024-03-14T04:59:22.191+0000] {dag.py:3722} INFO - Setting next_dagrun for test_s3_bucket to 2024-03-13T04:59:22.190934+00:00, run_after=2024-03-14T04:59:22.190934+00:00
[2024-03-14T04:59:22.204+0000] {processor.py:179} INFO - Processing /opt/airflow/dags/simples3bucketpipeline.py took 0.066 seconds
[2024-03-14T04:59:52.531+0000] {processor.py:157} INFO - Started process (PID=13452) to work on /opt/airflow/dags/simples3bucketpipeline.py
[2024-03-14T04:59:52.534+0000] {processor.py:829} INFO - Processing file /opt/airflow/dags/simples3bucketpipeline.py for tasks to queue
[2024-03-14T04:59:52.535+0000] {logging_mixin.py:154} INFO - [2024-03-14T04:59:52.535+0000] {dagbag.py:536} INFO - Filling up the DagBag from /opt/airflow/dags/simples3bucketpipeline.py
[2024-03-14T04:59:52.547+0000] {processor.py:839} INFO - DAG(s) dict_keys(['test_s3_bucket']) retrieved from /opt/airflow/dags/simples3bucketpipeline.py
[2024-03-14T04:59:52.565+0000] {logging_mixin.py:154} INFO - [2024-03-14T04:59:52.565+0000] {dag.py:2941} INFO - Sync 1 DAGs
[2024-03-14T04:59:52.581+0000] {logging_mixin.py:154} INFO - [2024-03-14T04:59:52.580+0000] {dag.py:3722} INFO - Setting next_dagrun for test_s3_bucket to 2024-03-13T04:59:52.580813+00:00, run_after=2024-03-14T04:59:52.580813+00:00
[2024-03-14T04:59:52.594+0000] {processor.py:179} INFO - Processing /opt/airflow/dags/simples3bucketpipeline.py took 0.067 seconds
[2024-03-14T05:00:22.911+0000] {processor.py:157} INFO - Started process (PID=13474) to work on /opt/airflow/dags/simples3bucketpipeline.py
[2024-03-14T05:00:22.912+0000] {processor.py:829} INFO - Processing file /opt/airflow/dags/simples3bucketpipeline.py for tasks to queue
[2024-03-14T05:00:22.913+0000] {logging_mixin.py:154} INFO - [2024-03-14T05:00:22.913+0000] {dagbag.py:536} INFO - Filling up the DagBag from /opt/airflow/dags/simples3bucketpipeline.py
[2024-03-14T05:00:22.931+0000] {processor.py:839} INFO - DAG(s) dict_keys(['test_s3_bucket']) retrieved from /opt/airflow/dags/simples3bucketpipeline.py
[2024-03-14T05:00:22.955+0000] {logging_mixin.py:154} INFO - [2024-03-14T05:00:22.955+0000] {dag.py:2941} INFO - Sync 1 DAGs
[2024-03-14T05:00:22.976+0000] {logging_mixin.py:154} INFO - [2024-03-14T05:00:22.976+0000] {dag.py:3722} INFO - Setting next_dagrun for test_s3_bucket to 2024-03-13T05:00:22.975758+00:00, run_after=2024-03-14T05:00:22.975758+00:00
[2024-03-14T05:00:22.991+0000] {processor.py:179} INFO - Processing /opt/airflow/dags/simples3bucketpipeline.py took 0.086 seconds
[2024-03-14T05:00:53.327+0000] {processor.py:157} INFO - Started process (PID=13496) to work on /opt/airflow/dags/simples3bucketpipeline.py
[2024-03-14T05:00:53.328+0000] {processor.py:829} INFO - Processing file /opt/airflow/dags/simples3bucketpipeline.py for tasks to queue
[2024-03-14T05:00:53.328+0000] {logging_mixin.py:154} INFO - [2024-03-14T05:00:53.328+0000] {dagbag.py:536} INFO - Filling up the DagBag from /opt/airflow/dags/simples3bucketpipeline.py
[2024-03-14T05:00:53.337+0000] {processor.py:839} INFO - DAG(s) dict_keys(['test_s3_bucket']) retrieved from /opt/airflow/dags/simples3bucketpipeline.py
[2024-03-14T05:00:53.353+0000] {logging_mixin.py:154} INFO - [2024-03-14T05:00:53.352+0000] {dag.py:2941} INFO - Sync 1 DAGs
[2024-03-14T05:00:53.368+0000] {logging_mixin.py:154} INFO - [2024-03-14T05:00:53.368+0000] {dag.py:3722} INFO - Setting next_dagrun for test_s3_bucket to 2024-03-13T05:00:53.368658+00:00, run_after=2024-03-14T05:00:53.368658+00:00
[2024-03-14T05:00:53.381+0000] {processor.py:179} INFO - Processing /opt/airflow/dags/simples3bucketpipeline.py took 0.057 seconds
[2024-03-14T05:01:23.695+0000] {processor.py:157} INFO - Started process (PID=13518) to work on /opt/airflow/dags/simples3bucketpipeline.py
[2024-03-14T05:01:23.696+0000] {processor.py:829} INFO - Processing file /opt/airflow/dags/simples3bucketpipeline.py for tasks to queue
[2024-03-14T05:01:23.697+0000] {logging_mixin.py:154} INFO - [2024-03-14T05:01:23.697+0000] {dagbag.py:536} INFO - Filling up the DagBag from /opt/airflow/dags/simples3bucketpipeline.py
[2024-03-14T05:01:23.707+0000] {processor.py:839} INFO - DAG(s) dict_keys(['test_s3_bucket']) retrieved from /opt/airflow/dags/simples3bucketpipeline.py
[2024-03-14T05:01:23.723+0000] {logging_mixin.py:154} INFO - [2024-03-14T05:01:23.723+0000] {dag.py:2941} INFO - Sync 1 DAGs
[2024-03-14T05:01:23.739+0000] {logging_mixin.py:154} INFO - [2024-03-14T05:01:23.739+0000] {dag.py:3722} INFO - Setting next_dagrun for test_s3_bucket to 2024-03-13T05:01:23.739069+00:00, run_after=2024-03-14T05:01:23.739069+00:00
[2024-03-14T05:01:23.751+0000] {processor.py:179} INFO - Processing /opt/airflow/dags/simples3bucketpipeline.py took 0.060 seconds
[2024-03-14T05:01:54.050+0000] {processor.py:157} INFO - Started process (PID=13540) to work on /opt/airflow/dags/simples3bucketpipeline.py
[2024-03-14T05:01:54.052+0000] {processor.py:829} INFO - Processing file /opt/airflow/dags/simples3bucketpipeline.py for tasks to queue
[2024-03-14T05:01:54.053+0000] {logging_mixin.py:154} INFO - [2024-03-14T05:01:54.053+0000] {dagbag.py:536} INFO - Filling up the DagBag from /opt/airflow/dags/simples3bucketpipeline.py
[2024-03-14T05:01:54.066+0000] {processor.py:839} INFO - DAG(s) dict_keys(['test_s3_bucket']) retrieved from /opt/airflow/dags/simples3bucketpipeline.py
[2024-03-14T05:01:54.086+0000] {logging_mixin.py:154} INFO - [2024-03-14T05:01:54.086+0000] {dag.py:2941} INFO - Sync 1 DAGs
[2024-03-14T05:01:54.102+0000] {logging_mixin.py:154} INFO - [2024-03-14T05:01:54.101+0000] {dag.py:3722} INFO - Setting next_dagrun for test_s3_bucket to 2024-03-13T05:01:54.101800+00:00, run_after=2024-03-14T05:01:54.101800+00:00
[2024-03-14T05:01:54.114+0000] {processor.py:179} INFO - Processing /opt/airflow/dags/simples3bucketpipeline.py took 0.069 seconds
[2024-03-14T05:02:24.443+0000] {processor.py:157} INFO - Started process (PID=13562) to work on /opt/airflow/dags/simples3bucketpipeline.py
[2024-03-14T05:02:24.444+0000] {processor.py:829} INFO - Processing file /opt/airflow/dags/simples3bucketpipeline.py for tasks to queue
[2024-03-14T05:02:24.446+0000] {logging_mixin.py:154} INFO - [2024-03-14T05:02:24.445+0000] {dagbag.py:536} INFO - Filling up the DagBag from /opt/airflow/dags/simples3bucketpipeline.py
[2024-03-14T05:02:24.458+0000] {processor.py:839} INFO - DAG(s) dict_keys(['test_s3_bucket']) retrieved from /opt/airflow/dags/simples3bucketpipeline.py
[2024-03-14T05:02:24.478+0000] {logging_mixin.py:154} INFO - [2024-03-14T05:02:24.478+0000] {dag.py:2941} INFO - Sync 1 DAGs
[2024-03-14T05:02:24.493+0000] {logging_mixin.py:154} INFO - [2024-03-14T05:02:24.493+0000] {dag.py:3722} INFO - Setting next_dagrun for test_s3_bucket to 2024-03-13T05:02:24.493522+00:00, run_after=2024-03-14T05:02:24.493522+00:00
[2024-03-14T05:02:24.506+0000] {processor.py:179} INFO - Processing /opt/airflow/dags/simples3bucketpipeline.py took 0.070 seconds
[2024-03-14T05:02:54.842+0000] {processor.py:157} INFO - Started process (PID=13584) to work on /opt/airflow/dags/simples3bucketpipeline.py
[2024-03-14T05:02:54.844+0000] {processor.py:829} INFO - Processing file /opt/airflow/dags/simples3bucketpipeline.py for tasks to queue
[2024-03-14T05:02:54.845+0000] {logging_mixin.py:154} INFO - [2024-03-14T05:02:54.845+0000] {dagbag.py:536} INFO - Filling up the DagBag from /opt/airflow/dags/simples3bucketpipeline.py
[2024-03-14T05:02:54.858+0000] {processor.py:839} INFO - DAG(s) dict_keys(['test_s3_bucket']) retrieved from /opt/airflow/dags/simples3bucketpipeline.py
[2024-03-14T05:02:54.880+0000] {logging_mixin.py:154} INFO - [2024-03-14T05:02:54.880+0000] {dag.py:2941} INFO - Sync 1 DAGs
[2024-03-14T05:02:54.896+0000] {logging_mixin.py:154} INFO - [2024-03-14T05:02:54.896+0000] {dag.py:3722} INFO - Setting next_dagrun for test_s3_bucket to 2024-03-13T05:02:54.896378+00:00, run_after=2024-03-14T05:02:54.896378+00:00
[2024-03-14T05:02:54.909+0000] {processor.py:179} INFO - Processing /opt/airflow/dags/simples3bucketpipeline.py took 0.071 seconds
[2024-03-14T05:03:25.251+0000] {processor.py:157} INFO - Started process (PID=13606) to work on /opt/airflow/dags/simples3bucketpipeline.py
[2024-03-14T05:03:25.253+0000] {processor.py:829} INFO - Processing file /opt/airflow/dags/simples3bucketpipeline.py for tasks to queue
[2024-03-14T05:03:25.254+0000] {logging_mixin.py:154} INFO - [2024-03-14T05:03:25.254+0000] {dagbag.py:536} INFO - Filling up the DagBag from /opt/airflow/dags/simples3bucketpipeline.py
[2024-03-14T05:03:25.266+0000] {processor.py:839} INFO - DAG(s) dict_keys(['test_s3_bucket']) retrieved from /opt/airflow/dags/simples3bucketpipeline.py
[2024-03-14T05:03:25.285+0000] {logging_mixin.py:154} INFO - [2024-03-14T05:03:25.285+0000] {dag.py:2941} INFO - Sync 1 DAGs
[2024-03-14T05:03:25.301+0000] {logging_mixin.py:154} INFO - [2024-03-14T05:03:25.300+0000] {dag.py:3722} INFO - Setting next_dagrun for test_s3_bucket to 2024-03-13T05:03:25.300840+00:00, run_after=2024-03-14T05:03:25.300840+00:00
[2024-03-14T05:03:25.313+0000] {processor.py:179} INFO - Processing /opt/airflow/dags/simples3bucketpipeline.py took 0.067 seconds
[2024-03-14T05:03:55.652+0000] {processor.py:157} INFO - Started process (PID=13628) to work on /opt/airflow/dags/simples3bucketpipeline.py
[2024-03-14T05:03:55.653+0000] {processor.py:829} INFO - Processing file /opt/airflow/dags/simples3bucketpipeline.py for tasks to queue
[2024-03-14T05:03:55.654+0000] {logging_mixin.py:154} INFO - [2024-03-14T05:03:55.654+0000] {dagbag.py:536} INFO - Filling up the DagBag from /opt/airflow/dags/simples3bucketpipeline.py
[2024-03-14T05:03:55.666+0000] {processor.py:839} INFO - DAG(s) dict_keys(['test_s3_bucket']) retrieved from /opt/airflow/dags/simples3bucketpipeline.py
[2024-03-14T05:03:55.686+0000] {logging_mixin.py:154} INFO - [2024-03-14T05:03:55.686+0000] {dag.py:2941} INFO - Sync 1 DAGs
[2024-03-14T05:03:55.705+0000] {logging_mixin.py:154} INFO - [2024-03-14T05:03:55.705+0000] {dag.py:3722} INFO - Setting next_dagrun for test_s3_bucket to 2024-03-13T05:03:55.705061+00:00, run_after=2024-03-14T05:03:55.705061+00:00
[2024-03-14T05:03:55.720+0000] {processor.py:179} INFO - Processing /opt/airflow/dags/simples3bucketpipeline.py took 0.072 seconds
[2024-03-14T05:04:26.038+0000] {processor.py:157} INFO - Started process (PID=13650) to work on /opt/airflow/dags/simples3bucketpipeline.py
[2024-03-14T05:04:26.040+0000] {processor.py:829} INFO - Processing file /opt/airflow/dags/simples3bucketpipeline.py for tasks to queue
[2024-03-14T05:04:26.041+0000] {logging_mixin.py:154} INFO - [2024-03-14T05:04:26.040+0000] {dagbag.py:536} INFO - Filling up the DagBag from /opt/airflow/dags/simples3bucketpipeline.py
[2024-03-14T05:04:26.060+0000] {processor.py:839} INFO - DAG(s) dict_keys(['test_s3_bucket']) retrieved from /opt/airflow/dags/simples3bucketpipeline.py
[2024-03-14T05:04:26.082+0000] {logging_mixin.py:154} INFO - [2024-03-14T05:04:26.082+0000] {dag.py:2941} INFO - Sync 1 DAGs
[2024-03-14T05:04:26.102+0000] {logging_mixin.py:154} INFO - [2024-03-14T05:04:26.102+0000] {dag.py:3722} INFO - Setting next_dagrun for test_s3_bucket to 2024-03-13T05:04:26.102489+00:00, run_after=2024-03-14T05:04:26.102489+00:00
[2024-03-14T05:04:26.117+0000] {processor.py:179} INFO - Processing /opt/airflow/dags/simples3bucketpipeline.py took 0.086 seconds
[2024-03-14T05:04:56.395+0000] {processor.py:157} INFO - Started process (PID=13672) to work on /opt/airflow/dags/simples3bucketpipeline.py
[2024-03-14T05:04:56.396+0000] {processor.py:829} INFO - Processing file /opt/airflow/dags/simples3bucketpipeline.py for tasks to queue
[2024-03-14T05:04:56.398+0000] {logging_mixin.py:154} INFO - [2024-03-14T05:04:56.398+0000] {dagbag.py:536} INFO - Filling up the DagBag from /opt/airflow/dags/simples3bucketpipeline.py
[2024-03-14T05:04:56.411+0000] {processor.py:839} INFO - DAG(s) dict_keys(['test_s3_bucket']) retrieved from /opt/airflow/dags/simples3bucketpipeline.py
[2024-03-14T05:04:56.446+0000] {logging_mixin.py:154} INFO - [2024-03-14T05:04:56.446+0000] {dag.py:2941} INFO - Sync 1 DAGs
[2024-03-14T05:04:56.478+0000] {logging_mixin.py:154} INFO - [2024-03-14T05:04:56.478+0000] {dag.py:3722} INFO - Setting next_dagrun for test_s3_bucket to 2024-03-13T05:04:56.478132+00:00, run_after=2024-03-14T05:04:56.478132+00:00
[2024-03-14T05:04:56.507+0000] {processor.py:179} INFO - Processing /opt/airflow/dags/simples3bucketpipeline.py took 0.117 seconds
[2024-03-14T05:05:26.840+0000] {processor.py:157} INFO - Started process (PID=13694) to work on /opt/airflow/dags/simples3bucketpipeline.py
[2024-03-14T05:05:26.842+0000] {processor.py:829} INFO - Processing file /opt/airflow/dags/simples3bucketpipeline.py for tasks to queue
[2024-03-14T05:05:26.843+0000] {logging_mixin.py:154} INFO - [2024-03-14T05:05:26.843+0000] {dagbag.py:536} INFO - Filling up the DagBag from /opt/airflow/dags/simples3bucketpipeline.py
[2024-03-14T05:05:26.857+0000] {processor.py:839} INFO - DAG(s) dict_keys(['test_s3_bucket']) retrieved from /opt/airflow/dags/simples3bucketpipeline.py
[2024-03-14T05:05:26.880+0000] {logging_mixin.py:154} INFO - [2024-03-14T05:05:26.879+0000] {dag.py:2941} INFO - Sync 1 DAGs
[2024-03-14T05:05:26.898+0000] {logging_mixin.py:154} INFO - [2024-03-14T05:05:26.898+0000] {dag.py:3722} INFO - Setting next_dagrun for test_s3_bucket to 2024-03-13T05:05:26.897840+00:00, run_after=2024-03-14T05:05:26.897840+00:00
[2024-03-14T05:05:26.912+0000] {processor.py:179} INFO - Processing /opt/airflow/dags/simples3bucketpipeline.py took 0.077 seconds
[2024-03-14T05:05:57.221+0000] {processor.py:157} INFO - Started process (PID=13716) to work on /opt/airflow/dags/simples3bucketpipeline.py
[2024-03-14T05:05:57.223+0000] {processor.py:829} INFO - Processing file /opt/airflow/dags/simples3bucketpipeline.py for tasks to queue
[2024-03-14T05:05:57.224+0000] {logging_mixin.py:154} INFO - [2024-03-14T05:05:57.224+0000] {dagbag.py:536} INFO - Filling up the DagBag from /opt/airflow/dags/simples3bucketpipeline.py
[2024-03-14T05:05:57.236+0000] {processor.py:839} INFO - DAG(s) dict_keys(['test_s3_bucket']) retrieved from /opt/airflow/dags/simples3bucketpipeline.py
[2024-03-14T05:05:57.263+0000] {logging_mixin.py:154} INFO - [2024-03-14T05:05:57.263+0000] {dag.py:2941} INFO - Sync 1 DAGs
[2024-03-14T05:05:57.299+0000] {logging_mixin.py:154} INFO - [2024-03-14T05:05:57.298+0000] {dag.py:3722} INFO - Setting next_dagrun for test_s3_bucket to 2024-03-13T05:05:57.298465+00:00, run_after=2024-03-14T05:05:57.298465+00:00
[2024-03-14T05:05:57.336+0000] {processor.py:179} INFO - Processing /opt/airflow/dags/simples3bucketpipeline.py took 0.119 seconds
[2024-03-14T05:06:27.690+0000] {processor.py:157} INFO - Started process (PID=13738) to work on /opt/airflow/dags/simples3bucketpipeline.py
[2024-03-14T05:06:27.692+0000] {processor.py:829} INFO - Processing file /opt/airflow/dags/simples3bucketpipeline.py for tasks to queue
[2024-03-14T05:06:27.693+0000] {logging_mixin.py:154} INFO - [2024-03-14T05:06:27.693+0000] {dagbag.py:536} INFO - Filling up the DagBag from /opt/airflow/dags/simples3bucketpipeline.py
[2024-03-14T05:06:27.705+0000] {processor.py:839} INFO - DAG(s) dict_keys(['test_s3_bucket']) retrieved from /opt/airflow/dags/simples3bucketpipeline.py
[2024-03-14T05:06:27.724+0000] {logging_mixin.py:154} INFO - [2024-03-14T05:06:27.723+0000] {dag.py:2941} INFO - Sync 1 DAGs
[2024-03-14T05:06:27.739+0000] {logging_mixin.py:154} INFO - [2024-03-14T05:06:27.739+0000] {dag.py:3722} INFO - Setting next_dagrun for test_s3_bucket to 2024-03-13T05:06:27.739254+00:00, run_after=2024-03-14T05:06:27.739254+00:00
[2024-03-14T05:06:27.751+0000] {processor.py:179} INFO - Processing /opt/airflow/dags/simples3bucketpipeline.py took 0.067 seconds
[2024-03-14T05:06:58.078+0000] {processor.py:157} INFO - Started process (PID=13760) to work on /opt/airflow/dags/simples3bucketpipeline.py
[2024-03-14T05:06:58.081+0000] {processor.py:829} INFO - Processing file /opt/airflow/dags/simples3bucketpipeline.py for tasks to queue
[2024-03-14T05:06:58.082+0000] {logging_mixin.py:154} INFO - [2024-03-14T05:06:58.082+0000] {dagbag.py:536} INFO - Filling up the DagBag from /opt/airflow/dags/simples3bucketpipeline.py
[2024-03-14T05:06:58.092+0000] {processor.py:839} INFO - DAG(s) dict_keys(['test_s3_bucket']) retrieved from /opt/airflow/dags/simples3bucketpipeline.py
[2024-03-14T05:06:58.112+0000] {logging_mixin.py:154} INFO - [2024-03-14T05:06:58.111+0000] {dag.py:2941} INFO - Sync 1 DAGs
[2024-03-14T05:06:58.129+0000] {logging_mixin.py:154} INFO - [2024-03-14T05:06:58.129+0000] {dag.py:3722} INFO - Setting next_dagrun for test_s3_bucket to 2024-03-13T05:06:58.129000+00:00, run_after=2024-03-14T05:06:58.129000+00:00
[2024-03-14T05:06:58.144+0000] {processor.py:179} INFO - Processing /opt/airflow/dags/simples3bucketpipeline.py took 0.071 seconds
[2024-03-14T05:07:28.538+0000] {processor.py:157} INFO - Started process (PID=13782) to work on /opt/airflow/dags/simples3bucketpipeline.py
[2024-03-14T05:07:28.540+0000] {processor.py:829} INFO - Processing file /opt/airflow/dags/simples3bucketpipeline.py for tasks to queue
[2024-03-14T05:07:28.541+0000] {logging_mixin.py:154} INFO - [2024-03-14T05:07:28.541+0000] {dagbag.py:536} INFO - Filling up the DagBag from /opt/airflow/dags/simples3bucketpipeline.py
[2024-03-14T05:07:28.553+0000] {processor.py:839} INFO - DAG(s) dict_keys(['test_s3_bucket']) retrieved from /opt/airflow/dags/simples3bucketpipeline.py
[2024-03-14T05:07:28.571+0000] {logging_mixin.py:154} INFO - [2024-03-14T05:07:28.571+0000] {dag.py:2941} INFO - Sync 1 DAGs
[2024-03-14T05:07:28.587+0000] {logging_mixin.py:154} INFO - [2024-03-14T05:07:28.587+0000] {dag.py:3722} INFO - Setting next_dagrun for test_s3_bucket to 2024-03-13T05:07:28.587322+00:00, run_after=2024-03-14T05:07:28.587322+00:00
[2024-03-14T05:07:28.600+0000] {processor.py:179} INFO - Processing /opt/airflow/dags/simples3bucketpipeline.py took 0.066 seconds
[2024-03-14T05:07:58.956+0000] {processor.py:157} INFO - Started process (PID=13804) to work on /opt/airflow/dags/simples3bucketpipeline.py
[2024-03-14T05:07:58.958+0000] {processor.py:829} INFO - Processing file /opt/airflow/dags/simples3bucketpipeline.py for tasks to queue
[2024-03-14T05:07:58.959+0000] {logging_mixin.py:154} INFO - [2024-03-14T05:07:58.959+0000] {dagbag.py:536} INFO - Filling up the DagBag from /opt/airflow/dags/simples3bucketpipeline.py
[2024-03-14T05:07:58.973+0000] {processor.py:839} INFO - DAG(s) dict_keys(['test_s3_bucket']) retrieved from /opt/airflow/dags/simples3bucketpipeline.py
[2024-03-14T05:07:58.992+0000] {logging_mixin.py:154} INFO - [2024-03-14T05:07:58.991+0000] {dag.py:2941} INFO - Sync 1 DAGs
[2024-03-14T05:07:59.009+0000] {logging_mixin.py:154} INFO - [2024-03-14T05:07:59.008+0000] {dag.py:3722} INFO - Setting next_dagrun for test_s3_bucket to 2024-03-13T05:07:59.008716+00:00, run_after=2024-03-14T05:07:59.008716+00:00
[2024-03-14T05:07:59.021+0000] {processor.py:179} INFO - Processing /opt/airflow/dags/simples3bucketpipeline.py took 0.073 seconds
[2024-03-14T05:08:29.328+0000] {processor.py:157} INFO - Started process (PID=13826) to work on /opt/airflow/dags/simples3bucketpipeline.py
[2024-03-14T05:08:29.329+0000] {processor.py:829} INFO - Processing file /opt/airflow/dags/simples3bucketpipeline.py for tasks to queue
[2024-03-14T05:08:29.331+0000] {logging_mixin.py:154} INFO - [2024-03-14T05:08:29.330+0000] {dagbag.py:536} INFO - Filling up the DagBag from /opt/airflow/dags/simples3bucketpipeline.py
[2024-03-14T05:08:29.343+0000] {processor.py:839} INFO - DAG(s) dict_keys(['test_s3_bucket']) retrieved from /opt/airflow/dags/simples3bucketpipeline.py
[2024-03-14T05:08:29.362+0000] {logging_mixin.py:154} INFO - [2024-03-14T05:08:29.362+0000] {dag.py:2941} INFO - Sync 1 DAGs
[2024-03-14T05:08:29.377+0000] {logging_mixin.py:154} INFO - [2024-03-14T05:08:29.377+0000] {dag.py:3722} INFO - Setting next_dagrun for test_s3_bucket to 2024-03-13T05:08:29.377685+00:00, run_after=2024-03-14T05:08:29.377685+00:00
[2024-03-14T05:08:29.390+0000] {processor.py:179} INFO - Processing /opt/airflow/dags/simples3bucketpipeline.py took 0.068 seconds
[2024-03-14T05:08:59.773+0000] {processor.py:157} INFO - Started process (PID=13848) to work on /opt/airflow/dags/simples3bucketpipeline.py
[2024-03-14T05:08:59.775+0000] {processor.py:829} INFO - Processing file /opt/airflow/dags/simples3bucketpipeline.py for tasks to queue
[2024-03-14T05:08:59.776+0000] {logging_mixin.py:154} INFO - [2024-03-14T05:08:59.775+0000] {dagbag.py:536} INFO - Filling up the DagBag from /opt/airflow/dags/simples3bucketpipeline.py
[2024-03-14T05:08:59.787+0000] {processor.py:839} INFO - DAG(s) dict_keys(['test_s3_bucket']) retrieved from /opt/airflow/dags/simples3bucketpipeline.py
[2024-03-14T05:08:59.805+0000] {logging_mixin.py:154} INFO - [2024-03-14T05:08:59.805+0000] {dag.py:2941} INFO - Sync 1 DAGs
[2024-03-14T05:08:59.821+0000] {logging_mixin.py:154} INFO - [2024-03-14T05:08:59.821+0000] {dag.py:3722} INFO - Setting next_dagrun for test_s3_bucket to 2024-03-13T05:08:59.821369+00:00, run_after=2024-03-14T05:08:59.821369+00:00
[2024-03-14T05:08:59.833+0000] {processor.py:179} INFO - Processing /opt/airflow/dags/simples3bucketpipeline.py took 0.064 seconds
[2024-03-14T05:09:30.158+0000] {processor.py:157} INFO - Started process (PID=13870) to work on /opt/airflow/dags/simples3bucketpipeline.py
[2024-03-14T05:09:30.159+0000] {processor.py:829} INFO - Processing file /opt/airflow/dags/simples3bucketpipeline.py for tasks to queue
[2024-03-14T05:09:30.160+0000] {logging_mixin.py:154} INFO - [2024-03-14T05:09:30.160+0000] {dagbag.py:536} INFO - Filling up the DagBag from /opt/airflow/dags/simples3bucketpipeline.py
[2024-03-14T05:09:30.171+0000] {processor.py:839} INFO - DAG(s) dict_keys(['test_s3_bucket']) retrieved from /opt/airflow/dags/simples3bucketpipeline.py
[2024-03-14T05:09:30.190+0000] {logging_mixin.py:154} INFO - [2024-03-14T05:09:30.190+0000] {dag.py:2941} INFO - Sync 1 DAGs
[2024-03-14T05:09:30.206+0000] {logging_mixin.py:154} INFO - [2024-03-14T05:09:30.206+0000] {dag.py:3722} INFO - Setting next_dagrun for test_s3_bucket to 2024-03-13T05:09:30.206570+00:00, run_after=2024-03-14T05:09:30.206570+00:00
[2024-03-14T05:09:30.220+0000] {processor.py:179} INFO - Processing /opt/airflow/dags/simples3bucketpipeline.py took 0.065 seconds
[2024-03-14T05:10:00.532+0000] {processor.py:157} INFO - Started process (PID=13892) to work on /opt/airflow/dags/simples3bucketpipeline.py
[2024-03-14T05:10:00.534+0000] {processor.py:829} INFO - Processing file /opt/airflow/dags/simples3bucketpipeline.py for tasks to queue
[2024-03-14T05:10:00.536+0000] {logging_mixin.py:154} INFO - [2024-03-14T05:10:00.535+0000] {dagbag.py:536} INFO - Filling up the DagBag from /opt/airflow/dags/simples3bucketpipeline.py
[2024-03-14T05:10:00.553+0000] {processor.py:839} INFO - DAG(s) dict_keys(['test_s3_bucket']) retrieved from /opt/airflow/dags/simples3bucketpipeline.py
[2024-03-14T05:10:00.574+0000] {logging_mixin.py:154} INFO - [2024-03-14T05:10:00.574+0000] {dag.py:2941} INFO - Sync 1 DAGs
[2024-03-14T05:10:00.595+0000] {logging_mixin.py:154} INFO - [2024-03-14T05:10:00.595+0000] {dag.py:3722} INFO - Setting next_dagrun for test_s3_bucket to 2024-03-13T05:10:00.595584+00:00, run_after=2024-03-14T05:10:00.595584+00:00
[2024-03-14T05:10:00.609+0000] {processor.py:179} INFO - Processing /opt/airflow/dags/simples3bucketpipeline.py took 0.084 seconds
