[2024-03-14T02:09:23.125+0000] {processor.py:157} INFO - Started process (PID=12512) to work on /opt/airflow/dags/simple_pipeline.py
[2024-03-14T02:09:23.127+0000] {processor.py:829} INFO - Processing file /opt/airflow/dags/simple_pipeline.py for tasks to queue
[2024-03-14T02:09:23.127+0000] {logging_mixin.py:154} INFO - [2024-03-14T02:09:23.127+0000] {dagbag.py:536} INFO - Filling up the DagBag from /opt/airflow/dags/simple_pipeline.py
[2024-03-14T02:09:23.131+0000] {processor.py:841} WARNING - No viable dags retrieved from /opt/airflow/dags/simple_pipeline.py
[2024-03-14T02:09:23.141+0000] {processor.py:179} INFO - Processing /opt/airflow/dags/simple_pipeline.py took 0.018 seconds
[2024-03-14T04:38:35.665+0000] {processor.py:157} INFO - Started process (PID=12534) to work on /opt/airflow/dags/simple_pipeline.py
[2024-03-14T04:38:35.666+0000] {processor.py:829} INFO - Processing file /opt/airflow/dags/simple_pipeline.py for tasks to queue
[2024-03-14T04:38:35.667+0000] {logging_mixin.py:154} INFO - [2024-03-14T04:38:35.667+0000] {dagbag.py:536} INFO - Filling up the DagBag from /opt/airflow/dags/simple_pipeline.py
[2024-03-14T04:38:35.673+0000] {processor.py:841} WARNING - No viable dags retrieved from /opt/airflow/dags/simple_pipeline.py
[2024-03-14T04:38:35.701+0000] {processor.py:179} INFO - Processing /opt/airflow/dags/simple_pipeline.py took 0.042 seconds
[2024-03-14T04:39:06.380+0000] {processor.py:157} INFO - Started process (PID=12556) to work on /opt/airflow/dags/simple_pipeline.py
[2024-03-14T04:39:06.382+0000] {processor.py:829} INFO - Processing file /opt/airflow/dags/simple_pipeline.py for tasks to queue
[2024-03-14T04:39:06.383+0000] {logging_mixin.py:154} INFO - [2024-03-14T04:39:06.383+0000] {dagbag.py:536} INFO - Filling up the DagBag from /opt/airflow/dags/simple_pipeline.py
[2024-03-14T04:39:06.388+0000] {processor.py:841} WARNING - No viable dags retrieved from /opt/airflow/dags/simple_pipeline.py
[2024-03-14T04:39:06.400+0000] {processor.py:179} INFO - Processing /opt/airflow/dags/simple_pipeline.py took 0.026 seconds
[2024-03-14T04:39:36.750+0000] {processor.py:157} INFO - Started process (PID=12578) to work on /opt/airflow/dags/simple_pipeline.py
[2024-03-14T04:39:36.750+0000] {processor.py:829} INFO - Processing file /opt/airflow/dags/simple_pipeline.py for tasks to queue
[2024-03-14T04:39:36.751+0000] {logging_mixin.py:154} INFO - [2024-03-14T04:39:36.751+0000] {dagbag.py:536} INFO - Filling up the DagBag from /opt/airflow/dags/simple_pipeline.py
[2024-03-14T04:39:36.754+0000] {processor.py:841} WARNING - No viable dags retrieved from /opt/airflow/dags/simple_pipeline.py
[2024-03-14T04:39:36.768+0000] {processor.py:179} INFO - Processing /opt/airflow/dags/simple_pipeline.py took 0.022 seconds
[2024-03-14T04:40:07.161+0000] {processor.py:157} INFO - Started process (PID=12600) to work on /opt/airflow/dags/simple_pipeline.py
[2024-03-14T04:40:07.162+0000] {processor.py:829} INFO - Processing file /opt/airflow/dags/simple_pipeline.py for tasks to queue
[2024-03-14T04:40:07.163+0000] {logging_mixin.py:154} INFO - [2024-03-14T04:40:07.163+0000] {dagbag.py:536} INFO - Filling up the DagBag from /opt/airflow/dags/simple_pipeline.py
[2024-03-14T04:40:07.167+0000] {processor.py:841} WARNING - No viable dags retrieved from /opt/airflow/dags/simple_pipeline.py
[2024-03-14T04:40:07.179+0000] {processor.py:179} INFO - Processing /opt/airflow/dags/simple_pipeline.py took 0.022 seconds
[2024-03-14T04:40:37.564+0000] {processor.py:157} INFO - Started process (PID=12622) to work on /opt/airflow/dags/simple_pipeline.py
[2024-03-14T04:40:37.565+0000] {processor.py:829} INFO - Processing file /opt/airflow/dags/simple_pipeline.py for tasks to queue
[2024-03-14T04:40:37.566+0000] {logging_mixin.py:154} INFO - [2024-03-14T04:40:37.566+0000] {dagbag.py:536} INFO - Filling up the DagBag from /opt/airflow/dags/simple_pipeline.py
[2024-03-14T04:40:37.570+0000] {processor.py:841} WARNING - No viable dags retrieved from /opt/airflow/dags/simple_pipeline.py
[2024-03-14T04:40:37.583+0000] {processor.py:179} INFO - Processing /opt/airflow/dags/simple_pipeline.py took 0.022 seconds
[2024-03-14T04:41:07.944+0000] {processor.py:157} INFO - Started process (PID=12644) to work on /opt/airflow/dags/simple_pipeline.py
[2024-03-14T04:41:07.945+0000] {processor.py:829} INFO - Processing file /opt/airflow/dags/simple_pipeline.py for tasks to queue
[2024-03-14T04:41:07.946+0000] {logging_mixin.py:154} INFO - [2024-03-14T04:41:07.946+0000] {dagbag.py:536} INFO - Filling up the DagBag from /opt/airflow/dags/simple_pipeline.py
[2024-03-14T04:41:07.950+0000] {processor.py:841} WARNING - No viable dags retrieved from /opt/airflow/dags/simple_pipeline.py
[2024-03-14T04:41:07.964+0000] {processor.py:179} INFO - Processing /opt/airflow/dags/simple_pipeline.py took 0.023 seconds
[2024-03-14T04:41:38.295+0000] {processor.py:157} INFO - Started process (PID=12665) to work on /opt/airflow/dags/simple_pipeline.py
[2024-03-14T04:41:38.296+0000] {processor.py:829} INFO - Processing file /opt/airflow/dags/simple_pipeline.py for tasks to queue
[2024-03-14T04:41:38.297+0000] {logging_mixin.py:154} INFO - [2024-03-14T04:41:38.297+0000] {dagbag.py:536} INFO - Filling up the DagBag from /opt/airflow/dags/simple_pipeline.py
[2024-03-14T04:41:38.301+0000] {processor.py:841} WARNING - No viable dags retrieved from /opt/airflow/dags/simple_pipeline.py
[2024-03-14T04:41:38.314+0000] {processor.py:179} INFO - Processing /opt/airflow/dags/simple_pipeline.py took 0.023 seconds
[2024-03-14T04:42:08.612+0000] {processor.py:157} INFO - Started process (PID=12687) to work on /opt/airflow/dags/simple_pipeline.py
[2024-03-14T04:42:08.614+0000] {processor.py:829} INFO - Processing file /opt/airflow/dags/simple_pipeline.py for tasks to queue
[2024-03-14T04:42:08.615+0000] {logging_mixin.py:154} INFO - [2024-03-14T04:42:08.615+0000] {dagbag.py:536} INFO - Filling up the DagBag from /opt/airflow/dags/simple_pipeline.py
[2024-03-14T04:42:08.619+0000] {processor.py:841} WARNING - No viable dags retrieved from /opt/airflow/dags/simple_pipeline.py
[2024-03-14T04:42:08.634+0000] {processor.py:179} INFO - Processing /opt/airflow/dags/simple_pipeline.py took 0.026 seconds
[2024-03-14T04:42:38.962+0000] {processor.py:157} INFO - Started process (PID=12709) to work on /opt/airflow/dags/simple_pipeline.py
[2024-03-14T04:42:38.963+0000] {processor.py:829} INFO - Processing file /opt/airflow/dags/simple_pipeline.py for tasks to queue
[2024-03-14T04:42:38.964+0000] {logging_mixin.py:154} INFO - [2024-03-14T04:42:38.964+0000] {dagbag.py:536} INFO - Filling up the DagBag from /opt/airflow/dags/simple_pipeline.py
[2024-03-14T04:42:38.968+0000] {processor.py:841} WARNING - No viable dags retrieved from /opt/airflow/dags/simple_pipeline.py
[2024-03-14T04:42:38.982+0000] {processor.py:179} INFO - Processing /opt/airflow/dags/simple_pipeline.py took 0.023 seconds
[2024-03-14T04:43:09.306+0000] {processor.py:157} INFO - Started process (PID=12731) to work on /opt/airflow/dags/simple_pipeline.py
[2024-03-14T04:43:09.307+0000] {processor.py:829} INFO - Processing file /opt/airflow/dags/simple_pipeline.py for tasks to queue
[2024-03-14T04:43:09.308+0000] {logging_mixin.py:154} INFO - [2024-03-14T04:43:09.308+0000] {dagbag.py:536} INFO - Filling up the DagBag from /opt/airflow/dags/simple_pipeline.py
[2024-03-14T04:43:09.312+0000] {processor.py:841} WARNING - No viable dags retrieved from /opt/airflow/dags/simple_pipeline.py
[2024-03-14T04:43:09.325+0000] {processor.py:179} INFO - Processing /opt/airflow/dags/simple_pipeline.py took 0.023 seconds
[2024-03-14T04:43:39.705+0000] {processor.py:157} INFO - Started process (PID=12753) to work on /opt/airflow/dags/simple_pipeline.py
[2024-03-14T04:43:39.706+0000] {processor.py:829} INFO - Processing file /opt/airflow/dags/simple_pipeline.py for tasks to queue
[2024-03-14T04:43:39.710+0000] {logging_mixin.py:154} INFO - [2024-03-14T04:43:39.710+0000] {dagbag.py:536} INFO - Filling up the DagBag from /opt/airflow/dags/simple_pipeline.py
[2024-03-14T04:43:39.714+0000] {processor.py:841} WARNING - No viable dags retrieved from /opt/airflow/dags/simple_pipeline.py
[2024-03-14T04:43:39.728+0000] {processor.py:179} INFO - Processing /opt/airflow/dags/simple_pipeline.py took 0.026 seconds
[2024-03-14T04:44:10.089+0000] {processor.py:157} INFO - Started process (PID=12775) to work on /opt/airflow/dags/simple_pipeline.py
[2024-03-14T04:44:10.090+0000] {processor.py:829} INFO - Processing file /opt/airflow/dags/simple_pipeline.py for tasks to queue
[2024-03-14T04:44:10.091+0000] {logging_mixin.py:154} INFO - [2024-03-14T04:44:10.091+0000] {dagbag.py:536} INFO - Filling up the DagBag from /opt/airflow/dags/simple_pipeline.py
[2024-03-14T04:44:10.095+0000] {processor.py:841} WARNING - No viable dags retrieved from /opt/airflow/dags/simple_pipeline.py
[2024-03-14T04:44:10.108+0000] {processor.py:179} INFO - Processing /opt/airflow/dags/simple_pipeline.py took 0.022 seconds
[2024-03-14T04:44:40.479+0000] {processor.py:157} INFO - Started process (PID=12797) to work on /opt/airflow/dags/simple_pipeline.py
[2024-03-14T04:44:40.480+0000] {processor.py:829} INFO - Processing file /opt/airflow/dags/simple_pipeline.py for tasks to queue
[2024-03-14T04:44:40.480+0000] {logging_mixin.py:154} INFO - [2024-03-14T04:44:40.480+0000] {dagbag.py:536} INFO - Filling up the DagBag from /opt/airflow/dags/simple_pipeline.py
[2024-03-14T04:44:40.484+0000] {processor.py:841} WARNING - No viable dags retrieved from /opt/airflow/dags/simple_pipeline.py
[2024-03-14T04:44:40.496+0000] {processor.py:179} INFO - Processing /opt/airflow/dags/simple_pipeline.py took 0.020 seconds
[2024-03-14T04:45:10.832+0000] {processor.py:157} INFO - Started process (PID=12819) to work on /opt/airflow/dags/simple_pipeline.py
[2024-03-14T04:45:10.833+0000] {processor.py:829} INFO - Processing file /opt/airflow/dags/simple_pipeline.py for tasks to queue
[2024-03-14T04:45:10.834+0000] {logging_mixin.py:154} INFO - [2024-03-14T04:45:10.834+0000] {dagbag.py:536} INFO - Filling up the DagBag from /opt/airflow/dags/simple_pipeline.py
[2024-03-14T04:45:10.839+0000] {processor.py:841} WARNING - No viable dags retrieved from /opt/airflow/dags/simple_pipeline.py
[2024-03-14T04:45:10.852+0000] {processor.py:179} INFO - Processing /opt/airflow/dags/simple_pipeline.py took 0.024 seconds
[2024-03-14T04:45:41.185+0000] {processor.py:157} INFO - Started process (PID=12841) to work on /opt/airflow/dags/simple_pipeline.py
[2024-03-14T04:45:41.186+0000] {processor.py:829} INFO - Processing file /opt/airflow/dags/simple_pipeline.py for tasks to queue
[2024-03-14T04:45:41.188+0000] {logging_mixin.py:154} INFO - [2024-03-14T04:45:41.187+0000] {dagbag.py:536} INFO - Filling up the DagBag from /opt/airflow/dags/simple_pipeline.py
[2024-03-14T04:45:41.192+0000] {processor.py:841} WARNING - No viable dags retrieved from /opt/airflow/dags/simple_pipeline.py
[2024-03-14T04:45:41.209+0000] {processor.py:179} INFO - Processing /opt/airflow/dags/simple_pipeline.py took 0.029 seconds
[2024-03-14T04:46:11.824+0000] {processor.py:157} INFO - Started process (PID=12863) to work on /opt/airflow/dags/simple_pipeline.py
[2024-03-14T04:46:11.825+0000] {processor.py:829} INFO - Processing file /opt/airflow/dags/simple_pipeline.py for tasks to queue
[2024-03-14T04:46:11.827+0000] {logging_mixin.py:154} INFO - [2024-03-14T04:46:11.826+0000] {dagbag.py:536} INFO - Filling up the DagBag from /opt/airflow/dags/simple_pipeline.py
[2024-03-14T04:46:11.831+0000] {processor.py:841} WARNING - No viable dags retrieved from /opt/airflow/dags/simple_pipeline.py
[2024-03-14T04:46:11.847+0000] {processor.py:179} INFO - Processing /opt/airflow/dags/simple_pipeline.py took 0.026 seconds
[2024-03-14T04:46:42.259+0000] {processor.py:157} INFO - Started process (PID=12885) to work on /opt/airflow/dags/simple_pipeline.py
[2024-03-14T04:46:42.260+0000] {processor.py:829} INFO - Processing file /opt/airflow/dags/simple_pipeline.py for tasks to queue
[2024-03-14T04:46:42.261+0000] {logging_mixin.py:154} INFO - [2024-03-14T04:46:42.261+0000] {dagbag.py:536} INFO - Filling up the DagBag from /opt/airflow/dags/simple_pipeline.py
[2024-03-14T04:46:42.265+0000] {processor.py:841} WARNING - No viable dags retrieved from /opt/airflow/dags/simple_pipeline.py
[2024-03-14T04:46:42.278+0000] {processor.py:179} INFO - Processing /opt/airflow/dags/simple_pipeline.py took 0.022 seconds
[2024-03-14T04:47:12.650+0000] {processor.py:157} INFO - Started process (PID=12907) to work on /opt/airflow/dags/simple_pipeline.py
[2024-03-14T04:47:12.651+0000] {processor.py:829} INFO - Processing file /opt/airflow/dags/simple_pipeline.py for tasks to queue
[2024-03-14T04:47:12.652+0000] {logging_mixin.py:154} INFO - [2024-03-14T04:47:12.652+0000] {dagbag.py:536} INFO - Filling up the DagBag from /opt/airflow/dags/simple_pipeline.py
[2024-03-14T04:47:12.656+0000] {processor.py:841} WARNING - No viable dags retrieved from /opt/airflow/dags/simple_pipeline.py
[2024-03-14T04:47:12.669+0000] {processor.py:179} INFO - Processing /opt/airflow/dags/simple_pipeline.py took 0.022 seconds
[2024-03-14T04:47:43.051+0000] {processor.py:157} INFO - Started process (PID=12929) to work on /opt/airflow/dags/simple_pipeline.py
[2024-03-14T04:47:43.055+0000] {processor.py:829} INFO - Processing file /opt/airflow/dags/simple_pipeline.py for tasks to queue
[2024-03-14T04:47:43.055+0000] {logging_mixin.py:154} INFO - [2024-03-14T04:47:43.055+0000] {dagbag.py:536} INFO - Filling up the DagBag from /opt/airflow/dags/simple_pipeline.py
[2024-03-14T04:47:43.062+0000] {processor.py:841} WARNING - No viable dags retrieved from /opt/airflow/dags/simple_pipeline.py
[2024-03-14T04:47:43.071+0000] {processor.py:179} INFO - Processing /opt/airflow/dags/simple_pipeline.py took 0.023 seconds
[2024-03-14T04:48:13.408+0000] {processor.py:157} INFO - Started process (PID=12951) to work on /opt/airflow/dags/simple_pipeline.py
[2024-03-14T04:48:13.409+0000] {processor.py:829} INFO - Processing file /opt/airflow/dags/simple_pipeline.py for tasks to queue
[2024-03-14T04:48:13.409+0000] {logging_mixin.py:154} INFO - [2024-03-14T04:48:13.409+0000] {dagbag.py:536} INFO - Filling up the DagBag from /opt/airflow/dags/simple_pipeline.py
[2024-03-14T04:48:13.413+0000] {processor.py:841} WARNING - No viable dags retrieved from /opt/airflow/dags/simple_pipeline.py
[2024-03-14T04:48:13.428+0000] {processor.py:179} INFO - Processing /opt/airflow/dags/simple_pipeline.py took 0.024 seconds
[2024-03-14T04:48:43.852+0000] {processor.py:157} INFO - Started process (PID=12973) to work on /opt/airflow/dags/simple_pipeline.py
[2024-03-14T04:48:43.854+0000] {processor.py:829} INFO - Processing file /opt/airflow/dags/simple_pipeline.py for tasks to queue
[2024-03-14T04:48:43.855+0000] {logging_mixin.py:154} INFO - [2024-03-14T04:48:43.855+0000] {dagbag.py:536} INFO - Filling up the DagBag from /opt/airflow/dags/simple_pipeline.py
[2024-03-14T04:48:43.859+0000] {processor.py:841} WARNING - No viable dags retrieved from /opt/airflow/dags/simple_pipeline.py
[2024-03-14T04:48:43.877+0000] {processor.py:179} INFO - Processing /opt/airflow/dags/simple_pipeline.py took 0.029 seconds
[2024-03-14T04:49:14.275+0000] {processor.py:157} INFO - Started process (PID=12995) to work on /opt/airflow/dags/simple_pipeline.py
[2024-03-14T04:49:14.276+0000] {processor.py:829} INFO - Processing file /opt/airflow/dags/simple_pipeline.py for tasks to queue
[2024-03-14T04:49:14.277+0000] {logging_mixin.py:154} INFO - [2024-03-14T04:49:14.276+0000] {dagbag.py:536} INFO - Filling up the DagBag from /opt/airflow/dags/simple_pipeline.py
[2024-03-14T04:49:14.281+0000] {processor.py:841} WARNING - No viable dags retrieved from /opt/airflow/dags/simple_pipeline.py
[2024-03-14T04:49:14.296+0000] {processor.py:179} INFO - Processing /opt/airflow/dags/simple_pipeline.py took 0.025 seconds
[2024-03-14T04:49:44.656+0000] {processor.py:157} INFO - Started process (PID=13017) to work on /opt/airflow/dags/simple_pipeline.py
[2024-03-14T04:49:44.658+0000] {processor.py:829} INFO - Processing file /opt/airflow/dags/simple_pipeline.py for tasks to queue
[2024-03-14T04:49:44.659+0000] {logging_mixin.py:154} INFO - [2024-03-14T04:49:44.658+0000] {dagbag.py:536} INFO - Filling up the DagBag from /opt/airflow/dags/simple_pipeline.py
[2024-03-14T04:49:44.662+0000] {processor.py:841} WARNING - No viable dags retrieved from /opt/airflow/dags/simple_pipeline.py
[2024-03-14T04:49:44.675+0000] {processor.py:179} INFO - Processing /opt/airflow/dags/simple_pipeline.py took 0.023 seconds
[2024-03-14T04:50:14.995+0000] {processor.py:157} INFO - Started process (PID=13039) to work on /opt/airflow/dags/simple_pipeline.py
[2024-03-14T04:50:14.996+0000] {processor.py:829} INFO - Processing file /opt/airflow/dags/simple_pipeline.py for tasks to queue
[2024-03-14T04:50:14.997+0000] {logging_mixin.py:154} INFO - [2024-03-14T04:50:14.997+0000] {dagbag.py:536} INFO - Filling up the DagBag from /opt/airflow/dags/simple_pipeline.py
[2024-03-14T04:50:15.000+0000] {processor.py:841} WARNING - No viable dags retrieved from /opt/airflow/dags/simple_pipeline.py
[2024-03-14T04:50:15.011+0000] {processor.py:179} INFO - Processing /opt/airflow/dags/simple_pipeline.py took 0.018 seconds
[2024-03-14T04:50:45.359+0000] {processor.py:157} INFO - Started process (PID=13061) to work on /opt/airflow/dags/simple_pipeline.py
[2024-03-14T04:50:45.359+0000] {processor.py:829} INFO - Processing file /opt/airflow/dags/simple_pipeline.py for tasks to queue
[2024-03-14T04:50:45.360+0000] {logging_mixin.py:154} INFO - [2024-03-14T04:50:45.360+0000] {dagbag.py:536} INFO - Filling up the DagBag from /opt/airflow/dags/simple_pipeline.py
[2024-03-14T04:50:45.362+0000] {processor.py:841} WARNING - No viable dags retrieved from /opt/airflow/dags/simple_pipeline.py
[2024-03-14T04:50:45.372+0000] {processor.py:179} INFO - Processing /opt/airflow/dags/simple_pipeline.py took 0.015 seconds
[2024-03-14T04:51:15.706+0000] {processor.py:157} INFO - Started process (PID=13083) to work on /opt/airflow/dags/simple_pipeline.py
[2024-03-14T04:51:15.707+0000] {processor.py:829} INFO - Processing file /opt/airflow/dags/simple_pipeline.py for tasks to queue
[2024-03-14T04:51:15.708+0000] {logging_mixin.py:154} INFO - [2024-03-14T04:51:15.708+0000] {dagbag.py:536} INFO - Filling up the DagBag from /opt/airflow/dags/simple_pipeline.py
[2024-03-14T04:51:15.711+0000] {processor.py:841} WARNING - No viable dags retrieved from /opt/airflow/dags/simple_pipeline.py
[2024-03-14T04:51:15.726+0000] {processor.py:179} INFO - Processing /opt/airflow/dags/simple_pipeline.py took 0.023 seconds
[2024-03-14T04:51:46.108+0000] {processor.py:157} INFO - Started process (PID=13105) to work on /opt/airflow/dags/simple_pipeline.py
[2024-03-14T04:51:46.110+0000] {processor.py:829} INFO - Processing file /opt/airflow/dags/simple_pipeline.py for tasks to queue
[2024-03-14T04:51:46.111+0000] {logging_mixin.py:154} INFO - [2024-03-14T04:51:46.110+0000] {dagbag.py:536} INFO - Filling up the DagBag from /opt/airflow/dags/simple_pipeline.py
[2024-03-14T04:51:46.114+0000] {processor.py:841} WARNING - No viable dags retrieved from /opt/airflow/dags/simple_pipeline.py
[2024-03-14T04:51:46.130+0000] {processor.py:179} INFO - Processing /opt/airflow/dags/simple_pipeline.py took 0.026 seconds
[2024-03-14T04:52:16.495+0000] {processor.py:157} INFO - Started process (PID=13126) to work on /opt/airflow/dags/simple_pipeline.py
[2024-03-14T04:52:16.496+0000] {processor.py:829} INFO - Processing file /opt/airflow/dags/simple_pipeline.py for tasks to queue
[2024-03-14T04:52:16.497+0000] {logging_mixin.py:154} INFO - [2024-03-14T04:52:16.497+0000] {dagbag.py:536} INFO - Filling up the DagBag from /opt/airflow/dags/simple_pipeline.py
[2024-03-14T04:52:16.501+0000] {processor.py:841} WARNING - No viable dags retrieved from /opt/airflow/dags/simple_pipeline.py
[2024-03-14T04:52:16.515+0000] {processor.py:179} INFO - Processing /opt/airflow/dags/simple_pipeline.py took 0.024 seconds
[2024-03-14T04:52:46.878+0000] {processor.py:157} INFO - Started process (PID=13148) to work on /opt/airflow/dags/simple_pipeline.py
[2024-03-14T04:52:46.879+0000] {processor.py:829} INFO - Processing file /opt/airflow/dags/simple_pipeline.py for tasks to queue
[2024-03-14T04:52:46.880+0000] {logging_mixin.py:154} INFO - [2024-03-14T04:52:46.880+0000] {dagbag.py:536} INFO - Filling up the DagBag from /opt/airflow/dags/simple_pipeline.py
[2024-03-14T04:52:46.884+0000] {processor.py:841} WARNING - No viable dags retrieved from /opt/airflow/dags/simple_pipeline.py
[2024-03-14T04:52:46.899+0000] {processor.py:179} INFO - Processing /opt/airflow/dags/simple_pipeline.py took 0.025 seconds
[2024-03-14T04:53:17.322+0000] {processor.py:157} INFO - Started process (PID=13170) to work on /opt/airflow/dags/simple_pipeline.py
[2024-03-14T04:53:17.323+0000] {processor.py:829} INFO - Processing file /opt/airflow/dags/simple_pipeline.py for tasks to queue
[2024-03-14T04:53:17.324+0000] {logging_mixin.py:154} INFO - [2024-03-14T04:53:17.324+0000] {dagbag.py:536} INFO - Filling up the DagBag from /opt/airflow/dags/simple_pipeline.py
[2024-03-14T04:53:17.329+0000] {processor.py:841} WARNING - No viable dags retrieved from /opt/airflow/dags/simple_pipeline.py
[2024-03-14T04:53:17.351+0000] {processor.py:179} INFO - Processing /opt/airflow/dags/simple_pipeline.py took 0.034 seconds
[2024-03-14T04:53:47.794+0000] {processor.py:157} INFO - Started process (PID=13192) to work on /opt/airflow/dags/simple_pipeline.py
[2024-03-14T04:53:47.795+0000] {processor.py:829} INFO - Processing file /opt/airflow/dags/simple_pipeline.py for tasks to queue
[2024-03-14T04:53:47.796+0000] {logging_mixin.py:154} INFO - [2024-03-14T04:53:47.796+0000] {dagbag.py:536} INFO - Filling up the DagBag from /opt/airflow/dags/simple_pipeline.py
[2024-03-14T04:53:47.800+0000] {processor.py:841} WARNING - No viable dags retrieved from /opt/airflow/dags/simple_pipeline.py
[2024-03-14T04:53:47.814+0000] {processor.py:179} INFO - Processing /opt/airflow/dags/simple_pipeline.py took 0.025 seconds
[2024-03-14T04:54:18.208+0000] {processor.py:157} INFO - Started process (PID=13214) to work on /opt/airflow/dags/simple_pipeline.py
[2024-03-14T04:54:18.210+0000] {processor.py:829} INFO - Processing file /opt/airflow/dags/simple_pipeline.py for tasks to queue
[2024-03-14T04:54:18.211+0000] {logging_mixin.py:154} INFO - [2024-03-14T04:54:18.210+0000] {dagbag.py:536} INFO - Filling up the DagBag from /opt/airflow/dags/simple_pipeline.py
[2024-03-14T04:54:18.215+0000] {processor.py:841} WARNING - No viable dags retrieved from /opt/airflow/dags/simple_pipeline.py
[2024-03-14T04:54:18.228+0000] {processor.py:179} INFO - Processing /opt/airflow/dags/simple_pipeline.py took 0.024 seconds
[2024-03-14T04:54:48.661+0000] {processor.py:157} INFO - Started process (PID=13236) to work on /opt/airflow/dags/simple_pipeline.py
[2024-03-14T04:54:48.662+0000] {processor.py:829} INFO - Processing file /opt/airflow/dags/simple_pipeline.py for tasks to queue
[2024-03-14T04:54:48.663+0000] {logging_mixin.py:154} INFO - [2024-03-14T04:54:48.663+0000] {dagbag.py:536} INFO - Filling up the DagBag from /opt/airflow/dags/simple_pipeline.py
[2024-03-14T04:54:48.667+0000] {processor.py:841} WARNING - No viable dags retrieved from /opt/airflow/dags/simple_pipeline.py
[2024-03-14T04:54:48.683+0000] {processor.py:179} INFO - Processing /opt/airflow/dags/simple_pipeline.py took 0.027 seconds
[2024-03-14T04:55:19.069+0000] {processor.py:157} INFO - Started process (PID=13258) to work on /opt/airflow/dags/simple_pipeline.py
[2024-03-14T04:55:19.070+0000] {processor.py:829} INFO - Processing file /opt/airflow/dags/simple_pipeline.py for tasks to queue
[2024-03-14T04:55:19.072+0000] {logging_mixin.py:154} INFO - [2024-03-14T04:55:19.071+0000] {dagbag.py:536} INFO - Filling up the DagBag from /opt/airflow/dags/simple_pipeline.py
[2024-03-14T04:55:19.076+0000] {processor.py:841} WARNING - No viable dags retrieved from /opt/airflow/dags/simple_pipeline.py
[2024-03-14T04:55:19.090+0000] {processor.py:179} INFO - Processing /opt/airflow/dags/simple_pipeline.py took 0.025 seconds
[2024-03-14T04:55:49.422+0000] {processor.py:157} INFO - Started process (PID=13280) to work on /opt/airflow/dags/simple_pipeline.py
[2024-03-14T04:55:49.423+0000] {processor.py:829} INFO - Processing file /opt/airflow/dags/simple_pipeline.py for tasks to queue
[2024-03-14T04:55:49.424+0000] {logging_mixin.py:154} INFO - [2024-03-14T04:55:49.424+0000] {dagbag.py:536} INFO - Filling up the DagBag from /opt/airflow/dags/simple_pipeline.py
[2024-03-14T04:55:49.428+0000] {processor.py:841} WARNING - No viable dags retrieved from /opt/airflow/dags/simple_pipeline.py
[2024-03-14T04:55:49.442+0000] {processor.py:179} INFO - Processing /opt/airflow/dags/simple_pipeline.py took 0.023 seconds
[2024-03-14T04:56:19.773+0000] {processor.py:157} INFO - Started process (PID=13302) to work on /opt/airflow/dags/simple_pipeline.py
[2024-03-14T04:56:19.774+0000] {processor.py:829} INFO - Processing file /opt/airflow/dags/simple_pipeline.py for tasks to queue
[2024-03-14T04:56:19.775+0000] {logging_mixin.py:154} INFO - [2024-03-14T04:56:19.775+0000] {dagbag.py:536} INFO - Filling up the DagBag from /opt/airflow/dags/simple_pipeline.py
[2024-03-14T04:56:19.779+0000] {processor.py:841} WARNING - No viable dags retrieved from /opt/airflow/dags/simple_pipeline.py
[2024-03-14T04:56:19.791+0000] {processor.py:179} INFO - Processing /opt/airflow/dags/simple_pipeline.py took 0.021 seconds
[2024-03-14T04:56:50.198+0000] {processor.py:157} INFO - Started process (PID=13324) to work on /opt/airflow/dags/simple_pipeline.py
[2024-03-14T04:56:50.199+0000] {processor.py:829} INFO - Processing file /opt/airflow/dags/simple_pipeline.py for tasks to queue
[2024-03-14T04:56:50.200+0000] {logging_mixin.py:154} INFO - [2024-03-14T04:56:50.200+0000] {dagbag.py:536} INFO - Filling up the DagBag from /opt/airflow/dags/simple_pipeline.py
[2024-03-14T04:56:50.204+0000] {processor.py:841} WARNING - No viable dags retrieved from /opt/airflow/dags/simple_pipeline.py
[2024-03-14T04:56:50.217+0000] {processor.py:179} INFO - Processing /opt/airflow/dags/simple_pipeline.py took 0.022 seconds
[2024-03-14T04:57:20.569+0000] {processor.py:157} INFO - Started process (PID=13346) to work on /opt/airflow/dags/simple_pipeline.py
[2024-03-14T04:57:20.570+0000] {processor.py:829} INFO - Processing file /opt/airflow/dags/simple_pipeline.py for tasks to queue
[2024-03-14T04:57:20.571+0000] {logging_mixin.py:154} INFO - [2024-03-14T04:57:20.571+0000] {dagbag.py:536} INFO - Filling up the DagBag from /opt/airflow/dags/simple_pipeline.py
[2024-03-14T04:57:20.576+0000] {processor.py:841} WARNING - No viable dags retrieved from /opt/airflow/dags/simple_pipeline.py
[2024-03-14T04:57:20.589+0000] {processor.py:179} INFO - Processing /opt/airflow/dags/simple_pipeline.py took 0.024 seconds
[2024-03-14T04:57:50.975+0000] {processor.py:157} INFO - Started process (PID=13368) to work on /opt/airflow/dags/simple_pipeline.py
[2024-03-14T04:57:50.976+0000] {processor.py:829} INFO - Processing file /opt/airflow/dags/simple_pipeline.py for tasks to queue
[2024-03-14T04:57:50.977+0000] {logging_mixin.py:154} INFO - [2024-03-14T04:57:50.976+0000] {dagbag.py:536} INFO - Filling up the DagBag from /opt/airflow/dags/simple_pipeline.py
[2024-03-14T04:57:50.980+0000] {processor.py:841} WARNING - No viable dags retrieved from /opt/airflow/dags/simple_pipeline.py
[2024-03-14T04:57:50.996+0000] {processor.py:179} INFO - Processing /opt/airflow/dags/simple_pipeline.py took 0.025 seconds
[2024-03-14T04:58:21.371+0000] {processor.py:157} INFO - Started process (PID=13390) to work on /opt/airflow/dags/simple_pipeline.py
[2024-03-14T04:58:21.373+0000] {processor.py:829} INFO - Processing file /opt/airflow/dags/simple_pipeline.py for tasks to queue
[2024-03-14T04:58:21.374+0000] {logging_mixin.py:154} INFO - [2024-03-14T04:58:21.374+0000] {dagbag.py:536} INFO - Filling up the DagBag from /opt/airflow/dags/simple_pipeline.py
[2024-03-14T04:58:21.378+0000] {processor.py:841} WARNING - No viable dags retrieved from /opt/airflow/dags/simple_pipeline.py
[2024-03-14T04:58:21.393+0000] {processor.py:179} INFO - Processing /opt/airflow/dags/simple_pipeline.py took 0.026 seconds
[2024-03-14T04:58:51.787+0000] {processor.py:157} INFO - Started process (PID=13412) to work on /opt/airflow/dags/simple_pipeline.py
[2024-03-14T04:58:51.789+0000] {processor.py:829} INFO - Processing file /opt/airflow/dags/simple_pipeline.py for tasks to queue
[2024-03-14T04:58:51.790+0000] {logging_mixin.py:154} INFO - [2024-03-14T04:58:51.790+0000] {dagbag.py:536} INFO - Filling up the DagBag from /opt/airflow/dags/simple_pipeline.py
[2024-03-14T04:58:51.794+0000] {processor.py:841} WARNING - No viable dags retrieved from /opt/airflow/dags/simple_pipeline.py
[2024-03-14T04:58:51.807+0000] {processor.py:179} INFO - Processing /opt/airflow/dags/simple_pipeline.py took 0.024 seconds
[2024-03-14T04:59:22.149+0000] {processor.py:157} INFO - Started process (PID=13433) to work on /opt/airflow/dags/simple_pipeline.py
[2024-03-14T04:59:22.150+0000] {processor.py:829} INFO - Processing file /opt/airflow/dags/simple_pipeline.py for tasks to queue
[2024-03-14T04:59:22.151+0000] {logging_mixin.py:154} INFO - [2024-03-14T04:59:22.151+0000] {dagbag.py:536} INFO - Filling up the DagBag from /opt/airflow/dags/simple_pipeline.py
[2024-03-14T04:59:22.155+0000] {processor.py:841} WARNING - No viable dags retrieved from /opt/airflow/dags/simple_pipeline.py
[2024-03-14T04:59:22.166+0000] {processor.py:179} INFO - Processing /opt/airflow/dags/simple_pipeline.py took 0.021 seconds
[2024-03-14T04:59:52.534+0000] {processor.py:157} INFO - Started process (PID=13455) to work on /opt/airflow/dags/simple_pipeline.py
[2024-03-14T04:59:52.535+0000] {processor.py:829} INFO - Processing file /opt/airflow/dags/simple_pipeline.py for tasks to queue
[2024-03-14T04:59:52.536+0000] {logging_mixin.py:154} INFO - [2024-03-14T04:59:52.536+0000] {dagbag.py:536} INFO - Filling up the DagBag from /opt/airflow/dags/simple_pipeline.py
[2024-03-14T04:59:52.540+0000] {processor.py:841} WARNING - No viable dags retrieved from /opt/airflow/dags/simple_pipeline.py
[2024-03-14T04:59:52.553+0000] {processor.py:179} INFO - Processing /opt/airflow/dags/simple_pipeline.py took 0.022 seconds
[2024-03-14T05:00:22.911+0000] {processor.py:157} INFO - Started process (PID=13476) to work on /opt/airflow/dags/simple_pipeline.py
[2024-03-14T05:00:22.912+0000] {processor.py:829} INFO - Processing file /opt/airflow/dags/simple_pipeline.py for tasks to queue
[2024-03-14T05:00:22.913+0000] {logging_mixin.py:154} INFO - [2024-03-14T05:00:22.913+0000] {dagbag.py:536} INFO - Filling up the DagBag from /opt/airflow/dags/simple_pipeline.py
[2024-03-14T05:00:22.917+0000] {processor.py:841} WARNING - No viable dags retrieved from /opt/airflow/dags/simple_pipeline.py
[2024-03-14T05:00:22.940+0000] {processor.py:179} INFO - Processing /opt/airflow/dags/simple_pipeline.py took 0.031 seconds
[2024-03-14T05:00:53.330+0000] {processor.py:157} INFO - Started process (PID=13499) to work on /opt/airflow/dags/simple_pipeline.py
[2024-03-14T05:00:53.330+0000] {processor.py:829} INFO - Processing file /opt/airflow/dags/simple_pipeline.py for tasks to queue
[2024-03-14T05:00:53.331+0000] {logging_mixin.py:154} INFO - [2024-03-14T05:00:53.331+0000] {dagbag.py:536} INFO - Filling up the DagBag from /opt/airflow/dags/simple_pipeline.py
[2024-03-14T05:00:53.334+0000] {processor.py:841} WARNING - No viable dags retrieved from /opt/airflow/dags/simple_pipeline.py
[2024-03-14T05:00:53.343+0000] {processor.py:179} INFO - Processing /opt/airflow/dags/simple_pipeline.py took 0.016 seconds
[2024-03-14T05:01:23.700+0000] {processor.py:157} INFO - Started process (PID=13521) to work on /opt/airflow/dags/simple_pipeline.py
[2024-03-14T05:01:23.701+0000] {processor.py:829} INFO - Processing file /opt/airflow/dags/simple_pipeline.py for tasks to queue
[2024-03-14T05:01:23.701+0000] {logging_mixin.py:154} INFO - [2024-03-14T05:01:23.701+0000] {dagbag.py:536} INFO - Filling up the DagBag from /opt/airflow/dags/simple_pipeline.py
[2024-03-14T05:01:23.704+0000] {processor.py:841} WARNING - No viable dags retrieved from /opt/airflow/dags/simple_pipeline.py
[2024-03-14T05:01:23.715+0000] {processor.py:179} INFO - Processing /opt/airflow/dags/simple_pipeline.py took 0.018 seconds
[2024-03-14T05:01:54.057+0000] {processor.py:157} INFO - Started process (PID=13543) to work on /opt/airflow/dags/simple_pipeline.py
[2024-03-14T05:01:54.058+0000] {processor.py:829} INFO - Processing file /opt/airflow/dags/simple_pipeline.py for tasks to queue
[2024-03-14T05:01:54.060+0000] {logging_mixin.py:154} INFO - [2024-03-14T05:01:54.059+0000] {dagbag.py:536} INFO - Filling up the DagBag from /opt/airflow/dags/simple_pipeline.py
[2024-03-14T05:01:54.064+0000] {processor.py:841} WARNING - No viable dags retrieved from /opt/airflow/dags/simple_pipeline.py
[2024-03-14T05:01:54.077+0000] {processor.py:179} INFO - Processing /opt/airflow/dags/simple_pipeline.py took 0.024 seconds
[2024-03-14T05:02:24.450+0000] {processor.py:157} INFO - Started process (PID=13565) to work on /opt/airflow/dags/simple_pipeline.py
[2024-03-14T05:02:24.451+0000] {processor.py:829} INFO - Processing file /opt/airflow/dags/simple_pipeline.py for tasks to queue
[2024-03-14T05:02:24.452+0000] {logging_mixin.py:154} INFO - [2024-03-14T05:02:24.451+0000] {dagbag.py:536} INFO - Filling up the DagBag from /opt/airflow/dags/simple_pipeline.py
[2024-03-14T05:02:24.456+0000] {processor.py:841} WARNING - No viable dags retrieved from /opt/airflow/dags/simple_pipeline.py
[2024-03-14T05:02:24.469+0000] {processor.py:179} INFO - Processing /opt/airflow/dags/simple_pipeline.py took 0.024 seconds
[2024-03-14T05:02:54.845+0000] {processor.py:157} INFO - Started process (PID=13587) to work on /opt/airflow/dags/simple_pipeline.py
[2024-03-14T05:02:54.847+0000] {processor.py:829} INFO - Processing file /opt/airflow/dags/simple_pipeline.py for tasks to queue
[2024-03-14T05:02:54.848+0000] {logging_mixin.py:154} INFO - [2024-03-14T05:02:54.847+0000] {dagbag.py:536} INFO - Filling up the DagBag from /opt/airflow/dags/simple_pipeline.py
[2024-03-14T05:02:54.851+0000] {processor.py:841} WARNING - No viable dags retrieved from /opt/airflow/dags/simple_pipeline.py
[2024-03-14T05:02:54.867+0000] {processor.py:179} INFO - Processing /opt/airflow/dags/simple_pipeline.py took 0.025 seconds
[2024-03-14T05:03:25.258+0000] {processor.py:157} INFO - Started process (PID=13609) to work on /opt/airflow/dags/simple_pipeline.py
[2024-03-14T05:03:25.259+0000] {processor.py:829} INFO - Processing file /opt/airflow/dags/simple_pipeline.py for tasks to queue
[2024-03-14T05:03:25.260+0000] {logging_mixin.py:154} INFO - [2024-03-14T05:03:25.260+0000] {dagbag.py:536} INFO - Filling up the DagBag from /opt/airflow/dags/simple_pipeline.py
[2024-03-14T05:03:25.264+0000] {processor.py:841} WARNING - No viable dags retrieved from /opt/airflow/dags/simple_pipeline.py
[2024-03-14T05:03:25.277+0000] {processor.py:179} INFO - Processing /opt/airflow/dags/simple_pipeline.py took 0.022 seconds
[2024-03-14T05:03:55.655+0000] {processor.py:157} INFO - Started process (PID=13631) to work on /opt/airflow/dags/simple_pipeline.py
[2024-03-14T05:03:55.656+0000] {processor.py:829} INFO - Processing file /opt/airflow/dags/simple_pipeline.py for tasks to queue
[2024-03-14T05:03:55.656+0000] {logging_mixin.py:154} INFO - [2024-03-14T05:03:55.656+0000] {dagbag.py:536} INFO - Filling up the DagBag from /opt/airflow/dags/simple_pipeline.py
[2024-03-14T05:03:55.659+0000] {processor.py:841} WARNING - No viable dags retrieved from /opt/airflow/dags/simple_pipeline.py
[2024-03-14T05:03:55.674+0000] {processor.py:179} INFO - Processing /opt/airflow/dags/simple_pipeline.py took 0.023 seconds
[2024-03-14T05:04:26.039+0000] {processor.py:157} INFO - Started process (PID=13653) to work on /opt/airflow/dags/simple_pipeline.py
[2024-03-14T05:04:26.040+0000] {processor.py:829} INFO - Processing file /opt/airflow/dags/simple_pipeline.py for tasks to queue
[2024-03-14T05:04:26.041+0000] {logging_mixin.py:154} INFO - [2024-03-14T05:04:26.040+0000] {dagbag.py:536} INFO - Filling up the DagBag from /opt/airflow/dags/simple_pipeline.py
[2024-03-14T05:04:26.046+0000] {processor.py:841} WARNING - No viable dags retrieved from /opt/airflow/dags/simple_pipeline.py
[2024-03-14T05:04:26.063+0000] {processor.py:179} INFO - Processing /opt/airflow/dags/simple_pipeline.py took 0.028 seconds
[2024-03-14T05:04:56.400+0000] {processor.py:157} INFO - Started process (PID=13675) to work on /opt/airflow/dags/simple_pipeline.py
[2024-03-14T05:04:56.401+0000] {processor.py:829} INFO - Processing file /opt/airflow/dags/simple_pipeline.py for tasks to queue
[2024-03-14T05:04:56.404+0000] {logging_mixin.py:154} INFO - [2024-03-14T05:04:56.403+0000] {dagbag.py:536} INFO - Filling up the DagBag from /opt/airflow/dags/simple_pipeline.py
[2024-03-14T05:04:56.410+0000] {processor.py:841} WARNING - No viable dags retrieved from /opt/airflow/dags/simple_pipeline.py
[2024-03-14T05:04:56.427+0000] {processor.py:179} INFO - Processing /opt/airflow/dags/simple_pipeline.py took 0.030 seconds
[2024-03-14T05:05:26.847+0000] {processor.py:157} INFO - Started process (PID=13697) to work on /opt/airflow/dags/simple_pipeline.py
[2024-03-14T05:05:26.849+0000] {processor.py:829} INFO - Processing file /opt/airflow/dags/simple_pipeline.py for tasks to queue
[2024-03-14T05:05:26.851+0000] {logging_mixin.py:154} INFO - [2024-03-14T05:05:26.850+0000] {dagbag.py:536} INFO - Filling up the DagBag from /opt/airflow/dags/simple_pipeline.py
[2024-03-14T05:05:26.857+0000] {processor.py:841} WARNING - No viable dags retrieved from /opt/airflow/dags/simple_pipeline.py
[2024-03-14T05:05:26.871+0000] {processor.py:179} INFO - Processing /opt/airflow/dags/simple_pipeline.py took 0.028 seconds
[2024-03-14T05:05:57.228+0000] {processor.py:157} INFO - Started process (PID=13719) to work on /opt/airflow/dags/simple_pipeline.py
[2024-03-14T05:05:57.229+0000] {processor.py:829} INFO - Processing file /opt/airflow/dags/simple_pipeline.py for tasks to queue
[2024-03-14T05:05:57.231+0000] {logging_mixin.py:154} INFO - [2024-03-14T05:05:57.230+0000] {dagbag.py:536} INFO - Filling up the DagBag from /opt/airflow/dags/simple_pipeline.py
[2024-03-14T05:05:57.236+0000] {processor.py:841} WARNING - No viable dags retrieved from /opt/airflow/dags/simple_pipeline.py
[2024-03-14T05:05:57.253+0000] {processor.py:179} INFO - Processing /opt/airflow/dags/simple_pipeline.py took 0.028 seconds
[2024-03-14T05:06:27.698+0000] {processor.py:157} INFO - Started process (PID=13741) to work on /opt/airflow/dags/simple_pipeline.py
[2024-03-14T05:06:27.699+0000] {processor.py:829} INFO - Processing file /opt/airflow/dags/simple_pipeline.py for tasks to queue
[2024-03-14T05:06:27.700+0000] {logging_mixin.py:154} INFO - [2024-03-14T05:06:27.700+0000] {dagbag.py:536} INFO - Filling up the DagBag from /opt/airflow/dags/simple_pipeline.py
[2024-03-14T05:06:27.704+0000] {processor.py:841} WARNING - No viable dags retrieved from /opt/airflow/dags/simple_pipeline.py
[2024-03-14T05:06:27.716+0000] {processor.py:179} INFO - Processing /opt/airflow/dags/simple_pipeline.py took 0.022 seconds
[2024-03-14T05:06:58.085+0000] {processor.py:157} INFO - Started process (PID=13763) to work on /opt/airflow/dags/simple_pipeline.py
[2024-03-14T05:06:58.086+0000] {processor.py:829} INFO - Processing file /opt/airflow/dags/simple_pipeline.py for tasks to queue
[2024-03-14T05:06:58.087+0000] {logging_mixin.py:154} INFO - [2024-03-14T05:06:58.087+0000] {dagbag.py:536} INFO - Filling up the DagBag from /opt/airflow/dags/simple_pipeline.py
[2024-03-14T05:06:58.091+0000] {processor.py:841} WARNING - No viable dags retrieved from /opt/airflow/dags/simple_pipeline.py
[2024-03-14T05:06:58.103+0000] {processor.py:179} INFO - Processing /opt/airflow/dags/simple_pipeline.py took 0.021 seconds
[2024-03-14T05:07:28.544+0000] {processor.py:157} INFO - Started process (PID=13785) to work on /opt/airflow/dags/simple_pipeline.py
[2024-03-14T05:07:28.545+0000] {processor.py:829} INFO - Processing file /opt/airflow/dags/simple_pipeline.py for tasks to queue
[2024-03-14T05:07:28.546+0000] {logging_mixin.py:154} INFO - [2024-03-14T05:07:28.545+0000] {dagbag.py:536} INFO - Filling up the DagBag from /opt/airflow/dags/simple_pipeline.py
[2024-03-14T05:07:28.550+0000] {processor.py:841} WARNING - No viable dags retrieved from /opt/airflow/dags/simple_pipeline.py
[2024-03-14T05:07:28.562+0000] {processor.py:179} INFO - Processing /opt/airflow/dags/simple_pipeline.py took 0.021 seconds
[2024-03-14T05:07:58.963+0000] {processor.py:157} INFO - Started process (PID=13807) to work on /opt/airflow/dags/simple_pipeline.py
[2024-03-14T05:07:58.964+0000] {processor.py:829} INFO - Processing file /opt/airflow/dags/simple_pipeline.py for tasks to queue
[2024-03-14T05:07:58.965+0000] {logging_mixin.py:154} INFO - [2024-03-14T05:07:58.965+0000] {dagbag.py:536} INFO - Filling up the DagBag from /opt/airflow/dags/simple_pipeline.py
[2024-03-14T05:07:58.969+0000] {processor.py:841} WARNING - No viable dags retrieved from /opt/airflow/dags/simple_pipeline.py
[2024-03-14T05:07:58.982+0000] {processor.py:179} INFO - Processing /opt/airflow/dags/simple_pipeline.py took 0.024 seconds
[2024-03-14T05:08:29.336+0000] {processor.py:157} INFO - Started process (PID=13829) to work on /opt/airflow/dags/simple_pipeline.py
[2024-03-14T05:08:29.337+0000] {processor.py:829} INFO - Processing file /opt/airflow/dags/simple_pipeline.py for tasks to queue
[2024-03-14T05:08:29.338+0000] {logging_mixin.py:154} INFO - [2024-03-14T05:08:29.338+0000] {dagbag.py:536} INFO - Filling up the DagBag from /opt/airflow/dags/simple_pipeline.py
[2024-03-14T05:08:29.342+0000] {processor.py:841} WARNING - No viable dags retrieved from /opt/airflow/dags/simple_pipeline.py
[2024-03-14T05:08:29.354+0000] {processor.py:179} INFO - Processing /opt/airflow/dags/simple_pipeline.py took 0.022 seconds
[2024-03-14T05:08:59.777+0000] {processor.py:157} INFO - Started process (PID=13851) to work on /opt/airflow/dags/simple_pipeline.py
[2024-03-14T05:08:59.778+0000] {processor.py:829} INFO - Processing file /opt/airflow/dags/simple_pipeline.py for tasks to queue
[2024-03-14T05:08:59.779+0000] {logging_mixin.py:154} INFO - [2024-03-14T05:08:59.779+0000] {dagbag.py:536} INFO - Filling up the DagBag from /opt/airflow/dags/simple_pipeline.py
[2024-03-14T05:08:59.783+0000] {processor.py:841} WARNING - No viable dags retrieved from /opt/airflow/dags/simple_pipeline.py
[2024-03-14T05:08:59.795+0000] {processor.py:179} INFO - Processing /opt/airflow/dags/simple_pipeline.py took 0.022 seconds
[2024-03-14T05:09:30.163+0000] {processor.py:157} INFO - Started process (PID=13873) to work on /opt/airflow/dags/simple_pipeline.py
[2024-03-14T05:09:30.165+0000] {processor.py:829} INFO - Processing file /opt/airflow/dags/simple_pipeline.py for tasks to queue
[2024-03-14T05:09:30.166+0000] {logging_mixin.py:154} INFO - [2024-03-14T05:09:30.165+0000] {dagbag.py:536} INFO - Filling up the DagBag from /opt/airflow/dags/simple_pipeline.py
[2024-03-14T05:09:30.170+0000] {processor.py:841} WARNING - No viable dags retrieved from /opt/airflow/dags/simple_pipeline.py
[2024-03-14T05:09:30.181+0000] {processor.py:179} INFO - Processing /opt/airflow/dags/simple_pipeline.py took 0.021 seconds
[2024-03-14T05:10:00.535+0000] {processor.py:157} INFO - Started process (PID=13895) to work on /opt/airflow/dags/simple_pipeline.py
[2024-03-14T05:10:00.536+0000] {processor.py:829} INFO - Processing file /opt/airflow/dags/simple_pipeline.py for tasks to queue
[2024-03-14T05:10:00.537+0000] {logging_mixin.py:154} INFO - [2024-03-14T05:10:00.537+0000] {dagbag.py:536} INFO - Filling up the DagBag from /opt/airflow/dags/simple_pipeline.py
[2024-03-14T05:10:00.541+0000] {processor.py:841} WARNING - No viable dags retrieved from /opt/airflow/dags/simple_pipeline.py
[2024-03-14T05:10:00.557+0000] {processor.py:179} INFO - Processing /opt/airflow/dags/simple_pipeline.py took 0.026 seconds
