[2024-09-09T17:31:32.375+0000] {taskinstance.py:1159} INFO - Dependencies all met for dep_context=non-requeueable deps ti=<TaskInstance: spark_job_dag.run_spark_job manual__2024-09-09T17:31:31.142708+00:00 [queued]>
[2024-09-09T17:31:32.382+0000] {taskinstance.py:1159} INFO - Dependencies all met for dep_context=requeueable deps ti=<TaskInstance: spark_job_dag.run_spark_job manual__2024-09-09T17:31:31.142708+00:00 [queued]>
[2024-09-09T17:31:32.382+0000] {taskinstance.py:1361} INFO - Starting attempt 1 of 2
[2024-09-09T17:31:32.393+0000] {taskinstance.py:1382} INFO - Executing <Task(SparkSubmitOperator): run_spark_job> on 2024-09-09 17:31:31.142708+00:00
[2024-09-09T17:31:32.397+0000] {standard_task_runner.py:57} INFO - Started process 934 to run task
[2024-09-09T17:31:32.399+0000] {standard_task_runner.py:84} INFO - Running: ['***', 'tasks', 'run', 'spark_job_dag', 'run_spark_job', 'manual__2024-09-09T17:31:31.142708+00:00', '--job-id', '14', '--raw', '--subdir', 'DAGS_FOLDER/simples3bucketpipeline.py', '--cfg-path', '/tmp/tmphm0jw5q2']
[2024-09-09T17:31:32.401+0000] {standard_task_runner.py:85} INFO - Job 14: Subtask run_spark_job
[2024-09-09T17:31:32.432+0000] {task_command.py:416} INFO - Running <TaskInstance: spark_job_dag.run_spark_job manual__2024-09-09T17:31:31.142708+00:00 [running]> on host 7cde20e91372
[2024-09-09T17:31:32.492+0000] {taskinstance.py:1662} INFO - Exporting env vars: AIRFLOW_CTX_DAG_OWNER='***' AIRFLOW_CTX_DAG_ID='spark_job_dag' AIRFLOW_CTX_TASK_ID='run_spark_job' AIRFLOW_CTX_EXECUTION_DATE='2024-09-09T17:31:31.142708+00:00' AIRFLOW_CTX_TRY_NUMBER='1' AIRFLOW_CTX_DAG_RUN_ID='manual__2024-09-09T17:31:31.142708+00:00'
[2024-09-09T17:31:32.501+0000] {base.py:73} INFO - Using connection ID 'test' for task execution.
[2024-09-09T17:31:32.502+0000] {spark_submit.py:403} INFO - Spark-Submit cmd: spark-submit --master spark://spark-master:7077:7077 --conf spark.master=spark://spark-master:7077 --executor-cores 2 --executor-memory 2g --name spark_job --verbose --deploy-mode client /tmp/spark_job.py
[2024-09-09T17:31:32.599+0000] {spark_submit.py:579} INFO - /home/***/.local/lib/python3.8/site-packages/pyspark/bin/load-spark-env.sh: line 68: ps: command not found
[2024-09-09T17:31:32.599+0000] {spark_submit.py:579} INFO - JAVA_HOME is not set
[2024-09-09T17:31:32.608+0000] {taskinstance.py:1937} ERROR - Task failed with exception
Traceback (most recent call last):
  File "/home/airflow/.local/lib/python3.8/site-packages/airflow/providers/apache/spark/operators/spark_submit.py", line 174, in execute
    self._hook.submit(self.application)
  File "/home/airflow/.local/lib/python3.8/site-packages/airflow/providers/apache/spark/hooks/spark_submit.py", line 505, in submit
    raise AirflowException(
airflow.exceptions.AirflowException: Cannot execute: spark-submit --master spark://spark-master:7077:7077 --conf spark.master=spark://spark-master:7077 --executor-cores 2 --executor-memory 2g --name spark_job --verbose --deploy-mode client /tmp/spark_job.py. Error code is: 1.
[2024-09-09T17:31:32.611+0000] {taskinstance.py:1400} INFO - Marking task as UP_FOR_RETRY. dag_id=spark_job_dag, task_id=run_spark_job, execution_date=20240909T173131, start_date=20240909T173132, end_date=20240909T173132
[2024-09-09T17:31:32.620+0000] {standard_task_runner.py:104} ERROR - Failed to execute job 14 for task run_spark_job (Cannot execute: spark-submit --master spark://spark-master:7077:7077 --conf spark.master=spark://spark-master:7077 --executor-cores 2 --executor-memory 2g --name spark_job --verbose --deploy-mode client /tmp/spark_job.py. Error code is: 1.; 934)
[2024-09-09T17:31:32.660+0000] {local_task_job_runner.py:228} INFO - Task exited with return code 1
[2024-09-09T17:31:32.671+0000] {taskinstance.py:2778} INFO - 0 downstream tasks scheduled from follow-on schedule check
