[2024-03-19T05:43:36.319+0000] {processor.py:157} INFO - Started process (PID=180) to work on /opt/airflow/dags/practice.py
[2024-03-19T05:43:36.320+0000] {processor.py:829} INFO - Processing file /opt/airflow/dags/practice.py for tasks to queue
[2024-03-19T05:43:36.321+0000] {logging_mixin.py:154} INFO - [2024-03-19T05:43:36.321+0000] {dagbag.py:536} INFO - Filling up the DagBag from /opt/airflow/dags/practice.py
[2024-03-19T05:43:36.333+0000] {processor.py:839} INFO - DAG(s) dict_keys(['Test_Operators']) retrieved from /opt/airflow/dags/practice.py
[2024-03-19T05:43:36.358+0000] {logging_mixin.py:154} INFO - [2024-03-19T05:43:36.358+0000] {dag.py:2941} INFO - Sync 1 DAGs
[2024-03-19T05:43:36.378+0000] {logging_mixin.py:154} INFO - [2024-03-19T05:43:36.378+0000] {dag.py:3722} INFO - Setting next_dagrun for Test_Operators to 2024-03-18T05:43:36.378164+00:00, run_after=2024-03-19T05:43:36.378164+00:00
[2024-03-19T05:43:36.391+0000] {processor.py:179} INFO - Processing /opt/airflow/dags/practice.py took 0.074 seconds
[2024-03-19T05:44:06.738+0000] {processor.py:157} INFO - Started process (PID=202) to work on /opt/airflow/dags/practice.py
[2024-03-19T05:44:06.739+0000] {processor.py:829} INFO - Processing file /opt/airflow/dags/practice.py for tasks to queue
[2024-03-19T05:44:06.740+0000] {logging_mixin.py:154} INFO - [2024-03-19T05:44:06.740+0000] {dagbag.py:536} INFO - Filling up the DagBag from /opt/airflow/dags/practice.py
[2024-03-19T05:44:06.748+0000] {processor.py:839} INFO - DAG(s) dict_keys(['Test_Operators']) retrieved from /opt/airflow/dags/practice.py
[2024-03-19T05:44:06.767+0000] {logging_mixin.py:154} INFO - [2024-03-19T05:44:06.767+0000] {dag.py:2941} INFO - Sync 1 DAGs
[2024-03-19T05:44:06.781+0000] {logging_mixin.py:154} INFO - [2024-03-19T05:44:06.781+0000] {dag.py:3722} INFO - Setting next_dagrun for Test_Operators to 2024-03-18T05:44:06.781672+00:00, run_after=2024-03-19T05:44:06.781672+00:00
[2024-03-19T05:44:06.792+0000] {processor.py:179} INFO - Processing /opt/airflow/dags/practice.py took 0.056 seconds
[2024-03-19T05:44:37.234+0000] {processor.py:157} INFO - Started process (PID=224) to work on /opt/airflow/dags/practice.py
[2024-03-19T05:44:37.236+0000] {processor.py:829} INFO - Processing file /opt/airflow/dags/practice.py for tasks to queue
[2024-03-19T05:44:37.237+0000] {logging_mixin.py:154} INFO - [2024-03-19T05:44:37.236+0000] {dagbag.py:536} INFO - Filling up the DagBag from /opt/airflow/dags/practice.py
[2024-03-19T05:44:37.250+0000] {processor.py:839} INFO - DAG(s) dict_keys(['Test_Operators']) retrieved from /opt/airflow/dags/practice.py
[2024-03-19T05:44:37.281+0000] {logging_mixin.py:154} INFO - [2024-03-19T05:44:37.280+0000] {dag.py:2941} INFO - Sync 1 DAGs
[2024-03-19T05:44:37.314+0000] {logging_mixin.py:154} INFO - [2024-03-19T05:44:37.314+0000] {dag.py:3722} INFO - Setting next_dagrun for Test_Operators to 2024-03-18T05:44:37.314242+00:00, run_after=2024-03-19T05:44:37.314242+00:00
[2024-03-19T05:44:37.332+0000] {processor.py:179} INFO - Processing /opt/airflow/dags/practice.py took 0.105 seconds
[2024-03-19T05:45:07.666+0000] {processor.py:157} INFO - Started process (PID=246) to work on /opt/airflow/dags/practice.py
[2024-03-19T05:45:07.667+0000] {processor.py:829} INFO - Processing file /opt/airflow/dags/practice.py for tasks to queue
[2024-03-19T05:45:07.667+0000] {logging_mixin.py:154} INFO - [2024-03-19T05:45:07.667+0000] {dagbag.py:536} INFO - Filling up the DagBag from /opt/airflow/dags/practice.py
[2024-03-19T05:45:07.676+0000] {processor.py:839} INFO - DAG(s) dict_keys(['Test_Operators']) retrieved from /opt/airflow/dags/practice.py
[2024-03-19T05:45:07.695+0000] {logging_mixin.py:154} INFO - [2024-03-19T05:45:07.694+0000] {dag.py:2941} INFO - Sync 1 DAGs
[2024-03-19T05:45:07.710+0000] {logging_mixin.py:154} INFO - [2024-03-19T05:45:07.710+0000] {dag.py:3722} INFO - Setting next_dagrun for Test_Operators to 2024-03-18T05:45:07.709931+00:00, run_after=2024-03-19T05:45:07.709931+00:00
[2024-03-19T05:45:07.720+0000] {processor.py:179} INFO - Processing /opt/airflow/dags/practice.py took 0.058 seconds
[2024-03-19T05:45:38.042+0000] {processor.py:157} INFO - Started process (PID=268) to work on /opt/airflow/dags/practice.py
[2024-03-19T05:45:38.043+0000] {processor.py:829} INFO - Processing file /opt/airflow/dags/practice.py for tasks to queue
[2024-03-19T05:45:38.044+0000] {logging_mixin.py:154} INFO - [2024-03-19T05:45:38.043+0000] {dagbag.py:536} INFO - Filling up the DagBag from /opt/airflow/dags/practice.py
[2024-03-19T05:45:38.052+0000] {processor.py:839} INFO - DAG(s) dict_keys(['Test_Operators']) retrieved from /opt/airflow/dags/practice.py
[2024-03-19T05:45:38.070+0000] {logging_mixin.py:154} INFO - [2024-03-19T05:45:38.070+0000] {dag.py:2941} INFO - Sync 1 DAGs
[2024-03-19T05:45:38.086+0000] {logging_mixin.py:154} INFO - [2024-03-19T05:45:38.086+0000] {dag.py:3722} INFO - Setting next_dagrun for Test_Operators to 2024-03-18T05:45:38.086594+00:00, run_after=2024-03-19T05:45:38.086594+00:00
[2024-03-19T05:45:38.097+0000] {processor.py:179} INFO - Processing /opt/airflow/dags/practice.py took 0.057 seconds
[2024-03-19T05:46:08.364+0000] {processor.py:157} INFO - Started process (PID=290) to work on /opt/airflow/dags/practice.py
[2024-03-19T05:46:08.365+0000] {processor.py:829} INFO - Processing file /opt/airflow/dags/practice.py for tasks to queue
[2024-03-19T05:46:08.366+0000] {logging_mixin.py:154} INFO - [2024-03-19T05:46:08.366+0000] {dagbag.py:536} INFO - Filling up the DagBag from /opt/airflow/dags/practice.py
[2024-03-19T05:46:08.374+0000] {processor.py:839} INFO - DAG(s) dict_keys(['Test_Operators']) retrieved from /opt/airflow/dags/practice.py
[2024-03-19T05:46:08.392+0000] {logging_mixin.py:154} INFO - [2024-03-19T05:46:08.392+0000] {dag.py:2941} INFO - Sync 1 DAGs
[2024-03-19T05:46:08.408+0000] {logging_mixin.py:154} INFO - [2024-03-19T05:46:08.408+0000] {dag.py:3722} INFO - Setting next_dagrun for Test_Operators to 2024-03-18T05:46:08.408422+00:00, run_after=2024-03-19T05:46:08.408422+00:00
[2024-03-19T05:46:08.420+0000] {processor.py:179} INFO - Processing /opt/airflow/dags/practice.py took 0.058 seconds
[2024-03-19T05:46:38.734+0000] {processor.py:157} INFO - Started process (PID=312) to work on /opt/airflow/dags/practice.py
[2024-03-19T05:46:38.735+0000] {processor.py:829} INFO - Processing file /opt/airflow/dags/practice.py for tasks to queue
[2024-03-19T05:46:38.736+0000] {logging_mixin.py:154} INFO - [2024-03-19T05:46:38.736+0000] {dagbag.py:536} INFO - Filling up the DagBag from /opt/airflow/dags/practice.py
[2024-03-19T05:46:38.745+0000] {processor.py:839} INFO - DAG(s) dict_keys(['Test_Operators']) retrieved from /opt/airflow/dags/practice.py
[2024-03-19T05:46:38.763+0000] {logging_mixin.py:154} INFO - [2024-03-19T05:46:38.763+0000] {dag.py:2941} INFO - Sync 1 DAGs
[2024-03-19T05:46:38.778+0000] {logging_mixin.py:154} INFO - [2024-03-19T05:46:38.778+0000] {dag.py:3722} INFO - Setting next_dagrun for Test_Operators to 2024-03-18T05:46:38.778093+00:00, run_after=2024-03-19T05:46:38.778093+00:00
[2024-03-19T05:46:38.790+0000] {processor.py:179} INFO - Processing /opt/airflow/dags/practice.py took 0.059 seconds
[2024-03-19T05:47:09.088+0000] {processor.py:157} INFO - Started process (PID=334) to work on /opt/airflow/dags/practice.py
[2024-03-19T05:47:09.089+0000] {processor.py:829} INFO - Processing file /opt/airflow/dags/practice.py for tasks to queue
[2024-03-19T05:47:09.090+0000] {logging_mixin.py:154} INFO - [2024-03-19T05:47:09.090+0000] {dagbag.py:536} INFO - Filling up the DagBag from /opt/airflow/dags/practice.py
[2024-03-19T05:47:09.101+0000] {processor.py:839} INFO - DAG(s) dict_keys(['Test_Operators']) retrieved from /opt/airflow/dags/practice.py
[2024-03-19T05:47:09.120+0000] {logging_mixin.py:154} INFO - [2024-03-19T05:47:09.120+0000] {dag.py:2941} INFO - Sync 1 DAGs
[2024-03-19T05:47:09.135+0000] {logging_mixin.py:154} INFO - [2024-03-19T05:47:09.135+0000] {dag.py:3722} INFO - Setting next_dagrun for Test_Operators to 2024-03-18T05:47:09.134931+00:00, run_after=2024-03-19T05:47:09.134931+00:00
[2024-03-19T05:47:09.146+0000] {processor.py:179} INFO - Processing /opt/airflow/dags/practice.py took 0.060 seconds
[2024-03-19T05:47:39.433+0000] {processor.py:157} INFO - Started process (PID=356) to work on /opt/airflow/dags/practice.py
[2024-03-19T05:47:39.434+0000] {processor.py:829} INFO - Processing file /opt/airflow/dags/practice.py for tasks to queue
[2024-03-19T05:47:39.434+0000] {logging_mixin.py:154} INFO - [2024-03-19T05:47:39.434+0000] {dagbag.py:536} INFO - Filling up the DagBag from /opt/airflow/dags/practice.py
[2024-03-19T05:47:39.442+0000] {processor.py:839} INFO - DAG(s) dict_keys(['Test_Operators']) retrieved from /opt/airflow/dags/practice.py
[2024-03-19T05:47:39.459+0000] {logging_mixin.py:154} INFO - [2024-03-19T05:47:39.459+0000] {dag.py:2941} INFO - Sync 1 DAGs
[2024-03-19T05:47:39.474+0000] {logging_mixin.py:154} INFO - [2024-03-19T05:47:39.473+0000] {dag.py:3722} INFO - Setting next_dagrun for Test_Operators to 2024-03-18T05:47:39.473809+00:00, run_after=2024-03-19T05:47:39.473809+00:00
[2024-03-19T05:47:39.485+0000] {processor.py:179} INFO - Processing /opt/airflow/dags/practice.py took 0.054 seconds
[2024-03-19T05:48:09.753+0000] {processor.py:157} INFO - Started process (PID=378) to work on /opt/airflow/dags/practice.py
[2024-03-19T05:48:09.753+0000] {processor.py:829} INFO - Processing file /opt/airflow/dags/practice.py for tasks to queue
[2024-03-19T05:48:09.754+0000] {logging_mixin.py:154} INFO - [2024-03-19T05:48:09.754+0000] {dagbag.py:536} INFO - Filling up the DagBag from /opt/airflow/dags/practice.py
[2024-03-19T05:48:09.762+0000] {processor.py:839} INFO - DAG(s) dict_keys(['Test_Operators']) retrieved from /opt/airflow/dags/practice.py
[2024-03-19T05:48:09.779+0000] {logging_mixin.py:154} INFO - [2024-03-19T05:48:09.779+0000] {dag.py:2941} INFO - Sync 1 DAGs
[2024-03-19T05:48:09.795+0000] {logging_mixin.py:154} INFO - [2024-03-19T05:48:09.795+0000] {dag.py:3722} INFO - Setting next_dagrun for Test_Operators to 2024-03-18T05:48:09.794944+00:00, run_after=2024-03-19T05:48:09.794944+00:00
[2024-03-19T05:48:09.806+0000] {processor.py:179} INFO - Processing /opt/airflow/dags/practice.py took 0.056 seconds
[2024-03-19T05:48:40.138+0000] {processor.py:157} INFO - Started process (PID=400) to work on /opt/airflow/dags/practice.py
[2024-03-19T05:48:40.139+0000] {processor.py:829} INFO - Processing file /opt/airflow/dags/practice.py for tasks to queue
[2024-03-19T05:48:40.140+0000] {logging_mixin.py:154} INFO - [2024-03-19T05:48:40.140+0000] {dagbag.py:536} INFO - Filling up the DagBag from /opt/airflow/dags/practice.py
[2024-03-19T05:48:40.148+0000] {processor.py:839} INFO - DAG(s) dict_keys(['Test_Operators']) retrieved from /opt/airflow/dags/practice.py
[2024-03-19T05:48:40.165+0000] {logging_mixin.py:154} INFO - [2024-03-19T05:48:40.165+0000] {dag.py:2941} INFO - Sync 1 DAGs
[2024-03-19T05:48:40.180+0000] {logging_mixin.py:154} INFO - [2024-03-19T05:48:40.180+0000] {dag.py:3722} INFO - Setting next_dagrun for Test_Operators to 2024-03-18T05:48:40.180078+00:00, run_after=2024-03-19T05:48:40.180078+00:00
[2024-03-19T05:48:40.191+0000] {processor.py:179} INFO - Processing /opt/airflow/dags/practice.py took 0.055 seconds
[2024-03-19T05:49:10.499+0000] {processor.py:157} INFO - Started process (PID=422) to work on /opt/airflow/dags/practice.py
[2024-03-19T05:49:10.500+0000] {processor.py:829} INFO - Processing file /opt/airflow/dags/practice.py for tasks to queue
[2024-03-19T05:49:10.501+0000] {logging_mixin.py:154} INFO - [2024-03-19T05:49:10.501+0000] {dagbag.py:536} INFO - Filling up the DagBag from /opt/airflow/dags/practice.py
[2024-03-19T05:49:10.509+0000] {processor.py:839} INFO - DAG(s) dict_keys(['Test_Operators']) retrieved from /opt/airflow/dags/practice.py
[2024-03-19T05:49:10.526+0000] {logging_mixin.py:154} INFO - [2024-03-19T05:49:10.526+0000] {dag.py:2941} INFO - Sync 1 DAGs
[2024-03-19T05:49:10.541+0000] {logging_mixin.py:154} INFO - [2024-03-19T05:49:10.541+0000] {dag.py:3722} INFO - Setting next_dagrun for Test_Operators to 2024-03-18T05:49:10.540921+00:00, run_after=2024-03-19T05:49:10.540921+00:00
[2024-03-19T05:49:10.552+0000] {processor.py:179} INFO - Processing /opt/airflow/dags/practice.py took 0.055 seconds
[2024-03-19T05:49:40.839+0000] {processor.py:157} INFO - Started process (PID=443) to work on /opt/airflow/dags/practice.py
[2024-03-19T05:49:40.840+0000] {processor.py:829} INFO - Processing file /opt/airflow/dags/practice.py for tasks to queue
[2024-03-19T05:49:40.841+0000] {logging_mixin.py:154} INFO - [2024-03-19T05:49:40.841+0000] {dagbag.py:536} INFO - Filling up the DagBag from /opt/airflow/dags/practice.py
[2024-03-19T05:49:40.849+0000] {processor.py:839} INFO - DAG(s) dict_keys(['Test_Operators']) retrieved from /opt/airflow/dags/practice.py
[2024-03-19T05:49:40.866+0000] {logging_mixin.py:154} INFO - [2024-03-19T05:49:40.866+0000] {dag.py:2941} INFO - Sync 1 DAGs
[2024-03-19T05:49:40.881+0000] {logging_mixin.py:154} INFO - [2024-03-19T05:49:40.881+0000] {dag.py:3722} INFO - Setting next_dagrun for Test_Operators to 2024-03-18T05:49:40.881298+00:00, run_after=2024-03-19T05:49:40.881298+00:00
[2024-03-19T05:49:40.892+0000] {processor.py:179} INFO - Processing /opt/airflow/dags/practice.py took 0.055 seconds
[2024-03-19T05:50:11.203+0000] {processor.py:157} INFO - Started process (PID=465) to work on /opt/airflow/dags/practice.py
[2024-03-19T05:50:11.204+0000] {processor.py:829} INFO - Processing file /opt/airflow/dags/practice.py for tasks to queue
[2024-03-19T05:50:11.204+0000] {logging_mixin.py:154} INFO - [2024-03-19T05:50:11.204+0000] {dagbag.py:536} INFO - Filling up the DagBag from /opt/airflow/dags/practice.py
[2024-03-19T05:50:11.212+0000] {processor.py:839} INFO - DAG(s) dict_keys(['Test_Operators']) retrieved from /opt/airflow/dags/practice.py
[2024-03-19T05:50:11.229+0000] {logging_mixin.py:154} INFO - [2024-03-19T05:50:11.229+0000] {dag.py:2941} INFO - Sync 1 DAGs
[2024-03-19T05:50:11.244+0000] {logging_mixin.py:154} INFO - [2024-03-19T05:50:11.244+0000] {dag.py:3722} INFO - Setting next_dagrun for Test_Operators to 2024-03-18T05:50:11.244210+00:00, run_after=2024-03-19T05:50:11.244210+00:00
[2024-03-19T05:50:11.255+0000] {processor.py:179} INFO - Processing /opt/airflow/dags/practice.py took 0.054 seconds
[2024-03-19T05:50:41.534+0000] {processor.py:157} INFO - Started process (PID=487) to work on /opt/airflow/dags/practice.py
[2024-03-19T05:50:41.535+0000] {processor.py:829} INFO - Processing file /opt/airflow/dags/practice.py for tasks to queue
[2024-03-19T05:50:41.535+0000] {logging_mixin.py:154} INFO - [2024-03-19T05:50:41.535+0000] {dagbag.py:536} INFO - Filling up the DagBag from /opt/airflow/dags/practice.py
[2024-03-19T05:50:41.546+0000] {processor.py:839} INFO - DAG(s) dict_keys(['Test_Operators']) retrieved from /opt/airflow/dags/practice.py
[2024-03-19T05:50:41.566+0000] {logging_mixin.py:154} INFO - [2024-03-19T05:50:41.566+0000] {dag.py:2941} INFO - Sync 1 DAGs
[2024-03-19T05:50:41.584+0000] {logging_mixin.py:154} INFO - [2024-03-19T05:50:41.584+0000] {dag.py:3722} INFO - Setting next_dagrun for Test_Operators to 2024-03-18T05:50:41.583902+00:00, run_after=2024-03-19T05:50:41.583902+00:00
[2024-03-19T05:50:41.597+0000] {processor.py:179} INFO - Processing /opt/airflow/dags/practice.py took 0.066 seconds
[2024-03-19T05:51:11.887+0000] {processor.py:157} INFO - Started process (PID=509) to work on /opt/airflow/dags/practice.py
[2024-03-19T05:51:11.888+0000] {processor.py:829} INFO - Processing file /opt/airflow/dags/practice.py for tasks to queue
[2024-03-19T05:51:11.892+0000] {logging_mixin.py:154} INFO - [2024-03-19T05:51:11.892+0000] {dagbag.py:536} INFO - Filling up the DagBag from /opt/airflow/dags/practice.py
[2024-03-19T05:51:11.909+0000] {processor.py:839} INFO - DAG(s) dict_keys(['Test_Operators']) retrieved from /opt/airflow/dags/practice.py
[2024-03-19T05:51:11.927+0000] {logging_mixin.py:154} INFO - [2024-03-19T05:51:11.926+0000] {dag.py:2941} INFO - Sync 1 DAGs
[2024-03-19T05:51:11.941+0000] {logging_mixin.py:154} INFO - [2024-03-19T05:51:11.941+0000] {dag.py:3722} INFO - Setting next_dagrun for Test_Operators to 2024-03-18T05:51:11.941263+00:00, run_after=2024-03-19T05:51:11.941263+00:00
[2024-03-19T05:51:11.952+0000] {processor.py:179} INFO - Processing /opt/airflow/dags/practice.py took 0.067 seconds
[2024-03-19T05:51:42.229+0000] {processor.py:157} INFO - Started process (PID=531) to work on /opt/airflow/dags/practice.py
[2024-03-19T05:51:42.230+0000] {processor.py:829} INFO - Processing file /opt/airflow/dags/practice.py for tasks to queue
[2024-03-19T05:51:42.230+0000] {logging_mixin.py:154} INFO - [2024-03-19T05:51:42.230+0000] {dagbag.py:536} INFO - Filling up the DagBag from /opt/airflow/dags/practice.py
[2024-03-19T05:51:42.238+0000] {processor.py:839} INFO - DAG(s) dict_keys(['Test_Operators']) retrieved from /opt/airflow/dags/practice.py
[2024-03-19T05:51:42.256+0000] {logging_mixin.py:154} INFO - [2024-03-19T05:51:42.256+0000] {dag.py:2941} INFO - Sync 1 DAGs
[2024-03-19T05:51:42.271+0000] {logging_mixin.py:154} INFO - [2024-03-19T05:51:42.271+0000] {dag.py:3722} INFO - Setting next_dagrun for Test_Operators to 2024-03-18T05:51:42.271373+00:00, run_after=2024-03-19T05:51:42.271373+00:00
[2024-03-19T05:51:42.282+0000] {processor.py:179} INFO - Processing /opt/airflow/dags/practice.py took 0.055 seconds
