[2024-03-19T05:43:36.249+0000] {processor.py:157} INFO - Started process (PID=172) to work on /opt/airflow/dags/simples3bucketpipeline.py
[2024-03-19T05:43:36.250+0000] {processor.py:829} INFO - Processing file /opt/airflow/dags/simples3bucketpipeline.py for tasks to queue
[2024-03-19T05:43:36.252+0000] {logging_mixin.py:154} INFO - [2024-03-19T05:43:36.252+0000] {dagbag.py:536} INFO - Filling up the DagBag from /opt/airflow/dags/simples3bucketpipeline.py
[2024-03-19T05:43:36.281+0000] {processor.py:839} INFO - DAG(s) dict_keys(['test_s3_bucket']) retrieved from /opt/airflow/dags/simples3bucketpipeline.py
[2024-03-19T05:43:36.307+0000] {logging_mixin.py:154} INFO - [2024-03-19T05:43:36.307+0000] {dag.py:2941} INFO - Sync 1 DAGs
[2024-03-19T05:43:36.328+0000] {logging_mixin.py:154} INFO - [2024-03-19T05:43:36.328+0000] {dag.py:3722} INFO - Setting next_dagrun for test_s3_bucket to 2024-03-18T05:43:36.327855+00:00, run_after=2024-03-19T05:43:36.327855+00:00
[2024-03-19T05:43:36.348+0000] {processor.py:179} INFO - Processing /opt/airflow/dags/simples3bucketpipeline.py took 0.104 seconds
[2024-03-19T05:44:06.696+0000] {processor.py:157} INFO - Started process (PID=194) to work on /opt/airflow/dags/simples3bucketpipeline.py
[2024-03-19T05:44:06.697+0000] {processor.py:829} INFO - Processing file /opt/airflow/dags/simples3bucketpipeline.py for tasks to queue
[2024-03-19T05:44:06.699+0000] {logging_mixin.py:154} INFO - [2024-03-19T05:44:06.698+0000] {dagbag.py:536} INFO - Filling up the DagBag from /opt/airflow/dags/simples3bucketpipeline.py
[2024-03-19T05:44:06.712+0000] {processor.py:839} INFO - DAG(s) dict_keys(['test_s3_bucket']) retrieved from /opt/airflow/dags/simples3bucketpipeline.py
[2024-03-19T05:44:06.733+0000] {logging_mixin.py:154} INFO - [2024-03-19T05:44:06.732+0000] {dag.py:2941} INFO - Sync 1 DAGs
[2024-03-19T05:44:06.749+0000] {logging_mixin.py:154} INFO - [2024-03-19T05:44:06.749+0000] {dag.py:3722} INFO - Setting next_dagrun for test_s3_bucket to 2024-03-18T05:44:06.749366+00:00, run_after=2024-03-19T05:44:06.749366+00:00
[2024-03-19T05:44:06.762+0000] {processor.py:179} INFO - Processing /opt/airflow/dags/simples3bucketpipeline.py took 0.071 seconds
[2024-03-19T05:44:37.127+0000] {processor.py:157} INFO - Started process (PID=216) to work on /opt/airflow/dags/simples3bucketpipeline.py
[2024-03-19T05:44:37.130+0000] {processor.py:829} INFO - Processing file /opt/airflow/dags/simples3bucketpipeline.py for tasks to queue
[2024-03-19T05:44:37.131+0000] {logging_mixin.py:154} INFO - [2024-03-19T05:44:37.131+0000] {dagbag.py:536} INFO - Filling up the DagBag from /opt/airflow/dags/simples3bucketpipeline.py
[2024-03-19T05:44:37.154+0000] {processor.py:839} INFO - DAG(s) dict_keys(['test_s3_bucket']) retrieved from /opt/airflow/dags/simples3bucketpipeline.py
[2024-03-19T05:44:37.235+0000] {logging_mixin.py:154} INFO - [2024-03-19T05:44:37.234+0000] {dag.py:2941} INFO - Sync 1 DAGs
[2024-03-19T05:44:37.263+0000] {logging_mixin.py:154} INFO - [2024-03-19T05:44:37.263+0000] {dag.py:3722} INFO - Setting next_dagrun for test_s3_bucket to 2024-03-18T05:44:37.262671+00:00, run_after=2024-03-19T05:44:37.262671+00:00
[2024-03-19T05:44:37.300+0000] {processor.py:179} INFO - Processing /opt/airflow/dags/simples3bucketpipeline.py took 0.190 seconds
[2024-03-19T05:45:07.630+0000] {processor.py:157} INFO - Started process (PID=238) to work on /opt/airflow/dags/simples3bucketpipeline.py
[2024-03-19T05:45:07.631+0000] {processor.py:829} INFO - Processing file /opt/airflow/dags/simples3bucketpipeline.py for tasks to queue
[2024-03-19T05:45:07.632+0000] {logging_mixin.py:154} INFO - [2024-03-19T05:45:07.632+0000] {dagbag.py:536} INFO - Filling up the DagBag from /opt/airflow/dags/simples3bucketpipeline.py
[2024-03-19T05:45:07.646+0000] {processor.py:839} INFO - DAG(s) dict_keys(['test_s3_bucket']) retrieved from /opt/airflow/dags/simples3bucketpipeline.py
[2024-03-19T05:45:07.666+0000] {logging_mixin.py:154} INFO - [2024-03-19T05:45:07.666+0000] {dag.py:2941} INFO - Sync 1 DAGs
[2024-03-19T05:45:07.687+0000] {logging_mixin.py:154} INFO - [2024-03-19T05:45:07.687+0000] {dag.py:3722} INFO - Setting next_dagrun for test_s3_bucket to 2024-03-18T05:45:07.686871+00:00, run_after=2024-03-19T05:45:07.686871+00:00
[2024-03-19T05:45:07.700+0000] {processor.py:179} INFO - Processing /opt/airflow/dags/simples3bucketpipeline.py took 0.074 seconds
[2024-03-19T05:45:38.005+0000] {processor.py:157} INFO - Started process (PID=260) to work on /opt/airflow/dags/simples3bucketpipeline.py
[2024-03-19T05:45:38.006+0000] {processor.py:829} INFO - Processing file /opt/airflow/dags/simples3bucketpipeline.py for tasks to queue
[2024-03-19T05:45:38.007+0000] {logging_mixin.py:154} INFO - [2024-03-19T05:45:38.007+0000] {dagbag.py:536} INFO - Filling up the DagBag from /opt/airflow/dags/simples3bucketpipeline.py
[2024-03-19T05:45:38.018+0000] {processor.py:839} INFO - DAG(s) dict_keys(['test_s3_bucket']) retrieved from /opt/airflow/dags/simples3bucketpipeline.py
[2024-03-19T05:45:38.036+0000] {logging_mixin.py:154} INFO - [2024-03-19T05:45:38.036+0000] {dag.py:2941} INFO - Sync 1 DAGs
[2024-03-19T05:45:38.054+0000] {logging_mixin.py:154} INFO - [2024-03-19T05:45:38.054+0000] {dag.py:3722} INFO - Setting next_dagrun for test_s3_bucket to 2024-03-18T05:45:38.053827+00:00, run_after=2024-03-19T05:45:38.053827+00:00
[2024-03-19T05:45:38.068+0000] {processor.py:179} INFO - Processing /opt/airflow/dags/simples3bucketpipeline.py took 0.066 seconds
[2024-03-19T05:46:08.328+0000] {processor.py:157} INFO - Started process (PID=282) to work on /opt/airflow/dags/simples3bucketpipeline.py
[2024-03-19T05:46:08.329+0000] {processor.py:829} INFO - Processing file /opt/airflow/dags/simples3bucketpipeline.py for tasks to queue
[2024-03-19T05:46:08.330+0000] {logging_mixin.py:154} INFO - [2024-03-19T05:46:08.330+0000] {dagbag.py:536} INFO - Filling up the DagBag from /opt/airflow/dags/simples3bucketpipeline.py
[2024-03-19T05:46:08.338+0000] {processor.py:839} INFO - DAG(s) dict_keys(['test_s3_bucket']) retrieved from /opt/airflow/dags/simples3bucketpipeline.py
[2024-03-19T05:46:08.355+0000] {logging_mixin.py:154} INFO - [2024-03-19T05:46:08.355+0000] {dag.py:2941} INFO - Sync 1 DAGs
[2024-03-19T05:46:08.372+0000] {logging_mixin.py:154} INFO - [2024-03-19T05:46:08.372+0000] {dag.py:3722} INFO - Setting next_dagrun for test_s3_bucket to 2024-03-18T05:46:08.372603+00:00, run_after=2024-03-19T05:46:08.372603+00:00
[2024-03-19T05:46:08.387+0000] {processor.py:179} INFO - Processing /opt/airflow/dags/simples3bucketpipeline.py took 0.064 seconds
[2024-03-19T05:46:38.689+0000] {processor.py:157} INFO - Started process (PID=304) to work on /opt/airflow/dags/simples3bucketpipeline.py
[2024-03-19T05:46:38.691+0000] {processor.py:829} INFO - Processing file /opt/airflow/dags/simples3bucketpipeline.py for tasks to queue
[2024-03-19T05:46:38.692+0000] {logging_mixin.py:154} INFO - [2024-03-19T05:46:38.691+0000] {dagbag.py:536} INFO - Filling up the DagBag from /opt/airflow/dags/simples3bucketpipeline.py
[2024-03-19T05:46:38.709+0000] {processor.py:839} INFO - DAG(s) dict_keys(['test_s3_bucket']) retrieved from /opt/airflow/dags/simples3bucketpipeline.py
[2024-03-19T05:46:38.732+0000] {logging_mixin.py:154} INFO - [2024-03-19T05:46:38.731+0000] {dag.py:2941} INFO - Sync 1 DAGs
[2024-03-19T05:46:38.751+0000] {logging_mixin.py:154} INFO - [2024-03-19T05:46:38.751+0000] {dag.py:3722} INFO - Setting next_dagrun for test_s3_bucket to 2024-03-18T05:46:38.751042+00:00, run_after=2024-03-19T05:46:38.751042+00:00
[2024-03-19T05:46:38.764+0000] {processor.py:179} INFO - Processing /opt/airflow/dags/simples3bucketpipeline.py took 0.081 seconds
[2024-03-19T05:47:09.043+0000] {processor.py:157} INFO - Started process (PID=326) to work on /opt/airflow/dags/simples3bucketpipeline.py
[2024-03-19T05:47:09.044+0000] {processor.py:829} INFO - Processing file /opt/airflow/dags/simples3bucketpipeline.py for tasks to queue
[2024-03-19T05:47:09.045+0000] {logging_mixin.py:154} INFO - [2024-03-19T05:47:09.044+0000] {dagbag.py:536} INFO - Filling up the DagBag from /opt/airflow/dags/simples3bucketpipeline.py
[2024-03-19T05:47:09.056+0000] {processor.py:839} INFO - DAG(s) dict_keys(['test_s3_bucket']) retrieved from /opt/airflow/dags/simples3bucketpipeline.py
[2024-03-19T05:47:09.078+0000] {logging_mixin.py:154} INFO - [2024-03-19T05:47:09.078+0000] {dag.py:2941} INFO - Sync 1 DAGs
[2024-03-19T05:47:09.097+0000] {logging_mixin.py:154} INFO - [2024-03-19T05:47:09.097+0000] {dag.py:3722} INFO - Setting next_dagrun for test_s3_bucket to 2024-03-18T05:47:09.097034+00:00, run_after=2024-03-19T05:47:09.097034+00:00
[2024-03-19T05:47:09.111+0000] {processor.py:179} INFO - Processing /opt/airflow/dags/simples3bucketpipeline.py took 0.073 seconds
[2024-03-19T05:47:39.386+0000] {processor.py:157} INFO - Started process (PID=348) to work on /opt/airflow/dags/simples3bucketpipeline.py
[2024-03-19T05:47:39.388+0000] {processor.py:829} INFO - Processing file /opt/airflow/dags/simples3bucketpipeline.py for tasks to queue
[2024-03-19T05:47:39.390+0000] {logging_mixin.py:154} INFO - [2024-03-19T05:47:39.390+0000] {dagbag.py:536} INFO - Filling up the DagBag from /opt/airflow/dags/simples3bucketpipeline.py
[2024-03-19T05:47:39.404+0000] {processor.py:839} INFO - DAG(s) dict_keys(['test_s3_bucket']) retrieved from /opt/airflow/dags/simples3bucketpipeline.py
[2024-03-19T05:47:39.425+0000] {logging_mixin.py:154} INFO - [2024-03-19T05:47:39.425+0000] {dag.py:2941} INFO - Sync 1 DAGs
[2024-03-19T05:47:39.441+0000] {logging_mixin.py:154} INFO - [2024-03-19T05:47:39.440+0000] {dag.py:3722} INFO - Setting next_dagrun for test_s3_bucket to 2024-03-18T05:47:39.440832+00:00, run_after=2024-03-19T05:47:39.440832+00:00
[2024-03-19T05:47:39.453+0000] {processor.py:179} INFO - Processing /opt/airflow/dags/simples3bucketpipeline.py took 0.071 seconds
[2024-03-19T05:48:09.717+0000] {processor.py:157} INFO - Started process (PID=370) to work on /opt/airflow/dags/simples3bucketpipeline.py
[2024-03-19T05:48:09.718+0000] {processor.py:829} INFO - Processing file /opt/airflow/dags/simples3bucketpipeline.py for tasks to queue
[2024-03-19T05:48:09.719+0000] {logging_mixin.py:154} INFO - [2024-03-19T05:48:09.719+0000] {dagbag.py:536} INFO - Filling up the DagBag from /opt/airflow/dags/simples3bucketpipeline.py
[2024-03-19T05:48:09.730+0000] {processor.py:839} INFO - DAG(s) dict_keys(['test_s3_bucket']) retrieved from /opt/airflow/dags/simples3bucketpipeline.py
[2024-03-19T05:48:09.747+0000] {logging_mixin.py:154} INFO - [2024-03-19T05:48:09.747+0000] {dag.py:2941} INFO - Sync 1 DAGs
[2024-03-19T05:48:09.764+0000] {logging_mixin.py:154} INFO - [2024-03-19T05:48:09.764+0000] {dag.py:3722} INFO - Setting next_dagrun for test_s3_bucket to 2024-03-18T05:48:09.764217+00:00, run_after=2024-03-19T05:48:09.764217+00:00
[2024-03-19T05:48:09.776+0000] {processor.py:179} INFO - Processing /opt/airflow/dags/simples3bucketpipeline.py took 0.063 seconds
[2024-03-19T05:48:40.095+0000] {processor.py:157} INFO - Started process (PID=392) to work on /opt/airflow/dags/simples3bucketpipeline.py
[2024-03-19T05:48:40.096+0000] {processor.py:829} INFO - Processing file /opt/airflow/dags/simples3bucketpipeline.py for tasks to queue
[2024-03-19T05:48:40.098+0000] {logging_mixin.py:154} INFO - [2024-03-19T05:48:40.098+0000] {dagbag.py:536} INFO - Filling up the DagBag from /opt/airflow/dags/simples3bucketpipeline.py
[2024-03-19T05:48:40.111+0000] {processor.py:839} INFO - DAG(s) dict_keys(['test_s3_bucket']) retrieved from /opt/airflow/dags/simples3bucketpipeline.py
[2024-03-19T05:48:40.129+0000] {logging_mixin.py:154} INFO - [2024-03-19T05:48:40.129+0000] {dag.py:2941} INFO - Sync 1 DAGs
[2024-03-19T05:48:40.145+0000] {logging_mixin.py:154} INFO - [2024-03-19T05:48:40.145+0000] {dag.py:3722} INFO - Setting next_dagrun for test_s3_bucket to 2024-03-18T05:48:40.145177+00:00, run_after=2024-03-19T05:48:40.145177+00:00
[2024-03-19T05:48:40.157+0000] {processor.py:179} INFO - Processing /opt/airflow/dags/simples3bucketpipeline.py took 0.068 seconds
[2024-03-19T05:49:10.455+0000] {processor.py:157} INFO - Started process (PID=414) to work on /opt/airflow/dags/simples3bucketpipeline.py
[2024-03-19T05:49:10.457+0000] {processor.py:829} INFO - Processing file /opt/airflow/dags/simples3bucketpipeline.py for tasks to queue
[2024-03-19T05:49:10.458+0000] {logging_mixin.py:154} INFO - [2024-03-19T05:49:10.458+0000] {dagbag.py:536} INFO - Filling up the DagBag from /opt/airflow/dags/simples3bucketpipeline.py
[2024-03-19T05:49:10.471+0000] {processor.py:839} INFO - DAG(s) dict_keys(['test_s3_bucket']) retrieved from /opt/airflow/dags/simples3bucketpipeline.py
[2024-03-19T05:49:10.490+0000] {logging_mixin.py:154} INFO - [2024-03-19T05:49:10.490+0000] {dag.py:2941} INFO - Sync 1 DAGs
[2024-03-19T05:49:10.506+0000] {logging_mixin.py:154} INFO - [2024-03-19T05:49:10.506+0000] {dag.py:3722} INFO - Setting next_dagrun for test_s3_bucket to 2024-03-18T05:49:10.506463+00:00, run_after=2024-03-19T05:49:10.506463+00:00
[2024-03-19T05:49:10.519+0000] {processor.py:179} INFO - Processing /opt/airflow/dags/simples3bucketpipeline.py took 0.069 seconds
[2024-03-19T05:49:40.801+0000] {processor.py:157} INFO - Started process (PID=435) to work on /opt/airflow/dags/simples3bucketpipeline.py
[2024-03-19T05:49:40.803+0000] {processor.py:829} INFO - Processing file /opt/airflow/dags/simples3bucketpipeline.py for tasks to queue
[2024-03-19T05:49:40.804+0000] {logging_mixin.py:154} INFO - [2024-03-19T05:49:40.803+0000] {dagbag.py:536} INFO - Filling up the DagBag from /opt/airflow/dags/simples3bucketpipeline.py
[2024-03-19T05:49:40.815+0000] {processor.py:839} INFO - DAG(s) dict_keys(['test_s3_bucket']) retrieved from /opt/airflow/dags/simples3bucketpipeline.py
[2024-03-19T05:49:40.834+0000] {logging_mixin.py:154} INFO - [2024-03-19T05:49:40.833+0000] {dag.py:2941} INFO - Sync 1 DAGs
[2024-03-19T05:49:40.849+0000] {logging_mixin.py:154} INFO - [2024-03-19T05:49:40.849+0000] {dag.py:3722} INFO - Setting next_dagrun for test_s3_bucket to 2024-03-18T05:49:40.849446+00:00, run_after=2024-03-19T05:49:40.849446+00:00
[2024-03-19T05:49:40.861+0000] {processor.py:179} INFO - Processing /opt/airflow/dags/simples3bucketpipeline.py took 0.064 seconds
[2024-03-19T05:50:11.161+0000] {processor.py:157} INFO - Started process (PID=457) to work on /opt/airflow/dags/simples3bucketpipeline.py
[2024-03-19T05:50:11.163+0000] {processor.py:829} INFO - Processing file /opt/airflow/dags/simples3bucketpipeline.py for tasks to queue
[2024-03-19T05:50:11.164+0000] {logging_mixin.py:154} INFO - [2024-03-19T05:50:11.164+0000] {dagbag.py:536} INFO - Filling up the DagBag from /opt/airflow/dags/simples3bucketpipeline.py
[2024-03-19T05:50:11.176+0000] {processor.py:839} INFO - DAG(s) dict_keys(['test_s3_bucket']) retrieved from /opt/airflow/dags/simples3bucketpipeline.py
[2024-03-19T05:50:11.194+0000] {logging_mixin.py:154} INFO - [2024-03-19T05:50:11.194+0000] {dag.py:2941} INFO - Sync 1 DAGs
[2024-03-19T05:50:11.210+0000] {logging_mixin.py:154} INFO - [2024-03-19T05:50:11.210+0000] {dag.py:3722} INFO - Setting next_dagrun for test_s3_bucket to 2024-03-18T05:50:11.210146+00:00, run_after=2024-03-19T05:50:11.210146+00:00
[2024-03-19T05:50:11.223+0000] {processor.py:179} INFO - Processing /opt/airflow/dags/simples3bucketpipeline.py took 0.067 seconds
[2024-03-19T05:50:41.494+0000] {processor.py:157} INFO - Started process (PID=479) to work on /opt/airflow/dags/simples3bucketpipeline.py
[2024-03-19T05:50:41.495+0000] {processor.py:829} INFO - Processing file /opt/airflow/dags/simples3bucketpipeline.py for tasks to queue
[2024-03-19T05:50:41.496+0000] {logging_mixin.py:154} INFO - [2024-03-19T05:50:41.496+0000] {dagbag.py:536} INFO - Filling up the DagBag from /opt/airflow/dags/simples3bucketpipeline.py
[2024-03-19T05:50:41.504+0000] {processor.py:839} INFO - DAG(s) dict_keys(['test_s3_bucket']) retrieved from /opt/airflow/dags/simples3bucketpipeline.py
[2024-03-19T05:50:41.522+0000] {logging_mixin.py:154} INFO - [2024-03-19T05:50:41.522+0000] {dag.py:2941} INFO - Sync 1 DAGs
[2024-03-19T05:50:41.540+0000] {logging_mixin.py:154} INFO - [2024-03-19T05:50:41.540+0000] {dag.py:3722} INFO - Setting next_dagrun for test_s3_bucket to 2024-03-18T05:50:41.540346+00:00, run_after=2024-03-19T05:50:41.540346+00:00
[2024-03-19T05:50:41.557+0000] {processor.py:179} INFO - Processing /opt/airflow/dags/simples3bucketpipeline.py took 0.065 seconds
[2024-03-19T05:51:11.842+0000] {processor.py:157} INFO - Started process (PID=501) to work on /opt/airflow/dags/simples3bucketpipeline.py
[2024-03-19T05:51:11.847+0000] {processor.py:829} INFO - Processing file /opt/airflow/dags/simples3bucketpipeline.py for tasks to queue
[2024-03-19T05:51:11.848+0000] {logging_mixin.py:154} INFO - [2024-03-19T05:51:11.848+0000] {dagbag.py:536} INFO - Filling up the DagBag from /opt/airflow/dags/simples3bucketpipeline.py
[2024-03-19T05:51:11.861+0000] {processor.py:839} INFO - DAG(s) dict_keys(['test_s3_bucket']) retrieved from /opt/airflow/dags/simples3bucketpipeline.py
[2024-03-19T05:51:11.881+0000] {logging_mixin.py:154} INFO - [2024-03-19T05:51:11.880+0000] {dag.py:2941} INFO - Sync 1 DAGs
[2024-03-19T05:51:11.896+0000] {logging_mixin.py:154} INFO - [2024-03-19T05:51:11.896+0000] {dag.py:3722} INFO - Setting next_dagrun for test_s3_bucket to 2024-03-18T05:51:11.896176+00:00, run_after=2024-03-19T05:51:11.896176+00:00
[2024-03-19T05:51:11.910+0000] {processor.py:179} INFO - Processing /opt/airflow/dags/simples3bucketpipeline.py took 0.073 seconds
[2024-03-19T05:51:42.186+0000] {processor.py:157} INFO - Started process (PID=523) to work on /opt/airflow/dags/simples3bucketpipeline.py
[2024-03-19T05:51:42.188+0000] {processor.py:829} INFO - Processing file /opt/airflow/dags/simples3bucketpipeline.py for tasks to queue
[2024-03-19T05:51:42.189+0000] {logging_mixin.py:154} INFO - [2024-03-19T05:51:42.189+0000] {dagbag.py:536} INFO - Filling up the DagBag from /opt/airflow/dags/simples3bucketpipeline.py
[2024-03-19T05:51:42.201+0000] {processor.py:839} INFO - DAG(s) dict_keys(['test_s3_bucket']) retrieved from /opt/airflow/dags/simples3bucketpipeline.py
[2024-03-19T05:51:42.220+0000] {logging_mixin.py:154} INFO - [2024-03-19T05:51:42.220+0000] {dag.py:2941} INFO - Sync 1 DAGs
[2024-03-19T05:51:42.236+0000] {logging_mixin.py:154} INFO - [2024-03-19T05:51:42.235+0000] {dag.py:3722} INFO - Setting next_dagrun for test_s3_bucket to 2024-03-18T05:51:42.235801+00:00, run_after=2024-03-19T05:51:42.235801+00:00
[2024-03-19T05:51:42.248+0000] {processor.py:179} INFO - Processing /opt/airflow/dags/simples3bucketpipeline.py took 0.069 seconds
