[2024-03-19T05:43:36.264+0000] {processor.py:157} INFO - Started process (PID=175) to work on /opt/airflow/dags/simple_pipeline.py
[2024-03-19T05:43:36.267+0000] {processor.py:829} INFO - Processing file /opt/airflow/dags/simple_pipeline.py for tasks to queue
[2024-03-19T05:43:36.269+0000] {logging_mixin.py:154} INFO - [2024-03-19T05:43:36.268+0000] {dagbag.py:536} INFO - Filling up the DagBag from /opt/airflow/dags/simple_pipeline.py
[2024-03-19T05:43:36.276+0000] {processor.py:841} WARNING - No viable dags retrieved from /opt/airflow/dags/simple_pipeline.py
[2024-03-19T05:43:36.292+0000] {processor.py:179} INFO - Processing /opt/airflow/dags/simple_pipeline.py took 0.035 seconds
[2024-03-19T05:44:06.701+0000] {processor.py:157} INFO - Started process (PID=197) to work on /opt/airflow/dags/simple_pipeline.py
[2024-03-19T05:44:06.702+0000] {processor.py:829} INFO - Processing file /opt/airflow/dags/simple_pipeline.py for tasks to queue
[2024-03-19T05:44:06.703+0000] {logging_mixin.py:154} INFO - [2024-03-19T05:44:06.703+0000] {dagbag.py:536} INFO - Filling up the DagBag from /opt/airflow/dags/simple_pipeline.py
[2024-03-19T05:44:06.707+0000] {processor.py:841} WARNING - No viable dags retrieved from /opt/airflow/dags/simple_pipeline.py
[2024-03-19T05:44:06.721+0000] {processor.py:179} INFO - Processing /opt/airflow/dags/simple_pipeline.py took 0.024 seconds
[2024-03-19T05:44:37.127+0000] {processor.py:157} INFO - Started process (PID=218) to work on /opt/airflow/dags/simple_pipeline.py
[2024-03-19T05:44:37.130+0000] {processor.py:829} INFO - Processing file /opt/airflow/dags/simple_pipeline.py for tasks to queue
[2024-03-19T05:44:37.131+0000] {logging_mixin.py:154} INFO - [2024-03-19T05:44:37.131+0000] {dagbag.py:536} INFO - Filling up the DagBag from /opt/airflow/dags/simple_pipeline.py
[2024-03-19T05:44:37.138+0000] {processor.py:841} WARNING - No viable dags retrieved from /opt/airflow/dags/simple_pipeline.py
[2024-03-19T05:44:37.170+0000] {processor.py:179} INFO - Processing /opt/airflow/dags/simple_pipeline.py took 0.060 seconds
[2024-03-19T05:45:07.631+0000] {processor.py:157} INFO - Started process (PID=241) to work on /opt/airflow/dags/simple_pipeline.py
[2024-03-19T05:45:07.632+0000] {processor.py:829} INFO - Processing file /opt/airflow/dags/simple_pipeline.py for tasks to queue
[2024-03-19T05:45:07.633+0000] {logging_mixin.py:154} INFO - [2024-03-19T05:45:07.632+0000] {dagbag.py:536} INFO - Filling up the DagBag from /opt/airflow/dags/simple_pipeline.py
[2024-03-19T05:45:07.636+0000] {processor.py:841} WARNING - No viable dags retrieved from /opt/airflow/dags/simple_pipeline.py
[2024-03-19T05:45:07.648+0000] {processor.py:179} INFO - Processing /opt/airflow/dags/simple_pipeline.py took 0.020 seconds
[2024-03-19T05:45:38.009+0000] {processor.py:157} INFO - Started process (PID=263) to work on /opt/airflow/dags/simple_pipeline.py
[2024-03-19T05:45:38.010+0000] {processor.py:829} INFO - Processing file /opt/airflow/dags/simple_pipeline.py for tasks to queue
[2024-03-19T05:45:38.010+0000] {logging_mixin.py:154} INFO - [2024-03-19T05:45:38.010+0000] {dagbag.py:536} INFO - Filling up the DagBag from /opt/airflow/dags/simple_pipeline.py
[2024-03-19T05:45:38.014+0000] {processor.py:841} WARNING - No viable dags retrieved from /opt/airflow/dags/simple_pipeline.py
[2024-03-19T05:45:38.025+0000] {processor.py:179} INFO - Processing /opt/airflow/dags/simple_pipeline.py took 0.019 seconds
[2024-03-19T05:46:08.332+0000] {processor.py:157} INFO - Started process (PID=285) to work on /opt/airflow/dags/simple_pipeline.py
[2024-03-19T05:46:08.333+0000] {processor.py:829} INFO - Processing file /opt/airflow/dags/simple_pipeline.py for tasks to queue
[2024-03-19T05:46:08.334+0000] {logging_mixin.py:154} INFO - [2024-03-19T05:46:08.334+0000] {dagbag.py:536} INFO - Filling up the DagBag from /opt/airflow/dags/simple_pipeline.py
[2024-03-19T05:46:08.337+0000] {processor.py:841} WARNING - No viable dags retrieved from /opt/airflow/dags/simple_pipeline.py
[2024-03-19T05:46:08.347+0000] {processor.py:179} INFO - Processing /opt/airflow/dags/simple_pipeline.py took 0.017 seconds
[2024-03-19T05:46:38.692+0000] {processor.py:157} INFO - Started process (PID=307) to work on /opt/airflow/dags/simple_pipeline.py
[2024-03-19T05:46:38.694+0000] {processor.py:829} INFO - Processing file /opt/airflow/dags/simple_pipeline.py for tasks to queue
[2024-03-19T05:46:38.695+0000] {logging_mixin.py:154} INFO - [2024-03-19T05:46:38.694+0000] {dagbag.py:536} INFO - Filling up the DagBag from /opt/airflow/dags/simple_pipeline.py
[2024-03-19T05:46:38.699+0000] {processor.py:841} WARNING - No viable dags retrieved from /opt/airflow/dags/simple_pipeline.py
[2024-03-19T05:46:38.715+0000] {processor.py:179} INFO - Processing /opt/airflow/dags/simple_pipeline.py took 0.027 seconds
[2024-03-19T05:47:09.049+0000] {processor.py:157} INFO - Started process (PID=329) to work on /opt/airflow/dags/simple_pipeline.py
[2024-03-19T05:47:09.052+0000] {processor.py:829} INFO - Processing file /opt/airflow/dags/simple_pipeline.py for tasks to queue
[2024-03-19T05:47:09.053+0000] {logging_mixin.py:154} INFO - [2024-03-19T05:47:09.053+0000] {dagbag.py:536} INFO - Filling up the DagBag from /opt/airflow/dags/simple_pipeline.py
[2024-03-19T05:47:09.060+0000] {processor.py:841} WARNING - No viable dags retrieved from /opt/airflow/dags/simple_pipeline.py
[2024-03-19T05:47:09.072+0000] {processor.py:179} INFO - Processing /opt/airflow/dags/simple_pipeline.py took 0.026 seconds
[2024-03-19T05:47:39.394+0000] {processor.py:157} INFO - Started process (PID=351) to work on /opt/airflow/dags/simple_pipeline.py
[2024-03-19T05:47:39.396+0000] {processor.py:829} INFO - Processing file /opt/airflow/dags/simple_pipeline.py for tasks to queue
[2024-03-19T05:47:39.397+0000] {logging_mixin.py:154} INFO - [2024-03-19T05:47:39.397+0000] {dagbag.py:536} INFO - Filling up the DagBag from /opt/airflow/dags/simple_pipeline.py
[2024-03-19T05:47:39.402+0000] {processor.py:841} WARNING - No viable dags retrieved from /opt/airflow/dags/simple_pipeline.py
[2024-03-19T05:47:39.416+0000] {processor.py:179} INFO - Processing /opt/airflow/dags/simple_pipeline.py took 0.025 seconds
[2024-03-19T05:48:09.719+0000] {processor.py:157} INFO - Started process (PID=373) to work on /opt/airflow/dags/simple_pipeline.py
[2024-03-19T05:48:09.720+0000] {processor.py:829} INFO - Processing file /opt/airflow/dags/simple_pipeline.py for tasks to queue
[2024-03-19T05:48:09.721+0000] {logging_mixin.py:154} INFO - [2024-03-19T05:48:09.720+0000] {dagbag.py:536} INFO - Filling up the DagBag from /opt/airflow/dags/simple_pipeline.py
[2024-03-19T05:48:09.724+0000] {processor.py:841} WARNING - No viable dags retrieved from /opt/airflow/dags/simple_pipeline.py
[2024-03-19T05:48:09.736+0000] {processor.py:179} INFO - Processing /opt/airflow/dags/simple_pipeline.py took 0.021 seconds
[2024-03-19T05:48:40.102+0000] {processor.py:157} INFO - Started process (PID=395) to work on /opt/airflow/dags/simple_pipeline.py
[2024-03-19T05:48:40.104+0000] {processor.py:829} INFO - Processing file /opt/airflow/dags/simple_pipeline.py for tasks to queue
[2024-03-19T05:48:40.105+0000] {logging_mixin.py:154} INFO - [2024-03-19T05:48:40.104+0000] {dagbag.py:536} INFO - Filling up the DagBag from /opt/airflow/dags/simple_pipeline.py
[2024-03-19T05:48:40.109+0000] {processor.py:841} WARNING - No viable dags retrieved from /opt/airflow/dags/simple_pipeline.py
[2024-03-19T05:48:40.121+0000] {processor.py:179} INFO - Processing /opt/airflow/dags/simple_pipeline.py took 0.022 seconds
[2024-03-19T05:49:10.462+0000] {processor.py:157} INFO - Started process (PID=417) to work on /opt/airflow/dags/simple_pipeline.py
[2024-03-19T05:49:10.464+0000] {processor.py:829} INFO - Processing file /opt/airflow/dags/simple_pipeline.py for tasks to queue
[2024-03-19T05:49:10.464+0000] {logging_mixin.py:154} INFO - [2024-03-19T05:49:10.464+0000] {dagbag.py:536} INFO - Filling up the DagBag from /opt/airflow/dags/simple_pipeline.py
[2024-03-19T05:49:10.468+0000] {processor.py:841} WARNING - No viable dags retrieved from /opt/airflow/dags/simple_pipeline.py
[2024-03-19T05:49:10.481+0000] {processor.py:179} INFO - Processing /opt/airflow/dags/simple_pipeline.py took 0.023 seconds
[2024-03-19T05:49:40.804+0000] {processor.py:157} INFO - Started process (PID=438) to work on /opt/airflow/dags/simple_pipeline.py
[2024-03-19T05:49:40.805+0000] {processor.py:829} INFO - Processing file /opt/airflow/dags/simple_pipeline.py for tasks to queue
[2024-03-19T05:49:40.806+0000] {logging_mixin.py:154} INFO - [2024-03-19T05:49:40.806+0000] {dagbag.py:536} INFO - Filling up the DagBag from /opt/airflow/dags/simple_pipeline.py
[2024-03-19T05:49:40.810+0000] {processor.py:841} WARNING - No viable dags retrieved from /opt/airflow/dags/simple_pipeline.py
[2024-03-19T05:49:40.822+0000] {processor.py:179} INFO - Processing /opt/airflow/dags/simple_pipeline.py took 0.022 seconds
[2024-03-19T05:50:11.168+0000] {processor.py:157} INFO - Started process (PID=460) to work on /opt/airflow/dags/simple_pipeline.py
[2024-03-19T05:50:11.169+0000] {processor.py:829} INFO - Processing file /opt/airflow/dags/simple_pipeline.py for tasks to queue
[2024-03-19T05:50:11.170+0000] {logging_mixin.py:154} INFO - [2024-03-19T05:50:11.170+0000] {dagbag.py:536} INFO - Filling up the DagBag from /opt/airflow/dags/simple_pipeline.py
[2024-03-19T05:50:11.173+0000] {processor.py:841} WARNING - No viable dags retrieved from /opt/airflow/dags/simple_pipeline.py
[2024-03-19T05:50:11.186+0000] {processor.py:179} INFO - Processing /opt/airflow/dags/simple_pipeline.py took 0.022 seconds
[2024-03-19T05:50:41.498+0000] {processor.py:157} INFO - Started process (PID=482) to work on /opt/airflow/dags/simple_pipeline.py
[2024-03-19T05:50:41.499+0000] {processor.py:829} INFO - Processing file /opt/airflow/dags/simple_pipeline.py for tasks to queue
[2024-03-19T05:50:41.500+0000] {logging_mixin.py:154} INFO - [2024-03-19T05:50:41.500+0000] {dagbag.py:536} INFO - Filling up the DagBag from /opt/airflow/dags/simple_pipeline.py
[2024-03-19T05:50:41.503+0000] {processor.py:841} WARNING - No viable dags retrieved from /opt/airflow/dags/simple_pipeline.py
[2024-03-19T05:50:41.514+0000] {processor.py:179} INFO - Processing /opt/airflow/dags/simple_pipeline.py took 0.018 seconds
[2024-03-19T05:51:11.847+0000] {processor.py:157} INFO - Started process (PID=504) to work on /opt/airflow/dags/simple_pipeline.py
[2024-03-19T05:51:11.849+0000] {processor.py:829} INFO - Processing file /opt/airflow/dags/simple_pipeline.py for tasks to queue
[2024-03-19T05:51:11.850+0000] {logging_mixin.py:154} INFO - [2024-03-19T05:51:11.849+0000] {dagbag.py:536} INFO - Filling up the DagBag from /opt/airflow/dags/simple_pipeline.py
[2024-03-19T05:51:11.854+0000] {processor.py:841} WARNING - No viable dags retrieved from /opt/airflow/dags/simple_pipeline.py
[2024-03-19T05:51:11.867+0000] {processor.py:179} INFO - Processing /opt/airflow/dags/simple_pipeline.py took 0.024 seconds
[2024-03-19T05:51:42.193+0000] {processor.py:157} INFO - Started process (PID=526) to work on /opt/airflow/dags/simple_pipeline.py
[2024-03-19T05:51:42.194+0000] {processor.py:829} INFO - Processing file /opt/airflow/dags/simple_pipeline.py for tasks to queue
[2024-03-19T05:51:42.195+0000] {logging_mixin.py:154} INFO - [2024-03-19T05:51:42.195+0000] {dagbag.py:536} INFO - Filling up the DagBag from /opt/airflow/dags/simple_pipeline.py
[2024-03-19T05:51:42.199+0000] {processor.py:841} WARNING - No viable dags retrieved from /opt/airflow/dags/simple_pipeline.py
[2024-03-19T05:51:42.212+0000] {processor.py:179} INFO - Processing /opt/airflow/dags/simple_pipeline.py took 0.022 seconds
