[2024-09-09T14:26:53.024+0000] {processor.py:157} INFO - Started process (PID=175) to work on /opt/airflow/dags/simple_pipeline.py
[2024-09-09T14:26:53.025+0000] {processor.py:829} INFO - Processing file /opt/airflow/dags/simple_pipeline.py for tasks to queue
[2024-09-09T14:26:53.026+0000] {logging_mixin.py:154} INFO - [2024-09-09T14:26:53.025+0000] {dagbag.py:536} INFO - Filling up the DagBag from /opt/airflow/dags/simple_pipeline.py
[2024-09-09T14:26:53.031+0000] {processor.py:841} WARNING - No viable dags retrieved from /opt/airflow/dags/simple_pipeline.py
[2024-09-09T14:26:53.048+0000] {processor.py:179} INFO - Processing /opt/airflow/dags/simple_pipeline.py took 0.028 seconds
[2024-09-09T14:27:23.336+0000] {processor.py:157} INFO - Started process (PID=194) to work on /opt/airflow/dags/simple_pipeline.py
[2024-09-09T14:27:23.337+0000] {processor.py:829} INFO - Processing file /opt/airflow/dags/simple_pipeline.py for tasks to queue
[2024-09-09T14:27:23.338+0000] {logging_mixin.py:154} INFO - [2024-09-09T14:27:23.338+0000] {dagbag.py:536} INFO - Filling up the DagBag from /opt/airflow/dags/simple_pipeline.py
[2024-09-09T14:27:23.342+0000] {processor.py:841} WARNING - No viable dags retrieved from /opt/airflow/dags/simple_pipeline.py
[2024-09-09T14:27:23.355+0000] {processor.py:179} INFO - Processing /opt/airflow/dags/simple_pipeline.py took 0.023 seconds
[2024-09-09T14:27:53.774+0000] {processor.py:157} INFO - Started process (PID=219) to work on /opt/airflow/dags/simple_pipeline.py
[2024-09-09T14:27:53.775+0000] {processor.py:829} INFO - Processing file /opt/airflow/dags/simple_pipeline.py for tasks to queue
[2024-09-09T14:27:53.775+0000] {logging_mixin.py:154} INFO - [2024-09-09T14:27:53.775+0000] {dagbag.py:536} INFO - Filling up the DagBag from /opt/airflow/dags/simple_pipeline.py
[2024-09-09T14:27:53.779+0000] {processor.py:841} WARNING - No viable dags retrieved from /opt/airflow/dags/simple_pipeline.py
[2024-09-09T14:27:53.790+0000] {processor.py:179} INFO - Processing /opt/airflow/dags/simple_pipeline.py took 0.021 seconds
[2024-09-09T14:28:24.158+0000] {processor.py:157} INFO - Started process (PID=259) to work on /opt/airflow/dags/simple_pipeline.py
[2024-09-09T14:28:24.159+0000] {processor.py:829} INFO - Processing file /opt/airflow/dags/simple_pipeline.py for tasks to queue
[2024-09-09T14:28:24.160+0000] {logging_mixin.py:154} INFO - [2024-09-09T14:28:24.160+0000] {dagbag.py:536} INFO - Filling up the DagBag from /opt/airflow/dags/simple_pipeline.py
[2024-09-09T14:28:24.164+0000] {processor.py:841} WARNING - No viable dags retrieved from /opt/airflow/dags/simple_pipeline.py
[2024-09-09T14:28:24.178+0000] {processor.py:179} INFO - Processing /opt/airflow/dags/simple_pipeline.py took 0.024 seconds
[2024-09-09T14:28:54.535+0000] {processor.py:157} INFO - Started process (PID=280) to work on /opt/airflow/dags/simple_pipeline.py
[2024-09-09T14:28:54.536+0000] {processor.py:829} INFO - Processing file /opt/airflow/dags/simple_pipeline.py for tasks to queue
[2024-09-09T14:28:54.537+0000] {logging_mixin.py:154} INFO - [2024-09-09T14:28:54.537+0000] {dagbag.py:536} INFO - Filling up the DagBag from /opt/airflow/dags/simple_pipeline.py
[2024-09-09T14:28:54.541+0000] {processor.py:841} WARNING - No viable dags retrieved from /opt/airflow/dags/simple_pipeline.py
[2024-09-09T14:28:54.554+0000] {processor.py:179} INFO - Processing /opt/airflow/dags/simple_pipeline.py took 0.024 seconds
[2024-09-09T14:29:24.941+0000] {processor.py:157} INFO - Started process (PID=301) to work on /opt/airflow/dags/simple_pipeline.py
[2024-09-09T14:29:24.942+0000] {processor.py:829} INFO - Processing file /opt/airflow/dags/simple_pipeline.py for tasks to queue
[2024-09-09T14:29:24.943+0000] {logging_mixin.py:154} INFO - [2024-09-09T14:29:24.943+0000] {dagbag.py:536} INFO - Filling up the DagBag from /opt/airflow/dags/simple_pipeline.py
[2024-09-09T14:29:24.946+0000] {processor.py:841} WARNING - No viable dags retrieved from /opt/airflow/dags/simple_pipeline.py
[2024-09-09T14:29:24.958+0000] {processor.py:179} INFO - Processing /opt/airflow/dags/simple_pipeline.py took 0.020 seconds
[2024-09-09T14:29:55.303+0000] {processor.py:157} INFO - Started process (PID=323) to work on /opt/airflow/dags/simple_pipeline.py
[2024-09-09T14:29:55.304+0000] {processor.py:829} INFO - Processing file /opt/airflow/dags/simple_pipeline.py for tasks to queue
[2024-09-09T14:29:55.305+0000] {logging_mixin.py:154} INFO - [2024-09-09T14:29:55.305+0000] {dagbag.py:536} INFO - Filling up the DagBag from /opt/airflow/dags/simple_pipeline.py
[2024-09-09T14:29:55.307+0000] {processor.py:841} WARNING - No viable dags retrieved from /opt/airflow/dags/simple_pipeline.py
[2024-09-09T14:29:55.320+0000] {processor.py:179} INFO - Processing /opt/airflow/dags/simple_pipeline.py took 0.019 seconds
[2024-09-09T14:30:25.698+0000] {processor.py:157} INFO - Started process (PID=345) to work on /opt/airflow/dags/simple_pipeline.py
[2024-09-09T14:30:25.698+0000] {processor.py:829} INFO - Processing file /opt/airflow/dags/simple_pipeline.py for tasks to queue
[2024-09-09T14:30:25.699+0000] {logging_mixin.py:154} INFO - [2024-09-09T14:30:25.699+0000] {dagbag.py:536} INFO - Filling up the DagBag from /opt/airflow/dags/simple_pipeline.py
[2024-09-09T14:30:25.703+0000] {processor.py:841} WARNING - No viable dags retrieved from /opt/airflow/dags/simple_pipeline.py
[2024-09-09T14:30:25.718+0000] {processor.py:179} INFO - Processing /opt/airflow/dags/simple_pipeline.py took 0.024 seconds
[2024-09-09T14:30:56.083+0000] {processor.py:157} INFO - Started process (PID=367) to work on /opt/airflow/dags/simple_pipeline.py
[2024-09-09T14:30:56.085+0000] {processor.py:829} INFO - Processing file /opt/airflow/dags/simple_pipeline.py for tasks to queue
[2024-09-09T14:30:56.086+0000] {logging_mixin.py:154} INFO - [2024-09-09T14:30:56.086+0000] {dagbag.py:536} INFO - Filling up the DagBag from /opt/airflow/dags/simple_pipeline.py
[2024-09-09T14:30:56.090+0000] {processor.py:841} WARNING - No viable dags retrieved from /opt/airflow/dags/simple_pipeline.py
[2024-09-09T14:30:56.106+0000] {processor.py:179} INFO - Processing /opt/airflow/dags/simple_pipeline.py took 0.027 seconds
[2024-09-09T14:31:26.446+0000] {processor.py:157} INFO - Started process (PID=389) to work on /opt/airflow/dags/simple_pipeline.py
[2024-09-09T14:31:26.447+0000] {processor.py:829} INFO - Processing file /opt/airflow/dags/simple_pipeline.py for tasks to queue
[2024-09-09T14:31:26.447+0000] {logging_mixin.py:154} INFO - [2024-09-09T14:31:26.447+0000] {dagbag.py:536} INFO - Filling up the DagBag from /opt/airflow/dags/simple_pipeline.py
[2024-09-09T14:31:26.451+0000] {processor.py:841} WARNING - No viable dags retrieved from /opt/airflow/dags/simple_pipeline.py
[2024-09-09T14:31:26.464+0000] {processor.py:179} INFO - Processing /opt/airflow/dags/simple_pipeline.py took 0.020 seconds
[2024-09-09T14:31:56.834+0000] {processor.py:157} INFO - Started process (PID=411) to work on /opt/airflow/dags/simple_pipeline.py
[2024-09-09T14:31:56.835+0000] {processor.py:829} INFO - Processing file /opt/airflow/dags/simple_pipeline.py for tasks to queue
[2024-09-09T14:31:56.836+0000] {logging_mixin.py:154} INFO - [2024-09-09T14:31:56.835+0000] {dagbag.py:536} INFO - Filling up the DagBag from /opt/airflow/dags/simple_pipeline.py
[2024-09-09T14:31:56.838+0000] {processor.py:841} WARNING - No viable dags retrieved from /opt/airflow/dags/simple_pipeline.py
[2024-09-09T14:31:56.851+0000] {processor.py:179} INFO - Processing /opt/airflow/dags/simple_pipeline.py took 0.021 seconds
[2024-09-09T14:32:27.252+0000] {processor.py:157} INFO - Started process (PID=432) to work on /opt/airflow/dags/simple_pipeline.py
[2024-09-09T14:32:27.253+0000] {processor.py:829} INFO - Processing file /opt/airflow/dags/simple_pipeline.py for tasks to queue
[2024-09-09T14:32:27.254+0000] {logging_mixin.py:154} INFO - [2024-09-09T14:32:27.254+0000] {dagbag.py:536} INFO - Filling up the DagBag from /opt/airflow/dags/simple_pipeline.py
[2024-09-09T14:32:27.258+0000] {processor.py:841} WARNING - No viable dags retrieved from /opt/airflow/dags/simple_pipeline.py
[2024-09-09T14:32:27.272+0000] {processor.py:179} INFO - Processing /opt/airflow/dags/simple_pipeline.py took 0.023 seconds
[2024-09-09T14:32:57.627+0000] {processor.py:157} INFO - Started process (PID=454) to work on /opt/airflow/dags/simple_pipeline.py
[2024-09-09T14:32:57.628+0000] {processor.py:829} INFO - Processing file /opt/airflow/dags/simple_pipeline.py for tasks to queue
[2024-09-09T14:32:57.628+0000] {logging_mixin.py:154} INFO - [2024-09-09T14:32:57.628+0000] {dagbag.py:536} INFO - Filling up the DagBag from /opt/airflow/dags/simple_pipeline.py
[2024-09-09T14:32:57.631+0000] {processor.py:841} WARNING - No viable dags retrieved from /opt/airflow/dags/simple_pipeline.py
[2024-09-09T14:32:57.644+0000] {processor.py:179} INFO - Processing /opt/airflow/dags/simple_pipeline.py took 0.019 seconds
[2024-09-09T14:33:28.032+0000] {processor.py:157} INFO - Started process (PID=494) to work on /opt/airflow/dags/simple_pipeline.py
[2024-09-09T14:33:28.033+0000] {processor.py:829} INFO - Processing file /opt/airflow/dags/simple_pipeline.py for tasks to queue
[2024-09-09T14:33:28.034+0000] {logging_mixin.py:154} INFO - [2024-09-09T14:33:28.034+0000] {dagbag.py:536} INFO - Filling up the DagBag from /opt/airflow/dags/simple_pipeline.py
[2024-09-09T14:33:28.037+0000] {processor.py:841} WARNING - No viable dags retrieved from /opt/airflow/dags/simple_pipeline.py
[2024-09-09T14:33:28.047+0000] {processor.py:179} INFO - Processing /opt/airflow/dags/simple_pipeline.py took 0.018 seconds
[2024-09-09T14:33:58.407+0000] {processor.py:157} INFO - Started process (PID=516) to work on /opt/airflow/dags/simple_pipeline.py
[2024-09-09T14:33:58.408+0000] {processor.py:829} INFO - Processing file /opt/airflow/dags/simple_pipeline.py for tasks to queue
[2024-09-09T14:33:58.408+0000] {logging_mixin.py:154} INFO - [2024-09-09T14:33:58.408+0000] {dagbag.py:536} INFO - Filling up the DagBag from /opt/airflow/dags/simple_pipeline.py
[2024-09-09T14:33:58.411+0000] {processor.py:841} WARNING - No viable dags retrieved from /opt/airflow/dags/simple_pipeline.py
[2024-09-09T14:33:58.420+0000] {processor.py:179} INFO - Processing /opt/airflow/dags/simple_pipeline.py took 0.016 seconds
[2024-09-09T14:34:28.815+0000] {processor.py:157} INFO - Started process (PID=538) to work on /opt/airflow/dags/simple_pipeline.py
[2024-09-09T14:34:28.816+0000] {processor.py:829} INFO - Processing file /opt/airflow/dags/simple_pipeline.py for tasks to queue
[2024-09-09T14:34:28.817+0000] {logging_mixin.py:154} INFO - [2024-09-09T14:34:28.816+0000] {dagbag.py:536} INFO - Filling up the DagBag from /opt/airflow/dags/simple_pipeline.py
[2024-09-09T14:34:28.819+0000] {processor.py:841} WARNING - No viable dags retrieved from /opt/airflow/dags/simple_pipeline.py
[2024-09-09T14:34:28.831+0000] {processor.py:179} INFO - Processing /opt/airflow/dags/simple_pipeline.py took 0.019 seconds
[2024-09-09T14:34:59.300+0000] {processor.py:157} INFO - Started process (PID=560) to work on /opt/airflow/dags/simple_pipeline.py
[2024-09-09T14:34:59.301+0000] {processor.py:829} INFO - Processing file /opt/airflow/dags/simple_pipeline.py for tasks to queue
[2024-09-09T14:34:59.302+0000] {logging_mixin.py:154} INFO - [2024-09-09T14:34:59.302+0000] {dagbag.py:536} INFO - Filling up the DagBag from /opt/airflow/dags/simple_pipeline.py
[2024-09-09T14:34:59.305+0000] {processor.py:841} WARNING - No viable dags retrieved from /opt/airflow/dags/simple_pipeline.py
[2024-09-09T14:34:59.316+0000] {processor.py:179} INFO - Processing /opt/airflow/dags/simple_pipeline.py took 0.021 seconds
[2024-09-09T14:35:29.741+0000] {processor.py:157} INFO - Started process (PID=581) to work on /opt/airflow/dags/simple_pipeline.py
[2024-09-09T14:35:29.742+0000] {processor.py:829} INFO - Processing file /opt/airflow/dags/simple_pipeline.py for tasks to queue
[2024-09-09T14:35:29.743+0000] {logging_mixin.py:154} INFO - [2024-09-09T14:35:29.742+0000] {dagbag.py:536} INFO - Filling up the DagBag from /opt/airflow/dags/simple_pipeline.py
[2024-09-09T14:35:29.746+0000] {processor.py:841} WARNING - No viable dags retrieved from /opt/airflow/dags/simple_pipeline.py
[2024-09-09T14:35:29.759+0000] {processor.py:179} INFO - Processing /opt/airflow/dags/simple_pipeline.py took 0.022 seconds
[2024-09-09T14:36:00.164+0000] {processor.py:157} INFO - Started process (PID=603) to work on /opt/airflow/dags/simple_pipeline.py
[2024-09-09T14:36:00.165+0000] {processor.py:829} INFO - Processing file /opt/airflow/dags/simple_pipeline.py for tasks to queue
[2024-09-09T14:36:00.166+0000] {logging_mixin.py:154} INFO - [2024-09-09T14:36:00.165+0000] {dagbag.py:536} INFO - Filling up the DagBag from /opt/airflow/dags/simple_pipeline.py
[2024-09-09T14:36:00.169+0000] {processor.py:841} WARNING - No viable dags retrieved from /opt/airflow/dags/simple_pipeline.py
[2024-09-09T14:36:00.180+0000] {processor.py:179} INFO - Processing /opt/airflow/dags/simple_pipeline.py took 0.019 seconds
[2024-09-09T14:36:30.597+0000] {processor.py:157} INFO - Started process (PID=625) to work on /opt/airflow/dags/simple_pipeline.py
[2024-09-09T14:36:30.598+0000] {processor.py:829} INFO - Processing file /opt/airflow/dags/simple_pipeline.py for tasks to queue
[2024-09-09T14:36:30.600+0000] {logging_mixin.py:154} INFO - [2024-09-09T14:36:30.600+0000] {dagbag.py:536} INFO - Filling up the DagBag from /opt/airflow/dags/simple_pipeline.py
[2024-09-09T14:36:30.603+0000] {processor.py:841} WARNING - No viable dags retrieved from /opt/airflow/dags/simple_pipeline.py
[2024-09-09T14:36:30.615+0000] {processor.py:179} INFO - Processing /opt/airflow/dags/simple_pipeline.py took 0.021 seconds
[2024-09-09T14:37:01.074+0000] {processor.py:157} INFO - Started process (PID=647) to work on /opt/airflow/dags/simple_pipeline.py
[2024-09-09T14:37:01.075+0000] {processor.py:829} INFO - Processing file /opt/airflow/dags/simple_pipeline.py for tasks to queue
[2024-09-09T14:37:01.076+0000] {logging_mixin.py:154} INFO - [2024-09-09T14:37:01.076+0000] {dagbag.py:536} INFO - Filling up the DagBag from /opt/airflow/dags/simple_pipeline.py
[2024-09-09T14:37:01.079+0000] {processor.py:841} WARNING - No viable dags retrieved from /opt/airflow/dags/simple_pipeline.py
[2024-09-09T14:37:01.090+0000] {processor.py:179} INFO - Processing /opt/airflow/dags/simple_pipeline.py took 0.018 seconds
[2024-09-09T14:37:31.530+0000] {processor.py:157} INFO - Started process (PID=669) to work on /opt/airflow/dags/simple_pipeline.py
[2024-09-09T14:37:31.531+0000] {processor.py:829} INFO - Processing file /opt/airflow/dags/simple_pipeline.py for tasks to queue
[2024-09-09T14:37:31.532+0000] {logging_mixin.py:154} INFO - [2024-09-09T14:37:31.531+0000] {dagbag.py:536} INFO - Filling up the DagBag from /opt/airflow/dags/simple_pipeline.py
[2024-09-09T14:37:31.534+0000] {processor.py:841} WARNING - No viable dags retrieved from /opt/airflow/dags/simple_pipeline.py
[2024-09-09T14:37:31.545+0000] {processor.py:179} INFO - Processing /opt/airflow/dags/simple_pipeline.py took 0.017 seconds
[2024-09-09T14:38:01.979+0000] {processor.py:157} INFO - Started process (PID=691) to work on /opt/airflow/dags/simple_pipeline.py
[2024-09-09T14:38:01.980+0000] {processor.py:829} INFO - Processing file /opt/airflow/dags/simple_pipeline.py for tasks to queue
[2024-09-09T14:38:01.981+0000] {logging_mixin.py:154} INFO - [2024-09-09T14:38:01.980+0000] {dagbag.py:536} INFO - Filling up the DagBag from /opt/airflow/dags/simple_pipeline.py
[2024-09-09T14:38:01.985+0000] {processor.py:841} WARNING - No viable dags retrieved from /opt/airflow/dags/simple_pipeline.py
[2024-09-09T14:38:01.999+0000] {processor.py:179} INFO - Processing /opt/airflow/dags/simple_pipeline.py took 0.023 seconds
[2024-09-09T16:43:05.833+0000] {processor.py:157} INFO - Started process (PID=175) to work on /opt/airflow/dags/simple_pipeline.py
[2024-09-09T16:43:05.836+0000] {processor.py:829} INFO - Processing file /opt/airflow/dags/simple_pipeline.py for tasks to queue
[2024-09-09T16:43:05.837+0000] {logging_mixin.py:154} INFO - [2024-09-09T16:43:05.837+0000] {dagbag.py:536} INFO - Filling up the DagBag from /opt/airflow/dags/simple_pipeline.py
[2024-09-09T16:43:05.843+0000] {processor.py:841} WARNING - No viable dags retrieved from /opt/airflow/dags/simple_pipeline.py
[2024-09-09T16:43:05.867+0000] {processor.py:179} INFO - Processing /opt/airflow/dags/simple_pipeline.py took 0.038 seconds
[2024-09-09T16:43:36.365+0000] {processor.py:157} INFO - Started process (PID=196) to work on /opt/airflow/dags/simple_pipeline.py
[2024-09-09T16:43:36.367+0000] {processor.py:829} INFO - Processing file /opt/airflow/dags/simple_pipeline.py for tasks to queue
[2024-09-09T16:43:36.368+0000] {logging_mixin.py:154} INFO - [2024-09-09T16:43:36.368+0000] {dagbag.py:536} INFO - Filling up the DagBag from /opt/airflow/dags/simple_pipeline.py
[2024-09-09T16:43:36.373+0000] {processor.py:841} WARNING - No viable dags retrieved from /opt/airflow/dags/simple_pipeline.py
[2024-09-09T16:43:36.389+0000] {processor.py:179} INFO - Processing /opt/airflow/dags/simple_pipeline.py took 0.028 seconds
[2024-09-09T16:44:06.809+0000] {processor.py:157} INFO - Started process (PID=218) to work on /opt/airflow/dags/simple_pipeline.py
[2024-09-09T16:44:06.811+0000] {processor.py:829} INFO - Processing file /opt/airflow/dags/simple_pipeline.py for tasks to queue
[2024-09-09T16:44:06.812+0000] {logging_mixin.py:154} INFO - [2024-09-09T16:44:06.812+0000] {dagbag.py:536} INFO - Filling up the DagBag from /opt/airflow/dags/simple_pipeline.py
[2024-09-09T16:44:06.816+0000] {processor.py:841} WARNING - No viable dags retrieved from /opt/airflow/dags/simple_pipeline.py
[2024-09-09T16:44:06.832+0000] {processor.py:179} INFO - Processing /opt/airflow/dags/simple_pipeline.py took 0.026 seconds
[2024-09-09T16:44:37.236+0000] {processor.py:157} INFO - Started process (PID=240) to work on /opt/airflow/dags/simple_pipeline.py
[2024-09-09T16:44:37.237+0000] {processor.py:829} INFO - Processing file /opt/airflow/dags/simple_pipeline.py for tasks to queue
[2024-09-09T16:44:37.238+0000] {logging_mixin.py:154} INFO - [2024-09-09T16:44:37.238+0000] {dagbag.py:536} INFO - Filling up the DagBag from /opt/airflow/dags/simple_pipeline.py
[2024-09-09T16:44:37.242+0000] {processor.py:841} WARNING - No viable dags retrieved from /opt/airflow/dags/simple_pipeline.py
[2024-09-09T16:44:37.258+0000] {processor.py:179} INFO - Processing /opt/airflow/dags/simple_pipeline.py took 0.027 seconds
[2024-09-09T16:45:07.693+0000] {processor.py:157} INFO - Started process (PID=262) to work on /opt/airflow/dags/simple_pipeline.py
[2024-09-09T16:45:07.694+0000] {processor.py:829} INFO - Processing file /opt/airflow/dags/simple_pipeline.py for tasks to queue
[2024-09-09T16:45:07.694+0000] {logging_mixin.py:154} INFO - [2024-09-09T16:45:07.694+0000] {dagbag.py:536} INFO - Filling up the DagBag from /opt/airflow/dags/simple_pipeline.py
[2024-09-09T16:45:07.699+0000] {processor.py:841} WARNING - No viable dags retrieved from /opt/airflow/dags/simple_pipeline.py
[2024-09-09T16:45:07.714+0000] {processor.py:179} INFO - Processing /opt/airflow/dags/simple_pipeline.py took 0.025 seconds
[2024-09-09T16:45:38.077+0000] {processor.py:157} INFO - Started process (PID=293) to work on /opt/airflow/dags/simple_pipeline.py
[2024-09-09T16:45:38.078+0000] {processor.py:829} INFO - Processing file /opt/airflow/dags/simple_pipeline.py for tasks to queue
[2024-09-09T16:45:38.080+0000] {logging_mixin.py:154} INFO - [2024-09-09T16:45:38.080+0000] {dagbag.py:536} INFO - Filling up the DagBag from /opt/airflow/dags/simple_pipeline.py
[2024-09-09T16:45:38.085+0000] {processor.py:841} WARNING - No viable dags retrieved from /opt/airflow/dags/simple_pipeline.py
[2024-09-09T16:45:38.098+0000] {processor.py:179} INFO - Processing /opt/airflow/dags/simple_pipeline.py took 0.024 seconds
[2024-09-09T16:46:08.485+0000] {processor.py:157} INFO - Started process (PID=314) to work on /opt/airflow/dags/simple_pipeline.py
[2024-09-09T16:46:08.486+0000] {processor.py:829} INFO - Processing file /opt/airflow/dags/simple_pipeline.py for tasks to queue
[2024-09-09T16:46:08.487+0000] {logging_mixin.py:154} INFO - [2024-09-09T16:46:08.487+0000] {dagbag.py:536} INFO - Filling up the DagBag from /opt/airflow/dags/simple_pipeline.py
[2024-09-09T16:46:08.491+0000] {processor.py:841} WARNING - No viable dags retrieved from /opt/airflow/dags/simple_pipeline.py
[2024-09-09T16:46:08.504+0000] {processor.py:179} INFO - Processing /opt/airflow/dags/simple_pipeline.py took 0.022 seconds
[2024-09-09T16:46:38.889+0000] {processor.py:157} INFO - Started process (PID=337) to work on /opt/airflow/dags/simple_pipeline.py
[2024-09-09T16:46:38.890+0000] {processor.py:829} INFO - Processing file /opt/airflow/dags/simple_pipeline.py for tasks to queue
[2024-09-09T16:46:38.891+0000] {logging_mixin.py:154} INFO - [2024-09-09T16:46:38.891+0000] {dagbag.py:536} INFO - Filling up the DagBag from /opt/airflow/dags/simple_pipeline.py
[2024-09-09T16:46:38.895+0000] {processor.py:841} WARNING - No viable dags retrieved from /opt/airflow/dags/simple_pipeline.py
[2024-09-09T16:46:38.909+0000] {processor.py:179} INFO - Processing /opt/airflow/dags/simple_pipeline.py took 0.023 seconds
[2024-09-09T17:15:10.764+0000] {processor.py:157} INFO - Started process (PID=173) to work on /opt/airflow/dags/simple_pipeline.py
[2024-09-09T17:15:10.765+0000] {processor.py:829} INFO - Processing file /opt/airflow/dags/simple_pipeline.py for tasks to queue
[2024-09-09T17:15:10.767+0000] {logging_mixin.py:154} INFO - [2024-09-09T17:15:10.767+0000] {dagbag.py:536} INFO - Filling up the DagBag from /opt/airflow/dags/simple_pipeline.py
[2024-09-09T17:15:10.775+0000] {processor.py:841} WARNING - No viable dags retrieved from /opt/airflow/dags/simple_pipeline.py
[2024-09-09T17:15:10.811+0000] {processor.py:179} INFO - Processing /opt/airflow/dags/simple_pipeline.py took 0.051 seconds
[2024-09-09T17:15:41.333+0000] {processor.py:157} INFO - Started process (PID=204) to work on /opt/airflow/dags/simple_pipeline.py
[2024-09-09T17:15:41.334+0000] {processor.py:829} INFO - Processing file /opt/airflow/dags/simple_pipeline.py for tasks to queue
[2024-09-09T17:15:41.335+0000] {logging_mixin.py:154} INFO - [2024-09-09T17:15:41.335+0000] {dagbag.py:536} INFO - Filling up the DagBag from /opt/airflow/dags/simple_pipeline.py
[2024-09-09T17:15:41.339+0000] {processor.py:841} WARNING - No viable dags retrieved from /opt/airflow/dags/simple_pipeline.py
[2024-09-09T17:15:41.364+0000] {processor.py:179} INFO - Processing /opt/airflow/dags/simple_pipeline.py took 0.035 seconds
[2024-09-09T17:16:11.829+0000] {processor.py:157} INFO - Started process (PID=227) to work on /opt/airflow/dags/simple_pipeline.py
[2024-09-09T17:16:11.830+0000] {processor.py:829} INFO - Processing file /opt/airflow/dags/simple_pipeline.py for tasks to queue
[2024-09-09T17:16:11.831+0000] {logging_mixin.py:154} INFO - [2024-09-09T17:16:11.831+0000] {dagbag.py:536} INFO - Filling up the DagBag from /opt/airflow/dags/simple_pipeline.py
[2024-09-09T17:16:11.835+0000] {processor.py:841} WARNING - No viable dags retrieved from /opt/airflow/dags/simple_pipeline.py
[2024-09-09T17:16:11.848+0000] {processor.py:179} INFO - Processing /opt/airflow/dags/simple_pipeline.py took 0.023 seconds
[2024-09-09T17:16:42.280+0000] {processor.py:157} INFO - Started process (PID=248) to work on /opt/airflow/dags/simple_pipeline.py
[2024-09-09T17:16:42.281+0000] {processor.py:829} INFO - Processing file /opt/airflow/dags/simple_pipeline.py for tasks to queue
[2024-09-09T17:16:42.282+0000] {logging_mixin.py:154} INFO - [2024-09-09T17:16:42.282+0000] {dagbag.py:536} INFO - Filling up the DagBag from /opt/airflow/dags/simple_pipeline.py
[2024-09-09T17:16:42.287+0000] {processor.py:841} WARNING - No viable dags retrieved from /opt/airflow/dags/simple_pipeline.py
[2024-09-09T17:16:42.306+0000] {processor.py:179} INFO - Processing /opt/airflow/dags/simple_pipeline.py took 0.031 seconds
[2024-09-09T17:17:12.748+0000] {processor.py:157} INFO - Started process (PID=270) to work on /opt/airflow/dags/simple_pipeline.py
[2024-09-09T17:17:12.749+0000] {processor.py:829} INFO - Processing file /opt/airflow/dags/simple_pipeline.py for tasks to queue
[2024-09-09T17:17:12.750+0000] {logging_mixin.py:154} INFO - [2024-09-09T17:17:12.750+0000] {dagbag.py:536} INFO - Filling up the DagBag from /opt/airflow/dags/simple_pipeline.py
[2024-09-09T17:17:12.753+0000] {processor.py:841} WARNING - No viable dags retrieved from /opt/airflow/dags/simple_pipeline.py
[2024-09-09T17:17:12.764+0000] {processor.py:179} INFO - Processing /opt/airflow/dags/simple_pipeline.py took 0.019 seconds
[2024-09-09T17:17:43.195+0000] {processor.py:157} INFO - Started process (PID=292) to work on /opt/airflow/dags/simple_pipeline.py
[2024-09-09T17:17:43.195+0000] {processor.py:829} INFO - Processing file /opt/airflow/dags/simple_pipeline.py for tasks to queue
[2024-09-09T17:17:43.196+0000] {logging_mixin.py:154} INFO - [2024-09-09T17:17:43.196+0000] {dagbag.py:536} INFO - Filling up the DagBag from /opt/airflow/dags/simple_pipeline.py
[2024-09-09T17:17:43.199+0000] {processor.py:841} WARNING - No viable dags retrieved from /opt/airflow/dags/simple_pipeline.py
[2024-09-09T17:17:43.219+0000] {processor.py:179} INFO - Processing /opt/airflow/dags/simple_pipeline.py took 0.027 seconds
[2024-09-09T17:18:13.660+0000] {processor.py:157} INFO - Started process (PID=314) to work on /opt/airflow/dags/simple_pipeline.py
[2024-09-09T17:18:13.661+0000] {processor.py:829} INFO - Processing file /opt/airflow/dags/simple_pipeline.py for tasks to queue
[2024-09-09T17:18:13.662+0000] {logging_mixin.py:154} INFO - [2024-09-09T17:18:13.662+0000] {dagbag.py:536} INFO - Filling up the DagBag from /opt/airflow/dags/simple_pipeline.py
[2024-09-09T17:18:13.665+0000] {processor.py:841} WARNING - No viable dags retrieved from /opt/airflow/dags/simple_pipeline.py
[2024-09-09T17:18:13.679+0000] {processor.py:179} INFO - Processing /opt/airflow/dags/simple_pipeline.py took 0.024 seconds
[2024-09-09T17:18:44.049+0000] {processor.py:157} INFO - Started process (PID=336) to work on /opt/airflow/dags/simple_pipeline.py
[2024-09-09T17:18:44.050+0000] {processor.py:829} INFO - Processing file /opt/airflow/dags/simple_pipeline.py for tasks to queue
[2024-09-09T17:18:44.051+0000] {logging_mixin.py:154} INFO - [2024-09-09T17:18:44.051+0000] {dagbag.py:536} INFO - Filling up the DagBag from /opt/airflow/dags/simple_pipeline.py
[2024-09-09T17:18:44.054+0000] {processor.py:841} WARNING - No viable dags retrieved from /opt/airflow/dags/simple_pipeline.py
[2024-09-09T17:18:44.066+0000] {processor.py:179} INFO - Processing /opt/airflow/dags/simple_pipeline.py took 0.020 seconds
[2024-09-09T17:19:14.445+0000] {processor.py:157} INFO - Started process (PID=358) to work on /opt/airflow/dags/simple_pipeline.py
[2024-09-09T17:19:14.446+0000] {processor.py:829} INFO - Processing file /opt/airflow/dags/simple_pipeline.py for tasks to queue
[2024-09-09T17:19:14.447+0000] {logging_mixin.py:154} INFO - [2024-09-09T17:19:14.447+0000] {dagbag.py:536} INFO - Filling up the DagBag from /opt/airflow/dags/simple_pipeline.py
[2024-09-09T17:19:14.450+0000] {processor.py:841} WARNING - No viable dags retrieved from /opt/airflow/dags/simple_pipeline.py
[2024-09-09T17:19:14.467+0000] {processor.py:179} INFO - Processing /opt/airflow/dags/simple_pipeline.py took 0.026 seconds
[2024-09-09T17:19:44.875+0000] {processor.py:157} INFO - Started process (PID=380) to work on /opt/airflow/dags/simple_pipeline.py
[2024-09-09T17:19:44.877+0000] {processor.py:829} INFO - Processing file /opt/airflow/dags/simple_pipeline.py for tasks to queue
[2024-09-09T17:19:44.878+0000] {logging_mixin.py:154} INFO - [2024-09-09T17:19:44.877+0000] {dagbag.py:536} INFO - Filling up the DagBag from /opt/airflow/dags/simple_pipeline.py
[2024-09-09T17:19:44.881+0000] {processor.py:841} WARNING - No viable dags retrieved from /opt/airflow/dags/simple_pipeline.py
[2024-09-09T17:19:44.894+0000] {processor.py:179} INFO - Processing /opt/airflow/dags/simple_pipeline.py took 0.021 seconds
[2024-09-09T17:20:15.330+0000] {processor.py:157} INFO - Started process (PID=402) to work on /opt/airflow/dags/simple_pipeline.py
[2024-09-09T17:20:15.331+0000] {processor.py:829} INFO - Processing file /opt/airflow/dags/simple_pipeline.py for tasks to queue
[2024-09-09T17:20:15.332+0000] {logging_mixin.py:154} INFO - [2024-09-09T17:20:15.331+0000] {dagbag.py:536} INFO - Filling up the DagBag from /opt/airflow/dags/simple_pipeline.py
[2024-09-09T17:20:15.335+0000] {processor.py:841} WARNING - No viable dags retrieved from /opt/airflow/dags/simple_pipeline.py
[2024-09-09T17:20:15.350+0000] {processor.py:179} INFO - Processing /opt/airflow/dags/simple_pipeline.py took 0.024 seconds
[2024-09-09T17:20:45.805+0000] {processor.py:157} INFO - Started process (PID=424) to work on /opt/airflow/dags/simple_pipeline.py
[2024-09-09T17:20:45.806+0000] {processor.py:829} INFO - Processing file /opt/airflow/dags/simple_pipeline.py for tasks to queue
[2024-09-09T17:20:45.807+0000] {logging_mixin.py:154} INFO - [2024-09-09T17:20:45.807+0000] {dagbag.py:536} INFO - Filling up the DagBag from /opt/airflow/dags/simple_pipeline.py
[2024-09-09T17:20:45.811+0000] {processor.py:841} WARNING - No viable dags retrieved from /opt/airflow/dags/simple_pipeline.py
[2024-09-09T17:20:45.830+0000] {processor.py:179} INFO - Processing /opt/airflow/dags/simple_pipeline.py took 0.029 seconds
[2024-09-09T17:21:16.255+0000] {processor.py:157} INFO - Started process (PID=446) to work on /opt/airflow/dags/simple_pipeline.py
[2024-09-09T17:21:16.256+0000] {processor.py:829} INFO - Processing file /opt/airflow/dags/simple_pipeline.py for tasks to queue
[2024-09-09T17:21:16.256+0000] {logging_mixin.py:154} INFO - [2024-09-09T17:21:16.256+0000] {dagbag.py:536} INFO - Filling up the DagBag from /opt/airflow/dags/simple_pipeline.py
[2024-09-09T17:21:16.260+0000] {processor.py:841} WARNING - No viable dags retrieved from /opt/airflow/dags/simple_pipeline.py
[2024-09-09T17:21:16.273+0000] {processor.py:179} INFO - Processing /opt/airflow/dags/simple_pipeline.py took 0.021 seconds
[2024-09-09T17:21:46.726+0000] {processor.py:157} INFO - Started process (PID=468) to work on /opt/airflow/dags/simple_pipeline.py
[2024-09-09T17:21:46.728+0000] {processor.py:829} INFO - Processing file /opt/airflow/dags/simple_pipeline.py for tasks to queue
[2024-09-09T17:21:46.729+0000] {logging_mixin.py:154} INFO - [2024-09-09T17:21:46.729+0000] {dagbag.py:536} INFO - Filling up the DagBag from /opt/airflow/dags/simple_pipeline.py
[2024-09-09T17:21:46.735+0000] {processor.py:841} WARNING - No viable dags retrieved from /opt/airflow/dags/simple_pipeline.py
[2024-09-09T17:21:46.757+0000] {processor.py:179} INFO - Processing /opt/airflow/dags/simple_pipeline.py took 0.038 seconds
[2024-09-09T17:22:17.249+0000] {processor.py:157} INFO - Started process (PID=490) to work on /opt/airflow/dags/simple_pipeline.py
[2024-09-09T17:22:17.250+0000] {processor.py:829} INFO - Processing file /opt/airflow/dags/simple_pipeline.py for tasks to queue
[2024-09-09T17:22:17.251+0000] {logging_mixin.py:154} INFO - [2024-09-09T17:22:17.251+0000] {dagbag.py:536} INFO - Filling up the DagBag from /opt/airflow/dags/simple_pipeline.py
[2024-09-09T17:22:17.255+0000] {processor.py:841} WARNING - No viable dags retrieved from /opt/airflow/dags/simple_pipeline.py
[2024-09-09T17:22:17.271+0000] {processor.py:179} INFO - Processing /opt/airflow/dags/simple_pipeline.py took 0.025 seconds
[2024-09-09T17:22:47.658+0000] {processor.py:157} INFO - Started process (PID=512) to work on /opt/airflow/dags/simple_pipeline.py
[2024-09-09T17:22:47.659+0000] {processor.py:829} INFO - Processing file /opt/airflow/dags/simple_pipeline.py for tasks to queue
[2024-09-09T17:22:47.660+0000] {logging_mixin.py:154} INFO - [2024-09-09T17:22:47.660+0000] {dagbag.py:536} INFO - Filling up the DagBag from /opt/airflow/dags/simple_pipeline.py
[2024-09-09T17:22:47.665+0000] {processor.py:841} WARNING - No viable dags retrieved from /opt/airflow/dags/simple_pipeline.py
[2024-09-09T17:22:47.683+0000] {processor.py:179} INFO - Processing /opt/airflow/dags/simple_pipeline.py took 0.030 seconds
[2024-09-09T17:23:18.208+0000] {processor.py:157} INFO - Started process (PID=546) to work on /opt/airflow/dags/simple_pipeline.py
[2024-09-09T17:23:18.211+0000] {processor.py:829} INFO - Processing file /opt/airflow/dags/simple_pipeline.py for tasks to queue
[2024-09-09T17:23:18.212+0000] {logging_mixin.py:154} INFO - [2024-09-09T17:23:18.212+0000] {dagbag.py:536} INFO - Filling up the DagBag from /opt/airflow/dags/simple_pipeline.py
[2024-09-09T17:23:18.217+0000] {processor.py:841} WARNING - No viable dags retrieved from /opt/airflow/dags/simple_pipeline.py
[2024-09-09T17:23:18.233+0000] {processor.py:179} INFO - Processing /opt/airflow/dags/simple_pipeline.py took 0.031 seconds
[2024-09-09T17:23:48.615+0000] {processor.py:157} INFO - Started process (PID=568) to work on /opt/airflow/dags/simple_pipeline.py
[2024-09-09T17:23:48.617+0000] {processor.py:829} INFO - Processing file /opt/airflow/dags/simple_pipeline.py for tasks to queue
[2024-09-09T17:23:48.619+0000] {logging_mixin.py:154} INFO - [2024-09-09T17:23:48.618+0000] {dagbag.py:536} INFO - Filling up the DagBag from /opt/airflow/dags/simple_pipeline.py
[2024-09-09T17:23:48.621+0000] {processor.py:841} WARNING - No viable dags retrieved from /opt/airflow/dags/simple_pipeline.py
[2024-09-09T17:23:48.632+0000] {processor.py:179} INFO - Processing /opt/airflow/dags/simple_pipeline.py took 0.022 seconds
[2024-09-09T17:24:19.085+0000] {processor.py:157} INFO - Started process (PID=595) to work on /opt/airflow/dags/simple_pipeline.py
[2024-09-09T17:24:19.088+0000] {processor.py:829} INFO - Processing file /opt/airflow/dags/simple_pipeline.py for tasks to queue
[2024-09-09T17:24:19.089+0000] {logging_mixin.py:154} INFO - [2024-09-09T17:24:19.089+0000] {dagbag.py:536} INFO - Filling up the DagBag from /opt/airflow/dags/simple_pipeline.py
[2024-09-09T17:24:19.093+0000] {processor.py:841} WARNING - No viable dags retrieved from /opt/airflow/dags/simple_pipeline.py
[2024-09-09T17:24:19.107+0000] {processor.py:179} INFO - Processing /opt/airflow/dags/simple_pipeline.py took 0.028 seconds
[2024-09-09T17:24:49.499+0000] {processor.py:157} INFO - Started process (PID=617) to work on /opt/airflow/dags/simple_pipeline.py
[2024-09-09T17:24:49.501+0000] {processor.py:829} INFO - Processing file /opt/airflow/dags/simple_pipeline.py for tasks to queue
[2024-09-09T17:24:49.502+0000] {logging_mixin.py:154} INFO - [2024-09-09T17:24:49.502+0000] {dagbag.py:536} INFO - Filling up the DagBag from /opt/airflow/dags/simple_pipeline.py
[2024-09-09T17:24:49.507+0000] {processor.py:841} WARNING - No viable dags retrieved from /opt/airflow/dags/simple_pipeline.py
[2024-09-09T17:24:49.521+0000] {processor.py:179} INFO - Processing /opt/airflow/dags/simple_pipeline.py took 0.027 seconds
[2024-09-09T17:25:19.919+0000] {processor.py:157} INFO - Started process (PID=639) to work on /opt/airflow/dags/simple_pipeline.py
[2024-09-09T17:25:19.920+0000] {processor.py:829} INFO - Processing file /opt/airflow/dags/simple_pipeline.py for tasks to queue
[2024-09-09T17:25:19.922+0000] {logging_mixin.py:154} INFO - [2024-09-09T17:25:19.921+0000] {dagbag.py:536} INFO - Filling up the DagBag from /opt/airflow/dags/simple_pipeline.py
[2024-09-09T17:25:19.926+0000] {processor.py:841} WARNING - No viable dags retrieved from /opt/airflow/dags/simple_pipeline.py
[2024-09-09T17:25:19.942+0000] {processor.py:179} INFO - Processing /opt/airflow/dags/simple_pipeline.py took 0.029 seconds
[2024-09-09T17:25:50.343+0000] {processor.py:157} INFO - Started process (PID=661) to work on /opt/airflow/dags/simple_pipeline.py
[2024-09-09T17:25:50.344+0000] {processor.py:829} INFO - Processing file /opt/airflow/dags/simple_pipeline.py for tasks to queue
[2024-09-09T17:25:50.345+0000] {logging_mixin.py:154} INFO - [2024-09-09T17:25:50.345+0000] {dagbag.py:536} INFO - Filling up the DagBag from /opt/airflow/dags/simple_pipeline.py
[2024-09-09T17:25:50.349+0000] {processor.py:841} WARNING - No viable dags retrieved from /opt/airflow/dags/simple_pipeline.py
[2024-09-09T17:25:50.363+0000] {processor.py:179} INFO - Processing /opt/airflow/dags/simple_pipeline.py took 0.025 seconds
[2024-09-09T17:26:20.728+0000] {processor.py:157} INFO - Started process (PID=683) to work on /opt/airflow/dags/simple_pipeline.py
[2024-09-09T17:26:20.729+0000] {processor.py:829} INFO - Processing file /opt/airflow/dags/simple_pipeline.py for tasks to queue
[2024-09-09T17:26:20.730+0000] {logging_mixin.py:154} INFO - [2024-09-09T17:26:20.730+0000] {dagbag.py:536} INFO - Filling up the DagBag from /opt/airflow/dags/simple_pipeline.py
[2024-09-09T17:26:20.734+0000] {processor.py:841} WARNING - No viable dags retrieved from /opt/airflow/dags/simple_pipeline.py
[2024-09-09T17:26:20.751+0000] {processor.py:179} INFO - Processing /opt/airflow/dags/simple_pipeline.py took 0.028 seconds
[2024-09-09T17:26:51.156+0000] {processor.py:157} INFO - Started process (PID=705) to work on /opt/airflow/dags/simple_pipeline.py
[2024-09-09T17:26:51.158+0000] {processor.py:829} INFO - Processing file /opt/airflow/dags/simple_pipeline.py for tasks to queue
[2024-09-09T17:26:51.159+0000] {logging_mixin.py:154} INFO - [2024-09-09T17:26:51.159+0000] {dagbag.py:536} INFO - Filling up the DagBag from /opt/airflow/dags/simple_pipeline.py
[2024-09-09T17:26:51.164+0000] {processor.py:841} WARNING - No viable dags retrieved from /opt/airflow/dags/simple_pipeline.py
[2024-09-09T17:26:51.176+0000] {processor.py:179} INFO - Processing /opt/airflow/dags/simple_pipeline.py took 0.025 seconds
[2024-09-09T17:27:21.565+0000] {processor.py:157} INFO - Started process (PID=735) to work on /opt/airflow/dags/simple_pipeline.py
[2024-09-09T17:27:21.566+0000] {processor.py:829} INFO - Processing file /opt/airflow/dags/simple_pipeline.py for tasks to queue
[2024-09-09T17:27:21.567+0000] {logging_mixin.py:154} INFO - [2024-09-09T17:27:21.567+0000] {dagbag.py:536} INFO - Filling up the DagBag from /opt/airflow/dags/simple_pipeline.py
[2024-09-09T17:27:21.572+0000] {processor.py:841} WARNING - No viable dags retrieved from /opt/airflow/dags/simple_pipeline.py
[2024-09-09T17:27:21.584+0000] {processor.py:179} INFO - Processing /opt/airflow/dags/simple_pipeline.py took 0.023 seconds
[2024-09-09T17:27:52.001+0000] {processor.py:157} INFO - Started process (PID=757) to work on /opt/airflow/dags/simple_pipeline.py
[2024-09-09T17:27:52.003+0000] {processor.py:829} INFO - Processing file /opt/airflow/dags/simple_pipeline.py for tasks to queue
[2024-09-09T17:27:52.004+0000] {logging_mixin.py:154} INFO - [2024-09-09T17:27:52.004+0000] {dagbag.py:536} INFO - Filling up the DagBag from /opt/airflow/dags/simple_pipeline.py
[2024-09-09T17:27:52.009+0000] {processor.py:841} WARNING - No viable dags retrieved from /opt/airflow/dags/simple_pipeline.py
[2024-09-09T17:27:52.025+0000] {processor.py:179} INFO - Processing /opt/airflow/dags/simple_pipeline.py took 0.029 seconds
[2024-09-09T17:28:22.437+0000] {processor.py:157} INFO - Started process (PID=779) to work on /opt/airflow/dags/simple_pipeline.py
[2024-09-09T17:28:22.438+0000] {processor.py:829} INFO - Processing file /opt/airflow/dags/simple_pipeline.py for tasks to queue
[2024-09-09T17:28:22.440+0000] {logging_mixin.py:154} INFO - [2024-09-09T17:28:22.439+0000] {dagbag.py:536} INFO - Filling up the DagBag from /opt/airflow/dags/simple_pipeline.py
[2024-09-09T17:28:22.445+0000] {processor.py:841} WARNING - No viable dags retrieved from /opt/airflow/dags/simple_pipeline.py
[2024-09-09T17:28:22.459+0000] {processor.py:179} INFO - Processing /opt/airflow/dags/simple_pipeline.py took 0.028 seconds
[2024-09-09T17:28:52.883+0000] {processor.py:157} INFO - Started process (PID=801) to work on /opt/airflow/dags/simple_pipeline.py
[2024-09-09T17:28:52.884+0000] {processor.py:829} INFO - Processing file /opt/airflow/dags/simple_pipeline.py for tasks to queue
[2024-09-09T17:28:52.886+0000] {logging_mixin.py:154} INFO - [2024-09-09T17:28:52.885+0000] {dagbag.py:536} INFO - Filling up the DagBag from /opt/airflow/dags/simple_pipeline.py
[2024-09-09T17:28:52.890+0000] {processor.py:841} WARNING - No viable dags retrieved from /opt/airflow/dags/simple_pipeline.py
[2024-09-09T17:28:52.905+0000] {processor.py:179} INFO - Processing /opt/airflow/dags/simple_pipeline.py took 0.028 seconds
[2024-09-09T17:29:23.306+0000] {processor.py:157} INFO - Started process (PID=823) to work on /opt/airflow/dags/simple_pipeline.py
[2024-09-09T17:29:23.307+0000] {processor.py:829} INFO - Processing file /opt/airflow/dags/simple_pipeline.py for tasks to queue
[2024-09-09T17:29:23.309+0000] {logging_mixin.py:154} INFO - [2024-09-09T17:29:23.309+0000] {dagbag.py:536} INFO - Filling up the DagBag from /opt/airflow/dags/simple_pipeline.py
[2024-09-09T17:29:23.314+0000] {processor.py:841} WARNING - No viable dags retrieved from /opt/airflow/dags/simple_pipeline.py
[2024-09-09T17:29:23.328+0000] {processor.py:179} INFO - Processing /opt/airflow/dags/simple_pipeline.py took 0.027 seconds
[2024-09-09T17:29:53.722+0000] {processor.py:157} INFO - Started process (PID=845) to work on /opt/airflow/dags/simple_pipeline.py
[2024-09-09T17:29:53.724+0000] {processor.py:829} INFO - Processing file /opt/airflow/dags/simple_pipeline.py for tasks to queue
[2024-09-09T17:29:53.725+0000] {logging_mixin.py:154} INFO - [2024-09-09T17:29:53.725+0000] {dagbag.py:536} INFO - Filling up the DagBag from /opt/airflow/dags/simple_pipeline.py
[2024-09-09T17:29:53.730+0000] {processor.py:841} WARNING - No viable dags retrieved from /opt/airflow/dags/simple_pipeline.py
[2024-09-09T17:29:53.743+0000] {processor.py:179} INFO - Processing /opt/airflow/dags/simple_pipeline.py took 0.026 seconds
[2024-09-09T17:30:24.213+0000] {processor.py:157} INFO - Started process (PID=867) to work on /opt/airflow/dags/simple_pipeline.py
[2024-09-09T17:30:24.215+0000] {processor.py:829} INFO - Processing file /opt/airflow/dags/simple_pipeline.py for tasks to queue
[2024-09-09T17:30:24.216+0000] {logging_mixin.py:154} INFO - [2024-09-09T17:30:24.216+0000] {dagbag.py:536} INFO - Filling up the DagBag from /opt/airflow/dags/simple_pipeline.py
[2024-09-09T17:30:24.221+0000] {processor.py:841} WARNING - No viable dags retrieved from /opt/airflow/dags/simple_pipeline.py
[2024-09-09T17:30:24.236+0000] {processor.py:179} INFO - Processing /opt/airflow/dags/simple_pipeline.py took 0.028 seconds
[2024-09-09T17:30:54.646+0000] {processor.py:157} INFO - Started process (PID=889) to work on /opt/airflow/dags/simple_pipeline.py
[2024-09-09T17:30:54.647+0000] {processor.py:829} INFO - Processing file /opt/airflow/dags/simple_pipeline.py for tasks to queue
[2024-09-09T17:30:54.649+0000] {logging_mixin.py:154} INFO - [2024-09-09T17:30:54.648+0000] {dagbag.py:536} INFO - Filling up the DagBag from /opt/airflow/dags/simple_pipeline.py
[2024-09-09T17:30:54.653+0000] {processor.py:841} WARNING - No viable dags retrieved from /opt/airflow/dags/simple_pipeline.py
[2024-09-09T17:30:54.668+0000] {processor.py:179} INFO - Processing /opt/airflow/dags/simple_pipeline.py took 0.027 seconds
[2024-09-09T17:31:25.065+0000] {processor.py:157} INFO - Started process (PID=911) to work on /opt/airflow/dags/simple_pipeline.py
[2024-09-09T17:31:25.067+0000] {processor.py:829} INFO - Processing file /opt/airflow/dags/simple_pipeline.py for tasks to queue
[2024-09-09T17:31:25.068+0000] {logging_mixin.py:154} INFO - [2024-09-09T17:31:25.068+0000] {dagbag.py:536} INFO - Filling up the DagBag from /opt/airflow/dags/simple_pipeline.py
[2024-09-09T17:31:25.072+0000] {processor.py:841} WARNING - No viable dags retrieved from /opt/airflow/dags/simple_pipeline.py
[2024-09-09T17:31:25.086+0000] {processor.py:179} INFO - Processing /opt/airflow/dags/simple_pipeline.py took 0.026 seconds
[2024-09-09T17:31:55.429+0000] {processor.py:157} INFO - Started process (PID=942) to work on /opt/airflow/dags/simple_pipeline.py
[2024-09-09T17:31:55.430+0000] {processor.py:829} INFO - Processing file /opt/airflow/dags/simple_pipeline.py for tasks to queue
[2024-09-09T17:31:55.431+0000] {logging_mixin.py:154} INFO - [2024-09-09T17:31:55.431+0000] {dagbag.py:536} INFO - Filling up the DagBag from /opt/airflow/dags/simple_pipeline.py
[2024-09-09T17:31:55.435+0000] {processor.py:841} WARNING - No viable dags retrieved from /opt/airflow/dags/simple_pipeline.py
[2024-09-09T17:31:55.454+0000] {processor.py:179} INFO - Processing /opt/airflow/dags/simple_pipeline.py took 0.030 seconds
[2024-09-09T17:32:25.859+0000] {processor.py:157} INFO - Started process (PID=973) to work on /opt/airflow/dags/simple_pipeline.py
[2024-09-09T17:32:25.860+0000] {processor.py:829} INFO - Processing file /opt/airflow/dags/simple_pipeline.py for tasks to queue
[2024-09-09T17:32:25.860+0000] {logging_mixin.py:154} INFO - [2024-09-09T17:32:25.860+0000] {dagbag.py:536} INFO - Filling up the DagBag from /opt/airflow/dags/simple_pipeline.py
[2024-09-09T17:32:25.863+0000] {processor.py:841} WARNING - No viable dags retrieved from /opt/airflow/dags/simple_pipeline.py
[2024-09-09T17:32:25.876+0000] {processor.py:179} INFO - Processing /opt/airflow/dags/simple_pipeline.py took 0.023 seconds
[2024-09-09T17:32:56.252+0000] {processor.py:157} INFO - Started process (PID=995) to work on /opt/airflow/dags/simple_pipeline.py
[2024-09-09T17:32:56.253+0000] {processor.py:829} INFO - Processing file /opt/airflow/dags/simple_pipeline.py for tasks to queue
[2024-09-09T17:32:56.255+0000] {logging_mixin.py:154} INFO - [2024-09-09T17:32:56.254+0000] {dagbag.py:536} INFO - Filling up the DagBag from /opt/airflow/dags/simple_pipeline.py
[2024-09-09T17:32:56.259+0000] {processor.py:841} WARNING - No viable dags retrieved from /opt/airflow/dags/simple_pipeline.py
[2024-09-09T17:32:56.276+0000] {processor.py:179} INFO - Processing /opt/airflow/dags/simple_pipeline.py took 0.029 seconds
[2024-09-09T17:33:26.673+0000] {processor.py:157} INFO - Started process (PID=1017) to work on /opt/airflow/dags/simple_pipeline.py
[2024-09-09T17:33:26.675+0000] {processor.py:829} INFO - Processing file /opt/airflow/dags/simple_pipeline.py for tasks to queue
[2024-09-09T17:33:26.676+0000] {logging_mixin.py:154} INFO - [2024-09-09T17:33:26.676+0000] {dagbag.py:536} INFO - Filling up the DagBag from /opt/airflow/dags/simple_pipeline.py
[2024-09-09T17:33:26.681+0000] {processor.py:841} WARNING - No viable dags retrieved from /opt/airflow/dags/simple_pipeline.py
[2024-09-09T17:33:26.699+0000] {processor.py:179} INFO - Processing /opt/airflow/dags/simple_pipeline.py took 0.033 seconds
[2024-09-09T17:33:57.076+0000] {processor.py:157} INFO - Started process (PID=1039) to work on /opt/airflow/dags/simple_pipeline.py
[2024-09-09T17:33:57.079+0000] {processor.py:829} INFO - Processing file /opt/airflow/dags/simple_pipeline.py for tasks to queue
[2024-09-09T17:33:57.080+0000] {logging_mixin.py:154} INFO - [2024-09-09T17:33:57.080+0000] {dagbag.py:536} INFO - Filling up the DagBag from /opt/airflow/dags/simple_pipeline.py
[2024-09-09T17:33:57.086+0000] {processor.py:841} WARNING - No viable dags retrieved from /opt/airflow/dags/simple_pipeline.py
[2024-09-09T17:33:57.123+0000] {processor.py:179} INFO - Processing /opt/airflow/dags/simple_pipeline.py took 0.054 seconds
[2024-09-09T17:34:27.626+0000] {processor.py:157} INFO - Started process (PID=1068) to work on /opt/airflow/dags/simple_pipeline.py
[2024-09-09T17:34:27.628+0000] {processor.py:829} INFO - Processing file /opt/airflow/dags/simple_pipeline.py for tasks to queue
[2024-09-09T17:34:27.629+0000] {logging_mixin.py:154} INFO - [2024-09-09T17:34:27.629+0000] {dagbag.py:536} INFO - Filling up the DagBag from /opt/airflow/dags/simple_pipeline.py
[2024-09-09T17:34:27.635+0000] {processor.py:841} WARNING - No viable dags retrieved from /opt/airflow/dags/simple_pipeline.py
[2024-09-09T17:34:27.652+0000] {processor.py:179} INFO - Processing /opt/airflow/dags/simple_pipeline.py took 0.037 seconds
[2024-09-09T17:34:58.092+0000] {processor.py:157} INFO - Started process (PID=1090) to work on /opt/airflow/dags/simple_pipeline.py
[2024-09-09T17:34:58.093+0000] {processor.py:829} INFO - Processing file /opt/airflow/dags/simple_pipeline.py for tasks to queue
[2024-09-09T17:34:58.094+0000] {logging_mixin.py:154} INFO - [2024-09-09T17:34:58.094+0000] {dagbag.py:536} INFO - Filling up the DagBag from /opt/airflow/dags/simple_pipeline.py
[2024-09-09T17:34:58.098+0000] {processor.py:841} WARNING - No viable dags retrieved from /opt/airflow/dags/simple_pipeline.py
[2024-09-09T17:34:58.110+0000] {processor.py:179} INFO - Processing /opt/airflow/dags/simple_pipeline.py took 0.024 seconds
[2024-09-09T17:35:28.552+0000] {processor.py:157} INFO - Started process (PID=1112) to work on /opt/airflow/dags/simple_pipeline.py
[2024-09-09T17:35:28.554+0000] {processor.py:829} INFO - Processing file /opt/airflow/dags/simple_pipeline.py for tasks to queue
[2024-09-09T17:35:28.556+0000] {logging_mixin.py:154} INFO - [2024-09-09T17:35:28.555+0000] {dagbag.py:536} INFO - Filling up the DagBag from /opt/airflow/dags/simple_pipeline.py
[2024-09-09T17:35:28.561+0000] {processor.py:841} WARNING - No viable dags retrieved from /opt/airflow/dags/simple_pipeline.py
[2024-09-09T17:35:28.574+0000] {processor.py:179} INFO - Processing /opt/airflow/dags/simple_pipeline.py took 0.027 seconds
[2024-09-09T17:35:58.957+0000] {processor.py:157} INFO - Started process (PID=1143) to work on /opt/airflow/dags/simple_pipeline.py
[2024-09-09T17:35:58.959+0000] {processor.py:829} INFO - Processing file /opt/airflow/dags/simple_pipeline.py for tasks to queue
[2024-09-09T17:35:58.960+0000] {logging_mixin.py:154} INFO - [2024-09-09T17:35:58.960+0000] {dagbag.py:536} INFO - Filling up the DagBag from /opt/airflow/dags/simple_pipeline.py
[2024-09-09T17:35:58.966+0000] {processor.py:841} WARNING - No viable dags retrieved from /opt/airflow/dags/simple_pipeline.py
[2024-09-09T17:35:58.983+0000] {processor.py:179} INFO - Processing /opt/airflow/dags/simple_pipeline.py took 0.031 seconds
[2024-09-09T17:36:29.489+0000] {processor.py:157} INFO - Started process (PID=1165) to work on /opt/airflow/dags/simple_pipeline.py
[2024-09-09T17:36:29.492+0000] {processor.py:829} INFO - Processing file /opt/airflow/dags/simple_pipeline.py for tasks to queue
[2024-09-09T17:36:29.494+0000] {logging_mixin.py:154} INFO - [2024-09-09T17:36:29.493+0000] {dagbag.py:536} INFO - Filling up the DagBag from /opt/airflow/dags/simple_pipeline.py
[2024-09-09T17:36:29.499+0000] {processor.py:841} WARNING - No viable dags retrieved from /opt/airflow/dags/simple_pipeline.py
[2024-09-09T17:36:29.519+0000] {processor.py:179} INFO - Processing /opt/airflow/dags/simple_pipeline.py took 0.047 seconds
[2024-09-09T17:37:00.069+0000] {processor.py:157} INFO - Started process (PID=1211) to work on /opt/airflow/dags/simple_pipeline.py
[2024-09-09T17:37:00.071+0000] {processor.py:829} INFO - Processing file /opt/airflow/dags/simple_pipeline.py for tasks to queue
[2024-09-09T17:37:00.072+0000] {logging_mixin.py:154} INFO - [2024-09-09T17:37:00.072+0000] {dagbag.py:536} INFO - Filling up the DagBag from /opt/airflow/dags/simple_pipeline.py
[2024-09-09T17:37:00.077+0000] {processor.py:841} WARNING - No viable dags retrieved from /opt/airflow/dags/simple_pipeline.py
[2024-09-09T17:37:00.090+0000] {processor.py:179} INFO - Processing /opt/airflow/dags/simple_pipeline.py took 0.027 seconds
[2024-09-09T17:37:30.441+0000] {processor.py:157} INFO - Started process (PID=1232) to work on /opt/airflow/dags/simple_pipeline.py
[2024-09-09T17:37:30.442+0000] {processor.py:829} INFO - Processing file /opt/airflow/dags/simple_pipeline.py for tasks to queue
[2024-09-09T17:37:30.443+0000] {logging_mixin.py:154} INFO - [2024-09-09T17:37:30.443+0000] {dagbag.py:536} INFO - Filling up the DagBag from /opt/airflow/dags/simple_pipeline.py
[2024-09-09T17:37:30.447+0000] {processor.py:841} WARNING - No viable dags retrieved from /opt/airflow/dags/simple_pipeline.py
[2024-09-09T17:37:30.461+0000] {processor.py:179} INFO - Processing /opt/airflow/dags/simple_pipeline.py took 0.025 seconds
[2024-09-09T17:38:00.818+0000] {processor.py:157} INFO - Started process (PID=1254) to work on /opt/airflow/dags/simple_pipeline.py
[2024-09-09T17:38:00.819+0000] {processor.py:829} INFO - Processing file /opt/airflow/dags/simple_pipeline.py for tasks to queue
[2024-09-09T17:38:00.820+0000] {logging_mixin.py:154} INFO - [2024-09-09T17:38:00.820+0000] {dagbag.py:536} INFO - Filling up the DagBag from /opt/airflow/dags/simple_pipeline.py
[2024-09-09T17:38:00.824+0000] {processor.py:841} WARNING - No viable dags retrieved from /opt/airflow/dags/simple_pipeline.py
[2024-09-09T17:38:00.837+0000] {processor.py:179} INFO - Processing /opt/airflow/dags/simple_pipeline.py took 0.023 seconds
[2024-09-09T17:38:31.236+0000] {processor.py:157} INFO - Started process (PID=1276) to work on /opt/airflow/dags/simple_pipeline.py
[2024-09-09T17:38:31.238+0000] {processor.py:829} INFO - Processing file /opt/airflow/dags/simple_pipeline.py for tasks to queue
[2024-09-09T17:38:31.239+0000] {logging_mixin.py:154} INFO - [2024-09-09T17:38:31.239+0000] {dagbag.py:536} INFO - Filling up the DagBag from /opt/airflow/dags/simple_pipeline.py
[2024-09-09T17:38:31.247+0000] {processor.py:841} WARNING - No viable dags retrieved from /opt/airflow/dags/simple_pipeline.py
[2024-09-09T17:38:31.264+0000] {processor.py:179} INFO - Processing /opt/airflow/dags/simple_pipeline.py took 0.035 seconds
[2024-09-09T17:39:01.681+0000] {processor.py:157} INFO - Started process (PID=1297) to work on /opt/airflow/dags/simple_pipeline.py
[2024-09-09T17:39:01.682+0000] {processor.py:829} INFO - Processing file /opt/airflow/dags/simple_pipeline.py for tasks to queue
[2024-09-09T17:39:01.683+0000] {logging_mixin.py:154} INFO - [2024-09-09T17:39:01.683+0000] {dagbag.py:536} INFO - Filling up the DagBag from /opt/airflow/dags/simple_pipeline.py
[2024-09-09T17:39:01.688+0000] {processor.py:841} WARNING - No viable dags retrieved from /opt/airflow/dags/simple_pipeline.py
[2024-09-09T17:39:01.701+0000] {processor.py:179} INFO - Processing /opt/airflow/dags/simple_pipeline.py took 0.026 seconds
[2024-09-09T17:39:32.079+0000] {processor.py:157} INFO - Started process (PID=1319) to work on /opt/airflow/dags/simple_pipeline.py
[2024-09-09T17:39:32.081+0000] {processor.py:829} INFO - Processing file /opt/airflow/dags/simple_pipeline.py for tasks to queue
[2024-09-09T17:39:32.083+0000] {logging_mixin.py:154} INFO - [2024-09-09T17:39:32.082+0000] {dagbag.py:536} INFO - Filling up the DagBag from /opt/airflow/dags/simple_pipeline.py
[2024-09-09T17:39:32.095+0000] {processor.py:841} WARNING - No viable dags retrieved from /opt/airflow/dags/simple_pipeline.py
[2024-09-09T17:39:32.128+0000] {processor.py:179} INFO - Processing /opt/airflow/dags/simple_pipeline.py took 0.061 seconds
[2024-09-09T17:40:02.564+0000] {processor.py:157} INFO - Started process (PID=1341) to work on /opt/airflow/dags/simple_pipeline.py
[2024-09-09T17:40:02.571+0000] {processor.py:829} INFO - Processing file /opt/airflow/dags/simple_pipeline.py for tasks to queue
[2024-09-09T17:40:02.574+0000] {logging_mixin.py:154} INFO - [2024-09-09T17:40:02.573+0000] {dagbag.py:536} INFO - Filling up the DagBag from /opt/airflow/dags/simple_pipeline.py
[2024-09-09T17:40:02.585+0000] {processor.py:841} WARNING - No viable dags retrieved from /opt/airflow/dags/simple_pipeline.py
[2024-09-09T17:40:02.660+0000] {processor.py:179} INFO - Processing /opt/airflow/dags/simple_pipeline.py took 0.108 seconds
[2024-09-09T17:40:33.408+0000] {processor.py:157} INFO - Started process (PID=1363) to work on /opt/airflow/dags/simple_pipeline.py
[2024-09-09T17:40:33.413+0000] {processor.py:829} INFO - Processing file /opt/airflow/dags/simple_pipeline.py for tasks to queue
[2024-09-09T17:40:33.416+0000] {logging_mixin.py:154} INFO - [2024-09-09T17:40:33.415+0000] {dagbag.py:536} INFO - Filling up the DagBag from /opt/airflow/dags/simple_pipeline.py
[2024-09-09T17:40:33.427+0000] {processor.py:841} WARNING - No viable dags retrieved from /opt/airflow/dags/simple_pipeline.py
[2024-09-09T17:40:33.497+0000] {processor.py:179} INFO - Processing /opt/airflow/dags/simple_pipeline.py took 0.139 seconds
[2024-09-09T17:41:04.053+0000] {processor.py:157} INFO - Started process (PID=1394) to work on /opt/airflow/dags/simple_pipeline.py
[2024-09-09T17:41:04.060+0000] {processor.py:829} INFO - Processing file /opt/airflow/dags/simple_pipeline.py for tasks to queue
[2024-09-09T17:41:04.063+0000] {logging_mixin.py:154} INFO - [2024-09-09T17:41:04.062+0000] {dagbag.py:536} INFO - Filling up the DagBag from /opt/airflow/dags/simple_pipeline.py
[2024-09-09T17:41:04.074+0000] {processor.py:841} WARNING - No viable dags retrieved from /opt/airflow/dags/simple_pipeline.py
[2024-09-09T17:41:04.186+0000] {processor.py:179} INFO - Processing /opt/airflow/dags/simple_pipeline.py took 0.150 seconds
[2024-09-09T17:41:34.451+0000] {processor.py:157} INFO - Started process (PID=1416) to work on /opt/airflow/dags/simple_pipeline.py
[2024-09-09T17:41:34.453+0000] {processor.py:829} INFO - Processing file /opt/airflow/dags/simple_pipeline.py for tasks to queue
[2024-09-09T17:41:34.454+0000] {logging_mixin.py:154} INFO - [2024-09-09T17:41:34.454+0000] {dagbag.py:536} INFO - Filling up the DagBag from /opt/airflow/dags/simple_pipeline.py
[2024-09-09T17:41:34.461+0000] {processor.py:841} WARNING - No viable dags retrieved from /opt/airflow/dags/simple_pipeline.py
[2024-09-09T17:41:34.476+0000] {processor.py:179} INFO - Processing /opt/airflow/dags/simple_pipeline.py took 0.028 seconds
[2024-09-09T17:42:04.658+0000] {processor.py:157} INFO - Started process (PID=1438) to work on /opt/airflow/dags/simple_pipeline.py
[2024-09-09T17:42:04.658+0000] {processor.py:829} INFO - Processing file /opt/airflow/dags/simple_pipeline.py for tasks to queue
[2024-09-09T17:42:04.659+0000] {logging_mixin.py:154} INFO - [2024-09-09T17:42:04.659+0000] {dagbag.py:536} INFO - Filling up the DagBag from /opt/airflow/dags/simple_pipeline.py
[2024-09-09T17:42:04.662+0000] {processor.py:841} WARNING - No viable dags retrieved from /opt/airflow/dags/simple_pipeline.py
[2024-09-09T17:42:04.672+0000] {processor.py:179} INFO - Processing /opt/airflow/dags/simple_pipeline.py took 0.017 seconds
[2024-09-09T17:42:34.925+0000] {processor.py:157} INFO - Started process (PID=1460) to work on /opt/airflow/dags/simple_pipeline.py
[2024-09-09T17:42:34.926+0000] {processor.py:829} INFO - Processing file /opt/airflow/dags/simple_pipeline.py for tasks to queue
[2024-09-09T17:42:34.927+0000] {logging_mixin.py:154} INFO - [2024-09-09T17:42:34.926+0000] {dagbag.py:536} INFO - Filling up the DagBag from /opt/airflow/dags/simple_pipeline.py
[2024-09-09T17:42:34.930+0000] {processor.py:841} WARNING - No viable dags retrieved from /opt/airflow/dags/simple_pipeline.py
[2024-09-09T17:42:34.943+0000] {processor.py:179} INFO - Processing /opt/airflow/dags/simple_pipeline.py took 0.023 seconds
[2024-09-09T17:43:05.176+0000] {processor.py:157} INFO - Started process (PID=1482) to work on /opt/airflow/dags/simple_pipeline.py
[2024-09-09T17:43:05.177+0000] {processor.py:829} INFO - Processing file /opt/airflow/dags/simple_pipeline.py for tasks to queue
[2024-09-09T17:43:05.178+0000] {logging_mixin.py:154} INFO - [2024-09-09T17:43:05.178+0000] {dagbag.py:536} INFO - Filling up the DagBag from /opt/airflow/dags/simple_pipeline.py
[2024-09-09T17:43:05.182+0000] {processor.py:841} WARNING - No viable dags retrieved from /opt/airflow/dags/simple_pipeline.py
[2024-09-09T17:43:05.195+0000] {processor.py:179} INFO - Processing /opt/airflow/dags/simple_pipeline.py took 0.024 seconds
[2024-09-09T17:43:35.516+0000] {processor.py:157} INFO - Started process (PID=1504) to work on /opt/airflow/dags/simple_pipeline.py
[2024-09-09T17:43:35.517+0000] {processor.py:829} INFO - Processing file /opt/airflow/dags/simple_pipeline.py for tasks to queue
[2024-09-09T17:43:35.518+0000] {logging_mixin.py:154} INFO - [2024-09-09T17:43:35.518+0000] {dagbag.py:536} INFO - Filling up the DagBag from /opt/airflow/dags/simple_pipeline.py
[2024-09-09T17:43:35.522+0000] {processor.py:841} WARNING - No viable dags retrieved from /opt/airflow/dags/simple_pipeline.py
[2024-09-09T17:43:35.532+0000] {processor.py:179} INFO - Processing /opt/airflow/dags/simple_pipeline.py took 0.020 seconds
[2024-09-09T17:44:05.900+0000] {processor.py:157} INFO - Started process (PID=1526) to work on /opt/airflow/dags/simple_pipeline.py
[2024-09-09T17:44:05.903+0000] {processor.py:829} INFO - Processing file /opt/airflow/dags/simple_pipeline.py for tasks to queue
[2024-09-09T17:44:05.904+0000] {logging_mixin.py:154} INFO - [2024-09-09T17:44:05.904+0000] {dagbag.py:536} INFO - Filling up the DagBag from /opt/airflow/dags/simple_pipeline.py
[2024-09-09T17:44:05.912+0000] {processor.py:841} WARNING - No viable dags retrieved from /opt/airflow/dags/simple_pipeline.py
[2024-09-09T17:44:05.940+0000] {processor.py:179} INFO - Processing /opt/airflow/dags/simple_pipeline.py took 0.044 seconds
[2024-09-09T17:44:36.296+0000] {processor.py:157} INFO - Started process (PID=1548) to work on /opt/airflow/dags/simple_pipeline.py
[2024-09-09T17:44:36.297+0000] {processor.py:829} INFO - Processing file /opt/airflow/dags/simple_pipeline.py for tasks to queue
[2024-09-09T17:44:36.298+0000] {logging_mixin.py:154} INFO - [2024-09-09T17:44:36.298+0000] {dagbag.py:536} INFO - Filling up the DagBag from /opt/airflow/dags/simple_pipeline.py
[2024-09-09T17:44:36.303+0000] {processor.py:841} WARNING - No viable dags retrieved from /opt/airflow/dags/simple_pipeline.py
[2024-09-09T17:44:36.316+0000] {processor.py:179} INFO - Processing /opt/airflow/dags/simple_pipeline.py took 0.024 seconds
[2024-09-09T17:45:06.552+0000] {processor.py:157} INFO - Started process (PID=1570) to work on /opt/airflow/dags/simple_pipeline.py
[2024-09-09T17:45:06.553+0000] {processor.py:829} INFO - Processing file /opt/airflow/dags/simple_pipeline.py for tasks to queue
[2024-09-09T17:45:06.554+0000] {logging_mixin.py:154} INFO - [2024-09-09T17:45:06.554+0000] {dagbag.py:536} INFO - Filling up the DagBag from /opt/airflow/dags/simple_pipeline.py
[2024-09-09T17:45:06.558+0000] {processor.py:841} WARNING - No viable dags retrieved from /opt/airflow/dags/simple_pipeline.py
[2024-09-09T17:45:06.572+0000] {processor.py:179} INFO - Processing /opt/airflow/dags/simple_pipeline.py took 0.024 seconds
[2024-09-09T17:45:36.872+0000] {processor.py:157} INFO - Started process (PID=1592) to work on /opt/airflow/dags/simple_pipeline.py
[2024-09-09T17:45:36.873+0000] {processor.py:829} INFO - Processing file /opt/airflow/dags/simple_pipeline.py for tasks to queue
[2024-09-09T17:45:36.875+0000] {logging_mixin.py:154} INFO - [2024-09-09T17:45:36.874+0000] {dagbag.py:536} INFO - Filling up the DagBag from /opt/airflow/dags/simple_pipeline.py
[2024-09-09T17:45:36.878+0000] {processor.py:841} WARNING - No viable dags retrieved from /opt/airflow/dags/simple_pipeline.py
[2024-09-09T17:45:36.892+0000] {processor.py:179} INFO - Processing /opt/airflow/dags/simple_pipeline.py took 0.023 seconds
[2024-09-09T17:46:07.161+0000] {processor.py:157} INFO - Started process (PID=1614) to work on /opt/airflow/dags/simple_pipeline.py
[2024-09-09T17:46:07.161+0000] {processor.py:829} INFO - Processing file /opt/airflow/dags/simple_pipeline.py for tasks to queue
[2024-09-09T17:46:07.163+0000] {logging_mixin.py:154} INFO - [2024-09-09T17:46:07.162+0000] {dagbag.py:536} INFO - Filling up the DagBag from /opt/airflow/dags/simple_pipeline.py
[2024-09-09T17:46:07.169+0000] {processor.py:841} WARNING - No viable dags retrieved from /opt/airflow/dags/simple_pipeline.py
[2024-09-09T17:46:07.182+0000] {processor.py:179} INFO - Processing /opt/airflow/dags/simple_pipeline.py took 0.024 seconds
[2024-09-09T17:46:37.401+0000] {processor.py:157} INFO - Started process (PID=1636) to work on /opt/airflow/dags/simple_pipeline.py
[2024-09-09T17:46:37.402+0000] {processor.py:829} INFO - Processing file /opt/airflow/dags/simple_pipeline.py for tasks to queue
[2024-09-09T17:46:37.402+0000] {logging_mixin.py:154} INFO - [2024-09-09T17:46:37.402+0000] {dagbag.py:536} INFO - Filling up the DagBag from /opt/airflow/dags/simple_pipeline.py
[2024-09-09T17:46:37.405+0000] {processor.py:841} WARNING - No viable dags retrieved from /opt/airflow/dags/simple_pipeline.py
[2024-09-09T17:46:37.415+0000] {processor.py:179} INFO - Processing /opt/airflow/dags/simple_pipeline.py took 0.017 seconds
[2024-09-09T17:47:07.715+0000] {processor.py:157} INFO - Started process (PID=1658) to work on /opt/airflow/dags/simple_pipeline.py
[2024-09-09T17:47:07.716+0000] {processor.py:829} INFO - Processing file /opt/airflow/dags/simple_pipeline.py for tasks to queue
[2024-09-09T17:47:07.717+0000] {logging_mixin.py:154} INFO - [2024-09-09T17:47:07.717+0000] {dagbag.py:536} INFO - Filling up the DagBag from /opt/airflow/dags/simple_pipeline.py
[2024-09-09T17:47:07.721+0000] {processor.py:841} WARNING - No viable dags retrieved from /opt/airflow/dags/simple_pipeline.py
[2024-09-09T17:47:07.734+0000] {processor.py:179} INFO - Processing /opt/airflow/dags/simple_pipeline.py took 0.024 seconds
[2024-09-09T17:47:38.064+0000] {processor.py:157} INFO - Started process (PID=1680) to work on /opt/airflow/dags/simple_pipeline.py
[2024-09-09T17:47:38.065+0000] {processor.py:829} INFO - Processing file /opt/airflow/dags/simple_pipeline.py for tasks to queue
[2024-09-09T17:47:38.065+0000] {logging_mixin.py:154} INFO - [2024-09-09T17:47:38.065+0000] {dagbag.py:536} INFO - Filling up the DagBag from /opt/airflow/dags/simple_pipeline.py
[2024-09-09T17:47:38.068+0000] {processor.py:841} WARNING - No viable dags retrieved from /opt/airflow/dags/simple_pipeline.py
[2024-09-09T17:47:38.079+0000] {processor.py:179} INFO - Processing /opt/airflow/dags/simple_pipeline.py took 0.018 seconds
[2024-09-09T17:48:08.421+0000] {processor.py:157} INFO - Started process (PID=1702) to work on /opt/airflow/dags/simple_pipeline.py
[2024-09-09T17:48:08.422+0000] {processor.py:829} INFO - Processing file /opt/airflow/dags/simple_pipeline.py for tasks to queue
[2024-09-09T17:48:08.423+0000] {logging_mixin.py:154} INFO - [2024-09-09T17:48:08.423+0000] {dagbag.py:536} INFO - Filling up the DagBag from /opt/airflow/dags/simple_pipeline.py
[2024-09-09T17:48:08.427+0000] {processor.py:841} WARNING - No viable dags retrieved from /opt/airflow/dags/simple_pipeline.py
[2024-09-09T17:48:08.441+0000] {processor.py:179} INFO - Processing /opt/airflow/dags/simple_pipeline.py took 0.023 seconds
[2024-09-09T17:48:38.727+0000] {processor.py:157} INFO - Started process (PID=1724) to work on /opt/airflow/dags/simple_pipeline.py
[2024-09-09T17:48:38.728+0000] {processor.py:829} INFO - Processing file /opt/airflow/dags/simple_pipeline.py for tasks to queue
[2024-09-09T17:48:38.729+0000] {logging_mixin.py:154} INFO - [2024-09-09T17:48:38.729+0000] {dagbag.py:536} INFO - Filling up the DagBag from /opt/airflow/dags/simple_pipeline.py
[2024-09-09T17:48:38.732+0000] {processor.py:841} WARNING - No viable dags retrieved from /opt/airflow/dags/simple_pipeline.py
[2024-09-09T17:48:38.742+0000] {processor.py:179} INFO - Processing /opt/airflow/dags/simple_pipeline.py took 0.018 seconds
[2024-09-09T17:49:09.017+0000] {processor.py:157} INFO - Started process (PID=1746) to work on /opt/airflow/dags/simple_pipeline.py
[2024-09-09T17:49:09.018+0000] {processor.py:829} INFO - Processing file /opt/airflow/dags/simple_pipeline.py for tasks to queue
[2024-09-09T17:49:09.018+0000] {logging_mixin.py:154} INFO - [2024-09-09T17:49:09.018+0000] {dagbag.py:536} INFO - Filling up the DagBag from /opt/airflow/dags/simple_pipeline.py
[2024-09-09T17:49:09.021+0000] {processor.py:841} WARNING - No viable dags retrieved from /opt/airflow/dags/simple_pipeline.py
[2024-09-09T17:49:09.030+0000] {processor.py:179} INFO - Processing /opt/airflow/dags/simple_pipeline.py took 0.016 seconds
[2024-09-09T17:49:39.347+0000] {processor.py:157} INFO - Started process (PID=1768) to work on /opt/airflow/dags/simple_pipeline.py
[2024-09-09T17:49:39.349+0000] {processor.py:829} INFO - Processing file /opt/airflow/dags/simple_pipeline.py for tasks to queue
[2024-09-09T17:49:39.350+0000] {logging_mixin.py:154} INFO - [2024-09-09T17:49:39.350+0000] {dagbag.py:536} INFO - Filling up the DagBag from /opt/airflow/dags/simple_pipeline.py
[2024-09-09T17:49:39.354+0000] {processor.py:841} WARNING - No viable dags retrieved from /opt/airflow/dags/simple_pipeline.py
[2024-09-09T17:49:39.366+0000] {processor.py:179} INFO - Processing /opt/airflow/dags/simple_pipeline.py took 0.024 seconds
[2024-09-09T17:50:09.677+0000] {processor.py:157} INFO - Started process (PID=1790) to work on /opt/airflow/dags/simple_pipeline.py
[2024-09-09T17:50:09.679+0000] {processor.py:829} INFO - Processing file /opt/airflow/dags/simple_pipeline.py for tasks to queue
[2024-09-09T17:50:09.680+0000] {logging_mixin.py:154} INFO - [2024-09-09T17:50:09.680+0000] {dagbag.py:536} INFO - Filling up the DagBag from /opt/airflow/dags/simple_pipeline.py
[2024-09-09T17:50:09.687+0000] {processor.py:841} WARNING - No viable dags retrieved from /opt/airflow/dags/simple_pipeline.py
[2024-09-09T17:50:09.697+0000] {processor.py:179} INFO - Processing /opt/airflow/dags/simple_pipeline.py took 0.024 seconds
[2024-09-09T17:50:40.061+0000] {processor.py:157} INFO - Started process (PID=1811) to work on /opt/airflow/dags/simple_pipeline.py
[2024-09-09T17:50:40.063+0000] {processor.py:829} INFO - Processing file /opt/airflow/dags/simple_pipeline.py for tasks to queue
[2024-09-09T17:50:40.064+0000] {logging_mixin.py:154} INFO - [2024-09-09T17:50:40.064+0000] {dagbag.py:536} INFO - Filling up the DagBag from /opt/airflow/dags/simple_pipeline.py
[2024-09-09T17:50:40.068+0000] {processor.py:841} WARNING - No viable dags retrieved from /opt/airflow/dags/simple_pipeline.py
[2024-09-09T17:50:40.079+0000] {processor.py:179} INFO - Processing /opt/airflow/dags/simple_pipeline.py took 0.022 seconds
[2024-09-09T17:51:10.494+0000] {processor.py:157} INFO - Started process (PID=1833) to work on /opt/airflow/dags/simple_pipeline.py
[2024-09-09T17:51:10.495+0000] {processor.py:829} INFO - Processing file /opt/airflow/dags/simple_pipeline.py for tasks to queue
[2024-09-09T17:51:10.496+0000] {logging_mixin.py:154} INFO - [2024-09-09T17:51:10.496+0000] {dagbag.py:536} INFO - Filling up the DagBag from /opt/airflow/dags/simple_pipeline.py
[2024-09-09T17:51:10.500+0000] {processor.py:841} WARNING - No viable dags retrieved from /opt/airflow/dags/simple_pipeline.py
[2024-09-09T17:51:10.512+0000] {processor.py:179} INFO - Processing /opt/airflow/dags/simple_pipeline.py took 0.022 seconds
[2024-09-09T17:51:40.905+0000] {processor.py:157} INFO - Started process (PID=1855) to work on /opt/airflow/dags/simple_pipeline.py
[2024-09-09T17:51:40.907+0000] {processor.py:829} INFO - Processing file /opt/airflow/dags/simple_pipeline.py for tasks to queue
[2024-09-09T17:51:40.908+0000] {logging_mixin.py:154} INFO - [2024-09-09T17:51:40.908+0000] {dagbag.py:536} INFO - Filling up the DagBag from /opt/airflow/dags/simple_pipeline.py
[2024-09-09T17:51:40.911+0000] {processor.py:841} WARNING - No viable dags retrieved from /opt/airflow/dags/simple_pipeline.py
[2024-09-09T17:51:40.926+0000] {processor.py:179} INFO - Processing /opt/airflow/dags/simple_pipeline.py took 0.025 seconds
