[2024-03-12T17:54:20.095+0000] {processor.py:157} INFO - Started process (PID=180) to work on /opt/airflow/dags/practice.py
[2024-03-12T17:54:20.096+0000] {processor.py:829} INFO - Processing file /opt/airflow/dags/practice.py for tasks to queue
[2024-03-12T17:54:20.097+0000] {logging_mixin.py:154} INFO - [2024-03-12T17:54:20.097+0000] {dagbag.py:536} INFO - Filling up the DagBag from /opt/airflow/dags/practice.py
[2024-03-12T17:54:20.107+0000] {processor.py:839} INFO - DAG(s) dict_keys(['Test_Operators']) retrieved from /opt/airflow/dags/practice.py
[2024-03-12T17:54:20.129+0000] {logging_mixin.py:154} INFO - [2024-03-12T17:54:20.129+0000] {dag.py:2941} INFO - Sync 1 DAGs
[2024-03-12T17:54:20.147+0000] {logging_mixin.py:154} INFO - [2024-03-12T17:54:20.147+0000] {dag.py:3722} INFO - Setting next_dagrun for Test_Operators to 2024-03-11T17:54:20.147204+00:00, run_after=2024-03-12T17:54:20.147204+00:00
[2024-03-12T17:54:20.163+0000] {processor.py:179} INFO - Processing /opt/airflow/dags/practice.py took 0.070 seconds
[2024-03-12T17:54:50.477+0000] {processor.py:157} INFO - Started process (PID=203) to work on /opt/airflow/dags/practice.py
[2024-03-12T17:54:50.478+0000] {processor.py:829} INFO - Processing file /opt/airflow/dags/practice.py for tasks to queue
[2024-03-12T17:54:50.479+0000] {logging_mixin.py:154} INFO - [2024-03-12T17:54:50.479+0000] {dagbag.py:536} INFO - Filling up the DagBag from /opt/airflow/dags/practice.py
[2024-03-12T17:54:50.487+0000] {processor.py:839} INFO - DAG(s) dict_keys(['Test_Operators']) retrieved from /opt/airflow/dags/practice.py
[2024-03-12T17:54:50.506+0000] {logging_mixin.py:154} INFO - [2024-03-12T17:54:50.506+0000] {dag.py:2941} INFO - Sync 1 DAGs
[2024-03-12T17:54:50.522+0000] {logging_mixin.py:154} INFO - [2024-03-12T17:54:50.522+0000] {dag.py:3722} INFO - Setting next_dagrun for Test_Operators to 2024-03-11T17:54:50.522470+00:00, run_after=2024-03-12T17:54:50.522470+00:00
[2024-03-12T17:54:50.536+0000] {processor.py:179} INFO - Processing /opt/airflow/dags/practice.py took 0.060 seconds
[2024-03-12T17:55:20.865+0000] {processor.py:157} INFO - Started process (PID=225) to work on /opt/airflow/dags/practice.py
[2024-03-12T17:55:20.866+0000] {processor.py:829} INFO - Processing file /opt/airflow/dags/practice.py for tasks to queue
[2024-03-12T17:55:20.866+0000] {logging_mixin.py:154} INFO - [2024-03-12T17:55:20.866+0000] {dagbag.py:536} INFO - Filling up the DagBag from /opt/airflow/dags/practice.py
[2024-03-12T17:55:20.874+0000] {processor.py:839} INFO - DAG(s) dict_keys(['Test_Operators']) retrieved from /opt/airflow/dags/practice.py
[2024-03-12T17:55:20.891+0000] {logging_mixin.py:154} INFO - [2024-03-12T17:55:20.891+0000] {dag.py:2941} INFO - Sync 1 DAGs
[2024-03-12T17:55:20.906+0000] {logging_mixin.py:154} INFO - [2024-03-12T17:55:20.906+0000] {dag.py:3722} INFO - Setting next_dagrun for Test_Operators to 2024-03-11T17:55:20.906131+00:00, run_after=2024-03-12T17:55:20.906131+00:00
[2024-03-12T17:55:20.917+0000] {processor.py:179} INFO - Processing /opt/airflow/dags/practice.py took 0.054 seconds
[2024-03-12T17:55:51.203+0000] {processor.py:157} INFO - Started process (PID=247) to work on /opt/airflow/dags/practice.py
[2024-03-12T17:55:51.204+0000] {processor.py:829} INFO - Processing file /opt/airflow/dags/practice.py for tasks to queue
[2024-03-12T17:55:51.205+0000] {logging_mixin.py:154} INFO - [2024-03-12T17:55:51.205+0000] {dagbag.py:536} INFO - Filling up the DagBag from /opt/airflow/dags/practice.py
[2024-03-12T17:55:51.218+0000] {processor.py:839} INFO - DAG(s) dict_keys(['Test_Operators']) retrieved from /opt/airflow/dags/practice.py
[2024-03-12T17:55:51.241+0000] {logging_mixin.py:154} INFO - [2024-03-12T17:55:51.240+0000] {dag.py:2941} INFO - Sync 1 DAGs
[2024-03-12T17:55:51.258+0000] {logging_mixin.py:154} INFO - [2024-03-12T17:55:51.257+0000] {dag.py:3722} INFO - Setting next_dagrun for Test_Operators to 2024-03-11T17:55:51.257623+00:00, run_after=2024-03-12T17:55:51.257623+00:00
[2024-03-12T17:55:51.270+0000] {processor.py:179} INFO - Processing /opt/airflow/dags/practice.py took 0.070 seconds
[2024-03-12T17:56:21.652+0000] {processor.py:157} INFO - Started process (PID=269) to work on /opt/airflow/dags/practice.py
[2024-03-12T17:56:21.653+0000] {processor.py:829} INFO - Processing file /opt/airflow/dags/practice.py for tasks to queue
[2024-03-12T17:56:21.654+0000] {logging_mixin.py:154} INFO - [2024-03-12T17:56:21.653+0000] {dagbag.py:536} INFO - Filling up the DagBag from /opt/airflow/dags/practice.py
[2024-03-12T17:56:21.667+0000] {processor.py:839} INFO - DAG(s) dict_keys(['Test_Operators']) retrieved from /opt/airflow/dags/practice.py
[2024-03-12T17:56:21.694+0000] {logging_mixin.py:154} INFO - [2024-03-12T17:56:21.694+0000] {dag.py:2941} INFO - Sync 1 DAGs
[2024-03-12T17:56:21.712+0000] {logging_mixin.py:154} INFO - [2024-03-12T17:56:21.712+0000] {dag.py:3722} INFO - Setting next_dagrun for Test_Operators to 2024-03-11T17:56:21.712425+00:00, run_after=2024-03-12T17:56:21.712425+00:00
[2024-03-12T17:56:21.726+0000] {processor.py:179} INFO - Processing /opt/airflow/dags/practice.py took 0.076 seconds
[2024-03-12T17:56:52.115+0000] {processor.py:157} INFO - Started process (PID=291) to work on /opt/airflow/dags/practice.py
[2024-03-12T17:56:52.116+0000] {processor.py:829} INFO - Processing file /opt/airflow/dags/practice.py for tasks to queue
[2024-03-12T17:56:52.117+0000] {logging_mixin.py:154} INFO - [2024-03-12T17:56:52.117+0000] {dagbag.py:536} INFO - Filling up the DagBag from /opt/airflow/dags/practice.py
[2024-03-12T17:56:52.125+0000] {processor.py:839} INFO - DAG(s) dict_keys(['Test_Operators']) retrieved from /opt/airflow/dags/practice.py
[2024-03-12T17:56:52.143+0000] {logging_mixin.py:154} INFO - [2024-03-12T17:56:52.143+0000] {dag.py:2941} INFO - Sync 1 DAGs
[2024-03-12T17:56:52.159+0000] {logging_mixin.py:154} INFO - [2024-03-12T17:56:52.159+0000] {dag.py:3722} INFO - Setting next_dagrun for Test_Operators to 2024-03-11T17:56:52.158881+00:00, run_after=2024-03-12T17:56:52.158881+00:00
[2024-03-12T17:56:52.169+0000] {processor.py:179} INFO - Processing /opt/airflow/dags/practice.py took 0.057 seconds
[2024-03-12T17:57:22.519+0000] {processor.py:157} INFO - Started process (PID=313) to work on /opt/airflow/dags/practice.py
[2024-03-12T17:57:22.520+0000] {processor.py:829} INFO - Processing file /opt/airflow/dags/practice.py for tasks to queue
[2024-03-12T17:57:22.521+0000] {logging_mixin.py:154} INFO - [2024-03-12T17:57:22.521+0000] {dagbag.py:536} INFO - Filling up the DagBag from /opt/airflow/dags/practice.py
[2024-03-12T17:57:22.529+0000] {processor.py:839} INFO - DAG(s) dict_keys(['Test_Operators']) retrieved from /opt/airflow/dags/practice.py
[2024-03-12T17:57:22.547+0000] {logging_mixin.py:154} INFO - [2024-03-12T17:57:22.546+0000] {dag.py:2941} INFO - Sync 1 DAGs
[2024-03-12T17:57:22.562+0000] {logging_mixin.py:154} INFO - [2024-03-12T17:57:22.562+0000] {dag.py:3722} INFO - Setting next_dagrun for Test_Operators to 2024-03-11T17:57:22.562124+00:00, run_after=2024-03-12T17:57:22.562124+00:00
[2024-03-12T17:57:22.573+0000] {processor.py:179} INFO - Processing /opt/airflow/dags/practice.py took 0.056 seconds
[2024-03-12T17:57:52.875+0000] {processor.py:157} INFO - Started process (PID=335) to work on /opt/airflow/dags/practice.py
[2024-03-12T17:57:52.876+0000] {processor.py:829} INFO - Processing file /opt/airflow/dags/practice.py for tasks to queue
[2024-03-12T17:57:52.877+0000] {logging_mixin.py:154} INFO - [2024-03-12T17:57:52.876+0000] {dagbag.py:536} INFO - Filling up the DagBag from /opt/airflow/dags/practice.py
[2024-03-12T17:57:52.886+0000] {processor.py:839} INFO - DAG(s) dict_keys(['Test_Operators']) retrieved from /opt/airflow/dags/practice.py
[2024-03-12T17:57:52.904+0000] {logging_mixin.py:154} INFO - [2024-03-12T17:57:52.903+0000] {dag.py:2941} INFO - Sync 1 DAGs
[2024-03-12T17:57:52.918+0000] {logging_mixin.py:154} INFO - [2024-03-12T17:57:52.918+0000] {dag.py:3722} INFO - Setting next_dagrun for Test_Operators to 2024-03-11T17:57:52.918309+00:00, run_after=2024-03-12T17:57:52.918309+00:00
[2024-03-12T17:57:52.929+0000] {processor.py:179} INFO - Processing /opt/airflow/dags/practice.py took 0.057 seconds
[2024-03-12T17:58:23.259+0000] {processor.py:157} INFO - Started process (PID=357) to work on /opt/airflow/dags/practice.py
[2024-03-12T17:58:23.260+0000] {processor.py:829} INFO - Processing file /opt/airflow/dags/practice.py for tasks to queue
[2024-03-12T17:58:23.260+0000] {logging_mixin.py:154} INFO - [2024-03-12T17:58:23.260+0000] {dagbag.py:536} INFO - Filling up the DagBag from /opt/airflow/dags/practice.py
[2024-03-12T17:58:23.269+0000] {processor.py:839} INFO - DAG(s) dict_keys(['Test_Operators']) retrieved from /opt/airflow/dags/practice.py
[2024-03-12T17:58:23.287+0000] {logging_mixin.py:154} INFO - [2024-03-12T17:58:23.287+0000] {dag.py:2941} INFO - Sync 1 DAGs
[2024-03-12T17:58:23.302+0000] {logging_mixin.py:154} INFO - [2024-03-12T17:58:23.301+0000] {dag.py:3722} INFO - Setting next_dagrun for Test_Operators to 2024-03-11T17:58:23.301797+00:00, run_after=2024-03-12T17:58:23.301797+00:00
[2024-03-12T17:58:23.313+0000] {processor.py:179} INFO - Processing /opt/airflow/dags/practice.py took 0.056 seconds
[2024-03-12T17:58:53.637+0000] {processor.py:157} INFO - Started process (PID=379) to work on /opt/airflow/dags/practice.py
[2024-03-12T17:58:53.638+0000] {processor.py:829} INFO - Processing file /opt/airflow/dags/practice.py for tasks to queue
[2024-03-12T17:58:53.639+0000] {logging_mixin.py:154} INFO - [2024-03-12T17:58:53.639+0000] {dagbag.py:536} INFO - Filling up the DagBag from /opt/airflow/dags/practice.py
[2024-03-12T17:58:53.647+0000] {processor.py:839} INFO - DAG(s) dict_keys(['Test_Operators']) retrieved from /opt/airflow/dags/practice.py
[2024-03-12T17:58:53.664+0000] {logging_mixin.py:154} INFO - [2024-03-12T17:58:53.664+0000] {dag.py:2941} INFO - Sync 1 DAGs
[2024-03-12T17:58:53.678+0000] {logging_mixin.py:154} INFO - [2024-03-12T17:58:53.678+0000] {dag.py:3722} INFO - Setting next_dagrun for Test_Operators to 2024-03-11T17:58:53.678630+00:00, run_after=2024-03-12T17:58:53.678630+00:00
[2024-03-12T17:58:53.689+0000] {processor.py:179} INFO - Processing /opt/airflow/dags/practice.py took 0.054 seconds
[2024-03-12T17:59:24.002+0000] {processor.py:157} INFO - Started process (PID=401) to work on /opt/airflow/dags/practice.py
[2024-03-12T17:59:24.002+0000] {processor.py:829} INFO - Processing file /opt/airflow/dags/practice.py for tasks to queue
[2024-03-12T17:59:24.003+0000] {logging_mixin.py:154} INFO - [2024-03-12T17:59:24.003+0000] {dagbag.py:536} INFO - Filling up the DagBag from /opt/airflow/dags/practice.py
[2024-03-12T17:59:24.011+0000] {processor.py:839} INFO - DAG(s) dict_keys(['Test_Operators']) retrieved from /opt/airflow/dags/practice.py
[2024-03-12T17:59:24.028+0000] {logging_mixin.py:154} INFO - [2024-03-12T17:59:24.028+0000] {dag.py:2941} INFO - Sync 1 DAGs
[2024-03-12T17:59:24.043+0000] {logging_mixin.py:154} INFO - [2024-03-12T17:59:24.043+0000] {dag.py:3722} INFO - Setting next_dagrun for Test_Operators to 2024-03-11T17:59:24.043090+00:00, run_after=2024-03-12T17:59:24.043090+00:00
[2024-03-12T17:59:24.054+0000] {processor.py:179} INFO - Processing /opt/airflow/dags/practice.py took 0.054 seconds
[2024-03-12T17:59:54.335+0000] {processor.py:157} INFO - Started process (PID=422) to work on /opt/airflow/dags/practice.py
[2024-03-12T17:59:54.336+0000] {processor.py:829} INFO - Processing file /opt/airflow/dags/practice.py for tasks to queue
[2024-03-12T17:59:54.337+0000] {logging_mixin.py:154} INFO - [2024-03-12T17:59:54.336+0000] {dagbag.py:536} INFO - Filling up the DagBag from /opt/airflow/dags/practice.py
[2024-03-12T17:59:54.345+0000] {processor.py:839} INFO - DAG(s) dict_keys(['Test_Operators']) retrieved from /opt/airflow/dags/practice.py
[2024-03-12T17:59:54.363+0000] {logging_mixin.py:154} INFO - [2024-03-12T17:59:54.363+0000] {dag.py:2941} INFO - Sync 1 DAGs
[2024-03-12T17:59:54.379+0000] {logging_mixin.py:154} INFO - [2024-03-12T17:59:54.379+0000] {dag.py:3722} INFO - Setting next_dagrun for Test_Operators to 2024-03-11T17:59:54.379595+00:00, run_after=2024-03-12T17:59:54.379595+00:00
[2024-03-12T17:59:54.391+0000] {processor.py:179} INFO - Processing /opt/airflow/dags/practice.py took 0.058 seconds
[2024-03-12T18:00:24.705+0000] {processor.py:157} INFO - Started process (PID=444) to work on /opt/airflow/dags/practice.py
[2024-03-12T18:00:24.706+0000] {processor.py:829} INFO - Processing file /opt/airflow/dags/practice.py for tasks to queue
[2024-03-12T18:00:24.706+0000] {logging_mixin.py:154} INFO - [2024-03-12T18:00:24.706+0000] {dagbag.py:536} INFO - Filling up the DagBag from /opt/airflow/dags/practice.py
[2024-03-12T18:00:24.714+0000] {processor.py:839} INFO - DAG(s) dict_keys(['Test_Operators']) retrieved from /opt/airflow/dags/practice.py
[2024-03-12T18:00:24.731+0000] {logging_mixin.py:154} INFO - [2024-03-12T18:00:24.731+0000] {dag.py:2941} INFO - Sync 1 DAGs
[2024-03-12T18:00:24.745+0000] {logging_mixin.py:154} INFO - [2024-03-12T18:00:24.745+0000] {dag.py:3722} INFO - Setting next_dagrun for Test_Operators to 2024-03-11T18:00:24.745516+00:00, run_after=2024-03-12T18:00:24.745516+00:00
[2024-03-12T18:00:24.756+0000] {processor.py:179} INFO - Processing /opt/airflow/dags/practice.py took 0.054 seconds
[2024-03-12T18:00:55.076+0000] {processor.py:157} INFO - Started process (PID=466) to work on /opt/airflow/dags/practice.py
[2024-03-12T18:00:55.079+0000] {processor.py:829} INFO - Processing file /opt/airflow/dags/practice.py for tasks to queue
[2024-03-12T18:00:55.081+0000] {logging_mixin.py:154} INFO - [2024-03-12T18:00:55.080+0000] {dagbag.py:536} INFO - Filling up the DagBag from /opt/airflow/dags/practice.py
[2024-03-12T18:00:55.102+0000] {processor.py:839} INFO - DAG(s) dict_keys(['Test_Operators']) retrieved from /opt/airflow/dags/practice.py
[2024-03-12T18:00:55.129+0000] {logging_mixin.py:154} INFO - [2024-03-12T18:00:55.129+0000] {dag.py:2941} INFO - Sync 1 DAGs
[2024-03-12T18:00:55.147+0000] {logging_mixin.py:154} INFO - [2024-03-12T18:00:55.147+0000] {dag.py:3722} INFO - Setting next_dagrun for Test_Operators to 2024-03-11T18:00:55.147053+00:00, run_after=2024-03-12T18:00:55.147053+00:00
[2024-03-12T18:00:55.159+0000] {processor.py:179} INFO - Processing /opt/airflow/dags/practice.py took 0.087 seconds
[2024-03-12T18:01:25.490+0000] {processor.py:157} INFO - Started process (PID=488) to work on /opt/airflow/dags/practice.py
[2024-03-12T18:01:25.491+0000] {processor.py:829} INFO - Processing file /opt/airflow/dags/practice.py for tasks to queue
[2024-03-12T18:01:25.492+0000] {logging_mixin.py:154} INFO - [2024-03-12T18:01:25.491+0000] {dagbag.py:536} INFO - Filling up the DagBag from /opt/airflow/dags/practice.py
[2024-03-12T18:01:25.499+0000] {processor.py:839} INFO - DAG(s) dict_keys(['Test_Operators']) retrieved from /opt/airflow/dags/practice.py
[2024-03-12T18:01:25.517+0000] {logging_mixin.py:154} INFO - [2024-03-12T18:01:25.517+0000] {dag.py:2941} INFO - Sync 1 DAGs
[2024-03-12T18:01:25.531+0000] {logging_mixin.py:154} INFO - [2024-03-12T18:01:25.531+0000] {dag.py:3722} INFO - Setting next_dagrun for Test_Operators to 2024-03-11T18:01:25.531541+00:00, run_after=2024-03-12T18:01:25.531541+00:00
[2024-03-12T18:01:25.542+0000] {processor.py:179} INFO - Processing /opt/airflow/dags/practice.py took 0.054 seconds
[2024-03-12T18:01:55.853+0000] {processor.py:157} INFO - Started process (PID=510) to work on /opt/airflow/dags/practice.py
[2024-03-12T18:01:55.853+0000] {processor.py:829} INFO - Processing file /opt/airflow/dags/practice.py for tasks to queue
[2024-03-12T18:01:55.854+0000] {logging_mixin.py:154} INFO - [2024-03-12T18:01:55.854+0000] {dagbag.py:536} INFO - Filling up the DagBag from /opt/airflow/dags/practice.py
[2024-03-12T18:01:55.868+0000] {processor.py:839} INFO - DAG(s) dict_keys(['Test_Operators']) retrieved from /opt/airflow/dags/practice.py
[2024-03-12T18:01:55.885+0000] {logging_mixin.py:154} INFO - [2024-03-12T18:01:55.885+0000] {dag.py:2941} INFO - Sync 1 DAGs
[2024-03-12T18:01:55.900+0000] {logging_mixin.py:154} INFO - [2024-03-12T18:01:55.900+0000] {dag.py:3722} INFO - Setting next_dagrun for Test_Operators to 2024-03-11T18:01:55.899899+00:00, run_after=2024-03-12T18:01:55.899899+00:00
[2024-03-12T18:01:55.910+0000] {processor.py:179} INFO - Processing /opt/airflow/dags/practice.py took 0.060 seconds
[2024-03-12T18:02:26.216+0000] {processor.py:157} INFO - Started process (PID=532) to work on /opt/airflow/dags/practice.py
[2024-03-12T18:02:26.218+0000] {processor.py:829} INFO - Processing file /opt/airflow/dags/practice.py for tasks to queue
[2024-03-12T18:02:26.222+0000] {logging_mixin.py:154} INFO - [2024-03-12T18:02:26.222+0000] {dagbag.py:536} INFO - Filling up the DagBag from /opt/airflow/dags/practice.py
[2024-03-12T18:02:26.233+0000] {processor.py:839} INFO - DAG(s) dict_keys(['Test_Operators']) retrieved from /opt/airflow/dags/practice.py
[2024-03-12T18:02:26.252+0000] {logging_mixin.py:154} INFO - [2024-03-12T18:02:26.252+0000] {dag.py:2941} INFO - Sync 1 DAGs
[2024-03-12T18:02:26.267+0000] {logging_mixin.py:154} INFO - [2024-03-12T18:02:26.267+0000] {dag.py:3722} INFO - Setting next_dagrun for Test_Operators to 2024-03-11T18:02:26.267322+00:00, run_after=2024-03-12T18:02:26.267322+00:00
[2024-03-12T18:02:26.278+0000] {processor.py:179} INFO - Processing /opt/airflow/dags/practice.py took 0.066 seconds
[2024-03-12T18:02:56.563+0000] {processor.py:157} INFO - Started process (PID=554) to work on /opt/airflow/dags/practice.py
[2024-03-12T18:02:56.564+0000] {processor.py:829} INFO - Processing file /opt/airflow/dags/practice.py for tasks to queue
[2024-03-12T18:02:56.565+0000] {logging_mixin.py:154} INFO - [2024-03-12T18:02:56.564+0000] {dagbag.py:536} INFO - Filling up the DagBag from /opt/airflow/dags/practice.py
[2024-03-12T18:02:56.581+0000] {processor.py:839} INFO - DAG(s) dict_keys(['Test_Operators']) retrieved from /opt/airflow/dags/practice.py
[2024-03-12T18:02:56.609+0000] {logging_mixin.py:154} INFO - [2024-03-12T18:02:56.609+0000] {dag.py:2941} INFO - Sync 1 DAGs
[2024-03-12T18:02:56.633+0000] {logging_mixin.py:154} INFO - [2024-03-12T18:02:56.633+0000] {dag.py:3722} INFO - Setting next_dagrun for Test_Operators to 2024-03-11T18:02:56.633359+00:00, run_after=2024-03-12T18:02:56.633359+00:00
[2024-03-12T18:02:56.652+0000] {processor.py:179} INFO - Processing /opt/airflow/dags/practice.py took 0.092 seconds
[2024-03-12T18:03:26.907+0000] {processor.py:157} INFO - Started process (PID=575) to work on /opt/airflow/dags/practice.py
[2024-03-12T18:03:26.908+0000] {processor.py:829} INFO - Processing file /opt/airflow/dags/practice.py for tasks to queue
[2024-03-12T18:03:26.909+0000] {logging_mixin.py:154} INFO - [2024-03-12T18:03:26.909+0000] {dagbag.py:536} INFO - Filling up the DagBag from /opt/airflow/dags/practice.py
[2024-03-12T18:03:26.918+0000] {processor.py:839} INFO - DAG(s) dict_keys(['Test_Operators']) retrieved from /opt/airflow/dags/practice.py
[2024-03-12T18:03:26.938+0000] {logging_mixin.py:154} INFO - [2024-03-12T18:03:26.937+0000] {dag.py:2941} INFO - Sync 1 DAGs
[2024-03-12T18:03:26.954+0000] {logging_mixin.py:154} INFO - [2024-03-12T18:03:26.954+0000] {dag.py:3722} INFO - Setting next_dagrun for Test_Operators to 2024-03-11T18:03:26.954620+00:00, run_after=2024-03-12T18:03:26.954620+00:00
[2024-03-12T18:03:26.966+0000] {processor.py:179} INFO - Processing /opt/airflow/dags/practice.py took 0.061 seconds
[2024-03-12T18:03:57.261+0000] {processor.py:157} INFO - Started process (PID=597) to work on /opt/airflow/dags/practice.py
[2024-03-12T18:03:57.262+0000] {processor.py:829} INFO - Processing file /opt/airflow/dags/practice.py for tasks to queue
[2024-03-12T18:03:57.262+0000] {logging_mixin.py:154} INFO - [2024-03-12T18:03:57.262+0000] {dagbag.py:536} INFO - Filling up the DagBag from /opt/airflow/dags/practice.py
[2024-03-12T18:03:57.270+0000] {processor.py:839} INFO - DAG(s) dict_keys(['Test_Operators']) retrieved from /opt/airflow/dags/practice.py
[2024-03-12T18:03:57.288+0000] {logging_mixin.py:154} INFO - [2024-03-12T18:03:57.288+0000] {dag.py:2941} INFO - Sync 1 DAGs
[2024-03-12T18:03:57.303+0000] {logging_mixin.py:154} INFO - [2024-03-12T18:03:57.303+0000] {dag.py:3722} INFO - Setting next_dagrun for Test_Operators to 2024-03-11T18:03:57.303163+00:00, run_after=2024-03-12T18:03:57.303163+00:00
[2024-03-12T18:03:57.314+0000] {processor.py:179} INFO - Processing /opt/airflow/dags/practice.py took 0.055 seconds
[2024-03-12T18:04:27.602+0000] {processor.py:157} INFO - Started process (PID=619) to work on /opt/airflow/dags/practice.py
[2024-03-12T18:04:27.603+0000] {processor.py:829} INFO - Processing file /opt/airflow/dags/practice.py for tasks to queue
[2024-03-12T18:04:27.604+0000] {logging_mixin.py:154} INFO - [2024-03-12T18:04:27.604+0000] {dagbag.py:536} INFO - Filling up the DagBag from /opt/airflow/dags/practice.py
[2024-03-12T18:04:27.612+0000] {processor.py:839} INFO - DAG(s) dict_keys(['Test_Operators']) retrieved from /opt/airflow/dags/practice.py
[2024-03-12T18:04:27.630+0000] {logging_mixin.py:154} INFO - [2024-03-12T18:04:27.629+0000] {dag.py:2941} INFO - Sync 1 DAGs
[2024-03-12T18:04:27.644+0000] {logging_mixin.py:154} INFO - [2024-03-12T18:04:27.644+0000] {dag.py:3722} INFO - Setting next_dagrun for Test_Operators to 2024-03-11T18:04:27.644036+00:00, run_after=2024-03-12T18:04:27.644036+00:00
[2024-03-12T18:04:27.655+0000] {processor.py:179} INFO - Processing /opt/airflow/dags/practice.py took 0.055 seconds
[2024-03-12T18:04:57.933+0000] {processor.py:157} INFO - Started process (PID=641) to work on /opt/airflow/dags/practice.py
[2024-03-12T18:04:57.934+0000] {processor.py:829} INFO - Processing file /opt/airflow/dags/practice.py for tasks to queue
[2024-03-12T18:04:57.935+0000] {logging_mixin.py:154} INFO - [2024-03-12T18:04:57.934+0000] {dagbag.py:536} INFO - Filling up the DagBag from /opt/airflow/dags/practice.py
[2024-03-12T18:04:57.942+0000] {processor.py:839} INFO - DAG(s) dict_keys(['Test_Operators']) retrieved from /opt/airflow/dags/practice.py
[2024-03-12T18:04:57.960+0000] {logging_mixin.py:154} INFO - [2024-03-12T18:04:57.960+0000] {dag.py:2941} INFO - Sync 1 DAGs
[2024-03-12T18:04:57.975+0000] {logging_mixin.py:154} INFO - [2024-03-12T18:04:57.975+0000] {dag.py:3722} INFO - Setting next_dagrun for Test_Operators to 2024-03-11T18:04:57.975244+00:00, run_after=2024-03-12T18:04:57.975244+00:00
[2024-03-12T18:04:57.986+0000] {processor.py:179} INFO - Processing /opt/airflow/dags/practice.py took 0.055 seconds
[2024-03-12T18:05:28.320+0000] {processor.py:157} INFO - Started process (PID=663) to work on /opt/airflow/dags/practice.py
[2024-03-12T18:05:28.320+0000] {processor.py:829} INFO - Processing file /opt/airflow/dags/practice.py for tasks to queue
[2024-03-12T18:05:28.321+0000] {logging_mixin.py:154} INFO - [2024-03-12T18:05:28.321+0000] {dagbag.py:536} INFO - Filling up the DagBag from /opt/airflow/dags/practice.py
[2024-03-12T18:05:28.329+0000] {processor.py:839} INFO - DAG(s) dict_keys(['Test_Operators']) retrieved from /opt/airflow/dags/practice.py
[2024-03-12T18:05:28.347+0000] {logging_mixin.py:154} INFO - [2024-03-12T18:05:28.346+0000] {dag.py:2941} INFO - Sync 1 DAGs
[2024-03-12T18:05:28.361+0000] {logging_mixin.py:154} INFO - [2024-03-12T18:05:28.361+0000] {dag.py:3722} INFO - Setting next_dagrun for Test_Operators to 2024-03-11T18:05:28.361039+00:00, run_after=2024-03-12T18:05:28.361039+00:00
[2024-03-12T18:05:28.372+0000] {processor.py:179} INFO - Processing /opt/airflow/dags/practice.py took 0.055 seconds
[2024-03-12T18:05:58.682+0000] {processor.py:157} INFO - Started process (PID=685) to work on /opt/airflow/dags/practice.py
[2024-03-12T18:05:58.683+0000] {processor.py:829} INFO - Processing file /opt/airflow/dags/practice.py for tasks to queue
[2024-03-12T18:05:58.684+0000] {logging_mixin.py:154} INFO - [2024-03-12T18:05:58.684+0000] {dagbag.py:536} INFO - Filling up the DagBag from /opt/airflow/dags/practice.py
[2024-03-12T18:05:58.692+0000] {processor.py:839} INFO - DAG(s) dict_keys(['Test_Operators']) retrieved from /opt/airflow/dags/practice.py
[2024-03-12T18:05:58.711+0000] {logging_mixin.py:154} INFO - [2024-03-12T18:05:58.710+0000] {dag.py:2941} INFO - Sync 1 DAGs
[2024-03-12T18:05:58.726+0000] {logging_mixin.py:154} INFO - [2024-03-12T18:05:58.726+0000] {dag.py:3722} INFO - Setting next_dagrun for Test_Operators to 2024-03-11T18:05:58.725951+00:00, run_after=2024-03-12T18:05:58.725951+00:00
[2024-03-12T18:05:58.737+0000] {processor.py:179} INFO - Processing /opt/airflow/dags/practice.py took 0.057 seconds
[2024-03-12T18:06:29.068+0000] {processor.py:157} INFO - Started process (PID=707) to work on /opt/airflow/dags/practice.py
[2024-03-12T18:06:29.069+0000] {processor.py:829} INFO - Processing file /opt/airflow/dags/practice.py for tasks to queue
[2024-03-12T18:06:29.069+0000] {logging_mixin.py:154} INFO - [2024-03-12T18:06:29.069+0000] {dagbag.py:536} INFO - Filling up the DagBag from /opt/airflow/dags/practice.py
[2024-03-12T18:06:29.080+0000] {processor.py:839} INFO - DAG(s) dict_keys(['Test_Operators']) retrieved from /opt/airflow/dags/practice.py
[2024-03-12T18:06:29.104+0000] {logging_mixin.py:154} INFO - [2024-03-12T18:06:29.104+0000] {dag.py:2941} INFO - Sync 1 DAGs
[2024-03-12T18:06:29.126+0000] {logging_mixin.py:154} INFO - [2024-03-12T18:06:29.125+0000] {dag.py:3722} INFO - Setting next_dagrun for Test_Operators to 2024-03-11T18:06:29.125650+00:00, run_after=2024-03-12T18:06:29.125650+00:00
[2024-03-12T18:06:29.141+0000] {processor.py:179} INFO - Processing /opt/airflow/dags/practice.py took 0.077 seconds
[2024-03-12T18:06:59.411+0000] {processor.py:157} INFO - Started process (PID=728) to work on /opt/airflow/dags/practice.py
[2024-03-12T18:06:59.412+0000] {processor.py:829} INFO - Processing file /opt/airflow/dags/practice.py for tasks to queue
[2024-03-12T18:06:59.413+0000] {logging_mixin.py:154} INFO - [2024-03-12T18:06:59.413+0000] {dagbag.py:536} INFO - Filling up the DagBag from /opt/airflow/dags/practice.py
[2024-03-12T18:06:59.423+0000] {processor.py:839} INFO - DAG(s) dict_keys(['Test_Operators']) retrieved from /opt/airflow/dags/practice.py
[2024-03-12T18:06:59.442+0000] {logging_mixin.py:154} INFO - [2024-03-12T18:06:59.442+0000] {dag.py:2941} INFO - Sync 1 DAGs
[2024-03-12T18:06:59.457+0000] {logging_mixin.py:154} INFO - [2024-03-12T18:06:59.457+0000] {dag.py:3722} INFO - Setting next_dagrun for Test_Operators to 2024-03-11T18:06:59.457138+00:00, run_after=2024-03-12T18:06:59.457138+00:00
[2024-03-12T18:06:59.468+0000] {processor.py:179} INFO - Processing /opt/airflow/dags/practice.py took 0.059 seconds
[2024-03-12T18:07:29.810+0000] {processor.py:157} INFO - Started process (PID=750) to work on /opt/airflow/dags/practice.py
[2024-03-12T18:07:29.810+0000] {processor.py:829} INFO - Processing file /opt/airflow/dags/practice.py for tasks to queue
[2024-03-12T18:07:29.811+0000] {logging_mixin.py:154} INFO - [2024-03-12T18:07:29.811+0000] {dagbag.py:536} INFO - Filling up the DagBag from /opt/airflow/dags/practice.py
[2024-03-12T18:07:29.820+0000] {processor.py:839} INFO - DAG(s) dict_keys(['Test_Operators']) retrieved from /opt/airflow/dags/practice.py
[2024-03-12T18:07:29.838+0000] {logging_mixin.py:154} INFO - [2024-03-12T18:07:29.838+0000] {dag.py:2941} INFO - Sync 1 DAGs
[2024-03-12T18:07:29.853+0000] {logging_mixin.py:154} INFO - [2024-03-12T18:07:29.853+0000] {dag.py:3722} INFO - Setting next_dagrun for Test_Operators to 2024-03-11T18:07:29.853159+00:00, run_after=2024-03-12T18:07:29.853159+00:00
[2024-03-12T18:07:29.864+0000] {processor.py:179} INFO - Processing /opt/airflow/dags/practice.py took 0.056 seconds
[2024-03-12T18:08:00.184+0000] {processor.py:157} INFO - Started process (PID=772) to work on /opt/airflow/dags/practice.py
[2024-03-12T18:08:00.185+0000] {processor.py:829} INFO - Processing file /opt/airflow/dags/practice.py for tasks to queue
[2024-03-12T18:08:00.186+0000] {logging_mixin.py:154} INFO - [2024-03-12T18:08:00.186+0000] {dagbag.py:536} INFO - Filling up the DagBag from /opt/airflow/dags/practice.py
[2024-03-12T18:08:00.199+0000] {processor.py:839} INFO - DAG(s) dict_keys(['Test_Operators']) retrieved from /opt/airflow/dags/practice.py
[2024-03-12T18:08:00.220+0000] {logging_mixin.py:154} INFO - [2024-03-12T18:08:00.220+0000] {dag.py:2941} INFO - Sync 1 DAGs
[2024-03-12T18:08:00.235+0000] {logging_mixin.py:154} INFO - [2024-03-12T18:08:00.234+0000] {dag.py:3722} INFO - Setting next_dagrun for Test_Operators to 2024-03-11T18:08:00.234763+00:00, run_after=2024-03-12T18:08:00.234763+00:00
[2024-03-12T18:08:00.246+0000] {processor.py:179} INFO - Processing /opt/airflow/dags/practice.py took 0.065 seconds
[2024-03-12T18:08:30.558+0000] {processor.py:157} INFO - Started process (PID=794) to work on /opt/airflow/dags/practice.py
[2024-03-12T18:08:30.559+0000] {processor.py:829} INFO - Processing file /opt/airflow/dags/practice.py for tasks to queue
[2024-03-12T18:08:30.559+0000] {logging_mixin.py:154} INFO - [2024-03-12T18:08:30.559+0000] {dagbag.py:536} INFO - Filling up the DagBag from /opt/airflow/dags/practice.py
[2024-03-12T18:08:30.567+0000] {processor.py:839} INFO - DAG(s) dict_keys(['Test_Operators']) retrieved from /opt/airflow/dags/practice.py
[2024-03-12T18:08:30.586+0000] {logging_mixin.py:154} INFO - [2024-03-12T18:08:30.586+0000] {dag.py:2941} INFO - Sync 1 DAGs
[2024-03-12T18:08:30.602+0000] {logging_mixin.py:154} INFO - [2024-03-12T18:08:30.602+0000] {dag.py:3722} INFO - Setting next_dagrun for Test_Operators to 2024-03-11T18:08:30.602431+00:00, run_after=2024-03-12T18:08:30.602431+00:00
[2024-03-12T18:08:30.614+0000] {processor.py:179} INFO - Processing /opt/airflow/dags/practice.py took 0.058 seconds
[2024-03-12T18:09:00.897+0000] {processor.py:157} INFO - Started process (PID=816) to work on /opt/airflow/dags/practice.py
[2024-03-12T18:09:00.899+0000] {processor.py:829} INFO - Processing file /opt/airflow/dags/practice.py for tasks to queue
[2024-03-12T18:09:00.900+0000] {logging_mixin.py:154} INFO - [2024-03-12T18:09:00.900+0000] {dagbag.py:536} INFO - Filling up the DagBag from /opt/airflow/dags/practice.py
[2024-03-12T18:09:00.914+0000] {processor.py:839} INFO - DAG(s) dict_keys(['Test_Operators']) retrieved from /opt/airflow/dags/practice.py
[2024-03-12T18:09:00.937+0000] {logging_mixin.py:154} INFO - [2024-03-12T18:09:00.937+0000] {dag.py:2941} INFO - Sync 1 DAGs
[2024-03-12T18:09:00.955+0000] {logging_mixin.py:154} INFO - [2024-03-12T18:09:00.955+0000] {dag.py:3722} INFO - Setting next_dagrun for Test_Operators to 2024-03-11T18:09:00.955063+00:00, run_after=2024-03-12T18:09:00.955063+00:00
[2024-03-12T18:09:00.969+0000] {processor.py:179} INFO - Processing /opt/airflow/dags/practice.py took 0.075 seconds
[2024-03-12T18:09:31.396+0000] {processor.py:157} INFO - Started process (PID=838) to work on /opt/airflow/dags/practice.py
[2024-03-12T18:09:31.402+0000] {processor.py:829} INFO - Processing file /opt/airflow/dags/practice.py for tasks to queue
[2024-03-12T18:09:31.410+0000] {logging_mixin.py:154} INFO - [2024-03-12T18:09:31.405+0000] {dagbag.py:536} INFO - Filling up the DagBag from /opt/airflow/dags/practice.py
[2024-03-12T18:09:31.434+0000] {processor.py:839} INFO - DAG(s) dict_keys(['Test_Operators']) retrieved from /opt/airflow/dags/practice.py
[2024-03-12T18:09:31.499+0000] {logging_mixin.py:154} INFO - [2024-03-12T18:09:31.499+0000] {dag.py:2941} INFO - Sync 1 DAGs
[2024-03-12T18:09:31.582+0000] {logging_mixin.py:154} INFO - [2024-03-12T18:09:31.582+0000] {dag.py:3722} INFO - Setting next_dagrun for Test_Operators to 2024-03-11T18:09:31.582076+00:00, run_after=2024-03-12T18:09:31.582076+00:00
[2024-03-12T18:09:31.616+0000] {processor.py:179} INFO - Processing /opt/airflow/dags/practice.py took 0.225 seconds
[2024-03-12T18:10:01.786+0000] {processor.py:157} INFO - Started process (PID=860) to work on /opt/airflow/dags/practice.py
[2024-03-12T18:10:01.787+0000] {processor.py:829} INFO - Processing file /opt/airflow/dags/practice.py for tasks to queue
[2024-03-12T18:10:01.787+0000] {logging_mixin.py:154} INFO - [2024-03-12T18:10:01.787+0000] {dagbag.py:536} INFO - Filling up the DagBag from /opt/airflow/dags/practice.py
[2024-03-12T18:10:01.806+0000] {processor.py:839} INFO - DAG(s) dict_keys(['Test_Operators']) retrieved from /opt/airflow/dags/practice.py
[2024-03-12T18:10:01.833+0000] {logging_mixin.py:154} INFO - [2024-03-12T18:10:01.833+0000] {dag.py:2941} INFO - Sync 1 DAGs
[2024-03-12T18:10:01.858+0000] {logging_mixin.py:154} INFO - [2024-03-12T18:10:01.858+0000] {dag.py:3722} INFO - Setting next_dagrun for Test_Operators to 2024-03-11T18:10:01.857957+00:00, run_after=2024-03-12T18:10:01.857957+00:00
[2024-03-12T18:10:01.875+0000] {processor.py:179} INFO - Processing /opt/airflow/dags/practice.py took 0.092 seconds
[2024-03-12T18:10:32.207+0000] {processor.py:157} INFO - Started process (PID=882) to work on /opt/airflow/dags/practice.py
[2024-03-12T18:10:32.208+0000] {processor.py:829} INFO - Processing file /opt/airflow/dags/practice.py for tasks to queue
[2024-03-12T18:10:32.209+0000] {logging_mixin.py:154} INFO - [2024-03-12T18:10:32.209+0000] {dagbag.py:536} INFO - Filling up the DagBag from /opt/airflow/dags/practice.py
[2024-03-12T18:10:32.219+0000] {processor.py:839} INFO - DAG(s) dict_keys(['Test_Operators']) retrieved from /opt/airflow/dags/practice.py
[2024-03-12T18:10:32.238+0000] {logging_mixin.py:154} INFO - [2024-03-12T18:10:32.238+0000] {dag.py:2941} INFO - Sync 1 DAGs
[2024-03-12T18:10:32.256+0000] {logging_mixin.py:154} INFO - [2024-03-12T18:10:32.255+0000] {dag.py:3722} INFO - Setting next_dagrun for Test_Operators to 2024-03-11T18:10:32.255695+00:00, run_after=2024-03-12T18:10:32.255695+00:00
[2024-03-12T18:10:32.267+0000] {processor.py:179} INFO - Processing /opt/airflow/dags/practice.py took 0.062 seconds
[2024-03-12T18:11:02.520+0000] {processor.py:157} INFO - Started process (PID=904) to work on /opt/airflow/dags/practice.py
[2024-03-12T18:11:02.521+0000] {processor.py:829} INFO - Processing file /opt/airflow/dags/practice.py for tasks to queue
[2024-03-12T18:11:02.522+0000] {logging_mixin.py:154} INFO - [2024-03-12T18:11:02.522+0000] {dagbag.py:536} INFO - Filling up the DagBag from /opt/airflow/dags/practice.py
[2024-03-12T18:11:02.531+0000] {processor.py:839} INFO - DAG(s) dict_keys(['Test_Operators']) retrieved from /opt/airflow/dags/practice.py
[2024-03-12T18:11:02.550+0000] {logging_mixin.py:154} INFO - [2024-03-12T18:11:02.550+0000] {dag.py:2941} INFO - Sync 1 DAGs
[2024-03-12T18:11:02.566+0000] {logging_mixin.py:154} INFO - [2024-03-12T18:11:02.566+0000] {dag.py:3722} INFO - Setting next_dagrun for Test_Operators to 2024-03-11T18:11:02.566498+00:00, run_after=2024-03-12T18:11:02.566498+00:00
[2024-03-12T18:11:02.577+0000] {processor.py:179} INFO - Processing /opt/airflow/dags/practice.py took 0.060 seconds
[2024-03-12T18:11:32.910+0000] {processor.py:157} INFO - Started process (PID=926) to work on /opt/airflow/dags/practice.py
[2024-03-12T18:11:32.911+0000] {processor.py:829} INFO - Processing file /opt/airflow/dags/practice.py for tasks to queue
[2024-03-12T18:11:32.912+0000] {logging_mixin.py:154} INFO - [2024-03-12T18:11:32.911+0000] {dagbag.py:536} INFO - Filling up the DagBag from /opt/airflow/dags/practice.py
[2024-03-12T18:11:32.920+0000] {processor.py:839} INFO - DAG(s) dict_keys(['Test_Operators']) retrieved from /opt/airflow/dags/practice.py
[2024-03-12T18:11:32.938+0000] {logging_mixin.py:154} INFO - [2024-03-12T18:11:32.938+0000] {dag.py:2941} INFO - Sync 1 DAGs
[2024-03-12T18:11:32.953+0000] {logging_mixin.py:154} INFO - [2024-03-12T18:11:32.953+0000] {dag.py:3722} INFO - Setting next_dagrun for Test_Operators to 2024-03-11T18:11:32.953592+00:00, run_after=2024-03-12T18:11:32.953592+00:00
[2024-03-12T18:11:32.967+0000] {processor.py:179} INFO - Processing /opt/airflow/dags/practice.py took 0.059 seconds
[2024-03-12T18:12:03.246+0000] {processor.py:157} INFO - Started process (PID=948) to work on /opt/airflow/dags/practice.py
[2024-03-12T18:12:03.247+0000] {processor.py:829} INFO - Processing file /opt/airflow/dags/practice.py for tasks to queue
[2024-03-12T18:12:03.248+0000] {logging_mixin.py:154} INFO - [2024-03-12T18:12:03.248+0000] {dagbag.py:536} INFO - Filling up the DagBag from /opt/airflow/dags/practice.py
[2024-03-12T18:12:03.257+0000] {processor.py:839} INFO - DAG(s) dict_keys(['Test_Operators']) retrieved from /opt/airflow/dags/practice.py
[2024-03-12T18:12:03.273+0000] {logging_mixin.py:154} INFO - [2024-03-12T18:12:03.273+0000] {dag.py:2941} INFO - Sync 1 DAGs
[2024-03-12T18:12:03.287+0000] {logging_mixin.py:154} INFO - [2024-03-12T18:12:03.287+0000] {dag.py:3722} INFO - Setting next_dagrun for Test_Operators to 2024-03-11T18:12:03.286992+00:00, run_after=2024-03-12T18:12:03.286992+00:00
[2024-03-12T18:12:03.298+0000] {processor.py:179} INFO - Processing /opt/airflow/dags/practice.py took 0.054 seconds
[2024-03-12T18:12:33.481+0000] {processor.py:157} INFO - Started process (PID=970) to work on /opt/airflow/dags/practice.py
[2024-03-12T18:12:33.482+0000] {processor.py:829} INFO - Processing file /opt/airflow/dags/practice.py for tasks to queue
[2024-03-12T18:12:33.483+0000] {logging_mixin.py:154} INFO - [2024-03-12T18:12:33.483+0000] {dagbag.py:536} INFO - Filling up the DagBag from /opt/airflow/dags/practice.py
[2024-03-12T18:12:33.492+0000] {processor.py:839} INFO - DAG(s) dict_keys(['Test_Operators']) retrieved from /opt/airflow/dags/practice.py
[2024-03-12T18:12:33.511+0000] {logging_mixin.py:154} INFO - [2024-03-12T18:12:33.511+0000] {dag.py:2941} INFO - Sync 1 DAGs
[2024-03-12T18:12:33.528+0000] {logging_mixin.py:154} INFO - [2024-03-12T18:12:33.528+0000] {dag.py:3722} INFO - Setting next_dagrun for Test_Operators to 2024-03-11T18:12:33.527771+00:00, run_after=2024-03-12T18:12:33.527771+00:00
[2024-03-12T18:12:33.539+0000] {processor.py:179} INFO - Processing /opt/airflow/dags/practice.py took 0.061 seconds
[2024-03-12T18:13:03.828+0000] {processor.py:157} INFO - Started process (PID=999) to work on /opt/airflow/dags/practice.py
[2024-03-12T18:13:03.829+0000] {processor.py:829} INFO - Processing file /opt/airflow/dags/practice.py for tasks to queue
[2024-03-12T18:13:03.829+0000] {logging_mixin.py:154} INFO - [2024-03-12T18:13:03.829+0000] {dagbag.py:536} INFO - Filling up the DagBag from /opt/airflow/dags/practice.py
[2024-03-12T18:13:03.838+0000] {processor.py:839} INFO - DAG(s) dict_keys(['Test_Operators']) retrieved from /opt/airflow/dags/practice.py
[2024-03-12T18:13:03.857+0000] {logging_mixin.py:154} INFO - [2024-03-12T18:13:03.856+0000] {dag.py:2941} INFO - Sync 1 DAGs
[2024-03-12T18:13:03.872+0000] {logging_mixin.py:154} INFO - [2024-03-12T18:13:03.871+0000] {dag.py:3722} INFO - Setting next_dagrun for Test_Operators to 2024-03-11T18:13:03.871688+00:00, run_after=2024-03-12T18:13:03.871688+00:00
[2024-03-12T18:13:03.883+0000] {processor.py:179} INFO - Processing /opt/airflow/dags/practice.py took 0.057 seconds
[2024-03-12T18:13:34.208+0000] {processor.py:157} INFO - Started process (PID=1021) to work on /opt/airflow/dags/practice.py
[2024-03-12T18:13:34.209+0000] {processor.py:829} INFO - Processing file /opt/airflow/dags/practice.py for tasks to queue
[2024-03-12T18:13:34.210+0000] {logging_mixin.py:154} INFO - [2024-03-12T18:13:34.209+0000] {dagbag.py:536} INFO - Filling up the DagBag from /opt/airflow/dags/practice.py
[2024-03-12T18:13:34.219+0000] {processor.py:839} INFO - DAG(s) dict_keys(['Test_Operators']) retrieved from /opt/airflow/dags/practice.py
[2024-03-12T18:13:34.236+0000] {logging_mixin.py:154} INFO - [2024-03-12T18:13:34.236+0000] {dag.py:2941} INFO - Sync 1 DAGs
[2024-03-12T18:13:34.251+0000] {logging_mixin.py:154} INFO - [2024-03-12T18:13:34.251+0000] {dag.py:3722} INFO - Setting next_dagrun for Test_Operators to 2024-03-11T18:13:34.250935+00:00, run_after=2024-03-12T18:13:34.250935+00:00
[2024-03-12T18:13:34.261+0000] {processor.py:179} INFO - Processing /opt/airflow/dags/practice.py took 0.056 seconds
[2024-03-12T18:14:04.568+0000] {processor.py:157} INFO - Started process (PID=1043) to work on /opt/airflow/dags/practice.py
[2024-03-12T18:14:04.569+0000] {processor.py:829} INFO - Processing file /opt/airflow/dags/practice.py for tasks to queue
[2024-03-12T18:14:04.569+0000] {logging_mixin.py:154} INFO - [2024-03-12T18:14:04.569+0000] {dagbag.py:536} INFO - Filling up the DagBag from /opt/airflow/dags/practice.py
[2024-03-12T18:14:04.578+0000] {processor.py:839} INFO - DAG(s) dict_keys(['Test_Operators']) retrieved from /opt/airflow/dags/practice.py
[2024-03-12T18:14:04.595+0000] {logging_mixin.py:154} INFO - [2024-03-12T18:14:04.595+0000] {dag.py:2941} INFO - Sync 1 DAGs
[2024-03-12T18:14:04.609+0000] {logging_mixin.py:154} INFO - [2024-03-12T18:14:04.609+0000] {dag.py:3722} INFO - Setting next_dagrun for Test_Operators to 2024-03-11T18:14:04.609375+00:00, run_after=2024-03-12T18:14:04.609375+00:00
[2024-03-12T18:14:04.620+0000] {processor.py:179} INFO - Processing /opt/airflow/dags/practice.py took 0.055 seconds
[2024-03-12T18:14:34.933+0000] {processor.py:157} INFO - Started process (PID=1065) to work on /opt/airflow/dags/practice.py
[2024-03-12T18:14:34.934+0000] {processor.py:829} INFO - Processing file /opt/airflow/dags/practice.py for tasks to queue
[2024-03-12T18:14:34.935+0000] {logging_mixin.py:154} INFO - [2024-03-12T18:14:34.935+0000] {dagbag.py:536} INFO - Filling up the DagBag from /opt/airflow/dags/practice.py
[2024-03-12T18:14:34.944+0000] {processor.py:839} INFO - DAG(s) dict_keys(['Test_Operators']) retrieved from /opt/airflow/dags/practice.py
[2024-03-12T18:14:34.962+0000] {logging_mixin.py:154} INFO - [2024-03-12T18:14:34.962+0000] {dag.py:2941} INFO - Sync 1 DAGs
[2024-03-12T18:14:34.976+0000] {logging_mixin.py:154} INFO - [2024-03-12T18:14:34.976+0000] {dag.py:3722} INFO - Setting next_dagrun for Test_Operators to 2024-03-11T18:14:34.976412+00:00, run_after=2024-03-12T18:14:34.976412+00:00
[2024-03-12T18:14:34.987+0000] {processor.py:179} INFO - Processing /opt/airflow/dags/practice.py took 0.056 seconds
[2024-03-12T18:15:05.247+0000] {processor.py:157} INFO - Started process (PID=1087) to work on /opt/airflow/dags/practice.py
[2024-03-12T18:15:05.248+0000] {processor.py:829} INFO - Processing file /opt/airflow/dags/practice.py for tasks to queue
[2024-03-12T18:15:05.248+0000] {logging_mixin.py:154} INFO - [2024-03-12T18:15:05.248+0000] {dagbag.py:536} INFO - Filling up the DagBag from /opt/airflow/dags/practice.py
[2024-03-12T18:15:05.256+0000] {processor.py:839} INFO - DAG(s) dict_keys(['Test_Operators']) retrieved from /opt/airflow/dags/practice.py
[2024-03-12T18:15:05.274+0000] {logging_mixin.py:154} INFO - [2024-03-12T18:15:05.274+0000] {dag.py:2941} INFO - Sync 1 DAGs
[2024-03-12T18:15:05.289+0000] {logging_mixin.py:154} INFO - [2024-03-12T18:15:05.289+0000] {dag.py:3722} INFO - Setting next_dagrun for Test_Operators to 2024-03-11T18:15:05.288968+00:00, run_after=2024-03-12T18:15:05.288968+00:00
[2024-03-12T18:15:05.300+0000] {processor.py:179} INFO - Processing /opt/airflow/dags/practice.py took 0.056 seconds
[2024-03-12T18:15:35.583+0000] {processor.py:157} INFO - Started process (PID=1109) to work on /opt/airflow/dags/practice.py
[2024-03-12T18:15:35.584+0000] {processor.py:829} INFO - Processing file /opt/airflow/dags/practice.py for tasks to queue
[2024-03-12T18:15:35.585+0000] {logging_mixin.py:154} INFO - [2024-03-12T18:15:35.584+0000] {dagbag.py:536} INFO - Filling up the DagBag from /opt/airflow/dags/practice.py
[2024-03-12T18:15:35.592+0000] {processor.py:839} INFO - DAG(s) dict_keys(['Test_Operators']) retrieved from /opt/airflow/dags/practice.py
[2024-03-12T18:15:35.610+0000] {logging_mixin.py:154} INFO - [2024-03-12T18:15:35.610+0000] {dag.py:2941} INFO - Sync 1 DAGs
[2024-03-12T18:15:35.625+0000] {logging_mixin.py:154} INFO - [2024-03-12T18:15:35.625+0000] {dag.py:3722} INFO - Setting next_dagrun for Test_Operators to 2024-03-11T18:15:35.624928+00:00, run_after=2024-03-12T18:15:35.624928+00:00
[2024-03-12T18:15:35.636+0000] {processor.py:179} INFO - Processing /opt/airflow/dags/practice.py took 0.055 seconds
[2024-03-12T18:16:05.972+0000] {processor.py:157} INFO - Started process (PID=1131) to work on /opt/airflow/dags/practice.py
[2024-03-12T18:16:05.973+0000] {processor.py:829} INFO - Processing file /opt/airflow/dags/practice.py for tasks to queue
[2024-03-12T18:16:05.973+0000] {logging_mixin.py:154} INFO - [2024-03-12T18:16:05.973+0000] {dagbag.py:536} INFO - Filling up the DagBag from /opt/airflow/dags/practice.py
[2024-03-12T18:16:05.982+0000] {processor.py:839} INFO - DAG(s) dict_keys(['Test_Operators']) retrieved from /opt/airflow/dags/practice.py
[2024-03-12T18:16:05.998+0000] {logging_mixin.py:154} INFO - [2024-03-12T18:16:05.998+0000] {dag.py:2941} INFO - Sync 1 DAGs
[2024-03-12T18:16:06.013+0000] {logging_mixin.py:154} INFO - [2024-03-12T18:16:06.013+0000] {dag.py:3722} INFO - Setting next_dagrun for Test_Operators to 2024-03-11T18:16:06.013433+00:00, run_after=2024-03-12T18:16:06.013433+00:00
[2024-03-12T18:16:06.024+0000] {processor.py:179} INFO - Processing /opt/airflow/dags/practice.py took 0.055 seconds
[2024-03-12T18:16:36.330+0000] {processor.py:157} INFO - Started process (PID=1153) to work on /opt/airflow/dags/practice.py
[2024-03-12T18:16:36.331+0000] {processor.py:829} INFO - Processing file /opt/airflow/dags/practice.py for tasks to queue
[2024-03-12T18:16:36.331+0000] {logging_mixin.py:154} INFO - [2024-03-12T18:16:36.331+0000] {dagbag.py:536} INFO - Filling up the DagBag from /opt/airflow/dags/practice.py
[2024-03-12T18:16:36.339+0000] {processor.py:839} INFO - DAG(s) dict_keys(['Test_Operators']) retrieved from /opt/airflow/dags/practice.py
[2024-03-12T18:16:36.356+0000] {logging_mixin.py:154} INFO - [2024-03-12T18:16:36.356+0000] {dag.py:2941} INFO - Sync 1 DAGs
[2024-03-12T18:16:36.371+0000] {logging_mixin.py:154} INFO - [2024-03-12T18:16:36.371+0000] {dag.py:3722} INFO - Setting next_dagrun for Test_Operators to 2024-03-11T18:16:36.370882+00:00, run_after=2024-03-12T18:16:36.370882+00:00
[2024-03-12T18:16:36.381+0000] {processor.py:179} INFO - Processing /opt/airflow/dags/practice.py took 0.054 seconds
[2024-03-12T18:17:06.691+0000] {processor.py:157} INFO - Started process (PID=1175) to work on /opt/airflow/dags/practice.py
[2024-03-12T18:17:06.692+0000] {processor.py:829} INFO - Processing file /opt/airflow/dags/practice.py for tasks to queue
[2024-03-12T18:17:06.693+0000] {logging_mixin.py:154} INFO - [2024-03-12T18:17:06.693+0000] {dagbag.py:536} INFO - Filling up the DagBag from /opt/airflow/dags/practice.py
[2024-03-12T18:17:06.703+0000] {processor.py:839} INFO - DAG(s) dict_keys(['Test_Operators']) retrieved from /opt/airflow/dags/practice.py
[2024-03-12T18:17:06.722+0000] {logging_mixin.py:154} INFO - [2024-03-12T18:17:06.722+0000] {dag.py:2941} INFO - Sync 1 DAGs
[2024-03-12T18:17:06.738+0000] {logging_mixin.py:154} INFO - [2024-03-12T18:17:06.737+0000] {dag.py:3722} INFO - Setting next_dagrun for Test_Operators to 2024-03-11T18:17:06.737833+00:00, run_after=2024-03-12T18:17:06.737833+00:00
[2024-03-12T18:17:06.749+0000] {processor.py:179} INFO - Processing /opt/airflow/dags/practice.py took 0.061 seconds
[2024-03-12T18:17:37.029+0000] {processor.py:157} INFO - Started process (PID=1197) to work on /opt/airflow/dags/practice.py
[2024-03-12T18:17:37.030+0000] {processor.py:829} INFO - Processing file /opt/airflow/dags/practice.py for tasks to queue
[2024-03-12T18:17:37.030+0000] {logging_mixin.py:154} INFO - [2024-03-12T18:17:37.030+0000] {dagbag.py:536} INFO - Filling up the DagBag from /opt/airflow/dags/practice.py
[2024-03-12T18:17:37.038+0000] {processor.py:839} INFO - DAG(s) dict_keys(['Test_Operators']) retrieved from /opt/airflow/dags/practice.py
[2024-03-12T18:17:37.055+0000] {logging_mixin.py:154} INFO - [2024-03-12T18:17:37.055+0000] {dag.py:2941} INFO - Sync 1 DAGs
[2024-03-12T18:17:37.069+0000] {logging_mixin.py:154} INFO - [2024-03-12T18:17:37.069+0000] {dag.py:3722} INFO - Setting next_dagrun for Test_Operators to 2024-03-11T18:17:37.069640+00:00, run_after=2024-03-12T18:17:37.069640+00:00
[2024-03-12T18:17:37.081+0000] {processor.py:179} INFO - Processing /opt/airflow/dags/practice.py took 0.054 seconds
[2024-03-12T18:18:07.400+0000] {processor.py:157} INFO - Started process (PID=1218) to work on /opt/airflow/dags/practice.py
[2024-03-12T18:18:07.400+0000] {processor.py:829} INFO - Processing file /opt/airflow/dags/practice.py for tasks to queue
[2024-03-12T18:18:07.401+0000] {logging_mixin.py:154} INFO - [2024-03-12T18:18:07.401+0000] {dagbag.py:536} INFO - Filling up the DagBag from /opt/airflow/dags/practice.py
[2024-03-12T18:18:07.409+0000] {processor.py:839} INFO - DAG(s) dict_keys(['Test_Operators']) retrieved from /opt/airflow/dags/practice.py
[2024-03-12T18:18:07.426+0000] {logging_mixin.py:154} INFO - [2024-03-12T18:18:07.426+0000] {dag.py:2941} INFO - Sync 1 DAGs
[2024-03-12T18:18:07.441+0000] {logging_mixin.py:154} INFO - [2024-03-12T18:18:07.441+0000] {dag.py:3722} INFO - Setting next_dagrun for Test_Operators to 2024-03-11T18:18:07.441157+00:00, run_after=2024-03-12T18:18:07.441157+00:00
[2024-03-12T18:18:07.452+0000] {processor.py:179} INFO - Processing /opt/airflow/dags/practice.py took 0.054 seconds
[2024-03-12T18:18:37.778+0000] {processor.py:157} INFO - Started process (PID=1240) to work on /opt/airflow/dags/practice.py
[2024-03-12T18:18:37.779+0000] {processor.py:829} INFO - Processing file /opt/airflow/dags/practice.py for tasks to queue
[2024-03-12T18:18:37.780+0000] {logging_mixin.py:154} INFO - [2024-03-12T18:18:37.780+0000] {dagbag.py:536} INFO - Filling up the DagBag from /opt/airflow/dags/practice.py
[2024-03-12T18:18:37.788+0000] {processor.py:839} INFO - DAG(s) dict_keys(['Test_Operators']) retrieved from /opt/airflow/dags/practice.py
[2024-03-12T18:18:37.806+0000] {logging_mixin.py:154} INFO - [2024-03-12T18:18:37.805+0000] {dag.py:2941} INFO - Sync 1 DAGs
[2024-03-12T18:18:37.821+0000] {logging_mixin.py:154} INFO - [2024-03-12T18:18:37.820+0000] {dag.py:3722} INFO - Setting next_dagrun for Test_Operators to 2024-03-11T18:18:37.820745+00:00, run_after=2024-03-12T18:18:37.820745+00:00
[2024-03-12T18:18:37.832+0000] {processor.py:179} INFO - Processing /opt/airflow/dags/practice.py took 0.056 seconds
[2024-03-12T18:19:08.081+0000] {processor.py:157} INFO - Started process (PID=1262) to work on /opt/airflow/dags/practice.py
[2024-03-12T18:19:08.082+0000] {processor.py:829} INFO - Processing file /opt/airflow/dags/practice.py for tasks to queue
[2024-03-12T18:19:08.082+0000] {logging_mixin.py:154} INFO - [2024-03-12T18:19:08.082+0000] {dagbag.py:536} INFO - Filling up the DagBag from /opt/airflow/dags/practice.py
[2024-03-12T18:19:08.091+0000] {processor.py:839} INFO - DAG(s) dict_keys(['Test_Operators']) retrieved from /opt/airflow/dags/practice.py
[2024-03-12T18:19:08.111+0000] {logging_mixin.py:154} INFO - [2024-03-12T18:19:08.110+0000] {dag.py:2941} INFO - Sync 1 DAGs
[2024-03-12T18:19:08.126+0000] {logging_mixin.py:154} INFO - [2024-03-12T18:19:08.126+0000] {dag.py:3722} INFO - Setting next_dagrun for Test_Operators to 2024-03-11T18:19:08.126012+00:00, run_after=2024-03-12T18:19:08.126012+00:00
[2024-03-12T18:19:08.139+0000] {processor.py:179} INFO - Processing /opt/airflow/dags/practice.py took 0.061 seconds
[2024-03-12T18:19:38.497+0000] {processor.py:157} INFO - Started process (PID=1284) to work on /opt/airflow/dags/practice.py
[2024-03-12T18:19:38.498+0000] {processor.py:829} INFO - Processing file /opt/airflow/dags/practice.py for tasks to queue
[2024-03-12T18:19:38.498+0000] {logging_mixin.py:154} INFO - [2024-03-12T18:19:38.498+0000] {dagbag.py:536} INFO - Filling up the DagBag from /opt/airflow/dags/practice.py
[2024-03-12T18:19:38.506+0000] {processor.py:839} INFO - DAG(s) dict_keys(['Test_Operators']) retrieved from /opt/airflow/dags/practice.py
[2024-03-12T18:19:38.524+0000] {logging_mixin.py:154} INFO - [2024-03-12T18:19:38.524+0000] {dag.py:2941} INFO - Sync 1 DAGs
[2024-03-12T18:19:38.538+0000] {logging_mixin.py:154} INFO - [2024-03-12T18:19:38.538+0000] {dag.py:3722} INFO - Setting next_dagrun for Test_Operators to 2024-03-11T18:19:38.538251+00:00, run_after=2024-03-12T18:19:38.538251+00:00
[2024-03-12T18:19:38.549+0000] {processor.py:179} INFO - Processing /opt/airflow/dags/practice.py took 0.054 seconds
[2024-03-12T18:20:08.876+0000] {processor.py:157} INFO - Started process (PID=1306) to work on /opt/airflow/dags/practice.py
[2024-03-12T18:20:08.877+0000] {processor.py:829} INFO - Processing file /opt/airflow/dags/practice.py for tasks to queue
[2024-03-12T18:20:08.878+0000] {logging_mixin.py:154} INFO - [2024-03-12T18:20:08.877+0000] {dagbag.py:536} INFO - Filling up the DagBag from /opt/airflow/dags/practice.py
[2024-03-12T18:20:08.886+0000] {processor.py:839} INFO - DAG(s) dict_keys(['Test_Operators']) retrieved from /opt/airflow/dags/practice.py
[2024-03-12T18:20:08.903+0000] {logging_mixin.py:154} INFO - [2024-03-12T18:20:08.903+0000] {dag.py:2941} INFO - Sync 1 DAGs
[2024-03-12T18:20:08.917+0000] {logging_mixin.py:154} INFO - [2024-03-12T18:20:08.917+0000] {dag.py:3722} INFO - Setting next_dagrun for Test_Operators to 2024-03-11T18:20:08.917516+00:00, run_after=2024-03-12T18:20:08.917516+00:00
[2024-03-12T18:20:08.929+0000] {processor.py:179} INFO - Processing /opt/airflow/dags/practice.py took 0.055 seconds
[2024-03-12T18:20:39.276+0000] {processor.py:157} INFO - Started process (PID=1328) to work on /opt/airflow/dags/practice.py
[2024-03-12T18:20:39.277+0000] {processor.py:829} INFO - Processing file /opt/airflow/dags/practice.py for tasks to queue
[2024-03-12T18:20:39.278+0000] {logging_mixin.py:154} INFO - [2024-03-12T18:20:39.278+0000] {dagbag.py:536} INFO - Filling up the DagBag from /opt/airflow/dags/practice.py
[2024-03-12T18:20:39.286+0000] {processor.py:839} INFO - DAG(s) dict_keys(['Test_Operators']) retrieved from /opt/airflow/dags/practice.py
[2024-03-12T18:20:39.303+0000] {logging_mixin.py:154} INFO - [2024-03-12T18:20:39.303+0000] {dag.py:2941} INFO - Sync 1 DAGs
[2024-03-12T18:20:39.318+0000] {logging_mixin.py:154} INFO - [2024-03-12T18:20:39.318+0000] {dag.py:3722} INFO - Setting next_dagrun for Test_Operators to 2024-03-11T18:20:39.318304+00:00, run_after=2024-03-12T18:20:39.318304+00:00
[2024-03-12T18:20:39.329+0000] {processor.py:179} INFO - Processing /opt/airflow/dags/practice.py took 0.055 seconds
[2024-03-12T18:21:09.627+0000] {processor.py:157} INFO - Started process (PID=1350) to work on /opt/airflow/dags/practice.py
[2024-03-12T18:21:09.628+0000] {processor.py:829} INFO - Processing file /opt/airflow/dags/practice.py for tasks to queue
[2024-03-12T18:21:09.629+0000] {logging_mixin.py:154} INFO - [2024-03-12T18:21:09.628+0000] {dagbag.py:536} INFO - Filling up the DagBag from /opt/airflow/dags/practice.py
[2024-03-12T18:21:09.637+0000] {processor.py:839} INFO - DAG(s) dict_keys(['Test_Operators']) retrieved from /opt/airflow/dags/practice.py
[2024-03-12T18:21:09.654+0000] {logging_mixin.py:154} INFO - [2024-03-12T18:21:09.654+0000] {dag.py:2941} INFO - Sync 1 DAGs
[2024-03-12T18:21:09.669+0000] {logging_mixin.py:154} INFO - [2024-03-12T18:21:09.669+0000] {dag.py:3722} INFO - Setting next_dagrun for Test_Operators to 2024-03-11T18:21:09.669392+00:00, run_after=2024-03-12T18:21:09.669392+00:00
[2024-03-12T18:21:09.680+0000] {processor.py:179} INFO - Processing /opt/airflow/dags/practice.py took 0.055 seconds
[2024-03-12T18:21:39.980+0000] {processor.py:157} INFO - Started process (PID=1372) to work on /opt/airflow/dags/practice.py
[2024-03-12T18:21:39.981+0000] {processor.py:829} INFO - Processing file /opt/airflow/dags/practice.py for tasks to queue
[2024-03-12T18:21:39.982+0000] {logging_mixin.py:154} INFO - [2024-03-12T18:21:39.982+0000] {dagbag.py:536} INFO - Filling up the DagBag from /opt/airflow/dags/practice.py
[2024-03-12T18:21:39.990+0000] {processor.py:839} INFO - DAG(s) dict_keys(['Test_Operators']) retrieved from /opt/airflow/dags/practice.py
[2024-03-12T18:21:40.007+0000] {logging_mixin.py:154} INFO - [2024-03-12T18:21:40.007+0000] {dag.py:2941} INFO - Sync 1 DAGs
[2024-03-12T18:21:40.021+0000] {logging_mixin.py:154} INFO - [2024-03-12T18:21:40.021+0000] {dag.py:3722} INFO - Setting next_dagrun for Test_Operators to 2024-03-11T18:21:40.021340+00:00, run_after=2024-03-12T18:21:40.021340+00:00
[2024-03-12T18:21:40.032+0000] {processor.py:179} INFO - Processing /opt/airflow/dags/practice.py took 0.054 seconds
[2024-03-12T18:22:10.319+0000] {processor.py:157} INFO - Started process (PID=1394) to work on /opt/airflow/dags/practice.py
[2024-03-12T18:22:10.320+0000] {processor.py:829} INFO - Processing file /opt/airflow/dags/practice.py for tasks to queue
[2024-03-12T18:22:10.320+0000] {logging_mixin.py:154} INFO - [2024-03-12T18:22:10.320+0000] {dagbag.py:536} INFO - Filling up the DagBag from /opt/airflow/dags/practice.py
[2024-03-12T18:22:10.329+0000] {processor.py:839} INFO - DAG(s) dict_keys(['Test_Operators']) retrieved from /opt/airflow/dags/practice.py
[2024-03-12T18:22:10.346+0000] {logging_mixin.py:154} INFO - [2024-03-12T18:22:10.346+0000] {dag.py:2941} INFO - Sync 1 DAGs
[2024-03-12T18:22:10.361+0000] {logging_mixin.py:154} INFO - [2024-03-12T18:22:10.361+0000] {dag.py:3722} INFO - Setting next_dagrun for Test_Operators to 2024-03-11T18:22:10.360980+00:00, run_after=2024-03-12T18:22:10.360980+00:00
[2024-03-12T18:22:10.371+0000] {processor.py:179} INFO - Processing /opt/airflow/dags/practice.py took 0.055 seconds
[2024-03-12T18:22:40.681+0000] {processor.py:157} INFO - Started process (PID=1416) to work on /opt/airflow/dags/practice.py
[2024-03-12T18:22:40.682+0000] {processor.py:829} INFO - Processing file /opt/airflow/dags/practice.py for tasks to queue
[2024-03-12T18:22:40.683+0000] {logging_mixin.py:154} INFO - [2024-03-12T18:22:40.683+0000] {dagbag.py:536} INFO - Filling up the DagBag from /opt/airflow/dags/practice.py
[2024-03-12T18:22:40.694+0000] {processor.py:839} INFO - DAG(s) dict_keys(['Test_Operators']) retrieved from /opt/airflow/dags/practice.py
[2024-03-12T18:22:40.714+0000] {logging_mixin.py:154} INFO - [2024-03-12T18:22:40.714+0000] {dag.py:2941} INFO - Sync 1 DAGs
[2024-03-12T18:22:40.732+0000] {logging_mixin.py:154} INFO - [2024-03-12T18:22:40.732+0000] {dag.py:3722} INFO - Setting next_dagrun for Test_Operators to 2024-03-11T18:22:40.732575+00:00, run_after=2024-03-12T18:22:40.732575+00:00
[2024-03-12T18:22:40.746+0000] {processor.py:179} INFO - Processing /opt/airflow/dags/practice.py took 0.067 seconds
[2024-03-12T18:23:11.016+0000] {processor.py:157} INFO - Started process (PID=1438) to work on /opt/airflow/dags/practice.py
[2024-03-12T18:23:11.016+0000] {processor.py:829} INFO - Processing file /opt/airflow/dags/practice.py for tasks to queue
[2024-03-12T18:23:11.017+0000] {logging_mixin.py:154} INFO - [2024-03-12T18:23:11.017+0000] {dagbag.py:536} INFO - Filling up the DagBag from /opt/airflow/dags/practice.py
[2024-03-12T18:23:11.025+0000] {processor.py:839} INFO - DAG(s) dict_keys(['Test_Operators']) retrieved from /opt/airflow/dags/practice.py
[2024-03-12T18:23:11.042+0000] {logging_mixin.py:154} INFO - [2024-03-12T18:23:11.041+0000] {dag.py:2941} INFO - Sync 1 DAGs
[2024-03-12T18:23:11.057+0000] {logging_mixin.py:154} INFO - [2024-03-12T18:23:11.057+0000] {dag.py:3722} INFO - Setting next_dagrun for Test_Operators to 2024-03-11T18:23:11.057493+00:00, run_after=2024-03-12T18:23:11.057493+00:00
[2024-03-12T18:23:11.068+0000] {processor.py:179} INFO - Processing /opt/airflow/dags/practice.py took 0.055 seconds
[2024-03-12T18:23:41.372+0000] {processor.py:157} INFO - Started process (PID=1460) to work on /opt/airflow/dags/practice.py
[2024-03-12T18:23:41.372+0000] {processor.py:829} INFO - Processing file /opt/airflow/dags/practice.py for tasks to queue
[2024-03-12T18:23:41.373+0000] {logging_mixin.py:154} INFO - [2024-03-12T18:23:41.373+0000] {dagbag.py:536} INFO - Filling up the DagBag from /opt/airflow/dags/practice.py
[2024-03-12T18:23:41.381+0000] {processor.py:839} INFO - DAG(s) dict_keys(['Test_Operators']) retrieved from /opt/airflow/dags/practice.py
[2024-03-12T18:23:41.398+0000] {logging_mixin.py:154} INFO - [2024-03-12T18:23:41.398+0000] {dag.py:2941} INFO - Sync 1 DAGs
[2024-03-12T18:23:41.412+0000] {logging_mixin.py:154} INFO - [2024-03-12T18:23:41.412+0000] {dag.py:3722} INFO - Setting next_dagrun for Test_Operators to 2024-03-11T18:23:41.412509+00:00, run_after=2024-03-12T18:23:41.412509+00:00
[2024-03-12T18:23:41.423+0000] {processor.py:179} INFO - Processing /opt/airflow/dags/practice.py took 0.054 seconds
[2024-03-12T18:24:11.710+0000] {processor.py:157} INFO - Started process (PID=1482) to work on /opt/airflow/dags/practice.py
[2024-03-12T18:24:11.711+0000] {processor.py:829} INFO - Processing file /opt/airflow/dags/practice.py for tasks to queue
[2024-03-12T18:24:11.712+0000] {logging_mixin.py:154} INFO - [2024-03-12T18:24:11.712+0000] {dagbag.py:536} INFO - Filling up the DagBag from /opt/airflow/dags/practice.py
[2024-03-12T18:24:11.724+0000] {processor.py:839} INFO - DAG(s) dict_keys(['Test_Operators']) retrieved from /opt/airflow/dags/practice.py
[2024-03-12T18:24:11.747+0000] {logging_mixin.py:154} INFO - [2024-03-12T18:24:11.747+0000] {dag.py:2941} INFO - Sync 1 DAGs
[2024-03-12T18:24:11.763+0000] {logging_mixin.py:154} INFO - [2024-03-12T18:24:11.763+0000] {dag.py:3722} INFO - Setting next_dagrun for Test_Operators to 2024-03-11T18:24:11.763007+00:00, run_after=2024-03-12T18:24:11.763007+00:00
[2024-03-12T18:24:11.774+0000] {processor.py:179} INFO - Processing /opt/airflow/dags/practice.py took 0.066 seconds
[2024-03-12T18:24:42.151+0000] {processor.py:157} INFO - Started process (PID=1504) to work on /opt/airflow/dags/practice.py
[2024-03-12T18:24:42.151+0000] {processor.py:829} INFO - Processing file /opt/airflow/dags/practice.py for tasks to queue
[2024-03-12T18:24:42.152+0000] {logging_mixin.py:154} INFO - [2024-03-12T18:24:42.152+0000] {dagbag.py:536} INFO - Filling up the DagBag from /opt/airflow/dags/practice.py
[2024-03-12T18:24:42.160+0000] {processor.py:839} INFO - DAG(s) dict_keys(['Test_Operators']) retrieved from /opt/airflow/dags/practice.py
[2024-03-12T18:24:42.177+0000] {logging_mixin.py:154} INFO - [2024-03-12T18:24:42.177+0000] {dag.py:2941} INFO - Sync 1 DAGs
[2024-03-12T18:24:42.191+0000] {logging_mixin.py:154} INFO - [2024-03-12T18:24:42.191+0000] {dag.py:3722} INFO - Setting next_dagrun for Test_Operators to 2024-03-11T18:24:42.191136+00:00, run_after=2024-03-12T18:24:42.191136+00:00
[2024-03-12T18:24:42.202+0000] {processor.py:179} INFO - Processing /opt/airflow/dags/practice.py took 0.053 seconds
[2024-03-12T18:25:12.608+0000] {processor.py:157} INFO - Started process (PID=1526) to work on /opt/airflow/dags/practice.py
[2024-03-12T18:25:12.609+0000] {processor.py:829} INFO - Processing file /opt/airflow/dags/practice.py for tasks to queue
[2024-03-12T18:25:12.610+0000] {logging_mixin.py:154} INFO - [2024-03-12T18:25:12.610+0000] {dagbag.py:536} INFO - Filling up the DagBag from /opt/airflow/dags/practice.py
[2024-03-12T18:25:12.618+0000] {processor.py:839} INFO - DAG(s) dict_keys(['Test_Operators']) retrieved from /opt/airflow/dags/practice.py
[2024-03-12T18:25:12.635+0000] {logging_mixin.py:154} INFO - [2024-03-12T18:25:12.634+0000] {dag.py:2941} INFO - Sync 1 DAGs
[2024-03-12T18:25:12.649+0000] {logging_mixin.py:154} INFO - [2024-03-12T18:25:12.649+0000] {dag.py:3722} INFO - Setting next_dagrun for Test_Operators to 2024-03-11T18:25:12.649517+00:00, run_after=2024-03-12T18:25:12.649517+00:00
[2024-03-12T18:25:12.660+0000] {processor.py:179} INFO - Processing /opt/airflow/dags/practice.py took 0.054 seconds
[2024-03-12T18:25:43.042+0000] {processor.py:157} INFO - Started process (PID=1548) to work on /opt/airflow/dags/practice.py
[2024-03-12T18:25:43.043+0000] {processor.py:829} INFO - Processing file /opt/airflow/dags/practice.py for tasks to queue
[2024-03-12T18:25:43.043+0000] {logging_mixin.py:154} INFO - [2024-03-12T18:25:43.043+0000] {dagbag.py:536} INFO - Filling up the DagBag from /opt/airflow/dags/practice.py
[2024-03-12T18:25:43.051+0000] {processor.py:839} INFO - DAG(s) dict_keys(['Test_Operators']) retrieved from /opt/airflow/dags/practice.py
[2024-03-12T18:25:43.068+0000] {logging_mixin.py:154} INFO - [2024-03-12T18:25:43.068+0000] {dag.py:2941} INFO - Sync 1 DAGs
[2024-03-12T18:25:43.083+0000] {logging_mixin.py:154} INFO - [2024-03-12T18:25:43.082+0000] {dag.py:3722} INFO - Setting next_dagrun for Test_Operators to 2024-03-11T18:25:43.082814+00:00, run_after=2024-03-12T18:25:43.082814+00:00
[2024-03-12T18:25:43.093+0000] {processor.py:179} INFO - Processing /opt/airflow/dags/practice.py took 0.053 seconds
[2024-03-12T18:26:13.431+0000] {processor.py:157} INFO - Started process (PID=1570) to work on /opt/airflow/dags/practice.py
[2024-03-12T18:26:13.431+0000] {processor.py:829} INFO - Processing file /opt/airflow/dags/practice.py for tasks to queue
[2024-03-12T18:26:13.432+0000] {logging_mixin.py:154} INFO - [2024-03-12T18:26:13.432+0000] {dagbag.py:536} INFO - Filling up the DagBag from /opt/airflow/dags/practice.py
[2024-03-12T18:26:13.440+0000] {processor.py:839} INFO - DAG(s) dict_keys(['Test_Operators']) retrieved from /opt/airflow/dags/practice.py
[2024-03-12T18:26:13.458+0000] {logging_mixin.py:154} INFO - [2024-03-12T18:26:13.458+0000] {dag.py:2941} INFO - Sync 1 DAGs
[2024-03-12T18:26:13.473+0000] {logging_mixin.py:154} INFO - [2024-03-12T18:26:13.472+0000] {dag.py:3722} INFO - Setting next_dagrun for Test_Operators to 2024-03-11T18:26:13.472776+00:00, run_after=2024-03-12T18:26:13.472776+00:00
[2024-03-12T18:26:13.484+0000] {processor.py:179} INFO - Processing /opt/airflow/dags/practice.py took 0.056 seconds
[2024-03-12T18:26:43.844+0000] {processor.py:157} INFO - Started process (PID=1592) to work on /opt/airflow/dags/practice.py
[2024-03-12T18:26:43.845+0000] {processor.py:829} INFO - Processing file /opt/airflow/dags/practice.py for tasks to queue
[2024-03-12T18:26:43.846+0000] {logging_mixin.py:154} INFO - [2024-03-12T18:26:43.846+0000] {dagbag.py:536} INFO - Filling up the DagBag from /opt/airflow/dags/practice.py
[2024-03-12T18:26:43.854+0000] {processor.py:839} INFO - DAG(s) dict_keys(['Test_Operators']) retrieved from /opt/airflow/dags/practice.py
[2024-03-12T18:26:43.871+0000] {logging_mixin.py:154} INFO - [2024-03-12T18:26:43.871+0000] {dag.py:2941} INFO - Sync 1 DAGs
[2024-03-12T18:26:43.885+0000] {logging_mixin.py:154} INFO - [2024-03-12T18:26:43.885+0000] {dag.py:3722} INFO - Setting next_dagrun for Test_Operators to 2024-03-11T18:26:43.885025+00:00, run_after=2024-03-12T18:26:43.885025+00:00
[2024-03-12T18:26:43.896+0000] {processor.py:179} INFO - Processing /opt/airflow/dags/practice.py took 0.053 seconds
[2024-03-12T18:27:14.266+0000] {processor.py:157} INFO - Started process (PID=1614) to work on /opt/airflow/dags/practice.py
[2024-03-12T18:27:14.267+0000] {processor.py:829} INFO - Processing file /opt/airflow/dags/practice.py for tasks to queue
[2024-03-12T18:27:14.268+0000] {logging_mixin.py:154} INFO - [2024-03-12T18:27:14.267+0000] {dagbag.py:536} INFO - Filling up the DagBag from /opt/airflow/dags/practice.py
[2024-03-12T18:27:14.276+0000] {processor.py:839} INFO - DAG(s) dict_keys(['Test_Operators']) retrieved from /opt/airflow/dags/practice.py
[2024-03-12T18:27:14.294+0000] {logging_mixin.py:154} INFO - [2024-03-12T18:27:14.294+0000] {dag.py:2941} INFO - Sync 1 DAGs
[2024-03-12T18:27:14.309+0000] {logging_mixin.py:154} INFO - [2024-03-12T18:27:14.309+0000] {dag.py:3722} INFO - Setting next_dagrun for Test_Operators to 2024-03-11T18:27:14.309559+00:00, run_after=2024-03-12T18:27:14.309559+00:00
[2024-03-12T18:27:14.321+0000] {processor.py:179} INFO - Processing /opt/airflow/dags/practice.py took 0.057 seconds
[2024-03-12T18:27:44.686+0000] {processor.py:157} INFO - Started process (PID=1636) to work on /opt/airflow/dags/practice.py
[2024-03-12T18:27:44.687+0000] {processor.py:829} INFO - Processing file /opt/airflow/dags/practice.py for tasks to queue
[2024-03-12T18:27:44.687+0000] {logging_mixin.py:154} INFO - [2024-03-12T18:27:44.687+0000] {dagbag.py:536} INFO - Filling up the DagBag from /opt/airflow/dags/practice.py
[2024-03-12T18:27:44.701+0000] {processor.py:839} INFO - DAG(s) dict_keys(['Test_Operators']) retrieved from /opt/airflow/dags/practice.py
[2024-03-12T18:27:44.717+0000] {logging_mixin.py:154} INFO - [2024-03-12T18:27:44.717+0000] {dag.py:2941} INFO - Sync 1 DAGs
[2024-03-12T18:27:44.735+0000] {logging_mixin.py:154} INFO - [2024-03-12T18:27:44.735+0000] {dag.py:3722} INFO - Setting next_dagrun for Test_Operators to 2024-03-11T18:27:44.735286+00:00, run_after=2024-03-12T18:27:44.735286+00:00
[2024-03-12T18:27:44.756+0000] {processor.py:179} INFO - Processing /opt/airflow/dags/practice.py took 0.072 seconds
[2024-03-12T18:28:15.016+0000] {processor.py:157} INFO - Started process (PID=1658) to work on /opt/airflow/dags/practice.py
[2024-03-12T18:28:15.019+0000] {processor.py:829} INFO - Processing file /opt/airflow/dags/practice.py for tasks to queue
[2024-03-12T18:28:15.020+0000] {logging_mixin.py:154} INFO - [2024-03-12T18:28:15.019+0000] {dagbag.py:536} INFO - Filling up the DagBag from /opt/airflow/dags/practice.py
[2024-03-12T18:28:15.036+0000] {processor.py:839} INFO - DAG(s) dict_keys(['Test_Operators']) retrieved from /opt/airflow/dags/practice.py
[2024-03-12T18:28:15.055+0000] {logging_mixin.py:154} INFO - [2024-03-12T18:28:15.055+0000] {dag.py:2941} INFO - Sync 1 DAGs
[2024-03-12T18:28:15.071+0000] {logging_mixin.py:154} INFO - [2024-03-12T18:28:15.071+0000] {dag.py:3722} INFO - Setting next_dagrun for Test_Operators to 2024-03-11T18:28:15.071035+00:00, run_after=2024-03-12T18:28:15.071035+00:00
[2024-03-12T18:28:15.084+0000] {processor.py:179} INFO - Processing /opt/airflow/dags/practice.py took 0.070 seconds
[2024-03-12T18:28:45.426+0000] {processor.py:157} INFO - Started process (PID=1680) to work on /opt/airflow/dags/practice.py
[2024-03-12T18:28:45.437+0000] {processor.py:829} INFO - Processing file /opt/airflow/dags/practice.py for tasks to queue
[2024-03-12T18:28:45.455+0000] {logging_mixin.py:154} INFO - [2024-03-12T18:28:45.454+0000] {dagbag.py:536} INFO - Filling up the DagBag from /opt/airflow/dags/practice.py
[2024-03-12T18:28:45.465+0000] {processor.py:839} INFO - DAG(s) dict_keys(['Test_Operators']) retrieved from /opt/airflow/dags/practice.py
[2024-03-12T18:28:45.488+0000] {logging_mixin.py:154} INFO - [2024-03-12T18:28:45.488+0000] {dag.py:2941} INFO - Sync 1 DAGs
[2024-03-12T18:28:45.504+0000] {logging_mixin.py:154} INFO - [2024-03-12T18:28:45.504+0000] {dag.py:3722} INFO - Setting next_dagrun for Test_Operators to 2024-03-11T18:28:45.504286+00:00, run_after=2024-03-12T18:28:45.504286+00:00
[2024-03-12T18:28:45.517+0000] {processor.py:179} INFO - Processing /opt/airflow/dags/practice.py took 0.094 seconds
[2024-03-12T18:29:15.837+0000] {processor.py:157} INFO - Started process (PID=1702) to work on /opt/airflow/dags/practice.py
[2024-03-12T18:29:15.838+0000] {processor.py:829} INFO - Processing file /opt/airflow/dags/practice.py for tasks to queue
[2024-03-12T18:29:15.839+0000] {logging_mixin.py:154} INFO - [2024-03-12T18:29:15.839+0000] {dagbag.py:536} INFO - Filling up the DagBag from /opt/airflow/dags/practice.py
[2024-03-12T18:29:15.854+0000] {processor.py:839} INFO - DAG(s) dict_keys(['Test_Operators']) retrieved from /opt/airflow/dags/practice.py
[2024-03-12T18:29:15.878+0000] {logging_mixin.py:154} INFO - [2024-03-12T18:29:15.878+0000] {dag.py:2941} INFO - Sync 1 DAGs
[2024-03-12T18:29:15.896+0000] {logging_mixin.py:154} INFO - [2024-03-12T18:29:15.896+0000] {dag.py:3722} INFO - Setting next_dagrun for Test_Operators to 2024-03-11T18:29:15.896220+00:00, run_after=2024-03-12T18:29:15.896220+00:00
[2024-03-12T18:29:15.907+0000] {processor.py:179} INFO - Processing /opt/airflow/dags/practice.py took 0.073 seconds
[2024-03-12T18:29:46.287+0000] {processor.py:157} INFO - Started process (PID=1724) to work on /opt/airflow/dags/practice.py
[2024-03-12T18:29:46.288+0000] {processor.py:829} INFO - Processing file /opt/airflow/dags/practice.py for tasks to queue
[2024-03-12T18:29:46.288+0000] {logging_mixin.py:154} INFO - [2024-03-12T18:29:46.288+0000] {dagbag.py:536} INFO - Filling up the DagBag from /opt/airflow/dags/practice.py
[2024-03-12T18:29:46.298+0000] {processor.py:839} INFO - DAG(s) dict_keys(['Test_Operators']) retrieved from /opt/airflow/dags/practice.py
[2024-03-12T18:29:46.318+0000] {logging_mixin.py:154} INFO - [2024-03-12T18:29:46.318+0000] {dag.py:2941} INFO - Sync 1 DAGs
[2024-03-12T18:29:46.334+0000] {logging_mixin.py:154} INFO - [2024-03-12T18:29:46.333+0000] {dag.py:3722} INFO - Setting next_dagrun for Test_Operators to 2024-03-11T18:29:46.333663+00:00, run_after=2024-03-12T18:29:46.333663+00:00
[2024-03-12T18:29:46.346+0000] {processor.py:179} INFO - Processing /opt/airflow/dags/practice.py took 0.062 seconds
[2024-03-12T18:30:16.721+0000] {processor.py:157} INFO - Started process (PID=1746) to work on /opt/airflow/dags/practice.py
[2024-03-12T18:30:16.722+0000] {processor.py:829} INFO - Processing file /opt/airflow/dags/practice.py for tasks to queue
[2024-03-12T18:30:16.723+0000] {logging_mixin.py:154} INFO - [2024-03-12T18:30:16.723+0000] {dagbag.py:536} INFO - Filling up the DagBag from /opt/airflow/dags/practice.py
[2024-03-12T18:30:16.731+0000] {processor.py:839} INFO - DAG(s) dict_keys(['Test_Operators']) retrieved from /opt/airflow/dags/practice.py
[2024-03-12T18:30:16.748+0000] {logging_mixin.py:154} INFO - [2024-03-12T18:30:16.748+0000] {dag.py:2941} INFO - Sync 1 DAGs
[2024-03-12T18:30:16.764+0000] {logging_mixin.py:154} INFO - [2024-03-12T18:30:16.764+0000] {dag.py:3722} INFO - Setting next_dagrun for Test_Operators to 2024-03-11T18:30:16.763896+00:00, run_after=2024-03-12T18:30:16.763896+00:00
[2024-03-12T18:30:16.774+0000] {processor.py:179} INFO - Processing /opt/airflow/dags/practice.py took 0.055 seconds
[2024-03-12T18:30:47.183+0000] {processor.py:157} INFO - Started process (PID=1768) to work on /opt/airflow/dags/practice.py
[2024-03-12T18:30:47.184+0000] {processor.py:829} INFO - Processing file /opt/airflow/dags/practice.py for tasks to queue
[2024-03-12T18:30:47.185+0000] {logging_mixin.py:154} INFO - [2024-03-12T18:30:47.185+0000] {dagbag.py:536} INFO - Filling up the DagBag from /opt/airflow/dags/practice.py
[2024-03-12T18:30:47.192+0000] {processor.py:839} INFO - DAG(s) dict_keys(['Test_Operators']) retrieved from /opt/airflow/dags/practice.py
[2024-03-12T18:30:47.210+0000] {logging_mixin.py:154} INFO - [2024-03-12T18:30:47.210+0000] {dag.py:2941} INFO - Sync 1 DAGs
[2024-03-12T18:30:47.225+0000] {logging_mixin.py:154} INFO - [2024-03-12T18:30:47.225+0000] {dag.py:3722} INFO - Setting next_dagrun for Test_Operators to 2024-03-11T18:30:47.225426+00:00, run_after=2024-03-12T18:30:47.225426+00:00
[2024-03-12T18:30:47.236+0000] {processor.py:179} INFO - Processing /opt/airflow/dags/practice.py took 0.055 seconds
[2024-03-12T18:31:17.596+0000] {processor.py:157} INFO - Started process (PID=1790) to work on /opt/airflow/dags/practice.py
[2024-03-12T18:31:17.597+0000] {processor.py:829} INFO - Processing file /opt/airflow/dags/practice.py for tasks to queue
[2024-03-12T18:31:17.598+0000] {logging_mixin.py:154} INFO - [2024-03-12T18:31:17.598+0000] {dagbag.py:536} INFO - Filling up the DagBag from /opt/airflow/dags/practice.py
[2024-03-12T18:31:17.606+0000] {processor.py:839} INFO - DAG(s) dict_keys(['Test_Operators']) retrieved from /opt/airflow/dags/practice.py
[2024-03-12T18:31:17.623+0000] {logging_mixin.py:154} INFO - [2024-03-12T18:31:17.623+0000] {dag.py:2941} INFO - Sync 1 DAGs
[2024-03-12T18:31:17.637+0000] {logging_mixin.py:154} INFO - [2024-03-12T18:31:17.637+0000] {dag.py:3722} INFO - Setting next_dagrun for Test_Operators to 2024-03-11T18:31:17.637204+00:00, run_after=2024-03-12T18:31:17.637204+00:00
[2024-03-12T18:31:17.648+0000] {processor.py:179} INFO - Processing /opt/airflow/dags/practice.py took 0.054 seconds
[2024-03-12T18:31:47.976+0000] {processor.py:157} INFO - Started process (PID=1811) to work on /opt/airflow/dags/practice.py
[2024-03-12T18:31:47.977+0000] {processor.py:829} INFO - Processing file /opt/airflow/dags/practice.py for tasks to queue
[2024-03-12T18:31:47.977+0000] {logging_mixin.py:154} INFO - [2024-03-12T18:31:47.977+0000] {dagbag.py:536} INFO - Filling up the DagBag from /opt/airflow/dags/practice.py
[2024-03-12T18:31:47.987+0000] {processor.py:839} INFO - DAG(s) dict_keys(['Test_Operators']) retrieved from /opt/airflow/dags/practice.py
[2024-03-12T18:31:48.008+0000] {logging_mixin.py:154} INFO - [2024-03-12T18:31:48.008+0000] {dag.py:2941} INFO - Sync 1 DAGs
[2024-03-12T18:31:48.025+0000] {logging_mixin.py:154} INFO - [2024-03-12T18:31:48.024+0000] {dag.py:3722} INFO - Setting next_dagrun for Test_Operators to 2024-03-11T18:31:48.024738+00:00, run_after=2024-03-12T18:31:48.024738+00:00
[2024-03-12T18:31:48.036+0000] {processor.py:179} INFO - Processing /opt/airflow/dags/practice.py took 0.062 seconds
[2024-03-12T18:32:18.416+0000] {processor.py:157} INFO - Started process (PID=1833) to work on /opt/airflow/dags/practice.py
[2024-03-12T18:32:18.417+0000] {processor.py:829} INFO - Processing file /opt/airflow/dags/practice.py for tasks to queue
[2024-03-12T18:32:18.418+0000] {logging_mixin.py:154} INFO - [2024-03-12T18:32:18.417+0000] {dagbag.py:536} INFO - Filling up the DagBag from /opt/airflow/dags/practice.py
[2024-03-12T18:32:18.427+0000] {processor.py:839} INFO - DAG(s) dict_keys(['Test_Operators']) retrieved from /opt/airflow/dags/practice.py
[2024-03-12T18:32:18.446+0000] {logging_mixin.py:154} INFO - [2024-03-12T18:32:18.445+0000] {dag.py:2941} INFO - Sync 1 DAGs
[2024-03-12T18:32:18.461+0000] {logging_mixin.py:154} INFO - [2024-03-12T18:32:18.461+0000] {dag.py:3722} INFO - Setting next_dagrun for Test_Operators to 2024-03-11T18:32:18.461523+00:00, run_after=2024-03-12T18:32:18.461523+00:00
[2024-03-12T18:32:18.474+0000] {processor.py:179} INFO - Processing /opt/airflow/dags/practice.py took 0.060 seconds
[2024-03-12T18:32:48.892+0000] {processor.py:157} INFO - Started process (PID=1855) to work on /opt/airflow/dags/practice.py
[2024-03-12T18:32:48.893+0000] {processor.py:829} INFO - Processing file /opt/airflow/dags/practice.py for tasks to queue
[2024-03-12T18:32:48.893+0000] {logging_mixin.py:154} INFO - [2024-03-12T18:32:48.893+0000] {dagbag.py:536} INFO - Filling up the DagBag from /opt/airflow/dags/practice.py
[2024-03-12T18:32:48.901+0000] {processor.py:839} INFO - DAG(s) dict_keys(['Test_Operators']) retrieved from /opt/airflow/dags/practice.py
[2024-03-12T18:32:48.920+0000] {logging_mixin.py:154} INFO - [2024-03-12T18:32:48.919+0000] {dag.py:2941} INFO - Sync 1 DAGs
[2024-03-12T18:32:48.934+0000] {logging_mixin.py:154} INFO - [2024-03-12T18:32:48.934+0000] {dag.py:3722} INFO - Setting next_dagrun for Test_Operators to 2024-03-11T18:32:48.934573+00:00, run_after=2024-03-12T18:32:48.934573+00:00
[2024-03-12T18:32:48.945+0000] {processor.py:179} INFO - Processing /opt/airflow/dags/practice.py took 0.056 seconds
[2024-03-12T18:33:19.315+0000] {processor.py:157} INFO - Started process (PID=1877) to work on /opt/airflow/dags/practice.py
[2024-03-12T18:33:19.316+0000] {processor.py:829} INFO - Processing file /opt/airflow/dags/practice.py for tasks to queue
[2024-03-12T18:33:19.316+0000] {logging_mixin.py:154} INFO - [2024-03-12T18:33:19.316+0000] {dagbag.py:536} INFO - Filling up the DagBag from /opt/airflow/dags/practice.py
[2024-03-12T18:33:19.325+0000] {processor.py:839} INFO - DAG(s) dict_keys(['Test_Operators']) retrieved from /opt/airflow/dags/practice.py
[2024-03-12T18:33:19.343+0000] {logging_mixin.py:154} INFO - [2024-03-12T18:33:19.343+0000] {dag.py:2941} INFO - Sync 1 DAGs
[2024-03-12T18:33:19.358+0000] {logging_mixin.py:154} INFO - [2024-03-12T18:33:19.358+0000] {dag.py:3722} INFO - Setting next_dagrun for Test_Operators to 2024-03-11T18:33:19.358303+00:00, run_after=2024-03-12T18:33:19.358303+00:00
[2024-03-12T18:33:19.369+0000] {processor.py:179} INFO - Processing /opt/airflow/dags/practice.py took 0.057 seconds
[2024-03-12T18:33:49.702+0000] {processor.py:157} INFO - Started process (PID=1899) to work on /opt/airflow/dags/practice.py
[2024-03-12T18:33:49.702+0000] {processor.py:829} INFO - Processing file /opt/airflow/dags/practice.py for tasks to queue
[2024-03-12T18:33:49.703+0000] {logging_mixin.py:154} INFO - [2024-03-12T18:33:49.703+0000] {dagbag.py:536} INFO - Filling up the DagBag from /opt/airflow/dags/practice.py
[2024-03-12T18:33:49.712+0000] {processor.py:839} INFO - DAG(s) dict_keys(['Test_Operators']) retrieved from /opt/airflow/dags/practice.py
[2024-03-12T18:33:49.730+0000] {logging_mixin.py:154} INFO - [2024-03-12T18:33:49.730+0000] {dag.py:2941} INFO - Sync 1 DAGs
[2024-03-12T18:33:49.744+0000] {logging_mixin.py:154} INFO - [2024-03-12T18:33:49.744+0000] {dag.py:3722} INFO - Setting next_dagrun for Test_Operators to 2024-03-11T18:33:49.744494+00:00, run_after=2024-03-12T18:33:49.744494+00:00
[2024-03-12T18:33:49.755+0000] {processor.py:179} INFO - Processing /opt/airflow/dags/practice.py took 0.056 seconds
