[2024-03-12T17:54:20.052+0000] {processor.py:157} INFO - Started process (PID=175) to work on /opt/airflow/dags/simple_pipeline.py
[2024-03-12T17:54:20.054+0000] {processor.py:829} INFO - Processing file /opt/airflow/dags/simple_pipeline.py for tasks to queue
[2024-03-12T17:54:20.055+0000] {logging_mixin.py:154} INFO - [2024-03-12T17:54:20.055+0000] {dagbag.py:536} INFO - Filling up the DagBag from /opt/airflow/dags/simple_pipeline.py
[2024-03-12T17:54:20.060+0000] {processor.py:841} WARNING - No viable dags retrieved from /opt/airflow/dags/simple_pipeline.py
[2024-03-12T17:54:20.073+0000] {processor.py:179} INFO - Processing /opt/airflow/dags/simple_pipeline.py took 0.024 seconds
[2024-03-12T17:54:50.444+0000] {processor.py:157} INFO - Started process (PID=198) to work on /opt/airflow/dags/simple_pipeline.py
[2024-03-12T17:54:50.445+0000] {processor.py:829} INFO - Processing file /opt/airflow/dags/simple_pipeline.py for tasks to queue
[2024-03-12T17:54:50.445+0000] {logging_mixin.py:154} INFO - [2024-03-12T17:54:50.445+0000] {dagbag.py:536} INFO - Filling up the DagBag from /opt/airflow/dags/simple_pipeline.py
[2024-03-12T17:54:50.449+0000] {processor.py:841} WARNING - No viable dags retrieved from /opt/airflow/dags/simple_pipeline.py
[2024-03-12T17:54:50.462+0000] {processor.py:179} INFO - Processing /opt/airflow/dags/simple_pipeline.py took 0.021 seconds
[2024-03-12T17:55:20.830+0000] {processor.py:157} INFO - Started process (PID=220) to work on /opt/airflow/dags/simple_pipeline.py
[2024-03-12T17:55:20.831+0000] {processor.py:829} INFO - Processing file /opt/airflow/dags/simple_pipeline.py for tasks to queue
[2024-03-12T17:55:20.832+0000] {logging_mixin.py:154} INFO - [2024-03-12T17:55:20.832+0000] {dagbag.py:536} INFO - Filling up the DagBag from /opt/airflow/dags/simple_pipeline.py
[2024-03-12T17:55:20.836+0000] {processor.py:841} WARNING - No viable dags retrieved from /opt/airflow/dags/simple_pipeline.py
[2024-03-12T17:55:20.848+0000] {processor.py:179} INFO - Processing /opt/airflow/dags/simple_pipeline.py took 0.022 seconds
[2024-03-12T17:55:51.149+0000] {processor.py:157} INFO - Started process (PID=242) to work on /opt/airflow/dags/simple_pipeline.py
[2024-03-12T17:55:51.150+0000] {processor.py:829} INFO - Processing file /opt/airflow/dags/simple_pipeline.py for tasks to queue
[2024-03-12T17:55:51.151+0000] {logging_mixin.py:154} INFO - [2024-03-12T17:55:51.151+0000] {dagbag.py:536} INFO - Filling up the DagBag from /opt/airflow/dags/simple_pipeline.py
[2024-03-12T17:55:51.153+0000] {processor.py:841} WARNING - No viable dags retrieved from /opt/airflow/dags/simple_pipeline.py
[2024-03-12T17:55:51.169+0000] {processor.py:179} INFO - Processing /opt/airflow/dags/simple_pipeline.py took 0.023 seconds
[2024-03-12T17:56:21.595+0000] {processor.py:157} INFO - Started process (PID=263) to work on /opt/airflow/dags/simple_pipeline.py
[2024-03-12T17:56:21.597+0000] {processor.py:829} INFO - Processing file /opt/airflow/dags/simple_pipeline.py for tasks to queue
[2024-03-12T17:56:21.599+0000] {logging_mixin.py:154} INFO - [2024-03-12T17:56:21.599+0000] {dagbag.py:536} INFO - Filling up the DagBag from /opt/airflow/dags/simple_pipeline.py
[2024-03-12T17:56:21.607+0000] {processor.py:841} WARNING - No viable dags retrieved from /opt/airflow/dags/simple_pipeline.py
[2024-03-12T17:56:21.628+0000] {processor.py:179} INFO - Processing /opt/airflow/dags/simple_pipeline.py took 0.035 seconds
[2024-03-12T17:56:52.075+0000] {processor.py:157} INFO - Started process (PID=285) to work on /opt/airflow/dags/simple_pipeline.py
[2024-03-12T17:56:52.078+0000] {processor.py:829} INFO - Processing file /opt/airflow/dags/simple_pipeline.py for tasks to queue
[2024-03-12T17:56:52.079+0000] {logging_mixin.py:154} INFO - [2024-03-12T17:56:52.079+0000] {dagbag.py:536} INFO - Filling up the DagBag from /opt/airflow/dags/simple_pipeline.py
[2024-03-12T17:56:52.084+0000] {processor.py:841} WARNING - No viable dags retrieved from /opt/airflow/dags/simple_pipeline.py
[2024-03-12T17:56:52.098+0000] {processor.py:179} INFO - Processing /opt/airflow/dags/simple_pipeline.py took 0.028 seconds
[2024-03-12T17:57:22.486+0000] {processor.py:157} INFO - Started process (PID=308) to work on /opt/airflow/dags/simple_pipeline.py
[2024-03-12T17:57:22.487+0000] {processor.py:829} INFO - Processing file /opt/airflow/dags/simple_pipeline.py for tasks to queue
[2024-03-12T17:57:22.488+0000] {logging_mixin.py:154} INFO - [2024-03-12T17:57:22.488+0000] {dagbag.py:536} INFO - Filling up the DagBag from /opt/airflow/dags/simple_pipeline.py
[2024-03-12T17:57:22.492+0000] {processor.py:841} WARNING - No viable dags retrieved from /opt/airflow/dags/simple_pipeline.py
[2024-03-12T17:57:22.503+0000] {processor.py:179} INFO - Processing /opt/airflow/dags/simple_pipeline.py took 0.020 seconds
[2024-03-12T17:57:52.838+0000] {processor.py:157} INFO - Started process (PID=330) to work on /opt/airflow/dags/simple_pipeline.py
[2024-03-12T17:57:52.840+0000] {processor.py:829} INFO - Processing file /opt/airflow/dags/simple_pipeline.py for tasks to queue
[2024-03-12T17:57:52.840+0000] {logging_mixin.py:154} INFO - [2024-03-12T17:57:52.840+0000] {dagbag.py:536} INFO - Filling up the DagBag from /opt/airflow/dags/simple_pipeline.py
[2024-03-12T17:57:52.844+0000] {processor.py:841} WARNING - No viable dags retrieved from /opt/airflow/dags/simple_pipeline.py
[2024-03-12T17:57:52.855+0000] {processor.py:179} INFO - Processing /opt/airflow/dags/simple_pipeline.py took 0.020 seconds
[2024-03-12T17:58:23.225+0000] {processor.py:157} INFO - Started process (PID=352) to work on /opt/airflow/dags/simple_pipeline.py
[2024-03-12T17:58:23.226+0000] {processor.py:829} INFO - Processing file /opt/airflow/dags/simple_pipeline.py for tasks to queue
[2024-03-12T17:58:23.227+0000] {logging_mixin.py:154} INFO - [2024-03-12T17:58:23.226+0000] {dagbag.py:536} INFO - Filling up the DagBag from /opt/airflow/dags/simple_pipeline.py
[2024-03-12T17:58:23.230+0000] {processor.py:841} WARNING - No viable dags retrieved from /opt/airflow/dags/simple_pipeline.py
[2024-03-12T17:58:23.242+0000] {processor.py:179} INFO - Processing /opt/airflow/dags/simple_pipeline.py took 0.021 seconds
[2024-03-12T17:58:53.605+0000] {processor.py:157} INFO - Started process (PID=374) to work on /opt/airflow/dags/simple_pipeline.py
[2024-03-12T17:58:53.606+0000] {processor.py:829} INFO - Processing file /opt/airflow/dags/simple_pipeline.py for tasks to queue
[2024-03-12T17:58:53.606+0000] {logging_mixin.py:154} INFO - [2024-03-12T17:58:53.606+0000] {dagbag.py:536} INFO - Filling up the DagBag from /opt/airflow/dags/simple_pipeline.py
[2024-03-12T17:58:53.611+0000] {processor.py:841} WARNING - No viable dags retrieved from /opt/airflow/dags/simple_pipeline.py
[2024-03-12T17:58:53.621+0000] {processor.py:179} INFO - Processing /opt/airflow/dags/simple_pipeline.py took 0.019 seconds
[2024-03-12T17:59:23.969+0000] {processor.py:157} INFO - Started process (PID=396) to work on /opt/airflow/dags/simple_pipeline.py
[2024-03-12T17:59:23.971+0000] {processor.py:829} INFO - Processing file /opt/airflow/dags/simple_pipeline.py for tasks to queue
[2024-03-12T17:59:23.971+0000] {logging_mixin.py:154} INFO - [2024-03-12T17:59:23.971+0000] {dagbag.py:536} INFO - Filling up the DagBag from /opt/airflow/dags/simple_pipeline.py
[2024-03-12T17:59:23.974+0000] {processor.py:841} WARNING - No viable dags retrieved from /opt/airflow/dags/simple_pipeline.py
[2024-03-12T17:59:23.985+0000] {processor.py:179} INFO - Processing /opt/airflow/dags/simple_pipeline.py took 0.018 seconds
[2024-03-12T17:59:54.303+0000] {processor.py:157} INFO - Started process (PID=417) to work on /opt/airflow/dags/simple_pipeline.py
[2024-03-12T17:59:54.304+0000] {processor.py:829} INFO - Processing file /opt/airflow/dags/simple_pipeline.py for tasks to queue
[2024-03-12T17:59:54.305+0000] {logging_mixin.py:154} INFO - [2024-03-12T17:59:54.305+0000] {dagbag.py:536} INFO - Filling up the DagBag from /opt/airflow/dags/simple_pipeline.py
[2024-03-12T17:59:54.308+0000] {processor.py:841} WARNING - No viable dags retrieved from /opt/airflow/dags/simple_pipeline.py
[2024-03-12T17:59:54.318+0000] {processor.py:179} INFO - Processing /opt/airflow/dags/simple_pipeline.py took 0.017 seconds
[2024-03-12T18:00:24.672+0000] {processor.py:157} INFO - Started process (PID=439) to work on /opt/airflow/dags/simple_pipeline.py
[2024-03-12T18:00:24.673+0000] {processor.py:829} INFO - Processing file /opt/airflow/dags/simple_pipeline.py for tasks to queue
[2024-03-12T18:00:24.673+0000] {logging_mixin.py:154} INFO - [2024-03-12T18:00:24.673+0000] {dagbag.py:536} INFO - Filling up the DagBag from /opt/airflow/dags/simple_pipeline.py
[2024-03-12T18:00:24.677+0000] {processor.py:841} WARNING - No viable dags retrieved from /opt/airflow/dags/simple_pipeline.py
[2024-03-12T18:00:24.688+0000] {processor.py:179} INFO - Processing /opt/airflow/dags/simple_pipeline.py took 0.020 seconds
[2024-03-12T18:00:55.014+0000] {processor.py:157} INFO - Started process (PID=461) to work on /opt/airflow/dags/simple_pipeline.py
[2024-03-12T18:00:55.017+0000] {processor.py:829} INFO - Processing file /opt/airflow/dags/simple_pipeline.py for tasks to queue
[2024-03-12T18:00:55.019+0000] {logging_mixin.py:154} INFO - [2024-03-12T18:00:55.018+0000] {dagbag.py:536} INFO - Filling up the DagBag from /opt/airflow/dags/simple_pipeline.py
[2024-03-12T18:00:55.027+0000] {processor.py:841} WARNING - No viable dags retrieved from /opt/airflow/dags/simple_pipeline.py
[2024-03-12T18:00:55.044+0000] {processor.py:179} INFO - Processing /opt/airflow/dags/simple_pipeline.py took 0.033 seconds
[2024-03-12T18:01:25.457+0000] {processor.py:157} INFO - Started process (PID=483) to work on /opt/airflow/dags/simple_pipeline.py
[2024-03-12T18:01:25.458+0000] {processor.py:829} INFO - Processing file /opt/airflow/dags/simple_pipeline.py for tasks to queue
[2024-03-12T18:01:25.459+0000] {logging_mixin.py:154} INFO - [2024-03-12T18:01:25.459+0000] {dagbag.py:536} INFO - Filling up the DagBag from /opt/airflow/dags/simple_pipeline.py
[2024-03-12T18:01:25.462+0000] {processor.py:841} WARNING - No viable dags retrieved from /opt/airflow/dags/simple_pipeline.py
[2024-03-12T18:01:25.474+0000] {processor.py:179} INFO - Processing /opt/airflow/dags/simple_pipeline.py took 0.021 seconds
[2024-03-12T18:01:55.811+0000] {processor.py:157} INFO - Started process (PID=505) to work on /opt/airflow/dags/simple_pipeline.py
[2024-03-12T18:01:55.812+0000] {processor.py:829} INFO - Processing file /opt/airflow/dags/simple_pipeline.py for tasks to queue
[2024-03-12T18:01:55.813+0000] {logging_mixin.py:154} INFO - [2024-03-12T18:01:55.813+0000] {dagbag.py:536} INFO - Filling up the DagBag from /opt/airflow/dags/simple_pipeline.py
[2024-03-12T18:01:55.817+0000] {processor.py:841} WARNING - No viable dags retrieved from /opt/airflow/dags/simple_pipeline.py
[2024-03-12T18:01:55.832+0000] {processor.py:179} INFO - Processing /opt/airflow/dags/simple_pipeline.py took 0.024 seconds
[2024-03-12T18:02:26.163+0000] {processor.py:157} INFO - Started process (PID=527) to work on /opt/airflow/dags/simple_pipeline.py
[2024-03-12T18:02:26.164+0000] {processor.py:829} INFO - Processing file /opt/airflow/dags/simple_pipeline.py for tasks to queue
[2024-03-12T18:02:26.165+0000] {logging_mixin.py:154} INFO - [2024-03-12T18:02:26.165+0000] {dagbag.py:536} INFO - Filling up the DagBag from /opt/airflow/dags/simple_pipeline.py
[2024-03-12T18:02:26.168+0000] {processor.py:841} WARNING - No viable dags retrieved from /opt/airflow/dags/simple_pipeline.py
[2024-03-12T18:02:26.184+0000] {processor.py:179} INFO - Processing /opt/airflow/dags/simple_pipeline.py took 0.024 seconds
[2024-03-12T18:02:56.524+0000] {processor.py:157} INFO - Started process (PID=549) to work on /opt/airflow/dags/simple_pipeline.py
[2024-03-12T18:02:56.524+0000] {processor.py:829} INFO - Processing file /opt/airflow/dags/simple_pipeline.py for tasks to queue
[2024-03-12T18:02:56.525+0000] {logging_mixin.py:154} INFO - [2024-03-12T18:02:56.525+0000] {dagbag.py:536} INFO - Filling up the DagBag from /opt/airflow/dags/simple_pipeline.py
[2024-03-12T18:02:56.528+0000] {processor.py:841} WARNING - No viable dags retrieved from /opt/airflow/dags/simple_pipeline.py
[2024-03-12T18:02:56.541+0000] {processor.py:179} INFO - Processing /opt/airflow/dags/simple_pipeline.py took 0.021 seconds
[2024-03-12T18:03:26.870+0000] {processor.py:157} INFO - Started process (PID=570) to work on /opt/airflow/dags/simple_pipeline.py
[2024-03-12T18:03:26.871+0000] {processor.py:829} INFO - Processing file /opt/airflow/dags/simple_pipeline.py for tasks to queue
[2024-03-12T18:03:26.872+0000] {logging_mixin.py:154} INFO - [2024-03-12T18:03:26.871+0000] {dagbag.py:536} INFO - Filling up the DagBag from /opt/airflow/dags/simple_pipeline.py
[2024-03-12T18:03:26.876+0000] {processor.py:841} WARNING - No viable dags retrieved from /opt/airflow/dags/simple_pipeline.py
[2024-03-12T18:03:26.890+0000] {processor.py:179} INFO - Processing /opt/airflow/dags/simple_pipeline.py took 0.023 seconds
[2024-03-12T18:03:57.224+0000] {processor.py:157} INFO - Started process (PID=592) to work on /opt/airflow/dags/simple_pipeline.py
[2024-03-12T18:03:57.225+0000] {processor.py:829} INFO - Processing file /opt/airflow/dags/simple_pipeline.py for tasks to queue
[2024-03-12T18:03:57.227+0000] {logging_mixin.py:154} INFO - [2024-03-12T18:03:57.226+0000] {dagbag.py:536} INFO - Filling up the DagBag from /opt/airflow/dags/simple_pipeline.py
[2024-03-12T18:03:57.231+0000] {processor.py:841} WARNING - No viable dags retrieved from /opt/airflow/dags/simple_pipeline.py
[2024-03-12T18:03:57.244+0000] {processor.py:179} INFO - Processing /opt/airflow/dags/simple_pipeline.py took 0.024 seconds
[2024-03-12T18:04:27.569+0000] {processor.py:157} INFO - Started process (PID=614) to work on /opt/airflow/dags/simple_pipeline.py
[2024-03-12T18:04:27.570+0000] {processor.py:829} INFO - Processing file /opt/airflow/dags/simple_pipeline.py for tasks to queue
[2024-03-12T18:04:27.570+0000] {logging_mixin.py:154} INFO - [2024-03-12T18:04:27.570+0000] {dagbag.py:536} INFO - Filling up the DagBag from /opt/airflow/dags/simple_pipeline.py
[2024-03-12T18:04:27.574+0000] {processor.py:841} WARNING - No viable dags retrieved from /opt/airflow/dags/simple_pipeline.py
[2024-03-12T18:04:27.586+0000] {processor.py:179} INFO - Processing /opt/airflow/dags/simple_pipeline.py took 0.020 seconds
[2024-03-12T18:04:57.903+0000] {processor.py:157} INFO - Started process (PID=636) to work on /opt/airflow/dags/simple_pipeline.py
[2024-03-12T18:04:57.904+0000] {processor.py:829} INFO - Processing file /opt/airflow/dags/simple_pipeline.py for tasks to queue
[2024-03-12T18:04:57.905+0000] {logging_mixin.py:154} INFO - [2024-03-12T18:04:57.904+0000] {dagbag.py:536} INFO - Filling up the DagBag from /opt/airflow/dags/simple_pipeline.py
[2024-03-12T18:04:57.907+0000] {processor.py:841} WARNING - No viable dags retrieved from /opt/airflow/dags/simple_pipeline.py
[2024-03-12T18:04:57.917+0000] {processor.py:179} INFO - Processing /opt/airflow/dags/simple_pipeline.py took 0.017 seconds
[2024-03-12T18:05:28.285+0000] {processor.py:157} INFO - Started process (PID=658) to work on /opt/airflow/dags/simple_pipeline.py
[2024-03-12T18:05:28.286+0000] {processor.py:829} INFO - Processing file /opt/airflow/dags/simple_pipeline.py for tasks to queue
[2024-03-12T18:05:28.287+0000] {logging_mixin.py:154} INFO - [2024-03-12T18:05:28.286+0000] {dagbag.py:536} INFO - Filling up the DagBag from /opt/airflow/dags/simple_pipeline.py
[2024-03-12T18:05:28.290+0000] {processor.py:841} WARNING - No viable dags retrieved from /opt/airflow/dags/simple_pipeline.py
[2024-03-12T18:05:28.303+0000] {processor.py:179} INFO - Processing /opt/airflow/dags/simple_pipeline.py took 0.022 seconds
[2024-03-12T18:05:58.642+0000] {processor.py:157} INFO - Started process (PID=680) to work on /opt/airflow/dags/simple_pipeline.py
[2024-03-12T18:05:58.643+0000] {processor.py:829} INFO - Processing file /opt/airflow/dags/simple_pipeline.py for tasks to queue
[2024-03-12T18:05:58.644+0000] {logging_mixin.py:154} INFO - [2024-03-12T18:05:58.644+0000] {dagbag.py:536} INFO - Filling up the DagBag from /opt/airflow/dags/simple_pipeline.py
[2024-03-12T18:05:58.648+0000] {processor.py:841} WARNING - No viable dags retrieved from /opt/airflow/dags/simple_pipeline.py
[2024-03-12T18:05:58.664+0000] {processor.py:179} INFO - Processing /opt/airflow/dags/simple_pipeline.py took 0.026 seconds
[2024-03-12T18:06:29.022+0000] {processor.py:157} INFO - Started process (PID=702) to work on /opt/airflow/dags/simple_pipeline.py
[2024-03-12T18:06:29.023+0000] {processor.py:829} INFO - Processing file /opt/airflow/dags/simple_pipeline.py for tasks to queue
[2024-03-12T18:06:29.024+0000] {logging_mixin.py:154} INFO - [2024-03-12T18:06:29.024+0000] {dagbag.py:536} INFO - Filling up the DagBag from /opt/airflow/dags/simple_pipeline.py
[2024-03-12T18:06:29.028+0000] {processor.py:841} WARNING - No viable dags retrieved from /opt/airflow/dags/simple_pipeline.py
[2024-03-12T18:06:29.043+0000] {processor.py:179} INFO - Processing /opt/airflow/dags/simple_pipeline.py took 0.025 seconds
[2024-03-12T18:06:59.376+0000] {processor.py:157} INFO - Started process (PID=723) to work on /opt/airflow/dags/simple_pipeline.py
[2024-03-12T18:06:59.377+0000] {processor.py:829} INFO - Processing file /opt/airflow/dags/simple_pipeline.py for tasks to queue
[2024-03-12T18:06:59.378+0000] {logging_mixin.py:154} INFO - [2024-03-12T18:06:59.378+0000] {dagbag.py:536} INFO - Filling up the DagBag from /opt/airflow/dags/simple_pipeline.py
[2024-03-12T18:06:59.382+0000] {processor.py:841} WARNING - No viable dags retrieved from /opt/airflow/dags/simple_pipeline.py
[2024-03-12T18:06:59.394+0000] {processor.py:179} INFO - Processing /opt/airflow/dags/simple_pipeline.py took 0.024 seconds
[2024-03-12T18:07:29.775+0000] {processor.py:157} INFO - Started process (PID=745) to work on /opt/airflow/dags/simple_pipeline.py
[2024-03-12T18:07:29.776+0000] {processor.py:829} INFO - Processing file /opt/airflow/dags/simple_pipeline.py for tasks to queue
[2024-03-12T18:07:29.776+0000] {logging_mixin.py:154} INFO - [2024-03-12T18:07:29.776+0000] {dagbag.py:536} INFO - Filling up the DagBag from /opt/airflow/dags/simple_pipeline.py
[2024-03-12T18:07:29.780+0000] {processor.py:841} WARNING - No viable dags retrieved from /opt/airflow/dags/simple_pipeline.py
[2024-03-12T18:07:29.793+0000] {processor.py:179} INFO - Processing /opt/airflow/dags/simple_pipeline.py took 0.022 seconds
[2024-03-12T18:08:00.138+0000] {processor.py:157} INFO - Started process (PID=767) to work on /opt/airflow/dags/simple_pipeline.py
[2024-03-12T18:08:00.140+0000] {processor.py:829} INFO - Processing file /opt/airflow/dags/simple_pipeline.py for tasks to queue
[2024-03-12T18:08:00.141+0000] {logging_mixin.py:154} INFO - [2024-03-12T18:08:00.141+0000] {dagbag.py:536} INFO - Filling up the DagBag from /opt/airflow/dags/simple_pipeline.py
[2024-03-12T18:08:00.145+0000] {processor.py:841} WARNING - No viable dags retrieved from /opt/airflow/dags/simple_pipeline.py
[2024-03-12T18:08:00.163+0000] {processor.py:179} INFO - Processing /opt/airflow/dags/simple_pipeline.py took 0.030 seconds
[2024-03-12T18:08:30.523+0000] {processor.py:157} INFO - Started process (PID=789) to work on /opt/airflow/dags/simple_pipeline.py
[2024-03-12T18:08:30.525+0000] {processor.py:829} INFO - Processing file /opt/airflow/dags/simple_pipeline.py for tasks to queue
[2024-03-12T18:08:30.526+0000] {logging_mixin.py:154} INFO - [2024-03-12T18:08:30.525+0000] {dagbag.py:536} INFO - Filling up the DagBag from /opt/airflow/dags/simple_pipeline.py
[2024-03-12T18:08:30.530+0000] {processor.py:841} WARNING - No viable dags retrieved from /opt/airflow/dags/simple_pipeline.py
[2024-03-12T18:08:30.541+0000] {processor.py:179} INFO - Processing /opt/airflow/dags/simple_pipeline.py took 0.021 seconds
[2024-03-12T18:09:00.856+0000] {processor.py:157} INFO - Started process (PID=811) to work on /opt/airflow/dags/simple_pipeline.py
[2024-03-12T18:09:00.857+0000] {processor.py:829} INFO - Processing file /opt/airflow/dags/simple_pipeline.py for tasks to queue
[2024-03-12T18:09:00.857+0000] {logging_mixin.py:154} INFO - [2024-03-12T18:09:00.857+0000] {dagbag.py:536} INFO - Filling up the DagBag from /opt/airflow/dags/simple_pipeline.py
[2024-03-12T18:09:00.861+0000] {processor.py:841} WARNING - No viable dags retrieved from /opt/airflow/dags/simple_pipeline.py
[2024-03-12T18:09:00.876+0000] {processor.py:179} INFO - Processing /opt/airflow/dags/simple_pipeline.py took 0.023 seconds
[2024-03-12T18:09:31.255+0000] {processor.py:157} INFO - Started process (PID=833) to work on /opt/airflow/dags/simple_pipeline.py
[2024-03-12T18:09:31.258+0000] {processor.py:829} INFO - Processing file /opt/airflow/dags/simple_pipeline.py for tasks to queue
[2024-03-12T18:09:31.262+0000] {logging_mixin.py:154} INFO - [2024-03-12T18:09:31.261+0000] {dagbag.py:536} INFO - Filling up the DagBag from /opt/airflow/dags/simple_pipeline.py
[2024-03-12T18:09:31.288+0000] {processor.py:841} WARNING - No viable dags retrieved from /opt/airflow/dags/simple_pipeline.py
[2024-03-12T18:09:31.339+0000] {processor.py:179} INFO - Processing /opt/airflow/dags/simple_pipeline.py took 0.090 seconds
[2024-03-12T18:10:01.743+0000] {processor.py:157} INFO - Started process (PID=854) to work on /opt/airflow/dags/simple_pipeline.py
[2024-03-12T18:10:01.746+0000] {processor.py:829} INFO - Processing file /opt/airflow/dags/simple_pipeline.py for tasks to queue
[2024-03-12T18:10:01.747+0000] {logging_mixin.py:154} INFO - [2024-03-12T18:10:01.746+0000] {dagbag.py:536} INFO - Filling up the DagBag from /opt/airflow/dags/simple_pipeline.py
[2024-03-12T18:10:01.751+0000] {processor.py:841} WARNING - No viable dags retrieved from /opt/airflow/dags/simple_pipeline.py
[2024-03-12T18:10:01.766+0000] {processor.py:179} INFO - Processing /opt/airflow/dags/simple_pipeline.py took 0.026 seconds
[2024-03-12T18:10:32.173+0000] {processor.py:157} INFO - Started process (PID=877) to work on /opt/airflow/dags/simple_pipeline.py
[2024-03-12T18:10:32.174+0000] {processor.py:829} INFO - Processing file /opt/airflow/dags/simple_pipeline.py for tasks to queue
[2024-03-12T18:10:32.175+0000] {logging_mixin.py:154} INFO - [2024-03-12T18:10:32.175+0000] {dagbag.py:536} INFO - Filling up the DagBag from /opt/airflow/dags/simple_pipeline.py
[2024-03-12T18:10:32.178+0000] {processor.py:841} WARNING - No viable dags retrieved from /opt/airflow/dags/simple_pipeline.py
[2024-03-12T18:10:32.190+0000] {processor.py:179} INFO - Processing /opt/airflow/dags/simple_pipeline.py took 0.021 seconds
[2024-03-12T18:11:02.485+0000] {processor.py:157} INFO - Started process (PID=899) to work on /opt/airflow/dags/simple_pipeline.py
[2024-03-12T18:11:02.486+0000] {processor.py:829} INFO - Processing file /opt/airflow/dags/simple_pipeline.py for tasks to queue
[2024-03-12T18:11:02.487+0000] {logging_mixin.py:154} INFO - [2024-03-12T18:11:02.487+0000] {dagbag.py:536} INFO - Filling up the DagBag from /opt/airflow/dags/simple_pipeline.py
[2024-03-12T18:11:02.491+0000] {processor.py:841} WARNING - No viable dags retrieved from /opt/airflow/dags/simple_pipeline.py
[2024-03-12T18:11:02.502+0000] {processor.py:179} INFO - Processing /opt/airflow/dags/simple_pipeline.py took 0.019 seconds
[2024-03-12T18:11:32.877+0000] {processor.py:157} INFO - Started process (PID=921) to work on /opt/airflow/dags/simple_pipeline.py
[2024-03-12T18:11:32.878+0000] {processor.py:829} INFO - Processing file /opt/airflow/dags/simple_pipeline.py for tasks to queue
[2024-03-12T18:11:32.879+0000] {logging_mixin.py:154} INFO - [2024-03-12T18:11:32.878+0000] {dagbag.py:536} INFO - Filling up the DagBag from /opt/airflow/dags/simple_pipeline.py
[2024-03-12T18:11:32.882+0000] {processor.py:841} WARNING - No viable dags retrieved from /opt/airflow/dags/simple_pipeline.py
[2024-03-12T18:11:32.894+0000] {processor.py:179} INFO - Processing /opt/airflow/dags/simple_pipeline.py took 0.020 seconds
[2024-03-12T18:12:03.202+0000] {processor.py:157} INFO - Started process (PID=943) to work on /opt/airflow/dags/simple_pipeline.py
[2024-03-12T18:12:03.205+0000] {processor.py:829} INFO - Processing file /opt/airflow/dags/simple_pipeline.py for tasks to queue
[2024-03-12T18:12:03.206+0000] {logging_mixin.py:154} INFO - [2024-03-12T18:12:03.205+0000] {dagbag.py:536} INFO - Filling up the DagBag from /opt/airflow/dags/simple_pipeline.py
[2024-03-12T18:12:03.211+0000] {processor.py:841} WARNING - No viable dags retrieved from /opt/airflow/dags/simple_pipeline.py
[2024-03-12T18:12:03.219+0000] {processor.py:179} INFO - Processing /opt/airflow/dags/simple_pipeline.py took 0.020 seconds
[2024-03-12T18:12:33.445+0000] {processor.py:157} INFO - Started process (PID=965) to work on /opt/airflow/dags/simple_pipeline.py
[2024-03-12T18:12:33.446+0000] {processor.py:829} INFO - Processing file /opt/airflow/dags/simple_pipeline.py for tasks to queue
[2024-03-12T18:12:33.447+0000] {logging_mixin.py:154} INFO - [2024-03-12T18:12:33.447+0000] {dagbag.py:536} INFO - Filling up the DagBag from /opt/airflow/dags/simple_pipeline.py
[2024-03-12T18:12:33.451+0000] {processor.py:841} WARNING - No viable dags retrieved from /opt/airflow/dags/simple_pipeline.py
[2024-03-12T18:12:33.462+0000] {processor.py:179} INFO - Processing /opt/airflow/dags/simple_pipeline.py took 0.019 seconds
[2024-03-12T18:13:03.791+0000] {processor.py:157} INFO - Started process (PID=993) to work on /opt/airflow/dags/simple_pipeline.py
[2024-03-12T18:13:03.792+0000] {processor.py:829} INFO - Processing file /opt/airflow/dags/simple_pipeline.py for tasks to queue
[2024-03-12T18:13:03.793+0000] {logging_mixin.py:154} INFO - [2024-03-12T18:13:03.793+0000] {dagbag.py:536} INFO - Filling up the DagBag from /opt/airflow/dags/simple_pipeline.py
[2024-03-12T18:13:03.800+0000] {processor.py:841} WARNING - No viable dags retrieved from /opt/airflow/dags/simple_pipeline.py
[2024-03-12T18:13:03.812+0000] {processor.py:179} INFO - Processing /opt/airflow/dags/simple_pipeline.py took 0.024 seconds
[2024-03-12T18:13:34.169+0000] {processor.py:157} INFO - Started process (PID=1016) to work on /opt/airflow/dags/simple_pipeline.py
[2024-03-12T18:13:34.170+0000] {processor.py:829} INFO - Processing file /opt/airflow/dags/simple_pipeline.py for tasks to queue
[2024-03-12T18:13:34.171+0000] {logging_mixin.py:154} INFO - [2024-03-12T18:13:34.171+0000] {dagbag.py:536} INFO - Filling up the DagBag from /opt/airflow/dags/simple_pipeline.py
[2024-03-12T18:13:34.174+0000] {processor.py:841} WARNING - No viable dags retrieved from /opt/airflow/dags/simple_pipeline.py
[2024-03-12T18:13:34.187+0000] {processor.py:179} INFO - Processing /opt/airflow/dags/simple_pipeline.py took 0.021 seconds
[2024-03-12T18:14:04.534+0000] {processor.py:157} INFO - Started process (PID=1038) to work on /opt/airflow/dags/simple_pipeline.py
[2024-03-12T18:14:04.535+0000] {processor.py:829} INFO - Processing file /opt/airflow/dags/simple_pipeline.py for tasks to queue
[2024-03-12T18:14:04.535+0000] {logging_mixin.py:154} INFO - [2024-03-12T18:14:04.535+0000] {dagbag.py:536} INFO - Filling up the DagBag from /opt/airflow/dags/simple_pipeline.py
[2024-03-12T18:14:04.538+0000] {processor.py:841} WARNING - No viable dags retrieved from /opt/airflow/dags/simple_pipeline.py
[2024-03-12T18:14:04.550+0000] {processor.py:179} INFO - Processing /opt/airflow/dags/simple_pipeline.py took 0.019 seconds
[2024-03-12T18:14:34.898+0000] {processor.py:157} INFO - Started process (PID=1060) to work on /opt/airflow/dags/simple_pipeline.py
[2024-03-12T18:14:34.899+0000] {processor.py:829} INFO - Processing file /opt/airflow/dags/simple_pipeline.py for tasks to queue
[2024-03-12T18:14:34.900+0000] {logging_mixin.py:154} INFO - [2024-03-12T18:14:34.900+0000] {dagbag.py:536} INFO - Filling up the DagBag from /opt/airflow/dags/simple_pipeline.py
[2024-03-12T18:14:34.904+0000] {processor.py:841} WARNING - No viable dags retrieved from /opt/airflow/dags/simple_pipeline.py
[2024-03-12T18:14:34.916+0000] {processor.py:179} INFO - Processing /opt/airflow/dags/simple_pipeline.py took 0.021 seconds
[2024-03-12T18:15:05.216+0000] {processor.py:157} INFO - Started process (PID=1082) to work on /opt/airflow/dags/simple_pipeline.py
[2024-03-12T18:15:05.217+0000] {processor.py:829} INFO - Processing file /opt/airflow/dags/simple_pipeline.py for tasks to queue
[2024-03-12T18:15:05.218+0000] {logging_mixin.py:154} INFO - [2024-03-12T18:15:05.218+0000] {dagbag.py:536} INFO - Filling up the DagBag from /opt/airflow/dags/simple_pipeline.py
[2024-03-12T18:15:05.220+0000] {processor.py:841} WARNING - No viable dags retrieved from /opt/airflow/dags/simple_pipeline.py
[2024-03-12T18:15:05.230+0000] {processor.py:179} INFO - Processing /opt/airflow/dags/simple_pipeline.py took 0.016 seconds
[2024-03-12T18:15:35.550+0000] {processor.py:157} INFO - Started process (PID=1104) to work on /opt/airflow/dags/simple_pipeline.py
[2024-03-12T18:15:35.551+0000] {processor.py:829} INFO - Processing file /opt/airflow/dags/simple_pipeline.py for tasks to queue
[2024-03-12T18:15:35.551+0000] {logging_mixin.py:154} INFO - [2024-03-12T18:15:35.551+0000] {dagbag.py:536} INFO - Filling up the DagBag from /opt/airflow/dags/simple_pipeline.py
[2024-03-12T18:15:35.555+0000] {processor.py:841} WARNING - No viable dags retrieved from /opt/airflow/dags/simple_pipeline.py
[2024-03-12T18:15:35.567+0000] {processor.py:179} INFO - Processing /opt/airflow/dags/simple_pipeline.py took 0.020 seconds
[2024-03-12T18:16:05.932+0000] {processor.py:157} INFO - Started process (PID=1126) to work on /opt/airflow/dags/simple_pipeline.py
[2024-03-12T18:16:05.934+0000] {processor.py:829} INFO - Processing file /opt/airflow/dags/simple_pipeline.py for tasks to queue
[2024-03-12T18:16:05.935+0000] {logging_mixin.py:154} INFO - [2024-03-12T18:16:05.934+0000] {dagbag.py:536} INFO - Filling up the DagBag from /opt/airflow/dags/simple_pipeline.py
[2024-03-12T18:16:05.938+0000] {processor.py:841} WARNING - No viable dags retrieved from /opt/airflow/dags/simple_pipeline.py
[2024-03-12T18:16:05.951+0000] {processor.py:179} INFO - Processing /opt/airflow/dags/simple_pipeline.py took 0.022 seconds
[2024-03-12T18:16:36.296+0000] {processor.py:157} INFO - Started process (PID=1148) to work on /opt/airflow/dags/simple_pipeline.py
[2024-03-12T18:16:36.298+0000] {processor.py:829} INFO - Processing file /opt/airflow/dags/simple_pipeline.py for tasks to queue
[2024-03-12T18:16:36.298+0000] {logging_mixin.py:154} INFO - [2024-03-12T18:16:36.298+0000] {dagbag.py:536} INFO - Filling up the DagBag from /opt/airflow/dags/simple_pipeline.py
[2024-03-12T18:16:36.302+0000] {processor.py:841} WARNING - No viable dags retrieved from /opt/airflow/dags/simple_pipeline.py
[2024-03-12T18:16:36.313+0000] {processor.py:179} INFO - Processing /opt/airflow/dags/simple_pipeline.py took 0.020 seconds
[2024-03-12T18:17:06.650+0000] {processor.py:157} INFO - Started process (PID=1170) to work on /opt/airflow/dags/simple_pipeline.py
[2024-03-12T18:17:06.651+0000] {processor.py:829} INFO - Processing file /opt/airflow/dags/simple_pipeline.py for tasks to queue
[2024-03-12T18:17:06.652+0000] {logging_mixin.py:154} INFO - [2024-03-12T18:17:06.652+0000] {dagbag.py:536} INFO - Filling up the DagBag from /opt/airflow/dags/simple_pipeline.py
[2024-03-12T18:17:06.657+0000] {processor.py:841} WARNING - No viable dags retrieved from /opt/airflow/dags/simple_pipeline.py
[2024-03-12T18:17:06.672+0000] {processor.py:179} INFO - Processing /opt/airflow/dags/simple_pipeline.py took 0.026 seconds
[2024-03-12T18:17:36.998+0000] {processor.py:157} INFO - Started process (PID=1192) to work on /opt/airflow/dags/simple_pipeline.py
[2024-03-12T18:17:36.999+0000] {processor.py:829} INFO - Processing file /opt/airflow/dags/simple_pipeline.py for tasks to queue
[2024-03-12T18:17:36.999+0000] {logging_mixin.py:154} INFO - [2024-03-12T18:17:36.999+0000] {dagbag.py:536} INFO - Filling up the DagBag from /opt/airflow/dags/simple_pipeline.py
[2024-03-12T18:17:37.002+0000] {processor.py:841} WARNING - No viable dags retrieved from /opt/airflow/dags/simple_pipeline.py
[2024-03-12T18:17:37.013+0000] {processor.py:179} INFO - Processing /opt/airflow/dags/simple_pipeline.py took 0.018 seconds
[2024-03-12T18:18:07.365+0000] {processor.py:157} INFO - Started process (PID=1213) to work on /opt/airflow/dags/simple_pipeline.py
[2024-03-12T18:18:07.366+0000] {processor.py:829} INFO - Processing file /opt/airflow/dags/simple_pipeline.py for tasks to queue
[2024-03-12T18:18:07.367+0000] {logging_mixin.py:154} INFO - [2024-03-12T18:18:07.367+0000] {dagbag.py:536} INFO - Filling up the DagBag from /opt/airflow/dags/simple_pipeline.py
[2024-03-12T18:18:07.371+0000] {processor.py:841} WARNING - No viable dags retrieved from /opt/airflow/dags/simple_pipeline.py
[2024-03-12T18:18:07.383+0000] {processor.py:179} INFO - Processing /opt/airflow/dags/simple_pipeline.py took 0.022 seconds
[2024-03-12T18:18:37.741+0000] {processor.py:157} INFO - Started process (PID=1235) to work on /opt/airflow/dags/simple_pipeline.py
[2024-03-12T18:18:37.742+0000] {processor.py:829} INFO - Processing file /opt/airflow/dags/simple_pipeline.py for tasks to queue
[2024-03-12T18:18:37.743+0000] {logging_mixin.py:154} INFO - [2024-03-12T18:18:37.743+0000] {dagbag.py:536} INFO - Filling up the DagBag from /opt/airflow/dags/simple_pipeline.py
[2024-03-12T18:18:37.746+0000] {processor.py:841} WARNING - No viable dags retrieved from /opt/airflow/dags/simple_pipeline.py
[2024-03-12T18:18:37.760+0000] {processor.py:179} INFO - Processing /opt/airflow/dags/simple_pipeline.py took 0.022 seconds
[2024-03-12T18:19:08.035+0000] {processor.py:157} INFO - Started process (PID=1257) to work on /opt/airflow/dags/simple_pipeline.py
[2024-03-12T18:19:08.039+0000] {processor.py:829} INFO - Processing file /opt/airflow/dags/simple_pipeline.py for tasks to queue
[2024-03-12T18:19:08.040+0000] {logging_mixin.py:154} INFO - [2024-03-12T18:19:08.040+0000] {dagbag.py:536} INFO - Filling up the DagBag from /opt/airflow/dags/simple_pipeline.py
[2024-03-12T18:19:08.047+0000] {processor.py:841} WARNING - No viable dags retrieved from /opt/airflow/dags/simple_pipeline.py
[2024-03-12T18:19:08.061+0000] {processor.py:179} INFO - Processing /opt/airflow/dags/simple_pipeline.py took 0.029 seconds
[2024-03-12T18:19:38.461+0000] {processor.py:157} INFO - Started process (PID=1279) to work on /opt/airflow/dags/simple_pipeline.py
[2024-03-12T18:19:38.462+0000] {processor.py:829} INFO - Processing file /opt/airflow/dags/simple_pipeline.py for tasks to queue
[2024-03-12T18:19:38.463+0000] {logging_mixin.py:154} INFO - [2024-03-12T18:19:38.463+0000] {dagbag.py:536} INFO - Filling up the DagBag from /opt/airflow/dags/simple_pipeline.py
[2024-03-12T18:19:38.467+0000] {processor.py:841} WARNING - No viable dags retrieved from /opt/airflow/dags/simple_pipeline.py
[2024-03-12T18:19:38.480+0000] {processor.py:179} INFO - Processing /opt/airflow/dags/simple_pipeline.py took 0.022 seconds
[2024-03-12T18:20:08.838+0000] {processor.py:157} INFO - Started process (PID=1301) to work on /opt/airflow/dags/simple_pipeline.py
[2024-03-12T18:20:08.839+0000] {processor.py:829} INFO - Processing file /opt/airflow/dags/simple_pipeline.py for tasks to queue
[2024-03-12T18:20:08.840+0000] {logging_mixin.py:154} INFO - [2024-03-12T18:20:08.840+0000] {dagbag.py:536} INFO - Filling up the DagBag from /opt/airflow/dags/simple_pipeline.py
[2024-03-12T18:20:08.845+0000] {processor.py:841} WARNING - No viable dags retrieved from /opt/airflow/dags/simple_pipeline.py
[2024-03-12T18:20:08.857+0000] {processor.py:179} INFO - Processing /opt/airflow/dags/simple_pipeline.py took 0.022 seconds
[2024-03-12T18:20:39.244+0000] {processor.py:157} INFO - Started process (PID=1323) to work on /opt/airflow/dags/simple_pipeline.py
[2024-03-12T18:20:39.245+0000] {processor.py:829} INFO - Processing file /opt/airflow/dags/simple_pipeline.py for tasks to queue
[2024-03-12T18:20:39.246+0000] {logging_mixin.py:154} INFO - [2024-03-12T18:20:39.246+0000] {dagbag.py:536} INFO - Filling up the DagBag from /opt/airflow/dags/simple_pipeline.py
[2024-03-12T18:20:39.249+0000] {processor.py:841} WARNING - No viable dags retrieved from /opt/airflow/dags/simple_pipeline.py
[2024-03-12T18:20:39.260+0000] {processor.py:179} INFO - Processing /opt/airflow/dags/simple_pipeline.py took 0.020 seconds
[2024-03-12T18:21:09.596+0000] {processor.py:157} INFO - Started process (PID=1345) to work on /opt/airflow/dags/simple_pipeline.py
[2024-03-12T18:21:09.597+0000] {processor.py:829} INFO - Processing file /opt/airflow/dags/simple_pipeline.py for tasks to queue
[2024-03-12T18:21:09.598+0000] {logging_mixin.py:154} INFO - [2024-03-12T18:21:09.597+0000] {dagbag.py:536} INFO - Filling up the DagBag from /opt/airflow/dags/simple_pipeline.py
[2024-03-12T18:21:09.601+0000] {processor.py:841} WARNING - No viable dags retrieved from /opt/airflow/dags/simple_pipeline.py
[2024-03-12T18:21:09.611+0000] {processor.py:179} INFO - Processing /opt/airflow/dags/simple_pipeline.py took 0.018 seconds
[2024-03-12T18:21:39.950+0000] {processor.py:157} INFO - Started process (PID=1367) to work on /opt/airflow/dags/simple_pipeline.py
[2024-03-12T18:21:39.951+0000] {processor.py:829} INFO - Processing file /opt/airflow/dags/simple_pipeline.py for tasks to queue
[2024-03-12T18:21:39.951+0000] {logging_mixin.py:154} INFO - [2024-03-12T18:21:39.951+0000] {dagbag.py:536} INFO - Filling up the DagBag from /opt/airflow/dags/simple_pipeline.py
[2024-03-12T18:21:39.954+0000] {processor.py:841} WARNING - No viable dags retrieved from /opt/airflow/dags/simple_pipeline.py
[2024-03-12T18:21:39.964+0000] {processor.py:179} INFO - Processing /opt/airflow/dags/simple_pipeline.py took 0.017 seconds
[2024-03-12T18:22:10.276+0000] {processor.py:157} INFO - Started process (PID=1389) to work on /opt/airflow/dags/simple_pipeline.py
[2024-03-12T18:22:10.277+0000] {processor.py:829} INFO - Processing file /opt/airflow/dags/simple_pipeline.py for tasks to queue
[2024-03-12T18:22:10.278+0000] {logging_mixin.py:154} INFO - [2024-03-12T18:22:10.278+0000] {dagbag.py:536} INFO - Filling up the DagBag from /opt/airflow/dags/simple_pipeline.py
[2024-03-12T18:22:10.282+0000] {processor.py:841} WARNING - No viable dags retrieved from /opt/airflow/dags/simple_pipeline.py
[2024-03-12T18:22:10.296+0000] {processor.py:179} INFO - Processing /opt/airflow/dags/simple_pipeline.py took 0.024 seconds
[2024-03-12T18:22:40.648+0000] {processor.py:157} INFO - Started process (PID=1411) to work on /opt/airflow/dags/simple_pipeline.py
[2024-03-12T18:22:40.649+0000] {processor.py:829} INFO - Processing file /opt/airflow/dags/simple_pipeline.py for tasks to queue
[2024-03-12T18:22:40.649+0000] {logging_mixin.py:154} INFO - [2024-03-12T18:22:40.649+0000] {dagbag.py:536} INFO - Filling up the DagBag from /opt/airflow/dags/simple_pipeline.py
[2024-03-12T18:22:40.652+0000] {processor.py:841} WARNING - No viable dags retrieved from /opt/airflow/dags/simple_pipeline.py
[2024-03-12T18:22:40.662+0000] {processor.py:179} INFO - Processing /opt/airflow/dags/simple_pipeline.py took 0.017 seconds
[2024-03-12T18:23:10.980+0000] {processor.py:157} INFO - Started process (PID=1433) to work on /opt/airflow/dags/simple_pipeline.py
[2024-03-12T18:23:10.981+0000] {processor.py:829} INFO - Processing file /opt/airflow/dags/simple_pipeline.py for tasks to queue
[2024-03-12T18:23:10.982+0000] {logging_mixin.py:154} INFO - [2024-03-12T18:23:10.982+0000] {dagbag.py:536} INFO - Filling up the DagBag from /opt/airflow/dags/simple_pipeline.py
[2024-03-12T18:23:10.986+0000] {processor.py:841} WARNING - No viable dags retrieved from /opt/airflow/dags/simple_pipeline.py
[2024-03-12T18:23:11.000+0000] {processor.py:179} INFO - Processing /opt/airflow/dags/simple_pipeline.py took 0.023 seconds
[2024-03-12T18:23:41.339+0000] {processor.py:157} INFO - Started process (PID=1455) to work on /opt/airflow/dags/simple_pipeline.py
[2024-03-12T18:23:41.340+0000] {processor.py:829} INFO - Processing file /opt/airflow/dags/simple_pipeline.py for tasks to queue
[2024-03-12T18:23:41.340+0000] {logging_mixin.py:154} INFO - [2024-03-12T18:23:41.340+0000] {dagbag.py:536} INFO - Filling up the DagBag from /opt/airflow/dags/simple_pipeline.py
[2024-03-12T18:23:41.344+0000] {processor.py:841} WARNING - No viable dags retrieved from /opt/airflow/dags/simple_pipeline.py
[2024-03-12T18:23:41.355+0000] {processor.py:179} INFO - Processing /opt/airflow/dags/simple_pipeline.py took 0.020 seconds
[2024-03-12T18:24:11.679+0000] {processor.py:157} INFO - Started process (PID=1477) to work on /opt/airflow/dags/simple_pipeline.py
[2024-03-12T18:24:11.680+0000] {processor.py:829} INFO - Processing file /opt/airflow/dags/simple_pipeline.py for tasks to queue
[2024-03-12T18:24:11.680+0000] {logging_mixin.py:154} INFO - [2024-03-12T18:24:11.680+0000] {dagbag.py:536} INFO - Filling up the DagBag from /opt/airflow/dags/simple_pipeline.py
[2024-03-12T18:24:11.682+0000] {processor.py:841} WARNING - No viable dags retrieved from /opt/airflow/dags/simple_pipeline.py
[2024-03-12T18:24:11.692+0000] {processor.py:179} INFO - Processing /opt/airflow/dags/simple_pipeline.py took 0.016 seconds
[2024-03-12T18:24:42.115+0000] {processor.py:157} INFO - Started process (PID=1499) to work on /opt/airflow/dags/simple_pipeline.py
[2024-03-12T18:24:42.116+0000] {processor.py:829} INFO - Processing file /opt/airflow/dags/simple_pipeline.py for tasks to queue
[2024-03-12T18:24:42.117+0000] {logging_mixin.py:154} INFO - [2024-03-12T18:24:42.117+0000] {dagbag.py:536} INFO - Filling up the DagBag from /opt/airflow/dags/simple_pipeline.py
[2024-03-12T18:24:42.121+0000] {processor.py:841} WARNING - No viable dags retrieved from /opt/airflow/dags/simple_pipeline.py
[2024-03-12T18:24:42.133+0000] {processor.py:179} INFO - Processing /opt/airflow/dags/simple_pipeline.py took 0.021 seconds
[2024-03-12T18:25:12.573+0000] {processor.py:157} INFO - Started process (PID=1521) to work on /opt/airflow/dags/simple_pipeline.py
[2024-03-12T18:25:12.574+0000] {processor.py:829} INFO - Processing file /opt/airflow/dags/simple_pipeline.py for tasks to queue
[2024-03-12T18:25:12.575+0000] {logging_mixin.py:154} INFO - [2024-03-12T18:25:12.575+0000] {dagbag.py:536} INFO - Filling up the DagBag from /opt/airflow/dags/simple_pipeline.py
[2024-03-12T18:25:12.579+0000] {processor.py:841} WARNING - No viable dags retrieved from /opt/airflow/dags/simple_pipeline.py
[2024-03-12T18:25:12.592+0000] {processor.py:179} INFO - Processing /opt/airflow/dags/simple_pipeline.py took 0.022 seconds
[2024-03-12T18:25:43.007+0000] {processor.py:157} INFO - Started process (PID=1543) to work on /opt/airflow/dags/simple_pipeline.py
[2024-03-12T18:25:43.008+0000] {processor.py:829} INFO - Processing file /opt/airflow/dags/simple_pipeline.py for tasks to queue
[2024-03-12T18:25:43.009+0000] {logging_mixin.py:154} INFO - [2024-03-12T18:25:43.009+0000] {dagbag.py:536} INFO - Filling up the DagBag from /opt/airflow/dags/simple_pipeline.py
[2024-03-12T18:25:43.013+0000] {processor.py:841} WARNING - No viable dags retrieved from /opt/airflow/dags/simple_pipeline.py
[2024-03-12T18:25:43.025+0000] {processor.py:179} INFO - Processing /opt/airflow/dags/simple_pipeline.py took 0.021 seconds
[2024-03-12T18:26:13.392+0000] {processor.py:157} INFO - Started process (PID=1565) to work on /opt/airflow/dags/simple_pipeline.py
[2024-03-12T18:26:13.394+0000] {processor.py:829} INFO - Processing file /opt/airflow/dags/simple_pipeline.py for tasks to queue
[2024-03-12T18:26:13.395+0000] {logging_mixin.py:154} INFO - [2024-03-12T18:26:13.395+0000] {dagbag.py:536} INFO - Filling up the DagBag from /opt/airflow/dags/simple_pipeline.py
[2024-03-12T18:26:13.400+0000] {processor.py:841} WARNING - No viable dags retrieved from /opt/airflow/dags/simple_pipeline.py
[2024-03-12T18:26:13.414+0000] {processor.py:179} INFO - Processing /opt/airflow/dags/simple_pipeline.py took 0.027 seconds
[2024-03-12T18:26:43.808+0000] {processor.py:157} INFO - Started process (PID=1587) to work on /opt/airflow/dags/simple_pipeline.py
[2024-03-12T18:26:43.809+0000] {processor.py:829} INFO - Processing file /opt/airflow/dags/simple_pipeline.py for tasks to queue
[2024-03-12T18:26:43.810+0000] {logging_mixin.py:154} INFO - [2024-03-12T18:26:43.810+0000] {dagbag.py:536} INFO - Filling up the DagBag from /opt/airflow/dags/simple_pipeline.py
[2024-03-12T18:26:43.814+0000] {processor.py:841} WARNING - No viable dags retrieved from /opt/airflow/dags/simple_pipeline.py
[2024-03-12T18:26:43.827+0000] {processor.py:179} INFO - Processing /opt/airflow/dags/simple_pipeline.py took 0.023 seconds
[2024-03-12T18:27:14.226+0000] {processor.py:157} INFO - Started process (PID=1608) to work on /opt/airflow/dags/simple_pipeline.py
[2024-03-12T18:27:14.227+0000] {processor.py:829} INFO - Processing file /opt/airflow/dags/simple_pipeline.py for tasks to queue
[2024-03-12T18:27:14.228+0000] {logging_mixin.py:154} INFO - [2024-03-12T18:27:14.228+0000] {dagbag.py:536} INFO - Filling up the DagBag from /opt/airflow/dags/simple_pipeline.py
[2024-03-12T18:27:14.233+0000] {processor.py:841} WARNING - No viable dags retrieved from /opt/airflow/dags/simple_pipeline.py
[2024-03-12T18:27:14.248+0000] {processor.py:179} INFO - Processing /opt/airflow/dags/simple_pipeline.py took 0.026 seconds
[2024-03-12T18:27:44.649+0000] {processor.py:157} INFO - Started process (PID=1631) to work on /opt/airflow/dags/simple_pipeline.py
[2024-03-12T18:27:44.649+0000] {processor.py:829} INFO - Processing file /opt/airflow/dags/simple_pipeline.py for tasks to queue
[2024-03-12T18:27:44.650+0000] {logging_mixin.py:154} INFO - [2024-03-12T18:27:44.650+0000] {dagbag.py:536} INFO - Filling up the DagBag from /opt/airflow/dags/simple_pipeline.py
[2024-03-12T18:27:44.652+0000] {processor.py:841} WARNING - No viable dags retrieved from /opt/airflow/dags/simple_pipeline.py
[2024-03-12T18:27:44.663+0000] {processor.py:179} INFO - Processing /opt/airflow/dags/simple_pipeline.py took 0.017 seconds
[2024-03-12T18:28:14.980+0000] {processor.py:157} INFO - Started process (PID=1653) to work on /opt/airflow/dags/simple_pipeline.py
[2024-03-12T18:28:14.981+0000] {processor.py:829} INFO - Processing file /opt/airflow/dags/simple_pipeline.py for tasks to queue
[2024-03-12T18:28:14.981+0000] {logging_mixin.py:154} INFO - [2024-03-12T18:28:14.981+0000] {dagbag.py:536} INFO - Filling up the DagBag from /opt/airflow/dags/simple_pipeline.py
[2024-03-12T18:28:14.985+0000] {processor.py:841} WARNING - No viable dags retrieved from /opt/airflow/dags/simple_pipeline.py
[2024-03-12T18:28:14.995+0000] {processor.py:179} INFO - Processing /opt/airflow/dags/simple_pipeline.py took 0.018 seconds
[2024-03-12T18:28:45.391+0000] {processor.py:157} INFO - Started process (PID=1675) to work on /opt/airflow/dags/simple_pipeline.py
[2024-03-12T18:28:45.392+0000] {processor.py:829} INFO - Processing file /opt/airflow/dags/simple_pipeline.py for tasks to queue
[2024-03-12T18:28:45.393+0000] {logging_mixin.py:154} INFO - [2024-03-12T18:28:45.392+0000] {dagbag.py:536} INFO - Filling up the DagBag from /opt/airflow/dags/simple_pipeline.py
[2024-03-12T18:28:45.396+0000] {processor.py:841} WARNING - No viable dags retrieved from /opt/airflow/dags/simple_pipeline.py
[2024-03-12T18:28:45.409+0000] {processor.py:179} INFO - Processing /opt/airflow/dags/simple_pipeline.py took 0.021 seconds
[2024-03-12T18:29:15.797+0000] {processor.py:157} INFO - Started process (PID=1697) to work on /opt/airflow/dags/simple_pipeline.py
[2024-03-12T18:29:15.798+0000] {processor.py:829} INFO - Processing file /opt/airflow/dags/simple_pipeline.py for tasks to queue
[2024-03-12T18:29:15.799+0000] {logging_mixin.py:154} INFO - [2024-03-12T18:29:15.799+0000] {dagbag.py:536} INFO - Filling up the DagBag from /opt/airflow/dags/simple_pipeline.py
[2024-03-12T18:29:15.802+0000] {processor.py:841} WARNING - No viable dags retrieved from /opt/airflow/dags/simple_pipeline.py
[2024-03-12T18:29:15.818+0000] {processor.py:179} INFO - Processing /opt/airflow/dags/simple_pipeline.py took 0.024 seconds
[2024-03-12T18:29:46.252+0000] {processor.py:157} INFO - Started process (PID=1719) to work on /opt/airflow/dags/simple_pipeline.py
[2024-03-12T18:29:46.253+0000] {processor.py:829} INFO - Processing file /opt/airflow/dags/simple_pipeline.py for tasks to queue
[2024-03-12T18:29:46.254+0000] {logging_mixin.py:154} INFO - [2024-03-12T18:29:46.253+0000] {dagbag.py:536} INFO - Filling up the DagBag from /opt/airflow/dags/simple_pipeline.py
[2024-03-12T18:29:46.257+0000] {processor.py:841} WARNING - No viable dags retrieved from /opt/airflow/dags/simple_pipeline.py
[2024-03-12T18:29:46.269+0000] {processor.py:179} INFO - Processing /opt/airflow/dags/simple_pipeline.py took 0.021 seconds
[2024-03-12T18:30:16.687+0000] {processor.py:157} INFO - Started process (PID=1741) to work on /opt/airflow/dags/simple_pipeline.py
[2024-03-12T18:30:16.688+0000] {processor.py:829} INFO - Processing file /opt/airflow/dags/simple_pipeline.py for tasks to queue
[2024-03-12T18:30:16.689+0000] {logging_mixin.py:154} INFO - [2024-03-12T18:30:16.689+0000] {dagbag.py:536} INFO - Filling up the DagBag from /opt/airflow/dags/simple_pipeline.py
[2024-03-12T18:30:16.692+0000] {processor.py:841} WARNING - No viable dags retrieved from /opt/airflow/dags/simple_pipeline.py
[2024-03-12T18:30:16.705+0000] {processor.py:179} INFO - Processing /opt/airflow/dags/simple_pipeline.py took 0.021 seconds
[2024-03-12T18:30:47.147+0000] {processor.py:157} INFO - Started process (PID=1763) to work on /opt/airflow/dags/simple_pipeline.py
[2024-03-12T18:30:47.148+0000] {processor.py:829} INFO - Processing file /opt/airflow/dags/simple_pipeline.py for tasks to queue
[2024-03-12T18:30:47.149+0000] {logging_mixin.py:154} INFO - [2024-03-12T18:30:47.149+0000] {dagbag.py:536} INFO - Filling up the DagBag from /opt/airflow/dags/simple_pipeline.py
[2024-03-12T18:30:47.153+0000] {processor.py:841} WARNING - No viable dags retrieved from /opt/airflow/dags/simple_pipeline.py
[2024-03-12T18:30:47.166+0000] {processor.py:179} INFO - Processing /opt/airflow/dags/simple_pipeline.py took 0.022 seconds
[2024-03-12T18:31:17.563+0000] {processor.py:157} INFO - Started process (PID=1785) to work on /opt/airflow/dags/simple_pipeline.py
[2024-03-12T18:31:17.564+0000] {processor.py:829} INFO - Processing file /opt/airflow/dags/simple_pipeline.py for tasks to queue
[2024-03-12T18:31:17.566+0000] {logging_mixin.py:154} INFO - [2024-03-12T18:31:17.565+0000] {dagbag.py:536} INFO - Filling up the DagBag from /opt/airflow/dags/simple_pipeline.py
[2024-03-12T18:31:17.569+0000] {processor.py:841} WARNING - No viable dags retrieved from /opt/airflow/dags/simple_pipeline.py
[2024-03-12T18:31:17.580+0000] {processor.py:179} INFO - Processing /opt/airflow/dags/simple_pipeline.py took 0.020 seconds
[2024-03-12T18:31:47.939+0000] {processor.py:157} INFO - Started process (PID=1806) to work on /opt/airflow/dags/simple_pipeline.py
[2024-03-12T18:31:47.940+0000] {processor.py:829} INFO - Processing file /opt/airflow/dags/simple_pipeline.py for tasks to queue
[2024-03-12T18:31:47.941+0000] {logging_mixin.py:154} INFO - [2024-03-12T18:31:47.941+0000] {dagbag.py:536} INFO - Filling up the DagBag from /opt/airflow/dags/simple_pipeline.py
[2024-03-12T18:31:47.944+0000] {processor.py:841} WARNING - No viable dags retrieved from /opt/airflow/dags/simple_pipeline.py
[2024-03-12T18:31:47.959+0000] {processor.py:179} INFO - Processing /opt/airflow/dags/simple_pipeline.py took 0.022 seconds
[2024-03-12T18:32:18.375+0000] {processor.py:157} INFO - Started process (PID=1828) to work on /opt/airflow/dags/simple_pipeline.py
[2024-03-12T18:32:18.377+0000] {processor.py:829} INFO - Processing file /opt/airflow/dags/simple_pipeline.py for tasks to queue
[2024-03-12T18:32:18.378+0000] {logging_mixin.py:154} INFO - [2024-03-12T18:32:18.378+0000] {dagbag.py:536} INFO - Filling up the DagBag from /opt/airflow/dags/simple_pipeline.py
[2024-03-12T18:32:18.382+0000] {processor.py:841} WARNING - No viable dags retrieved from /opt/airflow/dags/simple_pipeline.py
[2024-03-12T18:32:18.398+0000] {processor.py:179} INFO - Processing /opt/airflow/dags/simple_pipeline.py took 0.026 seconds
[2024-03-12T18:32:48.856+0000] {processor.py:157} INFO - Started process (PID=1850) to work on /opt/airflow/dags/simple_pipeline.py
[2024-03-12T18:32:48.857+0000] {processor.py:829} INFO - Processing file /opt/airflow/dags/simple_pipeline.py for tasks to queue
[2024-03-12T18:32:48.858+0000] {logging_mixin.py:154} INFO - [2024-03-12T18:32:48.858+0000] {dagbag.py:536} INFO - Filling up the DagBag from /opt/airflow/dags/simple_pipeline.py
[2024-03-12T18:32:48.862+0000] {processor.py:841} WARNING - No viable dags retrieved from /opt/airflow/dags/simple_pipeline.py
[2024-03-12T18:32:48.875+0000] {processor.py:179} INFO - Processing /opt/airflow/dags/simple_pipeline.py took 0.022 seconds
[2024-03-12T18:33:19.273+0000] {processor.py:157} INFO - Started process (PID=1872) to work on /opt/airflow/dags/simple_pipeline.py
[2024-03-12T18:33:19.275+0000] {processor.py:829} INFO - Processing file /opt/airflow/dags/simple_pipeline.py for tasks to queue
[2024-03-12T18:33:19.276+0000] {logging_mixin.py:154} INFO - [2024-03-12T18:33:19.275+0000] {dagbag.py:536} INFO - Filling up the DagBag from /opt/airflow/dags/simple_pipeline.py
[2024-03-12T18:33:19.279+0000] {processor.py:841} WARNING - No viable dags retrieved from /opt/airflow/dags/simple_pipeline.py
[2024-03-12T18:33:19.296+0000] {processor.py:179} INFO - Processing /opt/airflow/dags/simple_pipeline.py took 0.027 seconds
[2024-03-12T18:33:49.659+0000] {processor.py:157} INFO - Started process (PID=1894) to work on /opt/airflow/dags/simple_pipeline.py
[2024-03-12T18:33:49.661+0000] {processor.py:829} INFO - Processing file /opt/airflow/dags/simple_pipeline.py for tasks to queue
[2024-03-12T18:33:49.661+0000] {logging_mixin.py:154} INFO - [2024-03-12T18:33:49.661+0000] {dagbag.py:536} INFO - Filling up the DagBag from /opt/airflow/dags/simple_pipeline.py
[2024-03-12T18:33:49.666+0000] {processor.py:841} WARNING - No viable dags retrieved from /opt/airflow/dags/simple_pipeline.py
[2024-03-12T18:33:49.683+0000] {processor.py:179} INFO - Processing /opt/airflow/dags/simple_pipeline.py took 0.027 seconds
