[2024-03-12T17:54:20.047+0000] {processor.py:157} INFO - Started process (PID=172) to work on /opt/airflow/dags/simples3bucketpipeline.py
[2024-03-12T17:54:20.049+0000] {processor.py:829} INFO - Processing file /opt/airflow/dags/simples3bucketpipeline.py for tasks to queue
[2024-03-12T17:54:20.050+0000] {logging_mixin.py:154} INFO - [2024-03-12T17:54:20.049+0000] {dagbag.py:536} INFO - Filling up the DagBag from /opt/airflow/dags/simples3bucketpipeline.py
[2024-03-12T17:54:20.068+0000] {processor.py:839} INFO - DAG(s) dict_keys(['test_s3_bucket']) retrieved from /opt/airflow/dags/simples3bucketpipeline.py
[2024-03-12T17:54:20.089+0000] {logging_mixin.py:154} INFO - [2024-03-12T17:54:20.088+0000] {dag.py:2941} INFO - Sync 1 DAGs
[2024-03-12T17:54:20.108+0000] {logging_mixin.py:154} INFO - [2024-03-12T17:54:20.108+0000] {dag.py:3722} INFO - Setting next_dagrun for test_s3_bucket to 2024-03-11T17:54:20.108006+00:00, run_after=2024-03-12T17:54:20.108006+00:00
[2024-03-12T17:54:20.127+0000] {processor.py:179} INFO - Processing /opt/airflow/dags/simples3bucketpipeline.py took 0.084 seconds
[2024-03-12T17:54:50.443+0000] {processor.py:157} INFO - Started process (PID=195) to work on /opt/airflow/dags/simples3bucketpipeline.py
[2024-03-12T17:54:50.444+0000] {processor.py:829} INFO - Processing file /opt/airflow/dags/simples3bucketpipeline.py for tasks to queue
[2024-03-12T17:54:50.445+0000] {logging_mixin.py:154} INFO - [2024-03-12T17:54:50.445+0000] {dagbag.py:536} INFO - Filling up the DagBag from /opt/airflow/dags/simples3bucketpipeline.py
[2024-03-12T17:54:50.456+0000] {processor.py:839} INFO - DAG(s) dict_keys(['test_s3_bucket']) retrieved from /opt/airflow/dags/simples3bucketpipeline.py
[2024-03-12T17:54:50.475+0000] {logging_mixin.py:154} INFO - [2024-03-12T17:54:50.475+0000] {dag.py:2941} INFO - Sync 1 DAGs
[2024-03-12T17:54:50.492+0000] {logging_mixin.py:154} INFO - [2024-03-12T17:54:50.492+0000] {dag.py:3722} INFO - Setting next_dagrun for test_s3_bucket to 2024-03-11T17:54:50.492278+00:00, run_after=2024-03-12T17:54:50.492278+00:00
[2024-03-12T17:54:50.505+0000] {processor.py:179} INFO - Processing /opt/airflow/dags/simples3bucketpipeline.py took 0.066 seconds
[2024-03-12T17:55:20.824+0000] {processor.py:157} INFO - Started process (PID=217) to work on /opt/airflow/dags/simples3bucketpipeline.py
[2024-03-12T17:55:20.826+0000] {processor.py:829} INFO - Processing file /opt/airflow/dags/simples3bucketpipeline.py for tasks to queue
[2024-03-12T17:55:20.827+0000] {logging_mixin.py:154} INFO - [2024-03-12T17:55:20.827+0000] {dagbag.py:536} INFO - Filling up the DagBag from /opt/airflow/dags/simples3bucketpipeline.py
[2024-03-12T17:55:20.839+0000] {processor.py:839} INFO - DAG(s) dict_keys(['test_s3_bucket']) retrieved from /opt/airflow/dags/simples3bucketpipeline.py
[2024-03-12T17:55:20.857+0000] {logging_mixin.py:154} INFO - [2024-03-12T17:55:20.857+0000] {dag.py:2941} INFO - Sync 1 DAGs
[2024-03-12T17:55:20.872+0000] {logging_mixin.py:154} INFO - [2024-03-12T17:55:20.872+0000] {dag.py:3722} INFO - Setting next_dagrun for test_s3_bucket to 2024-03-11T17:55:20.872408+00:00, run_after=2024-03-12T17:55:20.872408+00:00
[2024-03-12T17:55:20.885+0000] {processor.py:179} INFO - Processing /opt/airflow/dags/simples3bucketpipeline.py took 0.064 seconds
[2024-03-12T17:55:51.144+0000] {processor.py:157} INFO - Started process (PID=239) to work on /opt/airflow/dags/simples3bucketpipeline.py
[2024-03-12T17:55:51.145+0000] {processor.py:829} INFO - Processing file /opt/airflow/dags/simples3bucketpipeline.py for tasks to queue
[2024-03-12T17:55:51.146+0000] {logging_mixin.py:154} INFO - [2024-03-12T17:55:51.146+0000] {dagbag.py:536} INFO - Filling up the DagBag from /opt/airflow/dags/simples3bucketpipeline.py
[2024-03-12T17:55:51.163+0000] {processor.py:839} INFO - DAG(s) dict_keys(['test_s3_bucket']) retrieved from /opt/airflow/dags/simples3bucketpipeline.py
[2024-03-12T17:55:51.197+0000] {logging_mixin.py:154} INFO - [2024-03-12T17:55:51.196+0000] {dag.py:2941} INFO - Sync 1 DAGs
[2024-03-12T17:55:51.218+0000] {logging_mixin.py:154} INFO - [2024-03-12T17:55:51.218+0000] {dag.py:3722} INFO - Setting next_dagrun for test_s3_bucket to 2024-03-11T17:55:51.218101+00:00, run_after=2024-03-12T17:55:51.218101+00:00
[2024-03-12T17:55:51.234+0000] {processor.py:179} INFO - Processing /opt/airflow/dags/simples3bucketpipeline.py took 0.094 seconds
[2024-03-12T17:56:21.594+0000] {processor.py:157} INFO - Started process (PID=261) to work on /opt/airflow/dags/simples3bucketpipeline.py
[2024-03-12T17:56:21.596+0000] {processor.py:829} INFO - Processing file /opt/airflow/dags/simples3bucketpipeline.py for tasks to queue
[2024-03-12T17:56:21.597+0000] {logging_mixin.py:154} INFO - [2024-03-12T17:56:21.597+0000] {dagbag.py:536} INFO - Filling up the DagBag from /opt/airflow/dags/simples3bucketpipeline.py
[2024-03-12T17:56:21.616+0000] {processor.py:839} INFO - DAG(s) dict_keys(['test_s3_bucket']) retrieved from /opt/airflow/dags/simples3bucketpipeline.py
[2024-03-12T17:56:21.642+0000] {logging_mixin.py:154} INFO - [2024-03-12T17:56:21.641+0000] {dag.py:2941} INFO - Sync 1 DAGs
[2024-03-12T17:56:21.666+0000] {logging_mixin.py:154} INFO - [2024-03-12T17:56:21.666+0000] {dag.py:3722} INFO - Setting next_dagrun for test_s3_bucket to 2024-03-11T17:56:21.665575+00:00, run_after=2024-03-12T17:56:21.665575+00:00
[2024-03-12T17:56:21.684+0000] {processor.py:179} INFO - Processing /opt/airflow/dags/simples3bucketpipeline.py took 0.095 seconds
[2024-03-12T17:56:52.075+0000] {processor.py:157} INFO - Started process (PID=283) to work on /opt/airflow/dags/simples3bucketpipeline.py
[2024-03-12T17:56:52.078+0000] {processor.py:829} INFO - Processing file /opt/airflow/dags/simples3bucketpipeline.py for tasks to queue
[2024-03-12T17:56:52.079+0000] {logging_mixin.py:154} INFO - [2024-03-12T17:56:52.079+0000] {dagbag.py:536} INFO - Filling up the DagBag from /opt/airflow/dags/simples3bucketpipeline.py
[2024-03-12T17:56:52.096+0000] {processor.py:839} INFO - DAG(s) dict_keys(['test_s3_bucket']) retrieved from /opt/airflow/dags/simples3bucketpipeline.py
[2024-03-12T17:56:52.116+0000] {logging_mixin.py:154} INFO - [2024-03-12T17:56:52.116+0000] {dag.py:2941} INFO - Sync 1 DAGs
[2024-03-12T17:56:52.136+0000] {logging_mixin.py:154} INFO - [2024-03-12T17:56:52.136+0000] {dag.py:3722} INFO - Setting next_dagrun for test_s3_bucket to 2024-03-11T17:56:52.136152+00:00, run_after=2024-03-12T17:56:52.136152+00:00
[2024-03-12T17:56:52.149+0000] {processor.py:179} INFO - Processing /opt/airflow/dags/simples3bucketpipeline.py took 0.080 seconds
[2024-03-12T17:57:22.480+0000] {processor.py:157} INFO - Started process (PID=305) to work on /opt/airflow/dags/simples3bucketpipeline.py
[2024-03-12T17:57:22.482+0000] {processor.py:829} INFO - Processing file /opt/airflow/dags/simples3bucketpipeline.py for tasks to queue
[2024-03-12T17:57:22.483+0000] {logging_mixin.py:154} INFO - [2024-03-12T17:57:22.483+0000] {dagbag.py:536} INFO - Filling up the DagBag from /opt/airflow/dags/simples3bucketpipeline.py
[2024-03-12T17:57:22.494+0000] {processor.py:839} INFO - DAG(s) dict_keys(['test_s3_bucket']) retrieved from /opt/airflow/dags/simples3bucketpipeline.py
[2024-03-12T17:57:22.511+0000] {logging_mixin.py:154} INFO - [2024-03-12T17:57:22.511+0000] {dag.py:2941} INFO - Sync 1 DAGs
[2024-03-12T17:57:22.529+0000] {logging_mixin.py:154} INFO - [2024-03-12T17:57:22.529+0000] {dag.py:3722} INFO - Setting next_dagrun for test_s3_bucket to 2024-03-11T17:57:22.529563+00:00, run_after=2024-03-12T17:57:22.529563+00:00
[2024-03-12T17:57:22.542+0000] {processor.py:179} INFO - Processing /opt/airflow/dags/simples3bucketpipeline.py took 0.067 seconds
[2024-03-12T17:57:52.835+0000] {processor.py:157} INFO - Started process (PID=327) to work on /opt/airflow/dags/simples3bucketpipeline.py
[2024-03-12T17:57:52.836+0000] {processor.py:829} INFO - Processing file /opt/airflow/dags/simples3bucketpipeline.py for tasks to queue
[2024-03-12T17:57:52.837+0000] {logging_mixin.py:154} INFO - [2024-03-12T17:57:52.837+0000] {dagbag.py:536} INFO - Filling up the DagBag from /opt/airflow/dags/simples3bucketpipeline.py
[2024-03-12T17:57:52.848+0000] {processor.py:839} INFO - DAG(s) dict_keys(['test_s3_bucket']) retrieved from /opt/airflow/dags/simples3bucketpipeline.py
[2024-03-12T17:57:52.867+0000] {logging_mixin.py:154} INFO - [2024-03-12T17:57:52.866+0000] {dag.py:2941} INFO - Sync 1 DAGs
[2024-03-12T17:57:52.884+0000] {logging_mixin.py:154} INFO - [2024-03-12T17:57:52.884+0000] {dag.py:3722} INFO - Setting next_dagrun for test_s3_bucket to 2024-03-11T17:57:52.883885+00:00, run_after=2024-03-12T17:57:52.883885+00:00
[2024-03-12T17:57:52.897+0000] {processor.py:179} INFO - Processing /opt/airflow/dags/simples3bucketpipeline.py took 0.067 seconds
[2024-03-12T17:58:23.219+0000] {processor.py:157} INFO - Started process (PID=349) to work on /opt/airflow/dags/simples3bucketpipeline.py
[2024-03-12T17:58:23.221+0000] {processor.py:829} INFO - Processing file /opt/airflow/dags/simples3bucketpipeline.py for tasks to queue
[2024-03-12T17:58:23.222+0000] {logging_mixin.py:154} INFO - [2024-03-12T17:58:23.221+0000] {dagbag.py:536} INFO - Filling up the DagBag from /opt/airflow/dags/simples3bucketpipeline.py
[2024-03-12T17:58:23.233+0000] {processor.py:839} INFO - DAG(s) dict_keys(['test_s3_bucket']) retrieved from /opt/airflow/dags/simples3bucketpipeline.py
[2024-03-12T17:58:23.251+0000] {logging_mixin.py:154} INFO - [2024-03-12T17:58:23.251+0000] {dag.py:2941} INFO - Sync 1 DAGs
[2024-03-12T17:58:23.267+0000] {logging_mixin.py:154} INFO - [2024-03-12T17:58:23.267+0000] {dag.py:3722} INFO - Setting next_dagrun for test_s3_bucket to 2024-03-11T17:58:23.267026+00:00, run_after=2024-03-12T17:58:23.267026+00:00
[2024-03-12T17:58:23.280+0000] {processor.py:179} INFO - Processing /opt/airflow/dags/simples3bucketpipeline.py took 0.066 seconds
[2024-03-12T17:58:53.601+0000] {processor.py:157} INFO - Started process (PID=371) to work on /opt/airflow/dags/simples3bucketpipeline.py
[2024-03-12T17:58:53.602+0000] {processor.py:829} INFO - Processing file /opt/airflow/dags/simples3bucketpipeline.py for tasks to queue
[2024-03-12T17:58:53.603+0000] {logging_mixin.py:154} INFO - [2024-03-12T17:58:53.602+0000] {dagbag.py:536} INFO - Filling up the DagBag from /opt/airflow/dags/simples3bucketpipeline.py
[2024-03-12T17:58:53.612+0000] {processor.py:839} INFO - DAG(s) dict_keys(['test_s3_bucket']) retrieved from /opt/airflow/dags/simples3bucketpipeline.py
[2024-03-12T17:58:53.628+0000] {logging_mixin.py:154} INFO - [2024-03-12T17:58:53.628+0000] {dag.py:2941} INFO - Sync 1 DAGs
[2024-03-12T17:58:53.644+0000] {logging_mixin.py:154} INFO - [2024-03-12T17:58:53.644+0000] {dag.py:3722} INFO - Setting next_dagrun for test_s3_bucket to 2024-03-11T17:58:53.644427+00:00, run_after=2024-03-12T17:58:53.644427+00:00
[2024-03-12T17:58:53.656+0000] {processor.py:179} INFO - Processing /opt/airflow/dags/simples3bucketpipeline.py took 0.059 seconds
[2024-03-12T17:59:23.966+0000] {processor.py:157} INFO - Started process (PID=393) to work on /opt/airflow/dags/simples3bucketpipeline.py
[2024-03-12T17:59:23.967+0000] {processor.py:829} INFO - Processing file /opt/airflow/dags/simples3bucketpipeline.py for tasks to queue
[2024-03-12T17:59:23.968+0000] {logging_mixin.py:154} INFO - [2024-03-12T17:59:23.968+0000] {dagbag.py:536} INFO - Filling up the DagBag from /opt/airflow/dags/simples3bucketpipeline.py
[2024-03-12T17:59:23.977+0000] {processor.py:839} INFO - DAG(s) dict_keys(['test_s3_bucket']) retrieved from /opt/airflow/dags/simples3bucketpipeline.py
[2024-03-12T17:59:23.995+0000] {logging_mixin.py:154} INFO - [2024-03-12T17:59:23.994+0000] {dag.py:2941} INFO - Sync 1 DAGs
[2024-03-12T17:59:24.011+0000] {logging_mixin.py:154} INFO - [2024-03-12T17:59:24.010+0000] {dag.py:3722} INFO - Setting next_dagrun for test_s3_bucket to 2024-03-11T17:59:24.010821+00:00, run_after=2024-03-12T17:59:24.010821+00:00
[2024-03-12T17:59:24.023+0000] {processor.py:179} INFO - Processing /opt/airflow/dags/simples3bucketpipeline.py took 0.060 seconds
[2024-03-12T17:59:54.300+0000] {processor.py:157} INFO - Started process (PID=414) to work on /opt/airflow/dags/simples3bucketpipeline.py
[2024-03-12T17:59:54.301+0000] {processor.py:829} INFO - Processing file /opt/airflow/dags/simples3bucketpipeline.py for tasks to queue
[2024-03-12T17:59:54.301+0000] {logging_mixin.py:154} INFO - [2024-03-12T17:59:54.301+0000] {dagbag.py:536} INFO - Filling up the DagBag from /opt/airflow/dags/simples3bucketpipeline.py
[2024-03-12T17:59:54.310+0000] {processor.py:839} INFO - DAG(s) dict_keys(['test_s3_bucket']) retrieved from /opt/airflow/dags/simples3bucketpipeline.py
[2024-03-12T17:59:54.328+0000] {logging_mixin.py:154} INFO - [2024-03-12T17:59:54.328+0000] {dag.py:2941} INFO - Sync 1 DAGs
[2024-03-12T17:59:54.345+0000] {logging_mixin.py:154} INFO - [2024-03-12T17:59:54.345+0000] {dag.py:3722} INFO - Setting next_dagrun for test_s3_bucket to 2024-03-11T17:59:54.344899+00:00, run_after=2024-03-12T17:59:54.344899+00:00
[2024-03-12T17:59:54.358+0000] {processor.py:179} INFO - Processing /opt/airflow/dags/simples3bucketpipeline.py took 0.061 seconds
[2024-03-12T18:00:24.668+0000] {processor.py:157} INFO - Started process (PID=436) to work on /opt/airflow/dags/simples3bucketpipeline.py
[2024-03-12T18:00:24.669+0000] {processor.py:829} INFO - Processing file /opt/airflow/dags/simples3bucketpipeline.py for tasks to queue
[2024-03-12T18:00:24.670+0000] {logging_mixin.py:154} INFO - [2024-03-12T18:00:24.670+0000] {dagbag.py:536} INFO - Filling up the DagBag from /opt/airflow/dags/simples3bucketpipeline.py
[2024-03-12T18:00:24.680+0000] {processor.py:839} INFO - DAG(s) dict_keys(['test_s3_bucket']) retrieved from /opt/airflow/dags/simples3bucketpipeline.py
[2024-03-12T18:00:24.698+0000] {logging_mixin.py:154} INFO - [2024-03-12T18:00:24.698+0000] {dag.py:2941} INFO - Sync 1 DAGs
[2024-03-12T18:00:24.713+0000] {logging_mixin.py:154} INFO - [2024-03-12T18:00:24.713+0000] {dag.py:3722} INFO - Setting next_dagrun for test_s3_bucket to 2024-03-11T18:00:24.713488+00:00, run_after=2024-03-12T18:00:24.713488+00:00
[2024-03-12T18:00:24.727+0000] {processor.py:179} INFO - Processing /opt/airflow/dags/simples3bucketpipeline.py took 0.063 seconds
[2024-03-12T18:00:55.005+0000] {processor.py:157} INFO - Started process (PID=458) to work on /opt/airflow/dags/simples3bucketpipeline.py
[2024-03-12T18:00:55.007+0000] {processor.py:829} INFO - Processing file /opt/airflow/dags/simples3bucketpipeline.py for tasks to queue
[2024-03-12T18:00:55.008+0000] {logging_mixin.py:154} INFO - [2024-03-12T18:00:55.008+0000] {dagbag.py:536} INFO - Filling up the DagBag from /opt/airflow/dags/simples3bucketpipeline.py
[2024-03-12T18:00:55.022+0000] {processor.py:839} INFO - DAG(s) dict_keys(['test_s3_bucket']) retrieved from /opt/airflow/dags/simples3bucketpipeline.py
[2024-03-12T18:00:55.046+0000] {logging_mixin.py:154} INFO - [2024-03-12T18:00:55.046+0000] {dag.py:2941} INFO - Sync 1 DAGs
[2024-03-12T18:00:55.068+0000] {logging_mixin.py:154} INFO - [2024-03-12T18:00:55.068+0000] {dag.py:3722} INFO - Setting next_dagrun for test_s3_bucket to 2024-03-11T18:00:55.068280+00:00, run_after=2024-03-12T18:00:55.068280+00:00
[2024-03-12T18:00:55.096+0000] {processor.py:179} INFO - Processing /opt/airflow/dags/simples3bucketpipeline.py took 0.096 seconds
[2024-03-12T18:01:25.451+0000] {processor.py:157} INFO - Started process (PID=480) to work on /opt/airflow/dags/simples3bucketpipeline.py
[2024-03-12T18:01:25.452+0000] {processor.py:829} INFO - Processing file /opt/airflow/dags/simples3bucketpipeline.py for tasks to queue
[2024-03-12T18:01:25.453+0000] {logging_mixin.py:154} INFO - [2024-03-12T18:01:25.453+0000] {dagbag.py:536} INFO - Filling up the DagBag from /opt/airflow/dags/simples3bucketpipeline.py
[2024-03-12T18:01:25.465+0000] {processor.py:839} INFO - DAG(s) dict_keys(['test_s3_bucket']) retrieved from /opt/airflow/dags/simples3bucketpipeline.py
[2024-03-12T18:01:25.482+0000] {logging_mixin.py:154} INFO - [2024-03-12T18:01:25.482+0000] {dag.py:2941} INFO - Sync 1 DAGs
[2024-03-12T18:01:25.498+0000] {logging_mixin.py:154} INFO - [2024-03-12T18:01:25.498+0000] {dag.py:3722} INFO - Setting next_dagrun for test_s3_bucket to 2024-03-11T18:01:25.498538+00:00, run_after=2024-03-12T18:01:25.498538+00:00
[2024-03-12T18:01:25.511+0000] {processor.py:179} INFO - Processing /opt/airflow/dags/simples3bucketpipeline.py took 0.065 seconds
[2024-03-12T18:01:55.808+0000] {processor.py:157} INFO - Started process (PID=502) to work on /opt/airflow/dags/simples3bucketpipeline.py
[2024-03-12T18:01:55.811+0000] {processor.py:829} INFO - Processing file /opt/airflow/dags/simples3bucketpipeline.py for tasks to queue
[2024-03-12T18:01:55.812+0000] {logging_mixin.py:154} INFO - [2024-03-12T18:01:55.812+0000] {dagbag.py:536} INFO - Filling up the DagBag from /opt/airflow/dags/simples3bucketpipeline.py
[2024-03-12T18:01:55.825+0000] {processor.py:839} INFO - DAG(s) dict_keys(['test_s3_bucket']) retrieved from /opt/airflow/dags/simples3bucketpipeline.py
[2024-03-12T18:01:55.846+0000] {logging_mixin.py:154} INFO - [2024-03-12T18:01:55.846+0000] {dag.py:2941} INFO - Sync 1 DAGs
[2024-03-12T18:01:55.862+0000] {logging_mixin.py:154} INFO - [2024-03-12T18:01:55.862+0000] {dag.py:3722} INFO - Setting next_dagrun for test_s3_bucket to 2024-03-11T18:01:55.862091+00:00, run_after=2024-03-12T18:01:55.862091+00:00
[2024-03-12T18:01:55.875+0000] {processor.py:179} INFO - Processing /opt/airflow/dags/simples3bucketpipeline.py took 0.073 seconds
[2024-03-12T18:02:26.160+0000] {processor.py:157} INFO - Started process (PID=524) to work on /opt/airflow/dags/simples3bucketpipeline.py
[2024-03-12T18:02:26.161+0000] {processor.py:829} INFO - Processing file /opt/airflow/dags/simples3bucketpipeline.py for tasks to queue
[2024-03-12T18:02:26.162+0000] {logging_mixin.py:154} INFO - [2024-03-12T18:02:26.162+0000] {dagbag.py:536} INFO - Filling up the DagBag from /opt/airflow/dags/simples3bucketpipeline.py
[2024-03-12T18:02:26.177+0000] {processor.py:839} INFO - DAG(s) dict_keys(['test_s3_bucket']) retrieved from /opt/airflow/dags/simples3bucketpipeline.py
[2024-03-12T18:02:26.206+0000] {logging_mixin.py:154} INFO - [2024-03-12T18:02:26.206+0000] {dag.py:2941} INFO - Sync 1 DAGs
[2024-03-12T18:02:26.230+0000] {logging_mixin.py:154} INFO - [2024-03-12T18:02:26.230+0000] {dag.py:3722} INFO - Setting next_dagrun for test_s3_bucket to 2024-03-11T18:02:26.229959+00:00, run_after=2024-03-12T18:02:26.229959+00:00
[2024-03-12T18:02:26.245+0000] {processor.py:179} INFO - Processing /opt/airflow/dags/simples3bucketpipeline.py took 0.089 seconds
[2024-03-12T18:02:56.521+0000] {processor.py:157} INFO - Started process (PID=546) to work on /opt/airflow/dags/simples3bucketpipeline.py
[2024-03-12T18:02:56.524+0000] {processor.py:829} INFO - Processing file /opt/airflow/dags/simples3bucketpipeline.py for tasks to queue
[2024-03-12T18:02:56.525+0000] {logging_mixin.py:154} INFO - [2024-03-12T18:02:56.525+0000] {dagbag.py:536} INFO - Filling up the DagBag from /opt/airflow/dags/simples3bucketpipeline.py
[2024-03-12T18:02:56.534+0000] {processor.py:839} INFO - DAG(s) dict_keys(['test_s3_bucket']) retrieved from /opt/airflow/dags/simples3bucketpipeline.py
[2024-03-12T18:02:56.555+0000] {logging_mixin.py:154} INFO - [2024-03-12T18:02:56.554+0000] {dag.py:2941} INFO - Sync 1 DAGs
[2024-03-12T18:02:56.579+0000] {logging_mixin.py:154} INFO - [2024-03-12T18:02:56.579+0000] {dag.py:3722} INFO - Setting next_dagrun for test_s3_bucket to 2024-03-11T18:02:56.579169+00:00, run_after=2024-03-12T18:02:56.579169+00:00
[2024-03-12T18:02:56.600+0000] {processor.py:179} INFO - Processing /opt/airflow/dags/simples3bucketpipeline.py took 0.083 seconds
[2024-03-12T18:03:26.867+0000] {processor.py:157} INFO - Started process (PID=567) to work on /opt/airflow/dags/simples3bucketpipeline.py
[2024-03-12T18:03:26.868+0000] {processor.py:829} INFO - Processing file /opt/airflow/dags/simples3bucketpipeline.py for tasks to queue
[2024-03-12T18:03:26.869+0000] {logging_mixin.py:154} INFO - [2024-03-12T18:03:26.869+0000] {dagbag.py:536} INFO - Filling up the DagBag from /opt/airflow/dags/simples3bucketpipeline.py
[2024-03-12T18:03:26.882+0000] {processor.py:839} INFO - DAG(s) dict_keys(['test_s3_bucket']) retrieved from /opt/airflow/dags/simples3bucketpipeline.py
[2024-03-12T18:03:26.902+0000] {logging_mixin.py:154} INFO - [2024-03-12T18:03:26.901+0000] {dag.py:2941} INFO - Sync 1 DAGs
[2024-03-12T18:03:26.920+0000] {logging_mixin.py:154} INFO - [2024-03-12T18:03:26.920+0000] {dag.py:3722} INFO - Setting next_dagrun for test_s3_bucket to 2024-03-11T18:03:26.920204+00:00, run_after=2024-03-12T18:03:26.920204+00:00
[2024-03-12T18:03:26.934+0000] {processor.py:179} INFO - Processing /opt/airflow/dags/simples3bucketpipeline.py took 0.071 seconds
[2024-03-12T18:03:57.214+0000] {processor.py:157} INFO - Started process (PID=589) to work on /opt/airflow/dags/simples3bucketpipeline.py
[2024-03-12T18:03:57.217+0000] {processor.py:829} INFO - Processing file /opt/airflow/dags/simples3bucketpipeline.py for tasks to queue
[2024-03-12T18:03:57.219+0000] {logging_mixin.py:154} INFO - [2024-03-12T18:03:57.218+0000] {dagbag.py:536} INFO - Filling up the DagBag from /opt/airflow/dags/simples3bucketpipeline.py
[2024-03-12T18:03:57.233+0000] {processor.py:839} INFO - DAG(s) dict_keys(['test_s3_bucket']) retrieved from /opt/airflow/dags/simples3bucketpipeline.py
[2024-03-12T18:03:57.252+0000] {logging_mixin.py:154} INFO - [2024-03-12T18:03:57.252+0000] {dag.py:2941} INFO - Sync 1 DAGs
[2024-03-12T18:03:57.269+0000] {logging_mixin.py:154} INFO - [2024-03-12T18:03:57.269+0000] {dag.py:3722} INFO - Setting next_dagrun for test_s3_bucket to 2024-03-11T18:03:57.268925+00:00, run_after=2024-03-12T18:03:57.268925+00:00
[2024-03-12T18:03:57.282+0000] {processor.py:179} INFO - Processing /opt/airflow/dags/simples3bucketpipeline.py took 0.075 seconds
[2024-03-12T18:04:27.565+0000] {processor.py:157} INFO - Started process (PID=611) to work on /opt/airflow/dags/simples3bucketpipeline.py
[2024-03-12T18:04:27.566+0000] {processor.py:829} INFO - Processing file /opt/airflow/dags/simples3bucketpipeline.py for tasks to queue
[2024-03-12T18:04:27.567+0000] {logging_mixin.py:154} INFO - [2024-03-12T18:04:27.567+0000] {dagbag.py:536} INFO - Filling up the DagBag from /opt/airflow/dags/simples3bucketpipeline.py
[2024-03-12T18:04:27.578+0000] {processor.py:839} INFO - DAG(s) dict_keys(['test_s3_bucket']) retrieved from /opt/airflow/dags/simples3bucketpipeline.py
[2024-03-12T18:04:27.596+0000] {logging_mixin.py:154} INFO - [2024-03-12T18:04:27.595+0000] {dag.py:2941} INFO - Sync 1 DAGs
[2024-03-12T18:04:27.612+0000] {logging_mixin.py:154} INFO - [2024-03-12T18:04:27.612+0000] {dag.py:3722} INFO - Setting next_dagrun for test_s3_bucket to 2024-03-11T18:04:27.612153+00:00, run_after=2024-03-12T18:04:27.612153+00:00
[2024-03-12T18:04:27.625+0000] {processor.py:179} INFO - Processing /opt/airflow/dags/simples3bucketpipeline.py took 0.064 seconds
[2024-03-12T18:04:57.900+0000] {processor.py:157} INFO - Started process (PID=633) to work on /opt/airflow/dags/simples3bucketpipeline.py
[2024-03-12T18:04:57.901+0000] {processor.py:829} INFO - Processing file /opt/airflow/dags/simples3bucketpipeline.py for tasks to queue
[2024-03-12T18:04:57.902+0000] {logging_mixin.py:154} INFO - [2024-03-12T18:04:57.901+0000] {dagbag.py:536} INFO - Filling up the DagBag from /opt/airflow/dags/simples3bucketpipeline.py
[2024-03-12T18:04:57.910+0000] {processor.py:839} INFO - DAG(s) dict_keys(['test_s3_bucket']) retrieved from /opt/airflow/dags/simples3bucketpipeline.py
[2024-03-12T18:04:57.926+0000] {logging_mixin.py:154} INFO - [2024-03-12T18:04:57.926+0000] {dag.py:2941} INFO - Sync 1 DAGs
[2024-03-12T18:04:57.942+0000] {logging_mixin.py:154} INFO - [2024-03-12T18:04:57.942+0000] {dag.py:3722} INFO - Setting next_dagrun for test_s3_bucket to 2024-03-11T18:04:57.941929+00:00, run_after=2024-03-12T18:04:57.941929+00:00
[2024-03-12T18:04:57.954+0000] {processor.py:179} INFO - Processing /opt/airflow/dags/simples3bucketpipeline.py took 0.058 seconds
[2024-03-12T18:05:28.280+0000] {processor.py:157} INFO - Started process (PID=655) to work on /opt/airflow/dags/simples3bucketpipeline.py
[2024-03-12T18:05:28.282+0000] {processor.py:829} INFO - Processing file /opt/airflow/dags/simples3bucketpipeline.py for tasks to queue
[2024-03-12T18:05:28.283+0000] {logging_mixin.py:154} INFO - [2024-03-12T18:05:28.282+0000] {dagbag.py:536} INFO - Filling up the DagBag from /opt/airflow/dags/simples3bucketpipeline.py
[2024-03-12T18:05:28.296+0000] {processor.py:839} INFO - DAG(s) dict_keys(['test_s3_bucket']) retrieved from /opt/airflow/dags/simples3bucketpipeline.py
[2024-03-12T18:05:28.313+0000] {logging_mixin.py:154} INFO - [2024-03-12T18:05:28.313+0000] {dag.py:2941} INFO - Sync 1 DAGs
[2024-03-12T18:05:28.329+0000] {logging_mixin.py:154} INFO - [2024-03-12T18:05:28.329+0000] {dag.py:3722} INFO - Setting next_dagrun for test_s3_bucket to 2024-03-11T18:05:28.329162+00:00, run_after=2024-03-12T18:05:28.329162+00:00
[2024-03-12T18:05:28.341+0000] {processor.py:179} INFO - Processing /opt/airflow/dags/simples3bucketpipeline.py took 0.065 seconds
[2024-03-12T18:05:58.634+0000] {processor.py:157} INFO - Started process (PID=677) to work on /opt/airflow/dags/simples3bucketpipeline.py
[2024-03-12T18:05:58.636+0000] {processor.py:829} INFO - Processing file /opt/airflow/dags/simples3bucketpipeline.py for tasks to queue
[2024-03-12T18:05:58.638+0000] {logging_mixin.py:154} INFO - [2024-03-12T18:05:58.638+0000] {dagbag.py:536} INFO - Filling up the DagBag from /opt/airflow/dags/simples3bucketpipeline.py
[2024-03-12T18:05:58.652+0000] {processor.py:839} INFO - DAG(s) dict_keys(['test_s3_bucket']) retrieved from /opt/airflow/dags/simples3bucketpipeline.py
[2024-03-12T18:05:58.674+0000] {logging_mixin.py:154} INFO - [2024-03-12T18:05:58.674+0000] {dag.py:2941} INFO - Sync 1 DAGs
[2024-03-12T18:05:58.692+0000] {logging_mixin.py:154} INFO - [2024-03-12T18:05:58.691+0000] {dag.py:3722} INFO - Setting next_dagrun for test_s3_bucket to 2024-03-11T18:05:58.691743+00:00, run_after=2024-03-12T18:05:58.691743+00:00
[2024-03-12T18:05:58.705+0000] {processor.py:179} INFO - Processing /opt/airflow/dags/simples3bucketpipeline.py took 0.078 seconds
[2024-03-12T18:06:29.017+0000] {processor.py:157} INFO - Started process (PID=699) to work on /opt/airflow/dags/simples3bucketpipeline.py
[2024-03-12T18:06:29.018+0000] {processor.py:829} INFO - Processing file /opt/airflow/dags/simples3bucketpipeline.py for tasks to queue
[2024-03-12T18:06:29.020+0000] {logging_mixin.py:154} INFO - [2024-03-12T18:06:29.020+0000] {dagbag.py:536} INFO - Filling up the DagBag from /opt/airflow/dags/simples3bucketpipeline.py
[2024-03-12T18:06:29.036+0000] {processor.py:839} INFO - DAG(s) dict_keys(['test_s3_bucket']) retrieved from /opt/airflow/dags/simples3bucketpipeline.py
[2024-03-12T18:06:29.063+0000] {logging_mixin.py:154} INFO - [2024-03-12T18:06:29.062+0000] {dag.py:2941} INFO - Sync 1 DAGs
[2024-03-12T18:06:29.086+0000] {logging_mixin.py:154} INFO - [2024-03-12T18:06:29.086+0000] {dag.py:3722} INFO - Setting next_dagrun for test_s3_bucket to 2024-03-11T18:06:29.086064+00:00, run_after=2024-03-12T18:06:29.086064+00:00
[2024-03-12T18:06:29.106+0000] {processor.py:179} INFO - Processing /opt/airflow/dags/simples3bucketpipeline.py took 0.093 seconds
[2024-03-12T18:06:59.370+0000] {processor.py:157} INFO - Started process (PID=720) to work on /opt/airflow/dags/simples3bucketpipeline.py
[2024-03-12T18:06:59.372+0000] {processor.py:829} INFO - Processing file /opt/airflow/dags/simples3bucketpipeline.py for tasks to queue
[2024-03-12T18:06:59.373+0000] {logging_mixin.py:154} INFO - [2024-03-12T18:06:59.373+0000] {dagbag.py:536} INFO - Filling up the DagBag from /opt/airflow/dags/simples3bucketpipeline.py
[2024-03-12T18:06:59.386+0000] {processor.py:839} INFO - DAG(s) dict_keys(['test_s3_bucket']) retrieved from /opt/airflow/dags/simples3bucketpipeline.py
[2024-03-12T18:06:59.405+0000] {logging_mixin.py:154} INFO - [2024-03-12T18:06:59.405+0000] {dag.py:2941} INFO - Sync 1 DAGs
[2024-03-12T18:06:59.424+0000] {logging_mixin.py:154} INFO - [2024-03-12T18:06:59.423+0000] {dag.py:3722} INFO - Setting next_dagrun for test_s3_bucket to 2024-03-11T18:06:59.423529+00:00, run_after=2024-03-12T18:06:59.423529+00:00
[2024-03-12T18:06:59.437+0000] {processor.py:179} INFO - Processing /opt/airflow/dags/simples3bucketpipeline.py took 0.074 seconds
[2024-03-12T18:07:29.770+0000] {processor.py:157} INFO - Started process (PID=742) to work on /opt/airflow/dags/simples3bucketpipeline.py
[2024-03-12T18:07:29.772+0000] {processor.py:829} INFO - Processing file /opt/airflow/dags/simples3bucketpipeline.py for tasks to queue
[2024-03-12T18:07:29.773+0000] {logging_mixin.py:154} INFO - [2024-03-12T18:07:29.772+0000] {dagbag.py:536} INFO - Filling up the DagBag from /opt/airflow/dags/simples3bucketpipeline.py
[2024-03-12T18:07:29.785+0000] {processor.py:839} INFO - DAG(s) dict_keys(['test_s3_bucket']) retrieved from /opt/airflow/dags/simples3bucketpipeline.py
[2024-03-12T18:07:29.804+0000] {logging_mixin.py:154} INFO - [2024-03-12T18:07:29.804+0000] {dag.py:2941} INFO - Sync 1 DAGs
[2024-03-12T18:07:29.820+0000] {logging_mixin.py:154} INFO - [2024-03-12T18:07:29.820+0000] {dag.py:3722} INFO - Setting next_dagrun for test_s3_bucket to 2024-03-11T18:07:29.820412+00:00, run_after=2024-03-12T18:07:29.820412+00:00
[2024-03-12T18:07:29.833+0000] {processor.py:179} INFO - Processing /opt/airflow/dags/simples3bucketpipeline.py took 0.070 seconds
[2024-03-12T18:08:00.131+0000] {processor.py:157} INFO - Started process (PID=764) to work on /opt/airflow/dags/simples3bucketpipeline.py
[2024-03-12T18:08:00.133+0000] {processor.py:829} INFO - Processing file /opt/airflow/dags/simples3bucketpipeline.py for tasks to queue
[2024-03-12T18:08:00.134+0000] {logging_mixin.py:154} INFO - [2024-03-12T18:08:00.134+0000] {dagbag.py:536} INFO - Filling up the DagBag from /opt/airflow/dags/simples3bucketpipeline.py
[2024-03-12T18:08:00.150+0000] {processor.py:839} INFO - DAG(s) dict_keys(['test_s3_bucket']) retrieved from /opt/airflow/dags/simples3bucketpipeline.py
[2024-03-12T18:08:00.175+0000] {logging_mixin.py:154} INFO - [2024-03-12T18:08:00.175+0000] {dag.py:2941} INFO - Sync 1 DAGs
[2024-03-12T18:08:00.193+0000] {logging_mixin.py:154} INFO - [2024-03-12T18:08:00.193+0000] {dag.py:3722} INFO - Setting next_dagrun for test_s3_bucket to 2024-03-11T18:08:00.193437+00:00, run_after=2024-03-12T18:08:00.193437+00:00
[2024-03-12T18:08:00.210+0000] {processor.py:179} INFO - Processing /opt/airflow/dags/simples3bucketpipeline.py took 0.085 seconds
[2024-03-12T18:08:30.519+0000] {processor.py:157} INFO - Started process (PID=786) to work on /opt/airflow/dags/simples3bucketpipeline.py
[2024-03-12T18:08:30.520+0000] {processor.py:829} INFO - Processing file /opt/airflow/dags/simples3bucketpipeline.py for tasks to queue
[2024-03-12T18:08:30.522+0000] {logging_mixin.py:154} INFO - [2024-03-12T18:08:30.521+0000] {dagbag.py:536} INFO - Filling up the DagBag from /opt/airflow/dags/simples3bucketpipeline.py
[2024-03-12T18:08:30.533+0000] {processor.py:839} INFO - DAG(s) dict_keys(['test_s3_bucket']) retrieved from /opt/airflow/dags/simples3bucketpipeline.py
[2024-03-12T18:08:30.550+0000] {logging_mixin.py:154} INFO - [2024-03-12T18:08:30.550+0000] {dag.py:2941} INFO - Sync 1 DAGs
[2024-03-12T18:08:30.568+0000] {logging_mixin.py:154} INFO - [2024-03-12T18:08:30.567+0000] {dag.py:3722} INFO - Setting next_dagrun for test_s3_bucket to 2024-03-11T18:08:30.567832+00:00, run_after=2024-03-12T18:08:30.567832+00:00
[2024-03-12T18:08:30.580+0000] {processor.py:179} INFO - Processing /opt/airflow/dags/simples3bucketpipeline.py took 0.065 seconds
[2024-03-12T18:09:00.852+0000] {processor.py:157} INFO - Started process (PID=808) to work on /opt/airflow/dags/simples3bucketpipeline.py
[2024-03-12T18:09:00.853+0000] {processor.py:829} INFO - Processing file /opt/airflow/dags/simples3bucketpipeline.py for tasks to queue
[2024-03-12T18:09:00.854+0000] {logging_mixin.py:154} INFO - [2024-03-12T18:09:00.854+0000] {dagbag.py:536} INFO - Filling up the DagBag from /opt/airflow/dags/simples3bucketpipeline.py
[2024-03-12T18:09:00.865+0000] {processor.py:839} INFO - DAG(s) dict_keys(['test_s3_bucket']) retrieved from /opt/airflow/dags/simples3bucketpipeline.py
[2024-03-12T18:09:00.887+0000] {logging_mixin.py:154} INFO - [2024-03-12T18:09:00.887+0000] {dag.py:2941} INFO - Sync 1 DAGs
[2024-03-12T18:09:00.908+0000] {logging_mixin.py:154} INFO - [2024-03-12T18:09:00.908+0000] {dag.py:3722} INFO - Setting next_dagrun for test_s3_bucket to 2024-03-11T18:09:00.908241+00:00, run_after=2024-03-12T18:09:00.908241+00:00
[2024-03-12T18:09:00.928+0000] {processor.py:179} INFO - Processing /opt/airflow/dags/simples3bucketpipeline.py took 0.078 seconds
[2024-03-12T18:09:31.253+0000] {processor.py:157} INFO - Started process (PID=830) to work on /opt/airflow/dags/simples3bucketpipeline.py
[2024-03-12T18:09:31.257+0000] {processor.py:829} INFO - Processing file /opt/airflow/dags/simples3bucketpipeline.py for tasks to queue
[2024-03-12T18:09:31.260+0000] {logging_mixin.py:154} INFO - [2024-03-12T18:09:31.259+0000] {dagbag.py:536} INFO - Filling up the DagBag from /opt/airflow/dags/simples3bucketpipeline.py
[2024-03-12T18:09:31.324+0000] {processor.py:839} INFO - DAG(s) dict_keys(['test_s3_bucket']) retrieved from /opt/airflow/dags/simples3bucketpipeline.py
[2024-03-12T18:09:31.384+0000] {logging_mixin.py:154} INFO - [2024-03-12T18:09:31.384+0000] {dag.py:2941} INFO - Sync 1 DAGs
[2024-03-12T18:09:31.435+0000] {logging_mixin.py:154} INFO - [2024-03-12T18:09:31.435+0000] {dag.py:3722} INFO - Setting next_dagrun for test_s3_bucket to 2024-03-11T18:09:31.434973+00:00, run_after=2024-03-12T18:09:31.434973+00:00
[2024-03-12T18:09:31.501+0000] {processor.py:179} INFO - Processing /opt/airflow/dags/simples3bucketpipeline.py took 0.258 seconds
[2024-03-12T18:10:01.743+0000] {processor.py:157} INFO - Started process (PID=852) to work on /opt/airflow/dags/simples3bucketpipeline.py
[2024-03-12T18:10:01.746+0000] {processor.py:829} INFO - Processing file /opt/airflow/dags/simples3bucketpipeline.py for tasks to queue
[2024-03-12T18:10:01.747+0000] {logging_mixin.py:154} INFO - [2024-03-12T18:10:01.746+0000] {dagbag.py:536} INFO - Filling up the DagBag from /opt/airflow/dags/simples3bucketpipeline.py
[2024-03-12T18:10:01.763+0000] {processor.py:839} INFO - DAG(s) dict_keys(['test_s3_bucket']) retrieved from /opt/airflow/dags/simples3bucketpipeline.py
[2024-03-12T18:10:01.786+0000] {logging_mixin.py:154} INFO - [2024-03-12T18:10:01.786+0000] {dag.py:2941} INFO - Sync 1 DAGs
[2024-03-12T18:10:01.820+0000] {logging_mixin.py:154} INFO - [2024-03-12T18:10:01.819+0000] {dag.py:3722} INFO - Setting next_dagrun for test_s3_bucket to 2024-03-11T18:10:01.819549+00:00, run_after=2024-03-12T18:10:01.819549+00:00
[2024-03-12T18:10:01.841+0000] {processor.py:179} INFO - Processing /opt/airflow/dags/simples3bucketpipeline.py took 0.102 seconds
[2024-03-12T18:10:32.168+0000] {processor.py:157} INFO - Started process (PID=874) to work on /opt/airflow/dags/simples3bucketpipeline.py
[2024-03-12T18:10:32.170+0000] {processor.py:829} INFO - Processing file /opt/airflow/dags/simples3bucketpipeline.py for tasks to queue
[2024-03-12T18:10:32.171+0000] {logging_mixin.py:154} INFO - [2024-03-12T18:10:32.170+0000] {dagbag.py:536} INFO - Filling up the DagBag from /opt/airflow/dags/simples3bucketpipeline.py
[2024-03-12T18:10:32.182+0000] {processor.py:839} INFO - DAG(s) dict_keys(['test_s3_bucket']) retrieved from /opt/airflow/dags/simples3bucketpipeline.py
[2024-03-12T18:10:32.199+0000] {logging_mixin.py:154} INFO - [2024-03-12T18:10:32.199+0000] {dag.py:2941} INFO - Sync 1 DAGs
[2024-03-12T18:10:32.217+0000] {logging_mixin.py:154} INFO - [2024-03-12T18:10:32.217+0000] {dag.py:3722} INFO - Setting next_dagrun for test_s3_bucket to 2024-03-11T18:10:32.217073+00:00, run_after=2024-03-12T18:10:32.217073+00:00
[2024-03-12T18:10:32.232+0000] {processor.py:179} INFO - Processing /opt/airflow/dags/simples3bucketpipeline.py took 0.068 seconds
[2024-03-12T18:11:02.482+0000] {processor.py:157} INFO - Started process (PID=896) to work on /opt/airflow/dags/simples3bucketpipeline.py
[2024-03-12T18:11:02.483+0000] {processor.py:829} INFO - Processing file /opt/airflow/dags/simples3bucketpipeline.py for tasks to queue
[2024-03-12T18:11:02.484+0000] {logging_mixin.py:154} INFO - [2024-03-12T18:11:02.484+0000] {dagbag.py:536} INFO - Filling up the DagBag from /opt/airflow/dags/simples3bucketpipeline.py
[2024-03-12T18:11:02.495+0000] {processor.py:839} INFO - DAG(s) dict_keys(['test_s3_bucket']) retrieved from /opt/airflow/dags/simples3bucketpipeline.py
[2024-03-12T18:11:02.513+0000] {logging_mixin.py:154} INFO - [2024-03-12T18:11:02.513+0000] {dag.py:2941} INFO - Sync 1 DAGs
[2024-03-12T18:11:02.530+0000] {logging_mixin.py:154} INFO - [2024-03-12T18:11:02.530+0000] {dag.py:3722} INFO - Setting next_dagrun for test_s3_bucket to 2024-03-11T18:11:02.530333+00:00, run_after=2024-03-12T18:11:02.530333+00:00
[2024-03-12T18:11:02.545+0000] {processor.py:179} INFO - Processing /opt/airflow/dags/simples3bucketpipeline.py took 0.067 seconds
[2024-03-12T18:11:32.872+0000] {processor.py:157} INFO - Started process (PID=918) to work on /opt/airflow/dags/simples3bucketpipeline.py
[2024-03-12T18:11:32.873+0000] {processor.py:829} INFO - Processing file /opt/airflow/dags/simples3bucketpipeline.py for tasks to queue
[2024-03-12T18:11:32.874+0000] {logging_mixin.py:154} INFO - [2024-03-12T18:11:32.874+0000] {dagbag.py:536} INFO - Filling up the DagBag from /opt/airflow/dags/simples3bucketpipeline.py
[2024-03-12T18:11:32.885+0000] {processor.py:839} INFO - DAG(s) dict_keys(['test_s3_bucket']) retrieved from /opt/airflow/dags/simples3bucketpipeline.py
[2024-03-12T18:11:32.903+0000] {logging_mixin.py:154} INFO - [2024-03-12T18:11:32.902+0000] {dag.py:2941} INFO - Sync 1 DAGs
[2024-03-12T18:11:32.919+0000] {logging_mixin.py:154} INFO - [2024-03-12T18:11:32.919+0000] {dag.py:3722} INFO - Setting next_dagrun for test_s3_bucket to 2024-03-11T18:11:32.919009+00:00, run_after=2024-03-12T18:11:32.919009+00:00
[2024-03-12T18:11:32.931+0000] {processor.py:179} INFO - Processing /opt/airflow/dags/simples3bucketpipeline.py took 0.063 seconds
[2024-03-12T18:12:03.197+0000] {processor.py:157} INFO - Started process (PID=940) to work on /opt/airflow/dags/simples3bucketpipeline.py
[2024-03-12T18:12:03.198+0000] {processor.py:829} INFO - Processing file /opt/airflow/dags/simples3bucketpipeline.py for tasks to queue
[2024-03-12T18:12:03.199+0000] {logging_mixin.py:154} INFO - [2024-03-12T18:12:03.199+0000] {dagbag.py:536} INFO - Filling up the DagBag from /opt/airflow/dags/simples3bucketpipeline.py
[2024-03-12T18:12:03.206+0000] {processor.py:839} INFO - DAG(s) dict_keys(['test_s3_bucket']) retrieved from /opt/airflow/dags/simples3bucketpipeline.py
[2024-03-12T18:12:03.223+0000] {logging_mixin.py:154} INFO - [2024-03-12T18:12:03.223+0000] {dag.py:2941} INFO - Sync 1 DAGs
[2024-03-12T18:12:03.238+0000] {logging_mixin.py:154} INFO - [2024-03-12T18:12:03.238+0000] {dag.py:3722} INFO - Setting next_dagrun for test_s3_bucket to 2024-03-11T18:12:03.238299+00:00, run_after=2024-03-12T18:12:03.238299+00:00
[2024-03-12T18:12:03.251+0000] {processor.py:179} INFO - Processing /opt/airflow/dags/simples3bucketpipeline.py took 0.057 seconds
[2024-03-12T18:12:33.442+0000] {processor.py:157} INFO - Started process (PID=962) to work on /opt/airflow/dags/simples3bucketpipeline.py
[2024-03-12T18:12:33.443+0000] {processor.py:829} INFO - Processing file /opt/airflow/dags/simples3bucketpipeline.py for tasks to queue
[2024-03-12T18:12:33.443+0000] {logging_mixin.py:154} INFO - [2024-03-12T18:12:33.443+0000] {dagbag.py:536} INFO - Filling up the DagBag from /opt/airflow/dags/simples3bucketpipeline.py
[2024-03-12T18:12:33.452+0000] {processor.py:839} INFO - DAG(s) dict_keys(['test_s3_bucket']) retrieved from /opt/airflow/dags/simples3bucketpipeline.py
[2024-03-12T18:12:33.469+0000] {logging_mixin.py:154} INFO - [2024-03-12T18:12:33.469+0000] {dag.py:2941} INFO - Sync 1 DAGs
[2024-03-12T18:12:33.488+0000] {logging_mixin.py:154} INFO - [2024-03-12T18:12:33.488+0000] {dag.py:3722} INFO - Setting next_dagrun for test_s3_bucket to 2024-03-11T18:12:33.487830+00:00, run_after=2024-03-12T18:12:33.487830+00:00
[2024-03-12T18:12:33.502+0000] {processor.py:179} INFO - Processing /opt/airflow/dags/simples3bucketpipeline.py took 0.063 seconds
[2024-03-12T18:13:03.788+0000] {processor.py:157} INFO - Started process (PID=990) to work on /opt/airflow/dags/simples3bucketpipeline.py
[2024-03-12T18:13:03.790+0000] {processor.py:829} INFO - Processing file /opt/airflow/dags/simples3bucketpipeline.py for tasks to queue
[2024-03-12T18:13:03.791+0000] {logging_mixin.py:154} INFO - [2024-03-12T18:13:03.791+0000] {dagbag.py:536} INFO - Filling up the DagBag from /opt/airflow/dags/simples3bucketpipeline.py
[2024-03-12T18:13:03.805+0000] {processor.py:839} INFO - DAG(s) dict_keys(['test_s3_bucket']) retrieved from /opt/airflow/dags/simples3bucketpipeline.py
[2024-03-12T18:13:03.823+0000] {logging_mixin.py:154} INFO - [2024-03-12T18:13:03.823+0000] {dag.py:2941} INFO - Sync 1 DAGs
[2024-03-12T18:13:03.840+0000] {logging_mixin.py:154} INFO - [2024-03-12T18:13:03.840+0000] {dag.py:3722} INFO - Setting next_dagrun for test_s3_bucket to 2024-03-11T18:13:03.840317+00:00, run_after=2024-03-12T18:13:03.840317+00:00
[2024-03-12T18:13:03.854+0000] {processor.py:179} INFO - Processing /opt/airflow/dags/simples3bucketpipeline.py took 0.069 seconds
[2024-03-12T18:13:34.168+0000] {processor.py:157} INFO - Started process (PID=1013) to work on /opt/airflow/dags/simples3bucketpipeline.py
[2024-03-12T18:13:34.170+0000] {processor.py:829} INFO - Processing file /opt/airflow/dags/simples3bucketpipeline.py for tasks to queue
[2024-03-12T18:13:34.171+0000] {logging_mixin.py:154} INFO - [2024-03-12T18:13:34.171+0000] {dagbag.py:536} INFO - Filling up the DagBag from /opt/airflow/dags/simples3bucketpipeline.py
[2024-03-12T18:13:34.181+0000] {processor.py:839} INFO - DAG(s) dict_keys(['test_s3_bucket']) retrieved from /opt/airflow/dags/simples3bucketpipeline.py
[2024-03-12T18:13:34.201+0000] {logging_mixin.py:154} INFO - [2024-03-12T18:13:34.201+0000] {dag.py:2941} INFO - Sync 1 DAGs
[2024-03-12T18:13:34.220+0000] {logging_mixin.py:154} INFO - [2024-03-12T18:13:34.220+0000] {dag.py:3722} INFO - Setting next_dagrun for test_s3_bucket to 2024-03-11T18:13:34.219861+00:00, run_after=2024-03-12T18:13:34.219861+00:00
[2024-03-12T18:13:34.232+0000] {processor.py:179} INFO - Processing /opt/airflow/dags/simples3bucketpipeline.py took 0.067 seconds
[2024-03-12T18:14:04.530+0000] {processor.py:157} INFO - Started process (PID=1035) to work on /opt/airflow/dags/simples3bucketpipeline.py
[2024-03-12T18:14:04.531+0000] {processor.py:829} INFO - Processing file /opt/airflow/dags/simples3bucketpipeline.py for tasks to queue
[2024-03-12T18:14:04.532+0000] {logging_mixin.py:154} INFO - [2024-03-12T18:14:04.532+0000] {dagbag.py:536} INFO - Filling up the DagBag from /opt/airflow/dags/simples3bucketpipeline.py
[2024-03-12T18:14:04.541+0000] {processor.py:839} INFO - DAG(s) dict_keys(['test_s3_bucket']) retrieved from /opt/airflow/dags/simples3bucketpipeline.py
[2024-03-12T18:14:04.560+0000] {logging_mixin.py:154} INFO - [2024-03-12T18:14:04.560+0000] {dag.py:2941} INFO - Sync 1 DAGs
[2024-03-12T18:14:04.577+0000] {logging_mixin.py:154} INFO - [2024-03-12T18:14:04.576+0000] {dag.py:3722} INFO - Setting next_dagrun for test_s3_bucket to 2024-03-11T18:14:04.576618+00:00, run_after=2024-03-12T18:14:04.576618+00:00
[2024-03-12T18:14:04.589+0000] {processor.py:179} INFO - Processing /opt/airflow/dags/simples3bucketpipeline.py took 0.062 seconds
[2024-03-12T18:14:34.894+0000] {processor.py:157} INFO - Started process (PID=1057) to work on /opt/airflow/dags/simples3bucketpipeline.py
[2024-03-12T18:14:34.895+0000] {processor.py:829} INFO - Processing file /opt/airflow/dags/simples3bucketpipeline.py for tasks to queue
[2024-03-12T18:14:34.896+0000] {logging_mixin.py:154} INFO - [2024-03-12T18:14:34.896+0000] {dagbag.py:536} INFO - Filling up the DagBag from /opt/airflow/dags/simples3bucketpipeline.py
[2024-03-12T18:14:34.907+0000] {processor.py:839} INFO - DAG(s) dict_keys(['test_s3_bucket']) retrieved from /opt/airflow/dags/simples3bucketpipeline.py
[2024-03-12T18:14:34.925+0000] {logging_mixin.py:154} INFO - [2024-03-12T18:14:34.925+0000] {dag.py:2941} INFO - Sync 1 DAGs
[2024-03-12T18:14:34.941+0000] {logging_mixin.py:154} INFO - [2024-03-12T18:14:34.941+0000] {dag.py:3722} INFO - Setting next_dagrun for test_s3_bucket to 2024-03-11T18:14:34.940875+00:00, run_after=2024-03-12T18:14:34.940875+00:00
[2024-03-12T18:14:34.953+0000] {processor.py:179} INFO - Processing /opt/airflow/dags/simples3bucketpipeline.py took 0.063 seconds
[2024-03-12T18:15:05.211+0000] {processor.py:157} INFO - Started process (PID=1079) to work on /opt/airflow/dags/simples3bucketpipeline.py
[2024-03-12T18:15:05.212+0000] {processor.py:829} INFO - Processing file /opt/airflow/dags/simples3bucketpipeline.py for tasks to queue
[2024-03-12T18:15:05.213+0000] {logging_mixin.py:154} INFO - [2024-03-12T18:15:05.213+0000] {dagbag.py:536} INFO - Filling up the DagBag from /opt/airflow/dags/simples3bucketpipeline.py
[2024-03-12T18:15:05.221+0000] {processor.py:839} INFO - DAG(s) dict_keys(['test_s3_bucket']) retrieved from /opt/airflow/dags/simples3bucketpipeline.py
[2024-03-12T18:15:05.237+0000] {logging_mixin.py:154} INFO - [2024-03-12T18:15:05.237+0000] {dag.py:2941} INFO - Sync 1 DAGs
[2024-03-12T18:15:05.253+0000] {logging_mixin.py:154} INFO - [2024-03-12T18:15:05.253+0000] {dag.py:3722} INFO - Setting next_dagrun for test_s3_bucket to 2024-03-11T18:15:05.253194+00:00, run_after=2024-03-12T18:15:05.253194+00:00
[2024-03-12T18:15:05.266+0000] {processor.py:179} INFO - Processing /opt/airflow/dags/simples3bucketpipeline.py took 0.058 seconds
[2024-03-12T18:15:35.546+0000] {processor.py:157} INFO - Started process (PID=1101) to work on /opt/airflow/dags/simples3bucketpipeline.py
[2024-03-12T18:15:35.547+0000] {processor.py:829} INFO - Processing file /opt/airflow/dags/simples3bucketpipeline.py for tasks to queue
[2024-03-12T18:15:35.548+0000] {logging_mixin.py:154} INFO - [2024-03-12T18:15:35.548+0000] {dagbag.py:536} INFO - Filling up the DagBag from /opt/airflow/dags/simples3bucketpipeline.py
[2024-03-12T18:15:35.559+0000] {processor.py:839} INFO - DAG(s) dict_keys(['test_s3_bucket']) retrieved from /opt/airflow/dags/simples3bucketpipeline.py
[2024-03-12T18:15:35.576+0000] {logging_mixin.py:154} INFO - [2024-03-12T18:15:35.576+0000] {dag.py:2941} INFO - Sync 1 DAGs
[2024-03-12T18:15:35.592+0000] {logging_mixin.py:154} INFO - [2024-03-12T18:15:35.592+0000] {dag.py:3722} INFO - Setting next_dagrun for test_s3_bucket to 2024-03-11T18:15:35.592602+00:00, run_after=2024-03-12T18:15:35.592602+00:00
[2024-03-12T18:15:35.605+0000] {processor.py:179} INFO - Processing /opt/airflow/dags/simples3bucketpipeline.py took 0.063 seconds
[2024-03-12T18:16:05.927+0000] {processor.py:157} INFO - Started process (PID=1123) to work on /opt/airflow/dags/simples3bucketpipeline.py
[2024-03-12T18:16:05.929+0000] {processor.py:829} INFO - Processing file /opt/airflow/dags/simples3bucketpipeline.py for tasks to queue
[2024-03-12T18:16:05.930+0000] {logging_mixin.py:154} INFO - [2024-03-12T18:16:05.930+0000] {dagbag.py:536} INFO - Filling up the DagBag from /opt/airflow/dags/simples3bucketpipeline.py
[2024-03-12T18:16:05.942+0000] {processor.py:839} INFO - DAG(s) dict_keys(['test_s3_bucket']) retrieved from /opt/airflow/dags/simples3bucketpipeline.py
[2024-03-12T18:16:05.961+0000] {logging_mixin.py:154} INFO - [2024-03-12T18:16:05.961+0000] {dag.py:2941} INFO - Sync 1 DAGs
[2024-03-12T18:16:05.978+0000] {logging_mixin.py:154} INFO - [2024-03-12T18:16:05.978+0000] {dag.py:3722} INFO - Setting next_dagrun for test_s3_bucket to 2024-03-11T18:16:05.978188+00:00, run_after=2024-03-12T18:16:05.978188+00:00
[2024-03-12T18:16:05.991+0000] {processor.py:179} INFO - Processing /opt/airflow/dags/simples3bucketpipeline.py took 0.067 seconds
[2024-03-12T18:16:36.292+0000] {processor.py:157} INFO - Started process (PID=1145) to work on /opt/airflow/dags/simples3bucketpipeline.py
[2024-03-12T18:16:36.293+0000] {processor.py:829} INFO - Processing file /opt/airflow/dags/simples3bucketpipeline.py for tasks to queue
[2024-03-12T18:16:36.294+0000] {logging_mixin.py:154} INFO - [2024-03-12T18:16:36.294+0000] {dagbag.py:536} INFO - Filling up the DagBag from /opt/airflow/dags/simples3bucketpipeline.py
[2024-03-12T18:16:36.305+0000] {processor.py:839} INFO - DAG(s) dict_keys(['test_s3_bucket']) retrieved from /opt/airflow/dags/simples3bucketpipeline.py
[2024-03-12T18:16:36.323+0000] {logging_mixin.py:154} INFO - [2024-03-12T18:16:36.323+0000] {dag.py:2941} INFO - Sync 1 DAGs
[2024-03-12T18:16:36.338+0000] {logging_mixin.py:154} INFO - [2024-03-12T18:16:36.338+0000] {dag.py:3722} INFO - Setting next_dagrun for test_s3_bucket to 2024-03-11T18:16:36.338588+00:00, run_after=2024-03-12T18:16:36.338588+00:00
[2024-03-12T18:16:36.350+0000] {processor.py:179} INFO - Processing /opt/airflow/dags/simples3bucketpipeline.py took 0.063 seconds
[2024-03-12T18:17:06.647+0000] {processor.py:157} INFO - Started process (PID=1167) to work on /opt/airflow/dags/simples3bucketpipeline.py
[2024-03-12T18:17:06.649+0000] {processor.py:829} INFO - Processing file /opt/airflow/dags/simples3bucketpipeline.py for tasks to queue
[2024-03-12T18:17:06.650+0000] {logging_mixin.py:154} INFO - [2024-03-12T18:17:06.650+0000] {dagbag.py:536} INFO - Filling up the DagBag from /opt/airflow/dags/simples3bucketpipeline.py
[2024-03-12T18:17:06.668+0000] {processor.py:839} INFO - DAG(s) dict_keys(['test_s3_bucket']) retrieved from /opt/airflow/dags/simples3bucketpipeline.py
[2024-03-12T18:17:06.689+0000] {logging_mixin.py:154} INFO - [2024-03-12T18:17:06.689+0000] {dag.py:2941} INFO - Sync 1 DAGs
[2024-03-12T18:17:06.710+0000] {logging_mixin.py:154} INFO - [2024-03-12T18:17:06.710+0000] {dag.py:3722} INFO - Setting next_dagrun for test_s3_bucket to 2024-03-11T18:17:06.709832+00:00, run_after=2024-03-12T18:17:06.709832+00:00
[2024-03-12T18:17:06.724+0000] {processor.py:179} INFO - Processing /opt/airflow/dags/simples3bucketpipeline.py took 0.082 seconds
[2024-03-12T18:17:36.994+0000] {processor.py:157} INFO - Started process (PID=1189) to work on /opt/airflow/dags/simples3bucketpipeline.py
[2024-03-12T18:17:36.995+0000] {processor.py:829} INFO - Processing file /opt/airflow/dags/simples3bucketpipeline.py for tasks to queue
[2024-03-12T18:17:36.996+0000] {logging_mixin.py:154} INFO - [2024-03-12T18:17:36.995+0000] {dagbag.py:536} INFO - Filling up the DagBag from /opt/airflow/dags/simples3bucketpipeline.py
[2024-03-12T18:17:37.005+0000] {processor.py:839} INFO - DAG(s) dict_keys(['test_s3_bucket']) retrieved from /opt/airflow/dags/simples3bucketpipeline.py
[2024-03-12T18:17:37.021+0000] {logging_mixin.py:154} INFO - [2024-03-12T18:17:37.021+0000] {dag.py:2941} INFO - Sync 1 DAGs
[2024-03-12T18:17:37.036+0000] {logging_mixin.py:154} INFO - [2024-03-12T18:17:37.036+0000] {dag.py:3722} INFO - Setting next_dagrun for test_s3_bucket to 2024-03-11T18:17:37.036586+00:00, run_after=2024-03-12T18:17:37.036586+00:00
[2024-03-12T18:17:37.049+0000] {processor.py:179} INFO - Processing /opt/airflow/dags/simples3bucketpipeline.py took 0.059 seconds
[2024-03-12T18:18:07.358+0000] {processor.py:157} INFO - Started process (PID=1210) to work on /opt/airflow/dags/simples3bucketpipeline.py
[2024-03-12T18:18:07.360+0000] {processor.py:829} INFO - Processing file /opt/airflow/dags/simples3bucketpipeline.py for tasks to queue
[2024-03-12T18:18:07.361+0000] {logging_mixin.py:154} INFO - [2024-03-12T18:18:07.361+0000] {dagbag.py:536} INFO - Filling up the DagBag from /opt/airflow/dags/simples3bucketpipeline.py
[2024-03-12T18:18:07.373+0000] {processor.py:839} INFO - DAG(s) dict_keys(['test_s3_bucket']) retrieved from /opt/airflow/dags/simples3bucketpipeline.py
[2024-03-12T18:18:07.391+0000] {logging_mixin.py:154} INFO - [2024-03-12T18:18:07.391+0000] {dag.py:2941} INFO - Sync 1 DAGs
[2024-03-12T18:18:07.407+0000] {logging_mixin.py:154} INFO - [2024-03-12T18:18:07.407+0000] {dag.py:3722} INFO - Setting next_dagrun for test_s3_bucket to 2024-03-11T18:18:07.407147+00:00, run_after=2024-03-12T18:18:07.407147+00:00
[2024-03-12T18:18:07.419+0000] {processor.py:179} INFO - Processing /opt/airflow/dags/simples3bucketpipeline.py took 0.067 seconds
[2024-03-12T18:18:37.738+0000] {processor.py:157} INFO - Started process (PID=1232) to work on /opt/airflow/dags/simples3bucketpipeline.py
[2024-03-12T18:18:37.739+0000] {processor.py:829} INFO - Processing file /opt/airflow/dags/simples3bucketpipeline.py for tasks to queue
[2024-03-12T18:18:37.740+0000] {logging_mixin.py:154} INFO - [2024-03-12T18:18:37.740+0000] {dagbag.py:536} INFO - Filling up the DagBag from /opt/airflow/dags/simples3bucketpipeline.py
[2024-03-12T18:18:37.752+0000] {processor.py:839} INFO - DAG(s) dict_keys(['test_s3_bucket']) retrieved from /opt/airflow/dags/simples3bucketpipeline.py
[2024-03-12T18:18:37.771+0000] {logging_mixin.py:154} INFO - [2024-03-12T18:18:37.771+0000] {dag.py:2941} INFO - Sync 1 DAGs
[2024-03-12T18:18:37.788+0000] {logging_mixin.py:154} INFO - [2024-03-12T18:18:37.788+0000] {dag.py:3722} INFO - Setting next_dagrun for test_s3_bucket to 2024-03-11T18:18:37.788455+00:00, run_after=2024-03-12T18:18:37.788455+00:00
[2024-03-12T18:18:37.800+0000] {processor.py:179} INFO - Processing /opt/airflow/dags/simples3bucketpipeline.py took 0.067 seconds
[2024-03-12T18:19:08.033+0000] {processor.py:157} INFO - Started process (PID=1254) to work on /opt/airflow/dags/simples3bucketpipeline.py
[2024-03-12T18:19:08.035+0000] {processor.py:829} INFO - Processing file /opt/airflow/dags/simples3bucketpipeline.py for tasks to queue
[2024-03-12T18:19:08.039+0000] {logging_mixin.py:154} INFO - [2024-03-12T18:19:08.038+0000] {dagbag.py:536} INFO - Filling up the DagBag from /opt/airflow/dags/simples3bucketpipeline.py
[2024-03-12T18:19:08.053+0000] {processor.py:839} INFO - DAG(s) dict_keys(['test_s3_bucket']) retrieved from /opt/airflow/dags/simples3bucketpipeline.py
[2024-03-12T18:19:08.075+0000] {logging_mixin.py:154} INFO - [2024-03-12T18:19:08.075+0000] {dag.py:2941} INFO - Sync 1 DAGs
[2024-03-12T18:19:08.093+0000] {logging_mixin.py:154} INFO - [2024-03-12T18:19:08.093+0000] {dag.py:3722} INFO - Setting next_dagrun for test_s3_bucket to 2024-03-11T18:19:08.092897+00:00, run_after=2024-03-12T18:19:08.092897+00:00
[2024-03-12T18:19:08.108+0000] {processor.py:179} INFO - Processing /opt/airflow/dags/simples3bucketpipeline.py took 0.079 seconds
[2024-03-12T18:19:38.457+0000] {processor.py:157} INFO - Started process (PID=1276) to work on /opt/airflow/dags/simples3bucketpipeline.py
[2024-03-12T18:19:38.458+0000] {processor.py:829} INFO - Processing file /opt/airflow/dags/simples3bucketpipeline.py for tasks to queue
[2024-03-12T18:19:38.459+0000] {logging_mixin.py:154} INFO - [2024-03-12T18:19:38.459+0000] {dagbag.py:536} INFO - Filling up the DagBag from /opt/airflow/dags/simples3bucketpipeline.py
[2024-03-12T18:19:38.470+0000] {processor.py:839} INFO - DAG(s) dict_keys(['test_s3_bucket']) retrieved from /opt/airflow/dags/simples3bucketpipeline.py
[2024-03-12T18:19:38.489+0000] {logging_mixin.py:154} INFO - [2024-03-12T18:19:38.489+0000] {dag.py:2941} INFO - Sync 1 DAGs
[2024-03-12T18:19:38.505+0000] {logging_mixin.py:154} INFO - [2024-03-12T18:19:38.505+0000] {dag.py:3722} INFO - Setting next_dagrun for test_s3_bucket to 2024-03-11T18:19:38.505117+00:00, run_after=2024-03-12T18:19:38.505117+00:00
[2024-03-12T18:19:38.518+0000] {processor.py:179} INFO - Processing /opt/airflow/dags/simples3bucketpipeline.py took 0.066 seconds
[2024-03-12T18:20:08.831+0000] {processor.py:157} INFO - Started process (PID=1298) to work on /opt/airflow/dags/simples3bucketpipeline.py
[2024-03-12T18:20:08.833+0000] {processor.py:829} INFO - Processing file /opt/airflow/dags/simples3bucketpipeline.py for tasks to queue
[2024-03-12T18:20:08.834+0000] {logging_mixin.py:154} INFO - [2024-03-12T18:20:08.834+0000] {dagbag.py:536} INFO - Filling up the DagBag from /opt/airflow/dags/simples3bucketpipeline.py
[2024-03-12T18:20:08.846+0000] {processor.py:839} INFO - DAG(s) dict_keys(['test_s3_bucket']) retrieved from /opt/airflow/dags/simples3bucketpipeline.py
[2024-03-12T18:20:08.865+0000] {logging_mixin.py:154} INFO - [2024-03-12T18:20:08.865+0000] {dag.py:2941} INFO - Sync 1 DAGs
[2024-03-12T18:20:08.882+0000] {logging_mixin.py:154} INFO - [2024-03-12T18:20:08.882+0000] {dag.py:3722} INFO - Setting next_dagrun for test_s3_bucket to 2024-03-11T18:20:08.882005+00:00, run_after=2024-03-12T18:20:08.882005+00:00
[2024-03-12T18:20:08.895+0000] {processor.py:179} INFO - Processing /opt/airflow/dags/simples3bucketpipeline.py took 0.068 seconds
[2024-03-12T18:20:39.240+0000] {processor.py:157} INFO - Started process (PID=1320) to work on /opt/airflow/dags/simples3bucketpipeline.py
[2024-03-12T18:20:39.242+0000] {processor.py:829} INFO - Processing file /opt/airflow/dags/simples3bucketpipeline.py for tasks to queue
[2024-03-12T18:20:39.243+0000] {logging_mixin.py:154} INFO - [2024-03-12T18:20:39.242+0000] {dagbag.py:536} INFO - Filling up the DagBag from /opt/airflow/dags/simples3bucketpipeline.py
[2024-03-12T18:20:39.254+0000] {processor.py:839} INFO - DAG(s) dict_keys(['test_s3_bucket']) retrieved from /opt/airflow/dags/simples3bucketpipeline.py
[2024-03-12T18:20:39.271+0000] {logging_mixin.py:154} INFO - [2024-03-12T18:20:39.271+0000] {dag.py:2941} INFO - Sync 1 DAGs
[2024-03-12T18:20:39.287+0000] {logging_mixin.py:154} INFO - [2024-03-12T18:20:39.287+0000] {dag.py:3722} INFO - Setting next_dagrun for test_s3_bucket to 2024-03-11T18:20:39.286878+00:00, run_after=2024-03-12T18:20:39.286878+00:00
[2024-03-12T18:20:39.299+0000] {processor.py:179} INFO - Processing /opt/airflow/dags/simples3bucketpipeline.py took 0.063 seconds
[2024-03-12T18:21:09.592+0000] {processor.py:157} INFO - Started process (PID=1342) to work on /opt/airflow/dags/simples3bucketpipeline.py
[2024-03-12T18:21:09.593+0000] {processor.py:829} INFO - Processing file /opt/airflow/dags/simples3bucketpipeline.py for tasks to queue
[2024-03-12T18:21:09.594+0000] {logging_mixin.py:154} INFO - [2024-03-12T18:21:09.594+0000] {dagbag.py:536} INFO - Filling up the DagBag from /opt/airflow/dags/simples3bucketpipeline.py
[2024-03-12T18:21:09.604+0000] {processor.py:839} INFO - DAG(s) dict_keys(['test_s3_bucket']) retrieved from /opt/airflow/dags/simples3bucketpipeline.py
[2024-03-12T18:21:09.620+0000] {logging_mixin.py:154} INFO - [2024-03-12T18:21:09.620+0000] {dag.py:2941} INFO - Sync 1 DAGs
[2024-03-12T18:21:09.636+0000] {logging_mixin.py:154} INFO - [2024-03-12T18:21:09.636+0000] {dag.py:3722} INFO - Setting next_dagrun for test_s3_bucket to 2024-03-11T18:21:09.636538+00:00, run_after=2024-03-12T18:21:09.636538+00:00
[2024-03-12T18:21:09.649+0000] {processor.py:179} INFO - Processing /opt/airflow/dags/simples3bucketpipeline.py took 0.061 seconds
[2024-03-12T18:21:39.947+0000] {processor.py:157} INFO - Started process (PID=1364) to work on /opt/airflow/dags/simples3bucketpipeline.py
[2024-03-12T18:21:39.948+0000] {processor.py:829} INFO - Processing file /opt/airflow/dags/simples3bucketpipeline.py for tasks to queue
[2024-03-12T18:21:39.949+0000] {logging_mixin.py:154} INFO - [2024-03-12T18:21:39.948+0000] {dagbag.py:536} INFO - Filling up the DagBag from /opt/airflow/dags/simples3bucketpipeline.py
[2024-03-12T18:21:39.958+0000] {processor.py:839} INFO - DAG(s) dict_keys(['test_s3_bucket']) retrieved from /opt/airflow/dags/simples3bucketpipeline.py
[2024-03-12T18:21:39.973+0000] {logging_mixin.py:154} INFO - [2024-03-12T18:21:39.973+0000] {dag.py:2941} INFO - Sync 1 DAGs
[2024-03-12T18:21:39.989+0000] {logging_mixin.py:154} INFO - [2024-03-12T18:21:39.989+0000] {dag.py:3722} INFO - Setting next_dagrun for test_s3_bucket to 2024-03-11T18:21:39.989040+00:00, run_after=2024-03-12T18:21:39.989040+00:00
[2024-03-12T18:21:40.001+0000] {processor.py:179} INFO - Processing /opt/airflow/dags/simples3bucketpipeline.py took 0.058 seconds
[2024-03-12T18:22:10.272+0000] {processor.py:157} INFO - Started process (PID=1386) to work on /opt/airflow/dags/simples3bucketpipeline.py
[2024-03-12T18:22:10.273+0000] {processor.py:829} INFO - Processing file /opt/airflow/dags/simples3bucketpipeline.py for tasks to queue
[2024-03-12T18:22:10.274+0000] {logging_mixin.py:154} INFO - [2024-03-12T18:22:10.274+0000] {dagbag.py:536} INFO - Filling up the DagBag from /opt/airflow/dags/simples3bucketpipeline.py
[2024-03-12T18:22:10.285+0000] {processor.py:839} INFO - DAG(s) dict_keys(['test_s3_bucket']) retrieved from /opt/airflow/dags/simples3bucketpipeline.py
[2024-03-12T18:22:10.307+0000] {logging_mixin.py:154} INFO - [2024-03-12T18:22:10.307+0000] {dag.py:2941} INFO - Sync 1 DAGs
[2024-03-12T18:22:10.326+0000] {logging_mixin.py:154} INFO - [2024-03-12T18:22:10.326+0000] {dag.py:3722} INFO - Setting next_dagrun for test_s3_bucket to 2024-03-11T18:22:10.325853+00:00, run_after=2024-03-12T18:22:10.325853+00:00
[2024-03-12T18:22:10.339+0000] {processor.py:179} INFO - Processing /opt/airflow/dags/simples3bucketpipeline.py took 0.071 seconds
[2024-03-12T18:22:40.642+0000] {processor.py:157} INFO - Started process (PID=1408) to work on /opt/airflow/dags/simples3bucketpipeline.py
[2024-03-12T18:22:40.643+0000] {processor.py:829} INFO - Processing file /opt/airflow/dags/simples3bucketpipeline.py for tasks to queue
[2024-03-12T18:22:40.645+0000] {logging_mixin.py:154} INFO - [2024-03-12T18:22:40.644+0000] {dagbag.py:536} INFO - Filling up the DagBag from /opt/airflow/dags/simples3bucketpipeline.py
[2024-03-12T18:22:40.653+0000] {processor.py:839} INFO - DAG(s) dict_keys(['test_s3_bucket']) retrieved from /opt/airflow/dags/simples3bucketpipeline.py
[2024-03-12T18:22:40.669+0000] {logging_mixin.py:154} INFO - [2024-03-12T18:22:40.669+0000] {dag.py:2941} INFO - Sync 1 DAGs
[2024-03-12T18:22:40.687+0000] {logging_mixin.py:154} INFO - [2024-03-12T18:22:40.687+0000] {dag.py:3722} INFO - Setting next_dagrun for test_s3_bucket to 2024-03-11T18:22:40.687265+00:00, run_after=2024-03-12T18:22:40.687265+00:00
[2024-03-12T18:22:40.704+0000] {processor.py:179} INFO - Processing /opt/airflow/dags/simples3bucketpipeline.py took 0.067 seconds
[2024-03-12T18:23:10.975+0000] {processor.py:157} INFO - Started process (PID=1430) to work on /opt/airflow/dags/simples3bucketpipeline.py
[2024-03-12T18:23:10.977+0000] {processor.py:829} INFO - Processing file /opt/airflow/dags/simples3bucketpipeline.py for tasks to queue
[2024-03-12T18:23:10.977+0000] {logging_mixin.py:154} INFO - [2024-03-12T18:23:10.977+0000] {dagbag.py:536} INFO - Filling up the DagBag from /opt/airflow/dags/simples3bucketpipeline.py
[2024-03-12T18:23:10.990+0000] {processor.py:839} INFO - DAG(s) dict_keys(['test_s3_bucket']) retrieved from /opt/airflow/dags/simples3bucketpipeline.py
[2024-03-12T18:23:11.009+0000] {logging_mixin.py:154} INFO - [2024-03-12T18:23:11.009+0000] {dag.py:2941} INFO - Sync 1 DAGs
[2024-03-12T18:23:11.025+0000] {logging_mixin.py:154} INFO - [2024-03-12T18:23:11.025+0000] {dag.py:3722} INFO - Setting next_dagrun for test_s3_bucket to 2024-03-11T18:23:11.025545+00:00, run_after=2024-03-12T18:23:11.025545+00:00
[2024-03-12T18:23:11.037+0000] {processor.py:179} INFO - Processing /opt/airflow/dags/simples3bucketpipeline.py took 0.065 seconds
[2024-03-12T18:23:41.333+0000] {processor.py:157} INFO - Started process (PID=1452) to work on /opt/airflow/dags/simples3bucketpipeline.py
[2024-03-12T18:23:41.334+0000] {processor.py:829} INFO - Processing file /opt/airflow/dags/simples3bucketpipeline.py for tasks to queue
[2024-03-12T18:23:41.335+0000] {logging_mixin.py:154} INFO - [2024-03-12T18:23:41.335+0000] {dagbag.py:536} INFO - Filling up the DagBag from /opt/airflow/dags/simples3bucketpipeline.py
[2024-03-12T18:23:41.346+0000] {processor.py:839} INFO - DAG(s) dict_keys(['test_s3_bucket']) retrieved from /opt/airflow/dags/simples3bucketpipeline.py
[2024-03-12T18:23:41.365+0000] {logging_mixin.py:154} INFO - [2024-03-12T18:23:41.365+0000] {dag.py:2941} INFO - Sync 1 DAGs
[2024-03-12T18:23:41.380+0000] {logging_mixin.py:154} INFO - [2024-03-12T18:23:41.380+0000] {dag.py:3722} INFO - Setting next_dagrun for test_s3_bucket to 2024-03-11T18:23:41.380489+00:00, run_after=2024-03-12T18:23:41.380489+00:00
[2024-03-12T18:23:41.393+0000] {processor.py:179} INFO - Processing /opt/airflow/dags/simples3bucketpipeline.py took 0.065 seconds
[2024-03-12T18:24:11.678+0000] {processor.py:157} INFO - Started process (PID=1474) to work on /opt/airflow/dags/simples3bucketpipeline.py
[2024-03-12T18:24:11.680+0000] {processor.py:829} INFO - Processing file /opt/airflow/dags/simples3bucketpipeline.py for tasks to queue
[2024-03-12T18:24:11.680+0000] {logging_mixin.py:154} INFO - [2024-03-12T18:24:11.680+0000] {dagbag.py:536} INFO - Filling up the DagBag from /opt/airflow/dags/simples3bucketpipeline.py
[2024-03-12T18:24:11.690+0000] {processor.py:839} INFO - DAG(s) dict_keys(['test_s3_bucket']) retrieved from /opt/airflow/dags/simples3bucketpipeline.py
[2024-03-12T18:24:11.709+0000] {logging_mixin.py:154} INFO - [2024-03-12T18:24:11.709+0000] {dag.py:2941} INFO - Sync 1 DAGs
[2024-03-12T18:24:11.730+0000] {logging_mixin.py:154} INFO - [2024-03-12T18:24:11.729+0000] {dag.py:3722} INFO - Setting next_dagrun for test_s3_bucket to 2024-03-11T18:24:11.729729+00:00, run_after=2024-03-12T18:24:11.729729+00:00
[2024-03-12T18:24:11.744+0000] {processor.py:179} INFO - Processing /opt/airflow/dags/simples3bucketpipeline.py took 0.069 seconds
[2024-03-12T18:24:42.112+0000] {processor.py:157} INFO - Started process (PID=1496) to work on /opt/airflow/dags/simples3bucketpipeline.py
[2024-03-12T18:24:42.116+0000] {processor.py:829} INFO - Processing file /opt/airflow/dags/simples3bucketpipeline.py for tasks to queue
[2024-03-12T18:24:42.117+0000] {logging_mixin.py:154} INFO - [2024-03-12T18:24:42.117+0000] {dagbag.py:536} INFO - Filling up the DagBag from /opt/airflow/dags/simples3bucketpipeline.py
[2024-03-12T18:24:42.128+0000] {processor.py:839} INFO - DAG(s) dict_keys(['test_s3_bucket']) retrieved from /opt/airflow/dags/simples3bucketpipeline.py
[2024-03-12T18:24:42.146+0000] {logging_mixin.py:154} INFO - [2024-03-12T18:24:42.146+0000] {dag.py:2941} INFO - Sync 1 DAGs
[2024-03-12T18:24:42.161+0000] {logging_mixin.py:154} INFO - [2024-03-12T18:24:42.161+0000] {dag.py:3722} INFO - Setting next_dagrun for test_s3_bucket to 2024-03-11T18:24:42.161604+00:00, run_after=2024-03-12T18:24:42.161604+00:00
[2024-03-12T18:24:42.174+0000] {processor.py:179} INFO - Processing /opt/airflow/dags/simples3bucketpipeline.py took 0.067 seconds
[2024-03-12T18:25:12.566+0000] {processor.py:157} INFO - Started process (PID=1518) to work on /opt/airflow/dags/simples3bucketpipeline.py
[2024-03-12T18:25:12.568+0000] {processor.py:829} INFO - Processing file /opt/airflow/dags/simples3bucketpipeline.py for tasks to queue
[2024-03-12T18:25:12.569+0000] {logging_mixin.py:154} INFO - [2024-03-12T18:25:12.569+0000] {dagbag.py:536} INFO - Filling up the DagBag from /opt/airflow/dags/simples3bucketpipeline.py
[2024-03-12T18:25:12.581+0000] {processor.py:839} INFO - DAG(s) dict_keys(['test_s3_bucket']) retrieved from /opt/airflow/dags/simples3bucketpipeline.py
[2024-03-12T18:25:12.599+0000] {logging_mixin.py:154} INFO - [2024-03-12T18:25:12.599+0000] {dag.py:2941} INFO - Sync 1 DAGs
[2024-03-12T18:25:12.616+0000] {logging_mixin.py:154} INFO - [2024-03-12T18:25:12.615+0000] {dag.py:3722} INFO - Setting next_dagrun for test_s3_bucket to 2024-03-11T18:25:12.615742+00:00, run_after=2024-03-12T18:25:12.615742+00:00
[2024-03-12T18:25:12.628+0000] {processor.py:179} INFO - Processing /opt/airflow/dags/simples3bucketpipeline.py took 0.067 seconds
[2024-03-12T18:25:43.002+0000] {processor.py:157} INFO - Started process (PID=1540) to work on /opt/airflow/dags/simples3bucketpipeline.py
[2024-03-12T18:25:43.004+0000] {processor.py:829} INFO - Processing file /opt/airflow/dags/simples3bucketpipeline.py for tasks to queue
[2024-03-12T18:25:43.005+0000] {logging_mixin.py:154} INFO - [2024-03-12T18:25:43.005+0000] {dagbag.py:536} INFO - Filling up the DagBag from /opt/airflow/dags/simples3bucketpipeline.py
[2024-03-12T18:25:43.016+0000] {processor.py:839} INFO - DAG(s) dict_keys(['test_s3_bucket']) retrieved from /opt/airflow/dags/simples3bucketpipeline.py
[2024-03-12T18:25:43.034+0000] {logging_mixin.py:154} INFO - [2024-03-12T18:25:43.034+0000] {dag.py:2941} INFO - Sync 1 DAGs
[2024-03-12T18:25:43.050+0000] {logging_mixin.py:154} INFO - [2024-03-12T18:25:43.049+0000] {dag.py:3722} INFO - Setting next_dagrun for test_s3_bucket to 2024-03-11T18:25:43.049784+00:00, run_after=2024-03-12T18:25:43.049784+00:00
[2024-03-12T18:25:43.062+0000] {processor.py:179} INFO - Processing /opt/airflow/dags/simples3bucketpipeline.py took 0.064 seconds
[2024-03-12T18:26:13.388+0000] {processor.py:157} INFO - Started process (PID=1562) to work on /opt/airflow/dags/simples3bucketpipeline.py
[2024-03-12T18:26:13.394+0000] {processor.py:829} INFO - Processing file /opt/airflow/dags/simples3bucketpipeline.py for tasks to queue
[2024-03-12T18:26:13.396+0000] {logging_mixin.py:154} INFO - [2024-03-12T18:26:13.396+0000] {dagbag.py:536} INFO - Filling up the DagBag from /opt/airflow/dags/simples3bucketpipeline.py
[2024-03-12T18:26:13.412+0000] {processor.py:839} INFO - DAG(s) dict_keys(['test_s3_bucket']) retrieved from /opt/airflow/dags/simples3bucketpipeline.py
[2024-03-12T18:26:13.430+0000] {logging_mixin.py:154} INFO - [2024-03-12T18:26:13.430+0000] {dag.py:2941} INFO - Sync 1 DAGs
[2024-03-12T18:26:13.446+0000] {logging_mixin.py:154} INFO - [2024-03-12T18:26:13.446+0000] {dag.py:3722} INFO - Setting next_dagrun for test_s3_bucket to 2024-03-11T18:26:13.446345+00:00, run_after=2024-03-12T18:26:13.446345+00:00
[2024-03-12T18:26:13.458+0000] {processor.py:179} INFO - Processing /opt/airflow/dags/simples3bucketpipeline.py took 0.077 seconds
[2024-03-12T18:26:43.801+0000] {processor.py:157} INFO - Started process (PID=1584) to work on /opt/airflow/dags/simples3bucketpipeline.py
[2024-03-12T18:26:43.803+0000] {processor.py:829} INFO - Processing file /opt/airflow/dags/simples3bucketpipeline.py for tasks to queue
[2024-03-12T18:26:43.804+0000] {logging_mixin.py:154} INFO - [2024-03-12T18:26:43.804+0000] {dagbag.py:536} INFO - Filling up the DagBag from /opt/airflow/dags/simples3bucketpipeline.py
[2024-03-12T18:26:43.816+0000] {processor.py:839} INFO - DAG(s) dict_keys(['test_s3_bucket']) retrieved from /opt/airflow/dags/simples3bucketpipeline.py
[2024-03-12T18:26:43.836+0000] {logging_mixin.py:154} INFO - [2024-03-12T18:26:43.836+0000] {dag.py:2941} INFO - Sync 1 DAGs
[2024-03-12T18:26:43.852+0000] {logging_mixin.py:154} INFO - [2024-03-12T18:26:43.851+0000] {dag.py:3722} INFO - Setting next_dagrun for test_s3_bucket to 2024-03-11T18:26:43.851753+00:00, run_after=2024-03-12T18:26:43.851753+00:00
[2024-03-12T18:26:43.864+0000] {processor.py:179} INFO - Processing /opt/airflow/dags/simples3bucketpipeline.py took 0.068 seconds
[2024-03-12T18:27:14.226+0000] {processor.py:157} INFO - Started process (PID=1606) to work on /opt/airflow/dags/simples3bucketpipeline.py
[2024-03-12T18:27:14.227+0000] {processor.py:829} INFO - Processing file /opt/airflow/dags/simples3bucketpipeline.py for tasks to queue
[2024-03-12T18:27:14.228+0000] {logging_mixin.py:154} INFO - [2024-03-12T18:27:14.228+0000] {dagbag.py:536} INFO - Filling up the DagBag from /opt/airflow/dags/simples3bucketpipeline.py
[2024-03-12T18:27:14.244+0000] {processor.py:839} INFO - DAG(s) dict_keys(['test_s3_bucket']) retrieved from /opt/airflow/dags/simples3bucketpipeline.py
[2024-03-12T18:27:14.265+0000] {logging_mixin.py:154} INFO - [2024-03-12T18:27:14.265+0000] {dag.py:2941} INFO - Sync 1 DAGs
[2024-03-12T18:27:14.286+0000] {logging_mixin.py:154} INFO - [2024-03-12T18:27:14.285+0000] {dag.py:3722} INFO - Setting next_dagrun for test_s3_bucket to 2024-03-11T18:27:14.285722+00:00, run_after=2024-03-12T18:27:14.285722+00:00
[2024-03-12T18:27:14.303+0000] {processor.py:179} INFO - Processing /opt/airflow/dags/simples3bucketpipeline.py took 0.083 seconds
[2024-03-12T18:27:44.642+0000] {processor.py:157} INFO - Started process (PID=1628) to work on /opt/airflow/dags/simples3bucketpipeline.py
[2024-03-12T18:27:44.645+0000] {processor.py:829} INFO - Processing file /opt/airflow/dags/simples3bucketpipeline.py for tasks to queue
[2024-03-12T18:27:44.646+0000] {logging_mixin.py:154} INFO - [2024-03-12T18:27:44.646+0000] {dagbag.py:536} INFO - Filling up the DagBag from /opt/airflow/dags/simples3bucketpipeline.py
[2024-03-12T18:27:44.654+0000] {processor.py:839} INFO - DAG(s) dict_keys(['test_s3_bucket']) retrieved from /opt/airflow/dags/simples3bucketpipeline.py
[2024-03-12T18:27:44.672+0000] {logging_mixin.py:154} INFO - [2024-03-12T18:27:44.672+0000] {dag.py:2941} INFO - Sync 1 DAGs
[2024-03-12T18:27:44.689+0000] {logging_mixin.py:154} INFO - [2024-03-12T18:27:44.689+0000] {dag.py:3722} INFO - Setting next_dagrun for test_s3_bucket to 2024-03-11T18:27:44.688994+00:00, run_after=2024-03-12T18:27:44.688994+00:00
[2024-03-12T18:27:44.701+0000] {processor.py:179} INFO - Processing /opt/airflow/dags/simples3bucketpipeline.py took 0.063 seconds
[2024-03-12T18:28:14.977+0000] {processor.py:157} INFO - Started process (PID=1650) to work on /opt/airflow/dags/simples3bucketpipeline.py
[2024-03-12T18:28:14.978+0000] {processor.py:829} INFO - Processing file /opt/airflow/dags/simples3bucketpipeline.py for tasks to queue
[2024-03-12T18:28:14.979+0000] {logging_mixin.py:154} INFO - [2024-03-12T18:28:14.979+0000] {dagbag.py:536} INFO - Filling up the DagBag from /opt/airflow/dags/simples3bucketpipeline.py
[2024-03-12T18:28:14.988+0000] {processor.py:839} INFO - DAG(s) dict_keys(['test_s3_bucket']) retrieved from /opt/airflow/dags/simples3bucketpipeline.py
[2024-03-12T18:28:15.005+0000] {logging_mixin.py:154} INFO - [2024-03-12T18:28:15.005+0000] {dag.py:2941} INFO - Sync 1 DAGs
[2024-03-12T18:28:15.023+0000] {logging_mixin.py:154} INFO - [2024-03-12T18:28:15.023+0000] {dag.py:3722} INFO - Setting next_dagrun for test_s3_bucket to 2024-03-11T18:28:15.022812+00:00, run_after=2024-03-12T18:28:15.022812+00:00
[2024-03-12T18:28:15.036+0000] {processor.py:179} INFO - Processing /opt/airflow/dags/simples3bucketpipeline.py took 0.061 seconds
[2024-03-12T18:28:45.386+0000] {processor.py:157} INFO - Started process (PID=1672) to work on /opt/airflow/dags/simples3bucketpipeline.py
[2024-03-12T18:28:45.387+0000] {processor.py:829} INFO - Processing file /opt/airflow/dags/simples3bucketpipeline.py for tasks to queue
[2024-03-12T18:28:45.388+0000] {logging_mixin.py:154} INFO - [2024-03-12T18:28:45.388+0000] {dagbag.py:536} INFO - Filling up the DagBag from /opt/airflow/dags/simples3bucketpipeline.py
[2024-03-12T18:28:45.400+0000] {processor.py:839} INFO - DAG(s) dict_keys(['test_s3_bucket']) retrieved from /opt/airflow/dags/simples3bucketpipeline.py
[2024-03-12T18:28:45.418+0000] {logging_mixin.py:154} INFO - [2024-03-12T18:28:45.418+0000] {dag.py:2941} INFO - Sync 1 DAGs
[2024-03-12T18:28:45.454+0000] {logging_mixin.py:154} INFO - [2024-03-12T18:28:45.453+0000] {dag.py:3722} INFO - Setting next_dagrun for test_s3_bucket to 2024-03-11T18:28:45.453657+00:00, run_after=2024-03-12T18:28:45.453657+00:00
[2024-03-12T18:28:45.476+0000] {processor.py:179} INFO - Processing /opt/airflow/dags/simples3bucketpipeline.py took 0.094 seconds
[2024-03-12T18:29:15.792+0000] {processor.py:157} INFO - Started process (PID=1694) to work on /opt/airflow/dags/simples3bucketpipeline.py
[2024-03-12T18:29:15.794+0000] {processor.py:829} INFO - Processing file /opt/airflow/dags/simples3bucketpipeline.py for tasks to queue
[2024-03-12T18:29:15.795+0000] {logging_mixin.py:154} INFO - [2024-03-12T18:29:15.794+0000] {dagbag.py:536} INFO - Filling up the DagBag from /opt/airflow/dags/simples3bucketpipeline.py
[2024-03-12T18:29:15.812+0000] {processor.py:839} INFO - DAG(s) dict_keys(['test_s3_bucket']) retrieved from /opt/airflow/dags/simples3bucketpipeline.py
[2024-03-12T18:29:15.838+0000] {logging_mixin.py:154} INFO - [2024-03-12T18:29:15.838+0000] {dag.py:2941} INFO - Sync 1 DAGs
[2024-03-12T18:29:15.868+0000] {logging_mixin.py:154} INFO - [2024-03-12T18:29:15.868+0000] {dag.py:3722} INFO - Setting next_dagrun for test_s3_bucket to 2024-03-11T18:29:15.867898+00:00, run_after=2024-03-12T18:29:15.867898+00:00
[2024-03-12T18:29:15.884+0000] {processor.py:179} INFO - Processing /opt/airflow/dags/simples3bucketpipeline.py took 0.096 seconds
[2024-03-12T18:29:46.245+0000] {processor.py:157} INFO - Started process (PID=1716) to work on /opt/airflow/dags/simples3bucketpipeline.py
[2024-03-12T18:29:46.247+0000] {processor.py:829} INFO - Processing file /opt/airflow/dags/simples3bucketpipeline.py for tasks to queue
[2024-03-12T18:29:46.248+0000] {logging_mixin.py:154} INFO - [2024-03-12T18:29:46.248+0000] {dagbag.py:536} INFO - Filling up the DagBag from /opt/airflow/dags/simples3bucketpipeline.py
[2024-03-12T18:29:46.259+0000] {processor.py:839} INFO - DAG(s) dict_keys(['test_s3_bucket']) retrieved from /opt/airflow/dags/simples3bucketpipeline.py
[2024-03-12T18:29:46.277+0000] {logging_mixin.py:154} INFO - [2024-03-12T18:29:46.277+0000] {dag.py:2941} INFO - Sync 1 DAGs
[2024-03-12T18:29:46.294+0000] {logging_mixin.py:154} INFO - [2024-03-12T18:29:46.293+0000] {dag.py:3722} INFO - Setting next_dagrun for test_s3_bucket to 2024-03-11T18:29:46.293656+00:00, run_after=2024-03-12T18:29:46.293656+00:00
[2024-03-12T18:29:46.309+0000] {processor.py:179} INFO - Processing /opt/airflow/dags/simples3bucketpipeline.py took 0.068 seconds
[2024-03-12T18:30:16.682+0000] {processor.py:157} INFO - Started process (PID=1738) to work on /opt/airflow/dags/simples3bucketpipeline.py
[2024-03-12T18:30:16.683+0000] {processor.py:829} INFO - Processing file /opt/airflow/dags/simples3bucketpipeline.py for tasks to queue
[2024-03-12T18:30:16.685+0000] {logging_mixin.py:154} INFO - [2024-03-12T18:30:16.684+0000] {dagbag.py:536} INFO - Filling up the DagBag from /opt/airflow/dags/simples3bucketpipeline.py
[2024-03-12T18:30:16.696+0000] {processor.py:839} INFO - DAG(s) dict_keys(['test_s3_bucket']) retrieved from /opt/airflow/dags/simples3bucketpipeline.py
[2024-03-12T18:30:16.714+0000] {logging_mixin.py:154} INFO - [2024-03-12T18:30:16.714+0000] {dag.py:2941} INFO - Sync 1 DAGs
[2024-03-12T18:30:16.731+0000] {logging_mixin.py:154} INFO - [2024-03-12T18:30:16.731+0000] {dag.py:3722} INFO - Setting next_dagrun for test_s3_bucket to 2024-03-11T18:30:16.730963+00:00, run_after=2024-03-12T18:30:16.730963+00:00
[2024-03-12T18:30:16.743+0000] {processor.py:179} INFO - Processing /opt/airflow/dags/simples3bucketpipeline.py took 0.066 seconds
[2024-03-12T18:30:47.142+0000] {processor.py:157} INFO - Started process (PID=1760) to work on /opt/airflow/dags/simples3bucketpipeline.py
[2024-03-12T18:30:47.144+0000] {processor.py:829} INFO - Processing file /opt/airflow/dags/simples3bucketpipeline.py for tasks to queue
[2024-03-12T18:30:47.145+0000] {logging_mixin.py:154} INFO - [2024-03-12T18:30:47.144+0000] {dagbag.py:536} INFO - Filling up the DagBag from /opt/airflow/dags/simples3bucketpipeline.py
[2024-03-12T18:30:47.157+0000] {processor.py:839} INFO - DAG(s) dict_keys(['test_s3_bucket']) retrieved from /opt/airflow/dags/simples3bucketpipeline.py
[2024-03-12T18:30:47.175+0000] {logging_mixin.py:154} INFO - [2024-03-12T18:30:47.175+0000] {dag.py:2941} INFO - Sync 1 DAGs
[2024-03-12T18:30:47.192+0000] {logging_mixin.py:154} INFO - [2024-03-12T18:30:47.192+0000] {dag.py:3722} INFO - Setting next_dagrun for test_s3_bucket to 2024-03-11T18:30:47.191984+00:00, run_after=2024-03-12T18:30:47.191984+00:00
[2024-03-12T18:30:47.204+0000] {processor.py:179} INFO - Processing /opt/airflow/dags/simples3bucketpipeline.py took 0.067 seconds
[2024-03-12T18:31:17.562+0000] {processor.py:157} INFO - Started process (PID=1782) to work on /opt/airflow/dags/simples3bucketpipeline.py
[2024-03-12T18:31:17.564+0000] {processor.py:829} INFO - Processing file /opt/airflow/dags/simples3bucketpipeline.py for tasks to queue
[2024-03-12T18:31:17.566+0000] {logging_mixin.py:154} INFO - [2024-03-12T18:31:17.565+0000] {dagbag.py:536} INFO - Filling up the DagBag from /opt/airflow/dags/simples3bucketpipeline.py
[2024-03-12T18:31:17.575+0000] {processor.py:839} INFO - DAG(s) dict_keys(['test_s3_bucket']) retrieved from /opt/airflow/dags/simples3bucketpipeline.py
[2024-03-12T18:31:17.592+0000] {logging_mixin.py:154} INFO - [2024-03-12T18:31:17.592+0000] {dag.py:2941} INFO - Sync 1 DAGs
[2024-03-12T18:31:17.608+0000] {logging_mixin.py:154} INFO - [2024-03-12T18:31:17.608+0000] {dag.py:3722} INFO - Setting next_dagrun for test_s3_bucket to 2024-03-11T18:31:17.607886+00:00, run_after=2024-03-12T18:31:17.607886+00:00
[2024-03-12T18:31:17.620+0000] {processor.py:179} INFO - Processing /opt/airflow/dags/simples3bucketpipeline.py took 0.062 seconds
[2024-03-12T18:31:47.935+0000] {processor.py:157} INFO - Started process (PID=1803) to work on /opt/airflow/dags/simples3bucketpipeline.py
[2024-03-12T18:31:47.936+0000] {processor.py:829} INFO - Processing file /opt/airflow/dags/simples3bucketpipeline.py for tasks to queue
[2024-03-12T18:31:47.937+0000] {logging_mixin.py:154} INFO - [2024-03-12T18:31:47.937+0000] {dagbag.py:536} INFO - Filling up the DagBag from /opt/airflow/dags/simples3bucketpipeline.py
[2024-03-12T18:31:47.954+0000] {processor.py:839} INFO - DAG(s) dict_keys(['test_s3_bucket']) retrieved from /opt/airflow/dags/simples3bucketpipeline.py
[2024-03-12T18:31:47.976+0000] {logging_mixin.py:154} INFO - [2024-03-12T18:31:47.975+0000] {dag.py:2941} INFO - Sync 1 DAGs
[2024-03-12T18:31:47.998+0000] {logging_mixin.py:154} INFO - [2024-03-12T18:31:47.998+0000] {dag.py:3722} INFO - Setting next_dagrun for test_s3_bucket to 2024-03-11T18:31:47.997964+00:00, run_after=2024-03-12T18:31:47.997964+00:00
[2024-03-12T18:31:48.012+0000] {processor.py:179} INFO - Processing /opt/airflow/dags/simples3bucketpipeline.py took 0.081 seconds
[2024-03-12T18:32:18.369+0000] {processor.py:157} INFO - Started process (PID=1825) to work on /opt/airflow/dags/simples3bucketpipeline.py
[2024-03-12T18:32:18.371+0000] {processor.py:829} INFO - Processing file /opt/airflow/dags/simples3bucketpipeline.py for tasks to queue
[2024-03-12T18:32:18.375+0000] {logging_mixin.py:154} INFO - [2024-03-12T18:32:18.375+0000] {dagbag.py:536} INFO - Filling up the DagBag from /opt/airflow/dags/simples3bucketpipeline.py
[2024-03-12T18:32:18.390+0000] {processor.py:839} INFO - DAG(s) dict_keys(['test_s3_bucket']) retrieved from /opt/airflow/dags/simples3bucketpipeline.py
[2024-03-12T18:32:18.412+0000] {logging_mixin.py:154} INFO - [2024-03-12T18:32:18.412+0000] {dag.py:2941} INFO - Sync 1 DAGs
[2024-03-12T18:32:18.430+0000] {logging_mixin.py:154} INFO - [2024-03-12T18:32:18.430+0000] {dag.py:3722} INFO - Setting next_dagrun for test_s3_bucket to 2024-03-11T18:32:18.430292+00:00, run_after=2024-03-12T18:32:18.430292+00:00
[2024-03-12T18:32:18.444+0000] {processor.py:179} INFO - Processing /opt/airflow/dags/simples3bucketpipeline.py took 0.082 seconds
[2024-03-12T18:32:48.852+0000] {processor.py:157} INFO - Started process (PID=1847) to work on /opt/airflow/dags/simples3bucketpipeline.py
[2024-03-12T18:32:48.853+0000] {processor.py:829} INFO - Processing file /opt/airflow/dags/simples3bucketpipeline.py for tasks to queue
[2024-03-12T18:32:48.854+0000] {logging_mixin.py:154} INFO - [2024-03-12T18:32:48.854+0000] {dagbag.py:536} INFO - Filling up the DagBag from /opt/airflow/dags/simples3bucketpipeline.py
[2024-03-12T18:32:48.865+0000] {processor.py:839} INFO - DAG(s) dict_keys(['test_s3_bucket']) retrieved from /opt/airflow/dags/simples3bucketpipeline.py
[2024-03-12T18:32:48.884+0000] {logging_mixin.py:154} INFO - [2024-03-12T18:32:48.883+0000] {dag.py:2941} INFO - Sync 1 DAGs
[2024-03-12T18:32:48.900+0000] {logging_mixin.py:154} INFO - [2024-03-12T18:32:48.900+0000] {dag.py:3722} INFO - Setting next_dagrun for test_s3_bucket to 2024-03-11T18:32:48.900198+00:00, run_after=2024-03-12T18:32:48.900198+00:00
[2024-03-12T18:32:48.913+0000] {processor.py:179} INFO - Processing /opt/airflow/dags/simples3bucketpipeline.py took 0.067 seconds
[2024-03-12T18:33:19.270+0000] {processor.py:157} INFO - Started process (PID=1869) to work on /opt/airflow/dags/simples3bucketpipeline.py
[2024-03-12T18:33:19.271+0000] {processor.py:829} INFO - Processing file /opt/airflow/dags/simples3bucketpipeline.py for tasks to queue
[2024-03-12T18:33:19.273+0000] {logging_mixin.py:154} INFO - [2024-03-12T18:33:19.273+0000] {dagbag.py:536} INFO - Filling up the DagBag from /opt/airflow/dags/simples3bucketpipeline.py
[2024-03-12T18:33:19.293+0000] {processor.py:839} INFO - DAG(s) dict_keys(['test_s3_bucket']) retrieved from /opt/airflow/dags/simples3bucketpipeline.py
[2024-03-12T18:33:19.316+0000] {logging_mixin.py:154} INFO - [2024-03-12T18:33:19.316+0000] {dag.py:2941} INFO - Sync 1 DAGs
[2024-03-12T18:33:19.335+0000] {logging_mixin.py:154} INFO - [2024-03-12T18:33:19.335+0000] {dag.py:3722} INFO - Setting next_dagrun for test_s3_bucket to 2024-03-11T18:33:19.335242+00:00, run_after=2024-03-12T18:33:19.335242+00:00
[2024-03-12T18:33:19.348+0000] {processor.py:179} INFO - Processing /opt/airflow/dags/simples3bucketpipeline.py took 0.085 seconds
[2024-03-12T18:33:49.657+0000] {processor.py:157} INFO - Started process (PID=1891) to work on /opt/airflow/dags/simples3bucketpipeline.py
[2024-03-12T18:33:49.658+0000] {processor.py:829} INFO - Processing file /opt/airflow/dags/simples3bucketpipeline.py for tasks to queue
[2024-03-12T18:33:49.659+0000] {logging_mixin.py:154} INFO - [2024-03-12T18:33:49.659+0000] {dagbag.py:536} INFO - Filling up the DagBag from /opt/airflow/dags/simples3bucketpipeline.py
[2024-03-12T18:33:49.671+0000] {processor.py:839} INFO - DAG(s) dict_keys(['test_s3_bucket']) retrieved from /opt/airflow/dags/simples3bucketpipeline.py
[2024-03-12T18:33:49.694+0000] {logging_mixin.py:154} INFO - [2024-03-12T18:33:49.693+0000] {dag.py:2941} INFO - Sync 1 DAGs
[2024-03-12T18:33:49.711+0000] {logging_mixin.py:154} INFO - [2024-03-12T18:33:49.711+0000] {dag.py:3722} INFO - Setting next_dagrun for test_s3_bucket to 2024-03-11T18:33:49.711409+00:00, run_after=2024-03-12T18:33:49.711409+00:00
[2024-03-12T18:33:49.725+0000] {processor.py:179} INFO - Processing /opt/airflow/dags/simples3bucketpipeline.py took 0.073 seconds
